[2025-05-28 20:25:21,711][asyncio][DEBUG] - Using selector: EpollSelector
[2025-05-28 20:25:22,377][omni.kit.telemetry.impl.sentry_extension][INFO] - sentry is disabled for external build
[2025-05-28 20:25:22,378][omni.kit.telemetry.impl.sentry_extension][INFO] - sentry is disabled for external build
[2025-05-28 20:25:23,394][AutoNode][DEBUG] - Defining data type 'any' as 'Any'
[2025-05-28 20:25:23,394][AutoNode][DEBUG] - Defining data type 'bool' as 'Bool' and array 'BoolArray
[2025-05-28 20:25:23,394][AutoNode][DEBUG] - Defining data type 'bundle' as 'Bundle'
[2025-05-28 20:25:23,394][AutoNode][DEBUG] - Defining data type 'colord[3]' as 'Color3d' and array 'Color3dArray
[2025-05-28 20:25:23,395][AutoNode][DEBUG] - Defining data type 'colorf[3]' as 'Color3f' and array 'Color3fArray
[2025-05-28 20:25:23,395][AutoNode][DEBUG] - Defining data type 'colorh[3]' as 'Color3h' and array 'Color3hArray
[2025-05-28 20:25:23,395][AutoNode][DEBUG] - Defining data type 'colord[4]' as 'Color4d' and array 'Color4dArray
[2025-05-28 20:25:23,395][AutoNode][DEBUG] - Defining data type 'colorf[4]' as 'Color4f' and array 'Color4fArray
[2025-05-28 20:25:23,395][AutoNode][DEBUG] - Defining data type 'colorh[4]' as 'Color4h' and array 'Color4hArray
[2025-05-28 20:25:23,395][AutoNode][DEBUG] - Defining data type 'double' as 'Double' and array 'DoubleArray
[2025-05-28 20:25:23,395][AutoNode][DEBUG] - Defining data type 'double[2]' as 'Double2' and array 'Double2Array
[2025-05-28 20:25:23,395][AutoNode][DEBUG] - Defining data type 'double[3]' as 'Double3' and array 'Double3Array
[2025-05-28 20:25:23,395][AutoNode][DEBUG] - Defining data type 'double[4]' as 'Double4' and array 'Double4Array
[2025-05-28 20:25:23,395][AutoNode][DEBUG] - Defining data type 'execution' as 'Execution'
[2025-05-28 20:25:23,396][AutoNode][DEBUG] - Defining data type 'float' as 'Float' and array 'FloatArray
[2025-05-28 20:25:23,396][AutoNode][DEBUG] - Defining data type 'float[2]' as 'Float2' and array 'Float2Array
[2025-05-28 20:25:23,396][AutoNode][DEBUG] - Defining data type 'float[3]' as 'Float3' and array 'Float3Array
[2025-05-28 20:25:23,396][AutoNode][DEBUG] - Defining data type 'float[4]' as 'Float4' and array 'Float4Array
[2025-05-28 20:25:23,396][AutoNode][DEBUG] - Defining data type 'frame[4]' as 'Frame' and array 'FrameArray
[2025-05-28 20:25:23,396][AutoNode][DEBUG] - Defining data type 'half' as 'Half' and array 'HalfArray
[2025-05-28 20:25:23,396][AutoNode][DEBUG] - Defining data type 'half[2]' as 'Half2' and array 'Half2Array
[2025-05-28 20:25:23,396][AutoNode][DEBUG] - Defining data type 'half[3]' as 'Half3' and array 'Half3Array
[2025-05-28 20:25:23,396][AutoNode][DEBUG] - Defining data type 'half[4]' as 'Half4' and array 'Half4Array
[2025-05-28 20:25:23,396][AutoNode][DEBUG] - Defining data type 'int' as 'Int' and array 'IntArray
[2025-05-28 20:25:23,396][AutoNode][DEBUG] - Defining data type 'int[2]' as 'Int2' and array 'Int2Array
[2025-05-28 20:25:23,397][AutoNode][DEBUG] - Defining data type 'int[3]' as 'Int3' and array 'Int3Array
[2025-05-28 20:25:23,397][AutoNode][DEBUG] - Defining data type 'int[4]' as 'Int4' and array 'Int4Array
[2025-05-28 20:25:23,397][AutoNode][DEBUG] - Defining data type 'int64' as 'Int64' and array 'Int64Array
[2025-05-28 20:25:23,397][AutoNode][DEBUG] - Defining data type 'matrixd[2]' as 'Matrix2d' and array 'Matrix2dArray
[2025-05-28 20:25:23,397][AutoNode][DEBUG] - Defining data type 'matrixd[3]' as 'Matrix3d' and array 'Matrix3dArray
[2025-05-28 20:25:23,397][AutoNode][DEBUG] - Defining data type 'matrixd[4]' as 'Matrix4d' and array 'Matrix4dArray
[2025-05-28 20:25:23,397][AutoNode][DEBUG] - Defining data type 'normald[3]' as 'Normal3d' and array 'Normal3dArray
[2025-05-28 20:25:23,397][AutoNode][DEBUG] - Defining data type 'normalf[3]' as 'Normal3f' and array 'Normal3fArray
[2025-05-28 20:25:23,397][AutoNode][DEBUG] - Defining data type 'normalh[3]' as 'Normal3h' and array 'Normal3hArray
[2025-05-28 20:25:23,397][AutoNode][DEBUG] - Defining data type 'objectId' as 'ObjectId' and array 'ObjectIdArray
[2025-05-28 20:25:23,397][AutoNode][DEBUG] - Defining data type 'path' as 'Path'
[2025-05-28 20:25:23,398][AutoNode][DEBUG] - Defining data type 'pointd[3]' as 'Point3d' and array 'Point3dArray
[2025-05-28 20:25:23,398][AutoNode][DEBUG] - Defining data type 'pointf[3]' as 'Point3f' and array 'Point3fArray
[2025-05-28 20:25:23,398][AutoNode][DEBUG] - Defining data type 'pointh[3]' as 'Point3h' and array 'Point3hArray
[2025-05-28 20:25:23,398][AutoNode][DEBUG] - Defining data type 'quatd[4]' as 'Quatd' and array 'QuatdArray
[2025-05-28 20:25:23,398][AutoNode][DEBUG] - Defining data type 'quatf[4]' as 'Quatf' and array 'QuatfArray
[2025-05-28 20:25:23,398][AutoNode][DEBUG] - Defining data type 'quath[4]' as 'Quath' and array 'QuathArray
[2025-05-28 20:25:23,398][AutoNode][DEBUG] - Defining data type 'string' as 'String'
[2025-05-28 20:25:23,398][AutoNode][DEBUG] - Defining data type 'target' as 'Target'
[2025-05-28 20:25:23,398][AutoNode][DEBUG] - Defining data type 'texcoordd[2]' as 'TexCoord2d' and array 'TexCoord2dArray
[2025-05-28 20:25:23,398][AutoNode][DEBUG] - Defining data type 'texcoordf[2]' as 'TexCoord2f' and array 'TexCoord2fArray
[2025-05-28 20:25:23,398][AutoNode][DEBUG] - Defining data type 'texcoordh[2]' as 'TexCoord2h' and array 'TexCoord2hArray
[2025-05-28 20:25:23,398][AutoNode][DEBUG] - Defining data type 'texcoordd[3]' as 'TexCoord3d' and array 'TexCoord3dArray
[2025-05-28 20:25:23,399][AutoNode][DEBUG] - Defining data type 'texcoordf[3]' as 'TexCoord3f' and array 'TexCoord3fArray
[2025-05-28 20:25:23,399][AutoNode][DEBUG] - Defining data type 'texcoordh[3]' as 'TexCoord3h' and array 'TexCoord3hArray
[2025-05-28 20:25:23,399][AutoNode][DEBUG] - Defining data type 'timecode' as 'Timecode' and array 'TimecodeArray
[2025-05-28 20:25:23,399][AutoNode][DEBUG] - Defining data type 'token' as 'Token' and array 'TokenArray
[2025-05-28 20:25:23,399][AutoNode][DEBUG] - Defining data type 'uchar' as 'UChar' and array 'UCharArray
[2025-05-28 20:25:23,399][AutoNode][DEBUG] - Defining data type 'uint' as 'UInt' and array 'UIntArray
[2025-05-28 20:25:23,399][AutoNode][DEBUG] - Defining data type 'uint64' as 'UInt64' and array 'UInt64Array
[2025-05-28 20:25:23,399][AutoNode][DEBUG] - Defining data type 'vectord[3]' as 'Vector3d' and array 'Vector3dArray
[2025-05-28 20:25:23,400][AutoNode][DEBUG] - Defining data type 'vectorf[3]' as 'Vector3f' and array 'Vector3fArray
[2025-05-28 20:25:23,400][AutoNode][DEBUG] - Defining data type 'vectorh[3]' as 'Vector3h' and array 'Vector3hArray
[2025-05-28 20:25:26,305][omni.kit.profiler.window][WARNING] - remove _SpanInstance.__lt__ and use insort 'key' arg instead
[2025-05-28 20:25:30,298][git.cmd][DEBUG] - Popen(['git', 'rev-parse', '--show-toplevel'], cwd=/home/alesr/Repositories/Omnidrones-PEG, stdin=None, shell=False, universal_newlines=False)
[2025-05-28 20:25:30,426][urllib3.connectionpool][DEBUG] - Starting new HTTPS connection (1): api.wandb.ai:443
[2025-05-28 20:25:30,594][urllib3.connectionpool][DEBUG] - https://api.wandb.ai:443 "POST /graphql HTTP/11" 200 None
[2025-05-28 20:25:30,599][urllib3.connectionpool][DEBUG] - Starting new HTTPS connection (1): api.wandb.ai:443
[2025-05-28 20:25:30,755][urllib3.connectionpool][DEBUG] - https://api.wandb.ai:443 "POST /graphql HTTP/11" 200 None
[2025-05-28 20:25:30,776][git.cmd][DEBUG] - Popen(['git', 'cat-file', '--batch-check'], cwd=/home/alesr/Repositories/Omnidrones-PEG, stdin=<valid stream>, shell=False, universal_newlines=False)
[2025-05-28 20:25:35,429][root][INFO] - Reading pursuer's params from /home/alesr/Repositories/Omnidrones-PEG/omni_drones/robots/assets/usd/hummingbird.yaml.
[2025-05-28 20:25:35,448][root][INFO] - Reading evader's params from /home/alesr/Repositories/Omnidrones-PEG/omni_drones/robots/assets/usd/hummingbird.yaml.
[2025-05-28 20:25:42,099][root][INFO] - Default parameters:
Mass: [[0.6800000071525574]]
Inertia: [[0.007000000681728125, 0.007000000681728125, 0.011999999172985554]]
Thrust2Weight: [[0.8999204039573669, 0.8999204039573669, 0.8999204039573669, 0.8999204039573669]]
Force2Moment: [[62.499996185302734, 62.499996185302734, 62.499996185302734, 62.499996185302734]]
[2025-05-28 20:25:43,189][root][INFO] - Default parameters:
Mass: [[0.6800000071525574]]
Inertia: [[0.007000000681728125, 0.007000000681728125, 0.011999999172985554]]
Thrust2Weight: [[0.8999204039573669, 0.8999204039573669, 0.8999204039573669, 0.8999204039573669]]
Force2Moment: [[62.499996185302734, 62.499996185302734, 62.499996185302734, 62.499996185302734]]
[2025-05-28 20:25:43,366][urllib3.connectionpool][DEBUG] - Starting new HTTPS connection (1): api.wandb.ai:443
[2025-05-28 20:25:43,561][urllib3.connectionpool][DEBUG] - https://api.wandb.ai:443 "POST /graphql HTTP/11" 200 None
[2025-05-28 20:25:43,566][urllib3.connectionpool][DEBUG] - Starting new HTTPS connection (1): api.wandb.ai:443
[2025-05-28 20:25:43,715][urllib3.connectionpool][DEBUG] - https://api.wandb.ai:443 "POST /graphql HTTP/11" 200 None
[2025-05-28 20:25:43,720][urllib3.connectionpool][DEBUG] - Starting new HTTPS connection (1): api.wandb.ai:443
[2025-05-28 20:25:43,931][urllib3.connectionpool][DEBUG] - https://api.wandb.ai:443 "POST /graphql HTTP/11" 200 None
[2025-05-28 20:25:43,936][urllib3.connectionpool][DEBUG] - Starting new HTTPS connection (1): api.wandb.ai:443
[2025-05-28 20:25:44,136][urllib3.connectionpool][DEBUG] - https://api.wandb.ai:443 "POST /graphql HTTP/11" 200 None
[2025-05-28 20:25:44,140][urllib3.connectionpool][DEBUG] - Starting new HTTPS connection (1): storage.googleapis.com:443
[2025-05-28 20:25:44,352][urllib3.connectionpool][DEBUG] - https://storage.googleapis.com:443 "GET /wandb-production.appspot.com/alesr_kth/PEG/ibwhgscv/artifact/1769551118/wandb_manifest.json?X-Goog-Algorithm=GOOG4-RSA-SHA256&X-Goog-Credential=gorilla-files-url-signer-man%40wandb-production.iam.gserviceaccount.com%2F20250528%2Fauto%2Fstorage%2Fgoog4_request&X-Goog-Date=20250528T182543Z&X-Goog-Expires=3599&X-Goog-Signature=7f369727ee7535666882bb2b3477b99d5f0f4e3b00ed7b60d86130a5690f8cf4e5d64a10e5151c5d6f5d69122a6467852af68a013b031046c14290e807dc413a9d0ea886ff017d528859229526eebe889377c3fb7ee0e5df0ef6215ddb3e269e7e017ef664b82c83f47d89c84634f5e3a578e210a04cd91e6b21e38067b349510af5e640672149866e8344b132e81a3beff00e0d2c016896628208764a68db5cd93095fd44b58f42e64f69cbd6a557f306814a0a1ebc37632cf6e8020909460336df907e76040dfdfa63bddac8ee255d935137b5d2df4be9918e13ba3b683afc593349a9e15caa303267f0cd99b95ad75dcb42b77491f3e087855ea166d36c53&X-Goog-SignedHeaders=host&X-User=alesr HTTP/11" 200 343
[2025-05-28 20:25:44,404][urllib3.connectionpool][DEBUG] - Starting new HTTPS connection (1): api.wandb.ai:443
[2025-05-28 20:25:44,578][urllib3.connectionpool][DEBUG] - https://api.wandb.ai:443 "POST /graphql HTTP/11" 200 None
[2025-05-28 20:25:44,581][urllib3.connectionpool][DEBUG] - Starting new HTTPS connection (1): api.wandb.ai:443
[2025-05-28 20:25:44,736][urllib3.connectionpool][DEBUG] - https://api.wandb.ai:443 "POST /graphql HTTP/11" 200 None
[2025-05-28 20:25:44,741][urllib3.connectionpool][DEBUG] - Starting new HTTPS connection (1): api.wandb.ai:443
[2025-05-28 20:25:44,945][urllib3.connectionpool][DEBUG] - https://api.wandb.ai:443 "POST /graphql HTTP/11" 200 None
[2025-05-28 20:25:44,949][urllib3.connectionpool][DEBUG] - Starting new HTTPS connection (1): api.wandb.ai:443
[2025-05-28 20:25:45,122][urllib3.connectionpool][DEBUG] - https://api.wandb.ai:443 "POST /graphql HTTP/11" 200 None
[2025-05-28 20:25:45,126][urllib3.connectionpool][DEBUG] - Starting new HTTPS connection (1): storage.googleapis.com:443
[2025-05-28 20:25:45,305][urllib3.connectionpool][DEBUG] - https://storage.googleapis.com:443 "GET /wandb-production.appspot.com/alesr_kth/PEG/q7zpirvf/artifact/1769753559/wandb_manifest.json?X-Goog-Algorithm=GOOG4-RSA-SHA256&X-Goog-Credential=gorilla-files-url-signer-man%40wandb-production.iam.gserviceaccount.com%2F20250528%2Fauto%2Fstorage%2Fgoog4_request&X-Goog-Date=20250528T182544Z&X-Goog-Expires=3599&X-Goog-Signature=8a11411495efff6edb1d01725f38c8f764f0a51a2f905d04ec511c079498992156f996a7de237b36beefc2ee639ce99df4bba4a35f30212c986b1cd29f36544aa4ab4919d690731646d1400b6a1e77a52a75a235834f13404f358f65eaf0a99c8526788c6f188768b993960ecda0a352c048fc6e1e4b1536f08f8cc57d240b0feae168a1407833f4c30a4ca196ef879b2ed4a7a85761ccb847f57004ba175d6a0dc0c3d7e21d145c86144bf34130a52cc910e994b6c018ff0c942b012409cafd17e7a42b70cbb9cd8ac0423fff60adaabc28f2511cc4160878d5ff9f390ed20ac52c9416deab237cee6881f179ffcc2da2c2d06ffb0ef4f159bb85cd98b700d9&X-Goog-SignedHeaders=host&X-User=alesr HTTP/11" 200 343
[2025-05-28 20:25:45,479][matplotlib.pyplot][DEBUG] - Loaded backend tkagg version 8.6.
