[2025-07-06 00:25:59,228][asyncio][DEBUG] - Using selector: EpollSelector
[2025-07-06 00:26:00,030][omni.kit.telemetry.impl.sentry_extension][INFO] - sentry is disabled for external build
[2025-07-06 00:26:00,031][omni.kit.telemetry.impl.sentry_extension][INFO] - sentry is disabled for external build
[2025-07-06 00:26:00,992][AutoNode][DEBUG] - Defining data type 'any' as 'Any'
[2025-07-06 00:26:00,993][AutoNode][DEBUG] - Defining data type 'bool' as 'Bool' and array 'BoolArray
[2025-07-06 00:26:00,993][AutoNode][DEBUG] - Defining data type 'bundle' as 'Bundle'
[2025-07-06 00:26:00,993][AutoNode][DEBUG] - Defining data type 'colord[3]' as 'Color3d' and array 'Color3dArray
[2025-07-06 00:26:00,993][AutoNode][DEBUG] - Defining data type 'colorf[3]' as 'Color3f' and array 'Color3fArray
[2025-07-06 00:26:00,993][AutoNode][DEBUG] - Defining data type 'colorh[3]' as 'Color3h' and array 'Color3hArray
[2025-07-06 00:26:00,993][AutoNode][DEBUG] - Defining data type 'colord[4]' as 'Color4d' and array 'Color4dArray
[2025-07-06 00:26:00,993][AutoNode][DEBUG] - Defining data type 'colorf[4]' as 'Color4f' and array 'Color4fArray
[2025-07-06 00:26:00,993][AutoNode][DEBUG] - Defining data type 'colorh[4]' as 'Color4h' and array 'Color4hArray
[2025-07-06 00:26:00,993][AutoNode][DEBUG] - Defining data type 'double' as 'Double' and array 'DoubleArray
[2025-07-06 00:26:00,993][AutoNode][DEBUG] - Defining data type 'double[2]' as 'Double2' and array 'Double2Array
[2025-07-06 00:26:00,994][AutoNode][DEBUG] - Defining data type 'double[3]' as 'Double3' and array 'Double3Array
[2025-07-06 00:26:00,994][AutoNode][DEBUG] - Defining data type 'double[4]' as 'Double4' and array 'Double4Array
[2025-07-06 00:26:00,994][AutoNode][DEBUG] - Defining data type 'execution' as 'Execution'
[2025-07-06 00:26:00,994][AutoNode][DEBUG] - Defining data type 'float' as 'Float' and array 'FloatArray
[2025-07-06 00:26:00,994][AutoNode][DEBUG] - Defining data type 'float[2]' as 'Float2' and array 'Float2Array
[2025-07-06 00:26:00,994][AutoNode][DEBUG] - Defining data type 'float[3]' as 'Float3' and array 'Float3Array
[2025-07-06 00:26:00,994][AutoNode][DEBUG] - Defining data type 'float[4]' as 'Float4' and array 'Float4Array
[2025-07-06 00:26:00,994][AutoNode][DEBUG] - Defining data type 'frame[4]' as 'Frame' and array 'FrameArray
[2025-07-06 00:26:00,994][AutoNode][DEBUG] - Defining data type 'half' as 'Half' and array 'HalfArray
[2025-07-06 00:26:00,994][AutoNode][DEBUG] - Defining data type 'half[2]' as 'Half2' and array 'Half2Array
[2025-07-06 00:26:00,994][AutoNode][DEBUG] - Defining data type 'half[3]' as 'Half3' and array 'Half3Array
[2025-07-06 00:26:00,994][AutoNode][DEBUG] - Defining data type 'half[4]' as 'Half4' and array 'Half4Array
[2025-07-06 00:26:00,995][AutoNode][DEBUG] - Defining data type 'int' as 'Int' and array 'IntArray
[2025-07-06 00:26:00,995][AutoNode][DEBUG] - Defining data type 'int[2]' as 'Int2' and array 'Int2Array
[2025-07-06 00:26:00,995][AutoNode][DEBUG] - Defining data type 'int[3]' as 'Int3' and array 'Int3Array
[2025-07-06 00:26:00,995][AutoNode][DEBUG] - Defining data type 'int[4]' as 'Int4' and array 'Int4Array
[2025-07-06 00:26:00,995][AutoNode][DEBUG] - Defining data type 'int64' as 'Int64' and array 'Int64Array
[2025-07-06 00:26:00,995][AutoNode][DEBUG] - Defining data type 'matrixd[2]' as 'Matrix2d' and array 'Matrix2dArray
[2025-07-06 00:26:00,995][AutoNode][DEBUG] - Defining data type 'matrixd[3]' as 'Matrix3d' and array 'Matrix3dArray
[2025-07-06 00:26:00,995][AutoNode][DEBUG] - Defining data type 'matrixd[4]' as 'Matrix4d' and array 'Matrix4dArray
[2025-07-06 00:26:00,995][AutoNode][DEBUG] - Defining data type 'normald[3]' as 'Normal3d' and array 'Normal3dArray
[2025-07-06 00:26:00,995][AutoNode][DEBUG] - Defining data type 'normalf[3]' as 'Normal3f' and array 'Normal3fArray
[2025-07-06 00:26:00,995][AutoNode][DEBUG] - Defining data type 'normalh[3]' as 'Normal3h' and array 'Normal3hArray
[2025-07-06 00:26:00,995][AutoNode][DEBUG] - Defining data type 'objectId' as 'ObjectId' and array 'ObjectIdArray
[2025-07-06 00:26:00,996][AutoNode][DEBUG] - Defining data type 'path' as 'Path'
[2025-07-06 00:26:00,996][AutoNode][DEBUG] - Defining data type 'pointd[3]' as 'Point3d' and array 'Point3dArray
[2025-07-06 00:26:00,996][AutoNode][DEBUG] - Defining data type 'pointf[3]' as 'Point3f' and array 'Point3fArray
[2025-07-06 00:26:00,996][AutoNode][DEBUG] - Defining data type 'pointh[3]' as 'Point3h' and array 'Point3hArray
[2025-07-06 00:26:00,996][AutoNode][DEBUG] - Defining data type 'quatd[4]' as 'Quatd' and array 'QuatdArray
[2025-07-06 00:26:00,996][AutoNode][DEBUG] - Defining data type 'quatf[4]' as 'Quatf' and array 'QuatfArray
[2025-07-06 00:26:00,996][AutoNode][DEBUG] - Defining data type 'quath[4]' as 'Quath' and array 'QuathArray
[2025-07-06 00:26:00,996][AutoNode][DEBUG] - Defining data type 'string' as 'String'
[2025-07-06 00:26:00,996][AutoNode][DEBUG] - Defining data type 'target' as 'Target'
[2025-07-06 00:26:00,997][AutoNode][DEBUG] - Defining data type 'texcoordd[2]' as 'TexCoord2d' and array 'TexCoord2dArray
[2025-07-06 00:26:00,997][AutoNode][DEBUG] - Defining data type 'texcoordf[2]' as 'TexCoord2f' and array 'TexCoord2fArray
[2025-07-06 00:26:00,997][AutoNode][DEBUG] - Defining data type 'texcoordh[2]' as 'TexCoord2h' and array 'TexCoord2hArray
[2025-07-06 00:26:00,997][AutoNode][DEBUG] - Defining data type 'texcoordd[3]' as 'TexCoord3d' and array 'TexCoord3dArray
[2025-07-06 00:26:00,997][AutoNode][DEBUG] - Defining data type 'texcoordf[3]' as 'TexCoord3f' and array 'TexCoord3fArray
[2025-07-06 00:26:00,997][AutoNode][DEBUG] - Defining data type 'texcoordh[3]' as 'TexCoord3h' and array 'TexCoord3hArray
[2025-07-06 00:26:00,997][AutoNode][DEBUG] - Defining data type 'timecode' as 'Timecode' and array 'TimecodeArray
[2025-07-06 00:26:00,997][AutoNode][DEBUG] - Defining data type 'token' as 'Token' and array 'TokenArray
[2025-07-06 00:26:00,997][AutoNode][DEBUG] - Defining data type 'uchar' as 'UChar' and array 'UCharArray
[2025-07-06 00:26:00,997][AutoNode][DEBUG] - Defining data type 'uint' as 'UInt' and array 'UIntArray
[2025-07-06 00:26:00,997][AutoNode][DEBUG] - Defining data type 'uint64' as 'UInt64' and array 'UInt64Array
[2025-07-06 00:26:00,997][AutoNode][DEBUG] - Defining data type 'vectord[3]' as 'Vector3d' and array 'Vector3dArray
[2025-07-06 00:26:00,997][AutoNode][DEBUG] - Defining data type 'vectorf[3]' as 'Vector3f' and array 'Vector3fArray
[2025-07-06 00:26:00,998][AutoNode][DEBUG] - Defining data type 'vectorh[3]' as 'Vector3h' and array 'Vector3hArray
[2025-07-06 00:26:03,882][omni.kit.profiler.window][WARNING] - remove _SpanInstance.__lt__ and use insort 'key' arg instead
[2025-07-06 00:26:07,585][git.cmd][DEBUG] - Popen(['git', 'rev-parse', '--show-toplevel'], cwd=/home/alesr/Repositories/Omnidrones-PEG, stdin=None, shell=False, universal_newlines=False)
[2025-07-06 00:26:07,741][urllib3.connectionpool][DEBUG] - Starting new HTTPS connection (1): api.wandb.ai:443
[2025-07-06 00:26:07,925][urllib3.connectionpool][DEBUG] - https://api.wandb.ai:443 "POST /graphql HTTP/11" 200 None
[2025-07-06 00:26:07,930][urllib3.connectionpool][DEBUG] - Starting new HTTPS connection (1): api.wandb.ai:443
[2025-07-06 00:26:08,118][urllib3.connectionpool][DEBUG] - https://api.wandb.ai:443 "POST /graphql HTTP/11" 200 None
[2025-07-06 00:26:08,138][git.cmd][DEBUG] - Popen(['git', 'cat-file', '--batch-check'], cwd=/home/alesr/Repositories/Omnidrones-PEG, stdin=<valid stream>, shell=False, universal_newlines=False)
[2025-07-06 00:26:12,429][root][INFO] - Reading pursuer's params from /home/alesr/Repositories/Omnidrones-PEG/omni_drones/robots/assets/usd/hummingbird.yaml.
[2025-07-06 00:26:12,443][root][INFO] - Reading evader's params from /home/alesr/Repositories/Omnidrones-PEG/omni_drones/robots/assets/usd/hummingbird.yaml.
[2025-07-06 00:26:20,650][root][INFO] - Default parameters:
Mass: [[0.6800000071525574]]
Inertia: [[0.007000000681728125, 0.007000000681728125, 0.011999999172985554]]
Thrust2Weight: [[0.8999204039573669, 0.8999204039573669, 0.8999204039573669, 0.8999204039573669]]
Force2Moment: [[62.499996185302734, 62.499996185302734, 62.499996185302734, 62.499996185302734]]
[2025-07-06 00:26:22,227][root][INFO] - Default parameters:
Mass: [[0.6800000071525574]]
Inertia: [[0.007000000681728125, 0.007000000681728125, 0.011999999172985554]]
Thrust2Weight: [[0.8999204039573669, 0.8999204039573669, 0.8999204039573669, 0.8999204039573669]]
Force2Moment: [[62.499996185302734, 62.499996185302734, 62.499996185302734, 62.499996185302734]]
[2025-07-06 00:26:22,367][urllib3.connectionpool][DEBUG] - Starting new HTTPS connection (1): api.wandb.ai:443
[2025-07-06 00:26:22,560][urllib3.connectionpool][DEBUG] - https://api.wandb.ai:443 "POST /graphql HTTP/11" 200 None
[2025-07-06 00:26:22,563][urllib3.connectionpool][DEBUG] - Starting new HTTPS connection (1): api.wandb.ai:443
[2025-07-06 00:26:22,732][urllib3.connectionpool][DEBUG] - https://api.wandb.ai:443 "POST /graphql HTTP/11" 200 None
[2025-07-06 00:26:22,736][urllib3.connectionpool][DEBUG] - Starting new HTTPS connection (1): api.wandb.ai:443
[2025-07-06 00:26:22,954][urllib3.connectionpool][DEBUG] - https://api.wandb.ai:443 "POST /graphql HTTP/11" 200 None
[2025-07-06 00:26:22,959][urllib3.connectionpool][DEBUG] - Starting new HTTPS connection (1): api.wandb.ai:443
[2025-07-06 00:26:23,142][urllib3.connectionpool][DEBUG] - https://api.wandb.ai:443 "POST /graphql HTTP/11" 200 None
[2025-07-06 00:26:23,146][urllib3.connectionpool][DEBUG] - Starting new HTTPS connection (1): storage.googleapis.com:443
[2025-07-06 00:26:23,348][urllib3.connectionpool][DEBUG] - https://storage.googleapis.com:443 "GET /wandb-production.appspot.com/alesr_kth/PEG/zhbb2fem/artifact/1859967595/wandb_manifest.json?X-Goog-Algorithm=GOOG4-RSA-SHA256&X-Goog-Credential=gorilla-files-url-signer-man%40wandb-production.iam.gserviceaccount.com%2F20250705%2Fauto%2Fstorage%2Fgoog4_request&X-Goog-Date=20250705T222623Z&X-Goog-Expires=3599&X-Goog-Signature=87fd80a13ea234cff3bf35b1a58aeaba3c049bb3e462c5721a73d271e29440109bc8626b3cb1866add51f636e892f47f0d8665bf1f12c2877ef3d6582e3d01003a03d0872377c673b51833a4c21da9f32c8031c927ac67176b6f8532d473538db931f841eb8302458fb83e2d67cdf13c5151b8bf896951ca0a97d74f5921141147ee0008b83bc7d54d0651cd5e7368c0cb96012dcc97110f74fa999ed9c69da83681c9cb8d60ba1164500d80764a4a7b8cfdb77c621c011e6077a8f5e54964eb834edfe131388e4c09f69e71ed73f5a739c1639c3cde7ec4840f293626fbf3caf4333d5d8a101060839f7c5f8df785bb796d02dd27c85e85d90ca31a0c3514c3&X-Goog-SignedHeaders=host&X-User=alesr HTTP/11" 200 343
[2025-07-06 00:26:23,418][urllib3.connectionpool][DEBUG] - Starting new HTTPS connection (1): api.wandb.ai:443
[2025-07-06 00:26:23,610][urllib3.connectionpool][DEBUG] - https://api.wandb.ai:443 "POST /graphql HTTP/11" 200 None
[2025-07-06 00:26:23,614][urllib3.connectionpool][DEBUG] - Starting new HTTPS connection (1): api.wandb.ai:443
[2025-07-06 00:26:23,790][urllib3.connectionpool][DEBUG] - https://api.wandb.ai:443 "POST /graphql HTTP/11" 200 None
[2025-07-06 00:26:23,795][urllib3.connectionpool][DEBUG] - Starting new HTTPS connection (1): api.wandb.ai:443
[2025-07-06 00:26:24,045][urllib3.connectionpool][DEBUG] - https://api.wandb.ai:443 "POST /graphql HTTP/11" 200 None
[2025-07-06 00:26:24,052][urllib3.connectionpool][DEBUG] - Starting new HTTPS connection (1): api.wandb.ai:443
[2025-07-06 00:26:24,249][urllib3.connectionpool][DEBUG] - https://api.wandb.ai:443 "POST /graphql HTTP/11" 200 None
[2025-07-06 00:26:24,254][urllib3.connectionpool][DEBUG] - Starting new HTTPS connection (1): storage.googleapis.com:443
[2025-07-06 00:26:24,453][urllib3.connectionpool][DEBUG] - https://storage.googleapis.com:443 "GET /wandb-production.appspot.com/alesr_kth/PEG/h7jatwr4/artifact/1859970424/wandb_manifest.json?X-Goog-Algorithm=GOOG4-RSA-SHA256&X-Goog-Credential=gorilla-files-url-signer-man%40wandb-production.iam.gserviceaccount.com%2F20250705%2Fauto%2Fstorage%2Fgoog4_request&X-Goog-Date=20250705T222624Z&X-Goog-Expires=3599&X-Goog-Signature=63d1d9d79624c77efffdb59644e4cc0e18b0a6b7e07026bbbea8cbfbfc0de1a23e597d621621d4eeba06dc68b9ff13b8e9925a1071367a366410cf5a0ed1635edd40261e27bfb87c6fac712bc859eb4143760dee89ddfed3cfb7ec2d03bdda34d9575c2480346359a09f78660a88327bc329da030939981bbf86e5c726f5c102636c118a4c34b996fc693bcf60bb3043bbb2346c1c063b3b1640ea0a45a2e46dadce805ca1b7171595e0bb27bc04969d1e41cefb26b55629f5b952498f2285586635c56fb1b89f382fe025b23cd675b3592ecf93071f1f75baf0a5e66bb185ecfaae145d471c66f8a8b402a140a65048737e417083e429346fc87b16a50470e6&X-Goog-SignedHeaders=host&X-User=alesr HTTP/11" 200 343
[2025-07-06 00:26:25,853][root][INFO] - Eval at 12288 steps.
[2025-07-06 00:26:42,406][root][INFO] - Saved checkpoint to /home/alesr/Repositories/Omnidrones-PEG/wandb/run-20250706_002608-rq8a3nld/files/checkpoint_12288.pt
[2025-07-06 00:26:42,415][urllib3.connectionpool][DEBUG] - Starting new HTTPS connection (1): api.wandb.ai:443
[2025-07-06 00:26:42,598][urllib3.connectionpool][DEBUG] - https://api.wandb.ai:443 "POST /graphql HTTP/11" 200 None
[2025-07-06 00:26:45,733][root][INFO] - Final Eval at 49152 steps.
[2025-07-06 00:27:04,186][urllib3.connectionpool][DEBUG] - Starting new HTTPS connection (1): api.wandb.ai:443
[2025-07-06 00:27:04,389][urllib3.connectionpool][DEBUG] - https://api.wandb.ai:443 "POST /graphql HTTP/11" 200 None
[2025-07-06 00:27:04,395][root][INFO] - Saved checkpoint to /home/alesr/Repositories/Omnidrones-PEG/wandb/run-20250706_002608-rq8a3nld/files/checkpoint_final.pt
