[2025-07-15 14:10:43,740][asyncio][DEBUG] - Using selector: EpollSelector
[2025-07-15 14:10:44,459][omni.kit.telemetry.impl.sentry_extension][INFO] - sentry is disabled for external build
[2025-07-15 14:10:44,461][omni.kit.telemetry.impl.sentry_extension][INFO] - sentry is disabled for external build
[2025-07-15 14:10:45,505][AutoNode][DEBUG] - Defining data type 'any' as 'Any'
[2025-07-15 14:10:45,505][AutoNode][DEBUG] - Defining data type 'bool' as 'Bool' and array 'BoolArray
[2025-07-15 14:10:45,505][AutoNode][DEBUG] - Defining data type 'bundle' as 'Bundle'
[2025-07-15 14:10:45,506][AutoNode][DEBUG] - Defining data type 'colord[3]' as 'Color3d' and array 'Color3dArray
[2025-07-15 14:10:45,506][AutoNode][DEBUG] - Defining data type 'colorf[3]' as 'Color3f' and array 'Color3fArray
[2025-07-15 14:10:45,506][AutoNode][DEBUG] - Defining data type 'colorh[3]' as 'Color3h' and array 'Color3hArray
[2025-07-15 14:10:45,506][AutoNode][DEBUG] - Defining data type 'colord[4]' as 'Color4d' and array 'Color4dArray
[2025-07-15 14:10:45,506][AutoNode][DEBUG] - Defining data type 'colorf[4]' as 'Color4f' and array 'Color4fArray
[2025-07-15 14:10:45,506][AutoNode][DEBUG] - Defining data type 'colorh[4]' as 'Color4h' and array 'Color4hArray
[2025-07-15 14:10:45,507][AutoNode][DEBUG] - Defining data type 'double' as 'Double' and array 'DoubleArray
[2025-07-15 14:10:45,507][AutoNode][DEBUG] - Defining data type 'double[2]' as 'Double2' and array 'Double2Array
[2025-07-15 14:10:45,507][AutoNode][DEBUG] - Defining data type 'double[3]' as 'Double3' and array 'Double3Array
[2025-07-15 14:10:45,507][AutoNode][DEBUG] - Defining data type 'double[4]' as 'Double4' and array 'Double4Array
[2025-07-15 14:10:45,507][AutoNode][DEBUG] - Defining data type 'execution' as 'Execution'
[2025-07-15 14:10:45,507][AutoNode][DEBUG] - Defining data type 'float' as 'Float' and array 'FloatArray
[2025-07-15 14:10:45,507][AutoNode][DEBUG] - Defining data type 'float[2]' as 'Float2' and array 'Float2Array
[2025-07-15 14:10:45,507][AutoNode][DEBUG] - Defining data type 'float[3]' as 'Float3' and array 'Float3Array
[2025-07-15 14:10:45,507][AutoNode][DEBUG] - Defining data type 'float[4]' as 'Float4' and array 'Float4Array
[2025-07-15 14:10:45,507][AutoNode][DEBUG] - Defining data type 'frame[4]' as 'Frame' and array 'FrameArray
[2025-07-15 14:10:45,508][AutoNode][DEBUG] - Defining data type 'half' as 'Half' and array 'HalfArray
[2025-07-15 14:10:45,508][AutoNode][DEBUG] - Defining data type 'half[2]' as 'Half2' and array 'Half2Array
[2025-07-15 14:10:45,508][AutoNode][DEBUG] - Defining data type 'half[3]' as 'Half3' and array 'Half3Array
[2025-07-15 14:10:45,508][AutoNode][DEBUG] - Defining data type 'half[4]' as 'Half4' and array 'Half4Array
[2025-07-15 14:10:45,508][AutoNode][DEBUG] - Defining data type 'int' as 'Int' and array 'IntArray
[2025-07-15 14:10:45,508][AutoNode][DEBUG] - Defining data type 'int[2]' as 'Int2' and array 'Int2Array
[2025-07-15 14:10:45,508][AutoNode][DEBUG] - Defining data type 'int[3]' as 'Int3' and array 'Int3Array
[2025-07-15 14:10:45,508][AutoNode][DEBUG] - Defining data type 'int[4]' as 'Int4' and array 'Int4Array
[2025-07-15 14:10:45,509][AutoNode][DEBUG] - Defining data type 'int64' as 'Int64' and array 'Int64Array
[2025-07-15 14:10:45,509][AutoNode][DEBUG] - Defining data type 'matrixd[2]' as 'Matrix2d' and array 'Matrix2dArray
[2025-07-15 14:10:45,509][AutoNode][DEBUG] - Defining data type 'matrixd[3]' as 'Matrix3d' and array 'Matrix3dArray
[2025-07-15 14:10:45,509][AutoNode][DEBUG] - Defining data type 'matrixd[4]' as 'Matrix4d' and array 'Matrix4dArray
[2025-07-15 14:10:45,509][AutoNode][DEBUG] - Defining data type 'normald[3]' as 'Normal3d' and array 'Normal3dArray
[2025-07-15 14:10:45,509][AutoNode][DEBUG] - Defining data type 'normalf[3]' as 'Normal3f' and array 'Normal3fArray
[2025-07-15 14:10:45,509][AutoNode][DEBUG] - Defining data type 'normalh[3]' as 'Normal3h' and array 'Normal3hArray
[2025-07-15 14:10:45,509][AutoNode][DEBUG] - Defining data type 'objectId' as 'ObjectId' and array 'ObjectIdArray
[2025-07-15 14:10:45,509][AutoNode][DEBUG] - Defining data type 'path' as 'Path'
[2025-07-15 14:10:45,510][AutoNode][DEBUG] - Defining data type 'pointd[3]' as 'Point3d' and array 'Point3dArray
[2025-07-15 14:10:45,510][AutoNode][DEBUG] - Defining data type 'pointf[3]' as 'Point3f' and array 'Point3fArray
[2025-07-15 14:10:45,510][AutoNode][DEBUG] - Defining data type 'pointh[3]' as 'Point3h' and array 'Point3hArray
[2025-07-15 14:10:45,510][AutoNode][DEBUG] - Defining data type 'quatd[4]' as 'Quatd' and array 'QuatdArray
[2025-07-15 14:10:45,510][AutoNode][DEBUG] - Defining data type 'quatf[4]' as 'Quatf' and array 'QuatfArray
[2025-07-15 14:10:45,510][AutoNode][DEBUG] - Defining data type 'quath[4]' as 'Quath' and array 'QuathArray
[2025-07-15 14:10:45,510][AutoNode][DEBUG] - Defining data type 'string' as 'String'
[2025-07-15 14:10:45,510][AutoNode][DEBUG] - Defining data type 'target' as 'Target'
[2025-07-15 14:10:45,511][AutoNode][DEBUG] - Defining data type 'texcoordd[2]' as 'TexCoord2d' and array 'TexCoord2dArray
[2025-07-15 14:10:45,511][AutoNode][DEBUG] - Defining data type 'texcoordf[2]' as 'TexCoord2f' and array 'TexCoord2fArray
[2025-07-15 14:10:45,511][AutoNode][DEBUG] - Defining data type 'texcoordh[2]' as 'TexCoord2h' and array 'TexCoord2hArray
[2025-07-15 14:10:45,511][AutoNode][DEBUG] - Defining data type 'texcoordd[3]' as 'TexCoord3d' and array 'TexCoord3dArray
[2025-07-15 14:10:45,511][AutoNode][DEBUG] - Defining data type 'texcoordf[3]' as 'TexCoord3f' and array 'TexCoord3fArray
[2025-07-15 14:10:45,511][AutoNode][DEBUG] - Defining data type 'texcoordh[3]' as 'TexCoord3h' and array 'TexCoord3hArray
[2025-07-15 14:10:45,511][AutoNode][DEBUG] - Defining data type 'timecode' as 'Timecode' and array 'TimecodeArray
[2025-07-15 14:10:45,511][AutoNode][DEBUG] - Defining data type 'token' as 'Token' and array 'TokenArray
[2025-07-15 14:10:45,512][AutoNode][DEBUG] - Defining data type 'uchar' as 'UChar' and array 'UCharArray
[2025-07-15 14:10:45,512][AutoNode][DEBUG] - Defining data type 'uint' as 'UInt' and array 'UIntArray
[2025-07-15 14:10:45,512][AutoNode][DEBUG] - Defining data type 'uint64' as 'UInt64' and array 'UInt64Array
[2025-07-15 14:10:45,512][AutoNode][DEBUG] - Defining data type 'vectord[3]' as 'Vector3d' and array 'Vector3dArray
[2025-07-15 14:10:45,512][AutoNode][DEBUG] - Defining data type 'vectorf[3]' as 'Vector3f' and array 'Vector3fArray
[2025-07-15 14:10:45,512][AutoNode][DEBUG] - Defining data type 'vectorh[3]' as 'Vector3h' and array 'Vector3hArray
[2025-07-15 14:10:48,522][omni.kit.profiler.window][WARNING] - remove _SpanInstance.__lt__ and use insort 'key' arg instead
[2025-07-15 14:10:52,176][git.cmd][DEBUG] - Popen(['git', 'rev-parse', '--show-toplevel'], cwd=/home/alesr/Repositories/Omnidrones-PEG, stdin=None, shell=False, universal_newlines=False)
[2025-07-15 14:10:52,306][urllib3.connectionpool][DEBUG] - Starting new HTTPS connection (1): api.wandb.ai:443
[2025-07-15 14:10:52,477][urllib3.connectionpool][DEBUG] - https://api.wandb.ai:443 "POST /graphql HTTP/11" 200 None
[2025-07-15 14:10:52,482][urllib3.connectionpool][DEBUG] - Starting new HTTPS connection (1): api.wandb.ai:443
[2025-07-15 14:10:52,649][urllib3.connectionpool][DEBUG] - https://api.wandb.ai:443 "POST /graphql HTTP/11" 200 None
[2025-07-15 14:10:52,668][git.cmd][DEBUG] - Popen(['git', 'cat-file', '--batch-check'], cwd=/home/alesr/Repositories/Omnidrones-PEG, stdin=<valid stream>, shell=False, universal_newlines=False)
[2025-07-15 14:10:56,897][root][INFO] - Reading pursuer's params from /home/alesr/Repositories/Omnidrones-PEG/omni_drones/robots/assets/usd/hummingbird.yaml.
[2025-07-15 14:10:56,913][root][INFO] - Reading evader's params from /home/alesr/Repositories/Omnidrones-PEG/omni_drones/robots/assets/usd/hummingbird.yaml.
[2025-07-15 14:11:03,777][root][INFO] - Default parameters:
Mass: [[0.6800000071525574]]
Inertia: [[0.007000000681728125, 0.007000000681728125, 0.011999999172985554]]
Thrust2Weight: [[0.8999204039573669, 0.8999204039573669, 0.8999204039573669, 0.8999204039573669]]
Force2Moment: [[62.499996185302734, 62.499996185302734, 62.499996185302734, 62.499996185302734]]
[2025-07-15 14:11:04,997][root][INFO] - Default parameters:
Mass: [[0.6800000071525574]]
Inertia: [[0.007000000681728125, 0.007000000681728125, 0.011999999172985554]]
Thrust2Weight: [[0.8999204039573669, 0.8999204039573669, 0.8999204039573669, 0.8999204039573669]]
Force2Moment: [[62.499996185302734, 62.499996185302734, 62.499996185302734, 62.499996185302734]]
[2025-07-15 14:11:06,373][root][INFO] - Eval at 8192 steps.
[2025-07-15 14:11:55,238][root][INFO] - Saved checkpoint to /home/alesr/Repositories/Omnidrones-PEG/wandb/run-20250715_141052-8yp8u4ux/files/checkpoint_8192.pt
[2025-07-15 14:11:55,266][urllib3.connectionpool][DEBUG] - Starting new HTTPS connection (1): api.wandb.ai:443
[2025-07-15 14:11:55,467][urllib3.connectionpool][DEBUG] - https://api.wandb.ai:443 "POST /graphql HTTP/11" 200 None
[2025-07-15 14:12:53,310][root][INFO] - Eval at 417792 steps.
[2025-07-15 14:13:06,264][urllib3.connectionpool][DEBUG] - Starting new HTTPS connection (1): api.wandb.ai:443
[2025-07-15 14:13:06,462][urllib3.connectionpool][DEBUG] - https://api.wandb.ai:443 "POST /graphql HTTP/11" 200 None
[2025-07-15 14:13:59,398][root][INFO] - Eval at 827392 steps.
[2025-07-15 14:14:11,221][urllib3.connectionpool][DEBUG] - Starting new HTTPS connection (1): api.wandb.ai:443
[2025-07-15 14:14:11,400][urllib3.connectionpool][DEBUG] - https://api.wandb.ai:443 "POST /graphql HTTP/11" 200 None
[2025-07-15 14:15:00,287][root][INFO] - Eval at 1236992 steps.
[2025-07-15 14:15:13,042][urllib3.connectionpool][DEBUG] - Starting new HTTPS connection (1): api.wandb.ai:443
[2025-07-15 14:15:13,236][urllib3.connectionpool][DEBUG] - https://api.wandb.ai:443 "POST /graphql HTTP/11" 200 None
[2025-07-15 14:16:05,349][root][INFO] - Eval at 1646592 steps.
[2025-07-15 14:16:19,292][root][INFO] - Saved checkpoint to /home/alesr/Repositories/Omnidrones-PEG/wandb/run-20250715_141052-8yp8u4ux/files/checkpoint_1646592.pt
[2025-07-15 14:16:19,314][urllib3.connectionpool][DEBUG] - Starting new HTTPS connection (1): api.wandb.ai:443
[2025-07-15 14:16:19,513][urllib3.connectionpool][DEBUG] - https://api.wandb.ai:443 "POST /graphql HTTP/11" 200 None
[2025-07-15 14:17:14,193][root][INFO] - Eval at 2056192 steps.
[2025-07-15 14:17:29,008][urllib3.connectionpool][DEBUG] - Starting new HTTPS connection (1): api.wandb.ai:443
[2025-07-15 14:17:29,215][urllib3.connectionpool][DEBUG] - https://api.wandb.ai:443 "POST /graphql HTTP/11" 200 None
[2025-07-15 14:18:25,872][root][INFO] - Eval at 2465792 steps.
[2025-07-15 14:19:15,476][urllib3.connectionpool][DEBUG] - Starting new HTTPS connection (1): api.wandb.ai:443
[2025-07-15 14:19:15,673][urllib3.connectionpool][DEBUG] - https://api.wandb.ai:443 "POST /graphql HTTP/11" 200 None
[2025-07-15 14:20:15,509][root][INFO] - Eval at 2875392 steps.
[2025-07-15 14:21:29,699][root][INFO] - Eval at 3284992 steps.
[2025-07-15 14:21:45,608][root][INFO] - Saved checkpoint to /home/alesr/Repositories/Omnidrones-PEG/wandb/run-20250715_141052-8yp8u4ux/files/checkpoint_3284992.pt
[2025-07-15 14:21:45,631][urllib3.connectionpool][DEBUG] - Starting new HTTPS connection (1): api.wandb.ai:443
[2025-07-15 14:21:45,822][urllib3.connectionpool][DEBUG] - https://api.wandb.ai:443 "POST /graphql HTTP/11" 200 None
[2025-07-15 14:22:46,670][root][INFO] - Eval at 3694592 steps.
[2025-07-15 14:24:01,629][root][INFO] - Eval at 4104192 steps.
[2025-07-15 14:24:18,957][urllib3.connectionpool][DEBUG] - Starting new HTTPS connection (1): api.wandb.ai:443
[2025-07-15 14:24:19,157][urllib3.connectionpool][DEBUG] - https://api.wandb.ai:443 "POST /graphql HTTP/11" 200 None
[2025-07-15 14:25:15,904][root][INFO] - Eval at 4513792 steps.
[2025-07-15 14:25:31,734][urllib3.connectionpool][DEBUG] - Starting new HTTPS connection (1): api.wandb.ai:443
[2025-07-15 14:25:31,952][urllib3.connectionpool][DEBUG] - https://api.wandb.ai:443 "POST /graphql HTTP/11" 200 None
[2025-07-15 14:26:29,994][root][INFO] - Eval at 4923392 steps.
[2025-07-15 14:27:20,448][root][INFO] - Saved checkpoint to /home/alesr/Repositories/Omnidrones-PEG/wandb/run-20250715_141052-8yp8u4ux/files/checkpoint_4923392.pt
[2025-07-15 14:27:20,473][urllib3.connectionpool][DEBUG] - Starting new HTTPS connection (1): api.wandb.ai:443
[2025-07-15 14:27:20,679][urllib3.connectionpool][DEBUG] - https://api.wandb.ai:443 "POST /graphql HTTP/11" 200 None
[2025-07-15 14:28:32,795][root][INFO] - Eval at 5332992 steps.
[2025-07-15 14:30:02,048][root][INFO] - Eval at 5742592 steps.
[2025-07-15 14:31:28,264][root][INFO] - Eval at 6152192 steps.
[2025-07-15 14:31:47,358][urllib3.connectionpool][DEBUG] - Starting new HTTPS connection (1): api.wandb.ai:443
[2025-07-15 14:31:47,544][urllib3.connectionpool][DEBUG] - https://api.wandb.ai:443 "POST /graphql HTTP/11" 200 None
[2025-07-15 14:32:54,943][root][INFO] - Eval at 6561792 steps.
[2025-07-15 14:33:13,098][root][INFO] - Saved checkpoint to /home/alesr/Repositories/Omnidrones-PEG/wandb/run-20250715_141052-8yp8u4ux/files/checkpoint_6561792.pt
[2025-07-15 14:33:13,122][urllib3.connectionpool][DEBUG] - Starting new HTTPS connection (1): api.wandb.ai:443
[2025-07-15 14:33:13,304][urllib3.connectionpool][DEBUG] - https://api.wandb.ai:443 "POST /graphql HTTP/11" 200 None
[2025-07-15 14:34:20,284][root][INFO] - Eval at 6971392 steps.
[2025-07-15 14:35:44,689][root][INFO] - Eval at 7380992 steps.
[2025-07-15 14:36:38,408][urllib3.connectionpool][DEBUG] - Starting new HTTPS connection (1): api.wandb.ai:443
[2025-07-15 14:36:38,634][urllib3.connectionpool][DEBUG] - https://api.wandb.ai:443 "POST /graphql HTTP/11" 200 None
[2025-07-15 14:37:46,201][root][INFO] - Eval at 7790592 steps.
[2025-07-15 14:38:04,407][urllib3.connectionpool][DEBUG] - Starting new HTTPS connection (1): api.wandb.ai:443
[2025-07-15 14:38:04,628][urllib3.connectionpool][DEBUG] - https://api.wandb.ai:443 "POST /graphql HTTP/11" 200 None
[2025-07-15 14:39:08,956][root][INFO] - Eval at 8200192 steps.
[2025-07-15 14:39:25,828][root][INFO] - Early stopping: evader_caught ≥ 0.95 3× in a row.
[2025-07-15 14:39:25,834][root][INFO] - Saved checkpoint to /home/alesr/Repositories/Omnidrones-PEG/wandb/run-20250715_141052-8yp8u4ux/files/checkpoint_8200192.pt
[2025-07-15 14:39:25,857][urllib3.connectionpool][DEBUG] - Starting new HTTPS connection (1): api.wandb.ai:443
[2025-07-15 14:39:26,053][urllib3.connectionpool][DEBUG] - https://api.wandb.ai:443 "POST /graphql HTTP/11" 200 None
[2025-07-15 14:39:26,068][root][INFO] - Final Eval at 8200192 steps.
[2025-07-15 14:40:16,711][urllib3.connectionpool][DEBUG] - Starting new HTTPS connection (1): api.wandb.ai:443
[2025-07-15 14:40:16,961][urllib3.connectionpool][DEBUG] - https://api.wandb.ai:443 "POST /graphql HTTP/11" 200 None
[2025-07-15 14:40:16,968][root][INFO] - Saved checkpoint to /home/alesr/Repositories/Omnidrones-PEG/wandb/run-20250715_141052-8yp8u4ux/files/checkpoint_final.pt
