[2025-07-07 17:32:55,253][asyncio][DEBUG] - Using selector: EpollSelector
[2025-07-07 17:32:55,923][omni.kit.telemetry.impl.sentry_extension][INFO] - sentry is disabled for external build
[2025-07-07 17:32:55,924][omni.kit.telemetry.impl.sentry_extension][INFO] - sentry is disabled for external build
[2025-07-07 17:32:57,057][AutoNode][DEBUG] - Defining data type 'any' as 'Any'
[2025-07-07 17:32:57,057][AutoNode][DEBUG] - Defining data type 'bool' as 'Bool' and array 'BoolArray
[2025-07-07 17:32:57,058][AutoNode][DEBUG] - Defining data type 'bundle' as 'Bundle'
[2025-07-07 17:32:57,058][AutoNode][DEBUG] - Defining data type 'colord[3]' as 'Color3d' and array 'Color3dArray
[2025-07-07 17:32:57,058][AutoNode][DEBUG] - Defining data type 'colorf[3]' as 'Color3f' and array 'Color3fArray
[2025-07-07 17:32:57,058][AutoNode][DEBUG] - Defining data type 'colorh[3]' as 'Color3h' and array 'Color3hArray
[2025-07-07 17:32:57,058][AutoNode][DEBUG] - Defining data type 'colord[4]' as 'Color4d' and array 'Color4dArray
[2025-07-07 17:32:57,058][AutoNode][DEBUG] - Defining data type 'colorf[4]' as 'Color4f' and array 'Color4fArray
[2025-07-07 17:32:57,058][AutoNode][DEBUG] - Defining data type 'colorh[4]' as 'Color4h' and array 'Color4hArray
[2025-07-07 17:32:57,058][AutoNode][DEBUG] - Defining data type 'double' as 'Double' and array 'DoubleArray
[2025-07-07 17:32:57,058][AutoNode][DEBUG] - Defining data type 'double[2]' as 'Double2' and array 'Double2Array
[2025-07-07 17:32:57,058][AutoNode][DEBUG] - Defining data type 'double[3]' as 'Double3' and array 'Double3Array
[2025-07-07 17:32:57,058][AutoNode][DEBUG] - Defining data type 'double[4]' as 'Double4' and array 'Double4Array
[2025-07-07 17:32:57,059][AutoNode][DEBUG] - Defining data type 'execution' as 'Execution'
[2025-07-07 17:32:57,059][AutoNode][DEBUG] - Defining data type 'float' as 'Float' and array 'FloatArray
[2025-07-07 17:32:57,059][AutoNode][DEBUG] - Defining data type 'float[2]' as 'Float2' and array 'Float2Array
[2025-07-07 17:32:57,059][AutoNode][DEBUG] - Defining data type 'float[3]' as 'Float3' and array 'Float3Array
[2025-07-07 17:32:57,059][AutoNode][DEBUG] - Defining data type 'float[4]' as 'Float4' and array 'Float4Array
[2025-07-07 17:32:57,059][AutoNode][DEBUG] - Defining data type 'frame[4]' as 'Frame' and array 'FrameArray
[2025-07-07 17:32:57,059][AutoNode][DEBUG] - Defining data type 'half' as 'Half' and array 'HalfArray
[2025-07-07 17:32:57,059][AutoNode][DEBUG] - Defining data type 'half[2]' as 'Half2' and array 'Half2Array
[2025-07-07 17:32:57,059][AutoNode][DEBUG] - Defining data type 'half[3]' as 'Half3' and array 'Half3Array
[2025-07-07 17:32:57,059][AutoNode][DEBUG] - Defining data type 'half[4]' as 'Half4' and array 'Half4Array
[2025-07-07 17:32:57,059][AutoNode][DEBUG] - Defining data type 'int' as 'Int' and array 'IntArray
[2025-07-07 17:32:57,059][AutoNode][DEBUG] - Defining data type 'int[2]' as 'Int2' and array 'Int2Array
[2025-07-07 17:32:57,060][AutoNode][DEBUG] - Defining data type 'int[3]' as 'Int3' and array 'Int3Array
[2025-07-07 17:32:57,060][AutoNode][DEBUG] - Defining data type 'int[4]' as 'Int4' and array 'Int4Array
[2025-07-07 17:32:57,060][AutoNode][DEBUG] - Defining data type 'int64' as 'Int64' and array 'Int64Array
[2025-07-07 17:32:57,060][AutoNode][DEBUG] - Defining data type 'matrixd[2]' as 'Matrix2d' and array 'Matrix2dArray
[2025-07-07 17:32:57,060][AutoNode][DEBUG] - Defining data type 'matrixd[3]' as 'Matrix3d' and array 'Matrix3dArray
[2025-07-07 17:32:57,060][AutoNode][DEBUG] - Defining data type 'matrixd[4]' as 'Matrix4d' and array 'Matrix4dArray
[2025-07-07 17:32:57,060][AutoNode][DEBUG] - Defining data type 'normald[3]' as 'Normal3d' and array 'Normal3dArray
[2025-07-07 17:32:57,060][AutoNode][DEBUG] - Defining data type 'normalf[3]' as 'Normal3f' and array 'Normal3fArray
[2025-07-07 17:32:57,060][AutoNode][DEBUG] - Defining data type 'normalh[3]' as 'Normal3h' and array 'Normal3hArray
[2025-07-07 17:32:57,060][AutoNode][DEBUG] - Defining data type 'objectId' as 'ObjectId' and array 'ObjectIdArray
[2025-07-07 17:32:57,060][AutoNode][DEBUG] - Defining data type 'path' as 'Path'
[2025-07-07 17:32:57,060][AutoNode][DEBUG] - Defining data type 'pointd[3]' as 'Point3d' and array 'Point3dArray
[2025-07-07 17:32:57,061][AutoNode][DEBUG] - Defining data type 'pointf[3]' as 'Point3f' and array 'Point3fArray
[2025-07-07 17:32:57,061][AutoNode][DEBUG] - Defining data type 'pointh[3]' as 'Point3h' and array 'Point3hArray
[2025-07-07 17:32:57,061][AutoNode][DEBUG] - Defining data type 'quatd[4]' as 'Quatd' and array 'QuatdArray
[2025-07-07 17:32:57,061][AutoNode][DEBUG] - Defining data type 'quatf[4]' as 'Quatf' and array 'QuatfArray
[2025-07-07 17:32:57,061][AutoNode][DEBUG] - Defining data type 'quath[4]' as 'Quath' and array 'QuathArray
[2025-07-07 17:32:57,061][AutoNode][DEBUG] - Defining data type 'string' as 'String'
[2025-07-07 17:32:57,061][AutoNode][DEBUG] - Defining data type 'target' as 'Target'
[2025-07-07 17:32:57,061][AutoNode][DEBUG] - Defining data type 'texcoordd[2]' as 'TexCoord2d' and array 'TexCoord2dArray
[2025-07-07 17:32:57,061][AutoNode][DEBUG] - Defining data type 'texcoordf[2]' as 'TexCoord2f' and array 'TexCoord2fArray
[2025-07-07 17:32:57,061][AutoNode][DEBUG] - Defining data type 'texcoordh[2]' as 'TexCoord2h' and array 'TexCoord2hArray
[2025-07-07 17:32:57,061][AutoNode][DEBUG] - Defining data type 'texcoordd[3]' as 'TexCoord3d' and array 'TexCoord3dArray
[2025-07-07 17:32:57,061][AutoNode][DEBUG] - Defining data type 'texcoordf[3]' as 'TexCoord3f' and array 'TexCoord3fArray
[2025-07-07 17:32:57,062][AutoNode][DEBUG] - Defining data type 'texcoordh[3]' as 'TexCoord3h' and array 'TexCoord3hArray
[2025-07-07 17:32:57,062][AutoNode][DEBUG] - Defining data type 'timecode' as 'Timecode' and array 'TimecodeArray
[2025-07-07 17:32:57,062][AutoNode][DEBUG] - Defining data type 'token' as 'Token' and array 'TokenArray
[2025-07-07 17:32:57,062][AutoNode][DEBUG] - Defining data type 'uchar' as 'UChar' and array 'UCharArray
[2025-07-07 17:32:57,062][AutoNode][DEBUG] - Defining data type 'uint' as 'UInt' and array 'UIntArray
[2025-07-07 17:32:57,062][AutoNode][DEBUG] - Defining data type 'uint64' as 'UInt64' and array 'UInt64Array
[2025-07-07 17:32:57,062][AutoNode][DEBUG] - Defining data type 'vectord[3]' as 'Vector3d' and array 'Vector3dArray
[2025-07-07 17:32:57,062][AutoNode][DEBUG] - Defining data type 'vectorf[3]' as 'Vector3f' and array 'Vector3fArray
[2025-07-07 17:32:57,062][AutoNode][DEBUG] - Defining data type 'vectorh[3]' as 'Vector3h' and array 'Vector3hArray
[2025-07-07 17:32:59,852][omni.kit.profiler.window][WARNING] - remove _SpanInstance.__lt__ and use insort 'key' arg instead
[2025-07-07 17:33:03,212][git.cmd][DEBUG] - Popen(['git', 'rev-parse', '--show-toplevel'], cwd=/home/alesr/Repositories/Omnidrones-PEG, stdin=None, shell=False, universal_newlines=False)
[2025-07-07 17:33:03,333][urllib3.connectionpool][DEBUG] - Starting new HTTPS connection (1): api.wandb.ai:443
[2025-07-07 17:33:03,498][urllib3.connectionpool][DEBUG] - https://api.wandb.ai:443 "POST /graphql HTTP/11" 200 None
[2025-07-07 17:33:03,502][urllib3.connectionpool][DEBUG] - Starting new HTTPS connection (1): api.wandb.ai:443
[2025-07-07 17:33:03,697][urllib3.connectionpool][DEBUG] - https://api.wandb.ai:443 "POST /graphql HTTP/11" 200 None
[2025-07-07 17:33:03,715][git.cmd][DEBUG] - Popen(['git', 'cat-file', '--batch-check'], cwd=/home/alesr/Repositories/Omnidrones-PEG, stdin=<valid stream>, shell=False, universal_newlines=False)
[2025-07-07 17:33:08,308][root][INFO] - Reading pursuer's params from /home/alesr/Repositories/Omnidrones-PEG/omni_drones/robots/assets/usd/hummingbird.yaml.
[2025-07-07 17:33:08,325][root][INFO] - Reading evader's params from /home/alesr/Repositories/Omnidrones-PEG/omni_drones/robots/assets/usd/hummingbird.yaml.
[2025-07-07 17:33:14,532][root][INFO] - Default parameters:
Mass: [[0.6800000071525574]]
Inertia: [[0.007000000681728125, 0.007000000681728125, 0.011999999172985554]]
Thrust2Weight: [[0.8999204039573669, 0.8999204039573669, 0.8999204039573669, 0.8999204039573669]]
Force2Moment: [[62.499996185302734, 62.499996185302734, 62.499996185302734, 62.499996185302734]]
[2025-07-07 17:33:15,503][root][INFO] - Default parameters:
Mass: [[0.6800000071525574]]
Inertia: [[0.007000000681728125, 0.007000000681728125, 0.011999999172985554]]
Thrust2Weight: [[0.8999204039573669, 0.8999204039573669, 0.8999204039573669, 0.8999204039573669]]
Force2Moment: [[62.499996185302734, 62.499996185302734, 62.499996185302734, 62.499996185302734]]
[2025-07-07 17:33:15,633][urllib3.connectionpool][DEBUG] - Starting new HTTPS connection (1): api.wandb.ai:443
[2025-07-07 17:33:15,842][urllib3.connectionpool][DEBUG] - https://api.wandb.ai:443 "POST /graphql HTTP/11" 200 None
[2025-07-07 17:33:15,846][urllib3.connectionpool][DEBUG] - Starting new HTTPS connection (1): api.wandb.ai:443
[2025-07-07 17:33:16,008][urllib3.connectionpool][DEBUG] - https://api.wandb.ai:443 "POST /graphql HTTP/11" 200 None
[2025-07-07 17:33:16,013][urllib3.connectionpool][DEBUG] - Starting new HTTPS connection (1): api.wandb.ai:443
[2025-07-07 17:33:16,333][urllib3.connectionpool][DEBUG] - https://api.wandb.ai:443 "POST /graphql HTTP/11" 200 None
[2025-07-07 17:33:16,337][urllib3.connectionpool][DEBUG] - Starting new HTTPS connection (1): api.wandb.ai:443
[2025-07-07 17:33:16,529][urllib3.connectionpool][DEBUG] - https://api.wandb.ai:443 "POST /graphql HTTP/11" 200 None
[2025-07-07 17:33:16,534][urllib3.connectionpool][DEBUG] - Starting new HTTPS connection (1): storage.googleapis.com:443
[2025-07-07 17:33:16,744][urllib3.connectionpool][DEBUG] - https://storage.googleapis.com:443 "GET /wandb-production.appspot.com/alesr_kth/PEG/sef004mz/artifact/1863300917/wandb_manifest.json?X-Goog-Algorithm=GOOG4-RSA-SHA256&X-Goog-Credential=gorilla-files-url-signer-man%40wandb-production.iam.gserviceaccount.com%2F20250707%2Fauto%2Fstorage%2Fgoog4_request&X-Goog-Date=20250707T153316Z&X-Goog-Expires=3599&X-Goog-Signature=353ece94b22954fd711543903df5171c591eccfc71360ace1333ab3e7c167dfc0935e16942d143e1da70c2793e2c5cc4b22f269f8ce88b031f619bb18f9c0d46ae534873c3b44cc2589f59f343a26a3e97082662a62eb2e3e7175b9c86bfb0b0a99e0bc1cb35b20a77e94c7c9ba6912c88d1666de60757edba7a124fe67de48414c33acfb7ebcc564770aac3c9694b6532e05a30039e7ac9e8c8b0a273697054833ee374c9f8878a82d525b28a801892292544554328fa4dc59e8233f5669f53ff753765b29887e2c31f74324bf186cd699b172dddb618167f2018412fab0f58d3183f605bc56c6abb1013a4a17890111bffd74b73416dd5f578f02a012d4b77&X-Goog-SignedHeaders=host&X-User=alesr HTTP/11" 200 342
[2025-07-07 17:33:17,778][root][INFO] - Eval at 8192 steps.
[2025-07-07 17:33:35,387][root][INFO] - Saved checkpoint to /home/alesr/Repositories/Omnidrones-PEG/wandb/run-20250707_173303-mww1ihw3/files/checkpoint_8192.pt
[2025-07-07 17:33:35,405][urllib3.connectionpool][DEBUG] - Starting new HTTPS connection (1): api.wandb.ai:443
[2025-07-07 17:33:35,593][urllib3.connectionpool][DEBUG] - https://api.wandb.ai:443 "POST /graphql HTTP/11" 200 None
[2025-07-07 17:34:26,548][root][INFO] - Eval at 417792 steps.
[2025-07-07 17:34:46,553][urllib3.connectionpool][DEBUG] - Starting new HTTPS connection (1): api.wandb.ai:443
[2025-07-07 17:34:46,734][urllib3.connectionpool][DEBUG] - https://api.wandb.ai:443 "POST /graphql HTTP/11" 200 None
[2025-07-07 17:35:38,024][root][INFO] - Eval at 827392 steps.
[2025-07-07 17:35:55,953][urllib3.connectionpool][DEBUG] - Starting new HTTPS connection (1): api.wandb.ai:443
[2025-07-07 17:35:56,160][urllib3.connectionpool][DEBUG] - https://api.wandb.ai:443 "POST /graphql HTTP/11" 200 None
[2025-07-07 17:36:49,655][root][INFO] - Eval at 1236992 steps.
[2025-07-07 17:37:58,475][root][INFO] - Eval at 1646592 steps.
[2025-07-07 17:38:15,675][root][INFO] - Saved checkpoint to /home/alesr/Repositories/Omnidrones-PEG/wandb/run-20250707_173303-mww1ihw3/files/checkpoint_1646592.pt
[2025-07-07 17:38:15,691][urllib3.connectionpool][DEBUG] - Starting new HTTPS connection (1): api.wandb.ai:443
[2025-07-07 17:38:15,922][urllib3.connectionpool][DEBUG] - https://api.wandb.ai:443 "POST /graphql HTTP/11" 200 None
[2025-07-07 17:39:07,824][root][INFO] - Eval at 2056192 steps.
[2025-07-07 17:39:25,314][urllib3.connectionpool][DEBUG] - Starting new HTTPS connection (1): api.wandb.ai:443
[2025-07-07 17:39:25,495][urllib3.connectionpool][DEBUG] - https://api.wandb.ai:443 "POST /graphql HTTP/11" 200 None
[2025-07-07 17:40:19,954][root][INFO] - Eval at 2465792 steps.
[2025-07-07 17:41:32,104][root][INFO] - Eval at 2875392 steps.
[2025-07-07 17:42:45,487][root][INFO] - Eval at 3284992 steps.
[2025-07-07 17:43:05,931][root][INFO] - Saved checkpoint to /home/alesr/Repositories/Omnidrones-PEG/wandb/run-20250707_173303-mww1ihw3/files/checkpoint_3284992.pt
[2025-07-07 17:43:05,947][urllib3.connectionpool][DEBUG] - Starting new HTTPS connection (1): api.wandb.ai:443
[2025-07-07 17:43:06,153][urllib3.connectionpool][DEBUG] - https://api.wandb.ai:443 "POST /graphql HTTP/11" 200 None
[2025-07-07 17:44:00,026][root][INFO] - Eval at 3694592 steps.
[2025-07-07 17:45:09,908][root][INFO] - Eval at 4104192 steps.
[2025-07-07 17:45:28,785][urllib3.connectionpool][DEBUG] - Starting new HTTPS connection (1): api.wandb.ai:443
[2025-07-07 17:45:28,986][urllib3.connectionpool][DEBUG] - https://api.wandb.ai:443 "POST /graphql HTTP/11" 200 None
[2025-07-07 17:46:23,736][root][INFO] - Eval at 4513792 steps.
[2025-07-07 17:47:35,428][root][INFO] - Eval at 4923392 steps.
[2025-07-07 17:47:53,921][root][INFO] - Early stopping: evader_caught ≥ 0.98 3× in a row.
[2025-07-07 17:47:53,926][root][INFO] - Saved checkpoint to /home/alesr/Repositories/Omnidrones-PEG/wandb/run-20250707_173303-mww1ihw3/files/checkpoint_4923392.pt
[2025-07-07 17:47:53,941][urllib3.connectionpool][DEBUG] - Starting new HTTPS connection (1): api.wandb.ai:443
[2025-07-07 17:47:54,132][urllib3.connectionpool][DEBUG] - https://api.wandb.ai:443 "POST /graphql HTTP/11" 200 None
[2025-07-07 17:47:54,143][root][INFO] - Final Eval at 4923392 steps.
[2025-07-07 17:48:12,537][urllib3.connectionpool][DEBUG] - Starting new HTTPS connection (1): api.wandb.ai:443
[2025-07-07 17:48:12,739][urllib3.connectionpool][DEBUG] - https://api.wandb.ai:443 "POST /graphql HTTP/11" 200 None
[2025-07-07 17:48:12,745][root][INFO] - Saved checkpoint to /home/alesr/Repositories/Omnidrones-PEG/wandb/run-20250707_173303-mww1ihw3/files/checkpoint_final.pt
