[2025-07-13 13:59:46,587][asyncio][DEBUG] - Using selector: EpollSelector
[2025-07-13 13:59:47,369][omni.kit.telemetry.impl.sentry_extension][INFO] - sentry is disabled for external build
[2025-07-13 13:59:47,370][omni.kit.telemetry.impl.sentry_extension][INFO] - sentry is disabled for external build
[2025-07-13 13:59:48,358][AutoNode][DEBUG] - Defining data type 'any' as 'Any'
[2025-07-13 13:59:48,359][AutoNode][DEBUG] - Defining data type 'bool' as 'Bool' and array 'BoolArray
[2025-07-13 13:59:48,359][AutoNode][DEBUG] - Defining data type 'bundle' as 'Bundle'
[2025-07-13 13:59:48,359][AutoNode][DEBUG] - Defining data type 'colord[3]' as 'Color3d' and array 'Color3dArray
[2025-07-13 13:59:48,359][AutoNode][DEBUG] - Defining data type 'colorf[3]' as 'Color3f' and array 'Color3fArray
[2025-07-13 13:59:48,359][AutoNode][DEBUG] - Defining data type 'colorh[3]' as 'Color3h' and array 'Color3hArray
[2025-07-13 13:59:48,359][AutoNode][DEBUG] - Defining data type 'colord[4]' as 'Color4d' and array 'Color4dArray
[2025-07-13 13:59:48,359][AutoNode][DEBUG] - Defining data type 'colorf[4]' as 'Color4f' and array 'Color4fArray
[2025-07-13 13:59:48,359][AutoNode][DEBUG] - Defining data type 'colorh[4]' as 'Color4h' and array 'Color4hArray
[2025-07-13 13:59:48,359][AutoNode][DEBUG] - Defining data type 'double' as 'Double' and array 'DoubleArray
[2025-07-13 13:59:48,359][AutoNode][DEBUG] - Defining data type 'double[2]' as 'Double2' and array 'Double2Array
[2025-07-13 13:59:48,359][AutoNode][DEBUG] - Defining data type 'double[3]' as 'Double3' and array 'Double3Array
[2025-07-13 13:59:48,359][AutoNode][DEBUG] - Defining data type 'double[4]' as 'Double4' and array 'Double4Array
[2025-07-13 13:59:48,359][AutoNode][DEBUG] - Defining data type 'execution' as 'Execution'
[2025-07-13 13:59:48,359][AutoNode][DEBUG] - Defining data type 'float' as 'Float' and array 'FloatArray
[2025-07-13 13:59:48,359][AutoNode][DEBUG] - Defining data type 'float[2]' as 'Float2' and array 'Float2Array
[2025-07-13 13:59:48,359][AutoNode][DEBUG] - Defining data type 'float[3]' as 'Float3' and array 'Float3Array
[2025-07-13 13:59:48,360][AutoNode][DEBUG] - Defining data type 'float[4]' as 'Float4' and array 'Float4Array
[2025-07-13 13:59:48,360][AutoNode][DEBUG] - Defining data type 'frame[4]' as 'Frame' and array 'FrameArray
[2025-07-13 13:59:48,360][AutoNode][DEBUG] - Defining data type 'half' as 'Half' and array 'HalfArray
[2025-07-13 13:59:48,360][AutoNode][DEBUG] - Defining data type 'half[2]' as 'Half2' and array 'Half2Array
[2025-07-13 13:59:48,360][AutoNode][DEBUG] - Defining data type 'half[3]' as 'Half3' and array 'Half3Array
[2025-07-13 13:59:48,360][AutoNode][DEBUG] - Defining data type 'half[4]' as 'Half4' and array 'Half4Array
[2025-07-13 13:59:48,360][AutoNode][DEBUG] - Defining data type 'int' as 'Int' and array 'IntArray
[2025-07-13 13:59:48,360][AutoNode][DEBUG] - Defining data type 'int[2]' as 'Int2' and array 'Int2Array
[2025-07-13 13:59:48,360][AutoNode][DEBUG] - Defining data type 'int[3]' as 'Int3' and array 'Int3Array
[2025-07-13 13:59:48,360][AutoNode][DEBUG] - Defining data type 'int[4]' as 'Int4' and array 'Int4Array
[2025-07-13 13:59:48,360][AutoNode][DEBUG] - Defining data type 'int64' as 'Int64' and array 'Int64Array
[2025-07-13 13:59:48,360][AutoNode][DEBUG] - Defining data type 'matrixd[2]' as 'Matrix2d' and array 'Matrix2dArray
[2025-07-13 13:59:48,360][AutoNode][DEBUG] - Defining data type 'matrixd[3]' as 'Matrix3d' and array 'Matrix3dArray
[2025-07-13 13:59:48,360][AutoNode][DEBUG] - Defining data type 'matrixd[4]' as 'Matrix4d' and array 'Matrix4dArray
[2025-07-13 13:59:48,360][AutoNode][DEBUG] - Defining data type 'normald[3]' as 'Normal3d' and array 'Normal3dArray
[2025-07-13 13:59:48,361][AutoNode][DEBUG] - Defining data type 'normalf[3]' as 'Normal3f' and array 'Normal3fArray
[2025-07-13 13:59:48,361][AutoNode][DEBUG] - Defining data type 'normalh[3]' as 'Normal3h' and array 'Normal3hArray
[2025-07-13 13:59:48,361][AutoNode][DEBUG] - Defining data type 'objectId' as 'ObjectId' and array 'ObjectIdArray
[2025-07-13 13:59:48,361][AutoNode][DEBUG] - Defining data type 'path' as 'Path'
[2025-07-13 13:59:48,361][AutoNode][DEBUG] - Defining data type 'pointd[3]' as 'Point3d' and array 'Point3dArray
[2025-07-13 13:59:48,361][AutoNode][DEBUG] - Defining data type 'pointf[3]' as 'Point3f' and array 'Point3fArray
[2025-07-13 13:59:48,361][AutoNode][DEBUG] - Defining data type 'pointh[3]' as 'Point3h' and array 'Point3hArray
[2025-07-13 13:59:48,361][AutoNode][DEBUG] - Defining data type 'quatd[4]' as 'Quatd' and array 'QuatdArray
[2025-07-13 13:59:48,361][AutoNode][DEBUG] - Defining data type 'quatf[4]' as 'Quatf' and array 'QuatfArray
[2025-07-13 13:59:48,361][AutoNode][DEBUG] - Defining data type 'quath[4]' as 'Quath' and array 'QuathArray
[2025-07-13 13:59:48,361][AutoNode][DEBUG] - Defining data type 'string' as 'String'
[2025-07-13 13:59:48,361][AutoNode][DEBUG] - Defining data type 'target' as 'Target'
[2025-07-13 13:59:48,361][AutoNode][DEBUG] - Defining data type 'texcoordd[2]' as 'TexCoord2d' and array 'TexCoord2dArray
[2025-07-13 13:59:48,361][AutoNode][DEBUG] - Defining data type 'texcoordf[2]' as 'TexCoord2f' and array 'TexCoord2fArray
[2025-07-13 13:59:48,361][AutoNode][DEBUG] - Defining data type 'texcoordh[2]' as 'TexCoord2h' and array 'TexCoord2hArray
[2025-07-13 13:59:48,361][AutoNode][DEBUG] - Defining data type 'texcoordd[3]' as 'TexCoord3d' and array 'TexCoord3dArray
[2025-07-13 13:59:48,361][AutoNode][DEBUG] - Defining data type 'texcoordf[3]' as 'TexCoord3f' and array 'TexCoord3fArray
[2025-07-13 13:59:48,361][AutoNode][DEBUG] - Defining data type 'texcoordh[3]' as 'TexCoord3h' and array 'TexCoord3hArray
[2025-07-13 13:59:48,362][AutoNode][DEBUG] - Defining data type 'timecode' as 'Timecode' and array 'TimecodeArray
[2025-07-13 13:59:48,362][AutoNode][DEBUG] - Defining data type 'token' as 'Token' and array 'TokenArray
[2025-07-13 13:59:48,362][AutoNode][DEBUG] - Defining data type 'uchar' as 'UChar' and array 'UCharArray
[2025-07-13 13:59:48,362][AutoNode][DEBUG] - Defining data type 'uint' as 'UInt' and array 'UIntArray
[2025-07-13 13:59:48,362][AutoNode][DEBUG] - Defining data type 'uint64' as 'UInt64' and array 'UInt64Array
[2025-07-13 13:59:48,362][AutoNode][DEBUG] - Defining data type 'vectord[3]' as 'Vector3d' and array 'Vector3dArray
[2025-07-13 13:59:48,362][AutoNode][DEBUG] - Defining data type 'vectorf[3]' as 'Vector3f' and array 'Vector3fArray
[2025-07-13 13:59:48,362][AutoNode][DEBUG] - Defining data type 'vectorh[3]' as 'Vector3h' and array 'Vector3hArray
[2025-07-13 13:59:51,248][omni.kit.profiler.window][WARNING] - remove _SpanInstance.__lt__ and use insort 'key' arg instead
[2025-07-13 13:59:55,120][git.cmd][DEBUG] - Popen(['git', 'rev-parse', '--show-toplevel'], cwd=/home/alesr/Repositories/Omnidrones-PEG, stdin=None, shell=False, universal_newlines=False)
[2025-07-13 13:59:55,247][urllib3.connectionpool][DEBUG] - Starting new HTTPS connection (1): api.wandb.ai:443
[2025-07-13 13:59:55,441][urllib3.connectionpool][DEBUG] - https://api.wandb.ai:443 "POST /graphql HTTP/11" 200 None
[2025-07-13 13:59:55,445][urllib3.connectionpool][DEBUG] - Starting new HTTPS connection (1): api.wandb.ai:443
[2025-07-13 13:59:55,632][urllib3.connectionpool][DEBUG] - https://api.wandb.ai:443 "POST /graphql HTTP/11" 200 None
[2025-07-13 13:59:55,651][git.cmd][DEBUG] - Popen(['git', 'cat-file', '--batch-check'], cwd=/home/alesr/Repositories/Omnidrones-PEG, stdin=<valid stream>, shell=False, universal_newlines=False)
[2025-07-13 13:59:59,597][root][INFO] - Reading pursuer's params from /home/alesr/Repositories/Omnidrones-PEG/omni_drones/robots/assets/usd/hummingbird.yaml.
[2025-07-13 13:59:59,616][root][INFO] - Reading evader's params from /home/alesr/Repositories/Omnidrones-PEG/omni_drones/robots/assets/usd/hummingbird.yaml.
[2025-07-13 14:00:06,173][root][INFO] - Default parameters:
Mass: [[0.6800000071525574]]
Inertia: [[0.007000000681728125, 0.007000000681728125, 0.011999999172985554]]
Thrust2Weight: [[0.8999204039573669, 0.8999204039573669, 0.8999204039573669, 0.8999204039573669]]
Force2Moment: [[62.499996185302734, 62.499996185302734, 62.499996185302734, 62.499996185302734]]
[2025-07-13 14:00:07,214][root][INFO] - Default parameters:
Mass: [[0.6800000071525574]]
Inertia: [[0.007000000681728125, 0.007000000681728125, 0.011999999172985554]]
Thrust2Weight: [[0.8999204039573669, 0.8999204039573669, 0.8999204039573669, 0.8999204039573669]]
Force2Moment: [[62.499996185302734, 62.499996185302734, 62.499996185302734, 62.499996185302734]]
[2025-07-13 14:00:07,259][root][INFO] - Setup randomization:
{'train': {'drag_coef': Uniform(low: 0.0, high: 0.12399999797344208),
           'force2moment': Uniform(low: torch.Size([1, 4]), high: torch.Size([1, 4])),
           'inertia': Uniform(low: torch.Size([1, 3]), high: torch.Size([1, 3])),
           'mass': Uniform(low: tensor([[0.1768]], device='cuda:0'), high: tensor([[1.1832]], device='cuda:0')),
           'thrust2weight': Uniform(low: torch.Size([1, 4]), high: torch.Size([1, 4]))}}
[2025-07-13 14:00:07,263][root][INFO] - Setup randomization:
{'train': {'drag_coef': Uniform(low: 0.0, high: 0.12399999797344208),
           'force2moment': Uniform(low: torch.Size([1, 4]), high: torch.Size([1, 4])),
           'inertia': Uniform(low: torch.Size([1, 3]), high: torch.Size([1, 3])),
           'mass': Uniform(low: tensor([[0.1768]], device='cuda:0'), high: tensor([[1.1832]], device='cuda:0')),
           'thrust2weight': Uniform(low: torch.Size([1, 4]), high: torch.Size([1, 4]))}}
[2025-07-13 14:00:08,572][root][INFO] - Eval at 8192 steps.
[2025-07-13 14:01:04,555][root][INFO] - Saved checkpoint to /home/alesr/Repositories/Omnidrones-PEG/wandb/run-20250713_135955-bmfbyrmn/files/checkpoint_8192.pt
[2025-07-13 14:01:04,578][urllib3.connectionpool][DEBUG] - Starting new HTTPS connection (1): api.wandb.ai:443
[2025-07-13 14:01:04,776][urllib3.connectionpool][DEBUG] - https://api.wandb.ai:443 "POST /graphql HTTP/11" 200 None
[2025-07-13 14:02:09,701][root][INFO] - Eval at 417792 steps.
[2025-07-13 14:03:14,556][root][INFO] - Eval at 827392 steps.
[2025-07-13 14:03:27,066][root][INFO] - Saved checkpoint to /home/alesr/Repositories/Omnidrones-PEG/wandb/run-20250713_135955-bmfbyrmn/files/checkpoint_827392.pt
[2025-07-13 14:03:27,089][urllib3.connectionpool][DEBUG] - Starting new HTTPS connection (1): api.wandb.ai:443
[2025-07-13 14:03:27,304][urllib3.connectionpool][DEBUG] - https://api.wandb.ai:443 "POST /graphql HTTP/11" 200 None
[2025-07-13 14:04:14,483][root][INFO] - Eval at 1236992 steps.
[2025-07-13 14:05:13,455][root][INFO] - Eval at 1646592 steps.
[2025-07-13 14:05:25,098][root][INFO] - Saved checkpoint to /home/alesr/Repositories/Omnidrones-PEG/wandb/run-20250713_135955-bmfbyrmn/files/checkpoint_1646592.pt
[2025-07-13 14:05:25,121][urllib3.connectionpool][DEBUG] - Starting new HTTPS connection (1): api.wandb.ai:443
[2025-07-13 14:05:25,314][urllib3.connectionpool][DEBUG] - https://api.wandb.ai:443 "POST /graphql HTTP/11" 200 None
[2025-07-13 14:06:13,092][root][INFO] - Eval at 2056192 steps.
[2025-07-13 14:07:14,126][root][INFO] - Eval at 2465792 steps.
[2025-07-13 14:07:26,448][root][INFO] - Saved checkpoint to /home/alesr/Repositories/Omnidrones-PEG/wandb/run-20250713_135955-bmfbyrmn/files/checkpoint_2465792.pt
[2025-07-13 14:07:26,462][urllib3.connectionpool][DEBUG] - Starting new HTTPS connection (1): api.wandb.ai:443
[2025-07-13 14:07:26,646][urllib3.connectionpool][DEBUG] - https://api.wandb.ai:443 "POST /graphql HTTP/11" 200 None
[2025-07-13 14:08:15,509][root][INFO] - Eval at 2875392 steps.
[2025-07-13 14:09:16,140][root][INFO] - Eval at 3284992 steps.
[2025-07-13 14:09:28,185][root][INFO] - Saved checkpoint to /home/alesr/Repositories/Omnidrones-PEG/wandb/run-20250713_135955-bmfbyrmn/files/checkpoint_3284992.pt
[2025-07-13 14:09:28,208][urllib3.connectionpool][DEBUG] - Starting new HTTPS connection (1): api.wandb.ai:443
[2025-07-13 14:09:28,430][urllib3.connectionpool][DEBUG] - https://api.wandb.ai:443 "POST /graphql HTTP/11" 200 None
[2025-07-13 14:10:16,966][root][INFO] - Eval at 3694592 steps.
[2025-07-13 14:11:18,180][root][INFO] - Eval at 4104192 steps.
[2025-07-13 14:11:30,110][root][INFO] - Saved checkpoint to /home/alesr/Repositories/Omnidrones-PEG/wandb/run-20250713_135955-bmfbyrmn/files/checkpoint_4104192.pt
[2025-07-13 14:11:30,132][urllib3.connectionpool][DEBUG] - Starting new HTTPS connection (1): api.wandb.ai:443
[2025-07-13 14:11:30,330][urllib3.connectionpool][DEBUG] - https://api.wandb.ai:443 "POST /graphql HTTP/11" 200 None
[2025-07-13 14:12:19,473][root][INFO] - Eval at 4513792 steps.
[2025-07-13 14:13:20,992][root][INFO] - Eval at 4923392 steps.
[2025-07-13 14:14:07,708][root][INFO] - Saved checkpoint to /home/alesr/Repositories/Omnidrones-PEG/wandb/run-20250713_135955-bmfbyrmn/files/checkpoint_4923392.pt
[2025-07-13 14:14:07,733][urllib3.connectionpool][DEBUG] - Starting new HTTPS connection (1): api.wandb.ai:443
[2025-07-13 14:14:07,932][urllib3.connectionpool][DEBUG] - https://api.wandb.ai:443 "POST /graphql HTTP/11" 200 None
[2025-07-13 14:14:59,062][root][INFO] - Eval at 5332992 steps.
[2025-07-13 14:16:02,793][root][INFO] - Eval at 5742592 steps.
[2025-07-13 14:16:15,653][root][INFO] - Saved checkpoint to /home/alesr/Repositories/Omnidrones-PEG/wandb/run-20250713_135955-bmfbyrmn/files/checkpoint_5742592.pt
[2025-07-13 14:16:15,668][urllib3.connectionpool][DEBUG] - Starting new HTTPS connection (1): api.wandb.ai:443
[2025-07-13 14:16:15,888][urllib3.connectionpool][DEBUG] - https://api.wandb.ai:443 "POST /graphql HTTP/11" 200 None
[2025-07-13 14:17:06,721][root][INFO] - Eval at 6152192 steps.
[2025-07-13 14:18:10,412][root][INFO] - Eval at 6561792 steps.
[2025-07-13 14:18:23,097][root][INFO] - Saved checkpoint to /home/alesr/Repositories/Omnidrones-PEG/wandb/run-20250713_135955-bmfbyrmn/files/checkpoint_6561792.pt
[2025-07-13 14:18:23,119][urllib3.connectionpool][DEBUG] - Starting new HTTPS connection (1): api.wandb.ai:443
[2025-07-13 14:18:23,300][urllib3.connectionpool][DEBUG] - https://api.wandb.ai:443 "POST /graphql HTTP/11" 200 None
[2025-07-13 14:19:14,622][root][INFO] - Eval at 6971392 steps.
[2025-07-13 14:20:20,457][root][INFO] - Eval at 7380992 steps.
[2025-07-13 14:20:33,457][root][INFO] - Saved checkpoint to /home/alesr/Repositories/Omnidrones-PEG/wandb/run-20250713_135955-bmfbyrmn/files/checkpoint_7380992.pt
[2025-07-13 14:20:33,479][urllib3.connectionpool][DEBUG] - Starting new HTTPS connection (1): api.wandb.ai:443
[2025-07-13 14:20:33,682][urllib3.connectionpool][DEBUG] - https://api.wandb.ai:443 "POST /graphql HTTP/11" 200 None
[2025-07-13 14:21:25,305][root][INFO] - Eval at 7790592 steps.
[2025-07-13 14:22:30,575][root][INFO] - Eval at 8200192 steps.
[2025-07-13 14:22:43,600][root][INFO] - Saved checkpoint to /home/alesr/Repositories/Omnidrones-PEG/wandb/run-20250713_135955-bmfbyrmn/files/checkpoint_8200192.pt
[2025-07-13 14:22:43,622][urllib3.connectionpool][DEBUG] - Starting new HTTPS connection (1): api.wandb.ai:443
[2025-07-13 14:22:43,824][urllib3.connectionpool][DEBUG] - https://api.wandb.ai:443 "POST /graphql HTTP/11" 200 None
[2025-07-13 14:23:35,966][root][INFO] - Eval at 8609792 steps.
[2025-07-13 14:24:41,657][root][INFO] - Eval at 9019392 steps.
[2025-07-13 14:24:54,685][root][INFO] - Saved checkpoint to /home/alesr/Repositories/Omnidrones-PEG/wandb/run-20250713_135955-bmfbyrmn/files/checkpoint_9019392.pt
[2025-07-13 14:24:54,707][urllib3.connectionpool][DEBUG] - Starting new HTTPS connection (1): api.wandb.ai:443
[2025-07-13 14:24:54,900][urllib3.connectionpool][DEBUG] - https://api.wandb.ai:443 "POST /graphql HTTP/11" 200 None
[2025-07-13 14:25:46,905][root][INFO] - Eval at 9428992 steps.
[2025-07-13 14:26:51,753][root][INFO] - Eval at 9838592 steps.
[2025-07-13 14:27:38,975][root][INFO] - Saved checkpoint to /home/alesr/Repositories/Omnidrones-PEG/wandb/run-20250713_135955-bmfbyrmn/files/checkpoint_9838592.pt
[2025-07-13 14:27:38,999][urllib3.connectionpool][DEBUG] - Starting new HTTPS connection (1): api.wandb.ai:443
[2025-07-13 14:27:39,185][urllib3.connectionpool][DEBUG] - https://api.wandb.ai:443 "POST /graphql HTTP/11" 200 None
[2025-07-13 14:28:32,306][root][INFO] - Eval at 10248192 steps.
[2025-07-13 14:29:38,263][root][INFO] - Eval at 10657792 steps.
[2025-07-13 14:29:51,831][root][INFO] - Saved checkpoint to /home/alesr/Repositories/Omnidrones-PEG/wandb/run-20250713_135955-bmfbyrmn/files/checkpoint_10657792.pt
[2025-07-13 14:29:51,853][urllib3.connectionpool][DEBUG] - Starting new HTTPS connection (1): api.wandb.ai:443
[2025-07-13 14:29:52,060][urllib3.connectionpool][DEBUG] - https://api.wandb.ai:443 "POST /graphql HTTP/11" 200 None
[2025-07-13 14:30:43,950][root][INFO] - Eval at 11067392 steps.
[2025-07-13 14:31:49,483][root][INFO] - Eval at 11476992 steps.
[2025-07-13 14:32:03,303][root][INFO] - Saved checkpoint to /home/alesr/Repositories/Omnidrones-PEG/wandb/run-20250713_135955-bmfbyrmn/files/checkpoint_11476992.pt
[2025-07-13 14:32:03,325][urllib3.connectionpool][DEBUG] - Starting new HTTPS connection (1): api.wandb.ai:443
[2025-07-13 14:32:03,506][urllib3.connectionpool][DEBUG] - https://api.wandb.ai:443 "POST /graphql HTTP/11" 200 None
[2025-07-13 14:32:55,744][root][INFO] - Eval at 11886592 steps.
[2025-07-13 14:34:00,459][root][INFO] - Eval at 12296192 steps.
[2025-07-13 14:34:13,892][root][INFO] - Saved checkpoint to /home/alesr/Repositories/Omnidrones-PEG/wandb/run-20250713_135955-bmfbyrmn/files/checkpoint_12296192.pt
[2025-07-13 14:34:13,906][urllib3.connectionpool][DEBUG] - Starting new HTTPS connection (1): api.wandb.ai:443
[2025-07-13 14:34:14,093][urllib3.connectionpool][DEBUG] - https://api.wandb.ai:443 "POST /graphql HTTP/11" 200 None
[2025-07-13 14:35:06,057][root][INFO] - Eval at 12705792 steps.
[2025-07-13 14:36:12,097][root][INFO] - Eval at 13115392 steps.
[2025-07-13 14:36:25,757][root][INFO] - Saved checkpoint to /home/alesr/Repositories/Omnidrones-PEG/wandb/run-20250713_135955-bmfbyrmn/files/checkpoint_13115392.pt
[2025-07-13 14:36:25,779][urllib3.connectionpool][DEBUG] - Starting new HTTPS connection (1): api.wandb.ai:443
[2025-07-13 14:36:25,978][urllib3.connectionpool][DEBUG] - https://api.wandb.ai:443 "POST /graphql HTTP/11" 200 None
[2025-07-13 14:37:17,589][root][INFO] - Eval at 13524992 steps.
[2025-07-13 14:38:23,206][root][INFO] - Eval at 13934592 steps.
[2025-07-13 14:38:36,783][root][INFO] - Saved checkpoint to /home/alesr/Repositories/Omnidrones-PEG/wandb/run-20250713_135955-bmfbyrmn/files/checkpoint_13934592.pt
[2025-07-13 14:38:36,805][urllib3.connectionpool][DEBUG] - Starting new HTTPS connection (1): api.wandb.ai:443
[2025-07-13 14:38:37,019][urllib3.connectionpool][DEBUG] - https://api.wandb.ai:443 "POST /graphql HTTP/11" 200 None
[2025-07-13 14:39:28,463][root][INFO] - Eval at 14344192 steps.
[2025-07-13 14:40:33,317][root][INFO] - Eval at 14753792 steps.
[2025-07-13 14:41:20,326][root][INFO] - Saved checkpoint to /home/alesr/Repositories/Omnidrones-PEG/wandb/run-20250713_135955-bmfbyrmn/files/checkpoint_14753792.pt
[2025-07-13 14:41:20,354][urllib3.connectionpool][DEBUG] - Starting new HTTPS connection (1): api.wandb.ai:443
[2025-07-13 14:41:20,556][urllib3.connectionpool][DEBUG] - https://api.wandb.ai:443 "POST /graphql HTTP/11" 200 None
[2025-07-13 14:42:14,155][root][INFO] - Eval at 15163392 steps.
[2025-07-13 14:43:20,218][root][INFO] - Eval at 15572992 steps.
[2025-07-13 14:43:33,598][root][INFO] - Saved checkpoint to /home/alesr/Repositories/Omnidrones-PEG/wandb/run-20250713_135955-bmfbyrmn/files/checkpoint_15572992.pt
[2025-07-13 14:43:33,621][urllib3.connectionpool][DEBUG] - Starting new HTTPS connection (1): api.wandb.ai:443
[2025-07-13 14:43:33,806][urllib3.connectionpool][DEBUG] - https://api.wandb.ai:443 "POST /graphql HTTP/11" 200 None
[2025-07-13 14:44:26,122][root][INFO] - Eval at 15982592 steps.
[2025-07-13 14:45:31,235][root][INFO] - Eval at 16392192 steps.
[2025-07-13 14:45:43,941][root][INFO] - Saved checkpoint to /home/alesr/Repositories/Omnidrones-PEG/wandb/run-20250713_135955-bmfbyrmn/files/checkpoint_16392192.pt
[2025-07-13 14:45:43,962][urllib3.connectionpool][DEBUG] - Starting new HTTPS connection (1): api.wandb.ai:443
[2025-07-13 14:45:44,182][urllib3.connectionpool][DEBUG] - https://api.wandb.ai:443 "POST /graphql HTTP/11" 200 None
[2025-07-13 14:46:36,592][root][INFO] - Eval at 16801792 steps.
[2025-07-13 14:47:41,192][root][INFO] - Eval at 17211392 steps.
[2025-07-13 14:47:54,320][root][INFO] - Saved checkpoint to /home/alesr/Repositories/Omnidrones-PEG/wandb/run-20250713_135955-bmfbyrmn/files/checkpoint_17211392.pt
[2025-07-13 14:47:54,342][urllib3.connectionpool][DEBUG] - Starting new HTTPS connection (1): api.wandb.ai:443
[2025-07-13 14:47:54,538][urllib3.connectionpool][DEBUG] - https://api.wandb.ai:443 "POST /graphql HTTP/11" 200 None
[2025-07-13 14:48:46,645][root][INFO] - Eval at 17620992 steps.
[2025-07-13 14:49:51,614][root][INFO] - Eval at 18030592 steps.
[2025-07-13 14:50:04,773][root][INFO] - Saved checkpoint to /home/alesr/Repositories/Omnidrones-PEG/wandb/run-20250713_135955-bmfbyrmn/files/checkpoint_18030592.pt
[2025-07-13 14:50:04,787][urllib3.connectionpool][DEBUG] - Starting new HTTPS connection (1): api.wandb.ai:443
[2025-07-13 14:50:04,969][urllib3.connectionpool][DEBUG] - https://api.wandb.ai:443 "POST /graphql HTTP/11" 200 None
[2025-07-13 14:50:56,668][root][INFO] - Eval at 18440192 steps.
[2025-07-13 14:52:01,217][root][INFO] - Eval at 18849792 steps.
[2025-07-13 14:52:14,588][root][INFO] - Saved checkpoint to /home/alesr/Repositories/Omnidrones-PEG/wandb/run-20250713_135955-bmfbyrmn/files/checkpoint_18849792.pt
[2025-07-13 14:52:14,610][urllib3.connectionpool][DEBUG] - Starting new HTTPS connection (1): api.wandb.ai:443
[2025-07-13 14:52:14,795][urllib3.connectionpool][DEBUG] - https://api.wandb.ai:443 "POST /graphql HTTP/11" 200 None
[2025-07-13 14:53:06,161][root][INFO] - Eval at 19259392 steps.
[2025-07-13 14:54:10,060][root][INFO] - Eval at 19668992 steps.
[2025-07-13 14:54:56,403][root][INFO] - Saved checkpoint to /home/alesr/Repositories/Omnidrones-PEG/wandb/run-20250713_135955-bmfbyrmn/files/checkpoint_19668992.pt
[2025-07-13 14:54:56,425][urllib3.connectionpool][DEBUG] - Starting new HTTPS connection (1): api.wandb.ai:443
[2025-07-13 14:54:56,601][urllib3.connectionpool][DEBUG] - https://api.wandb.ai:443 "POST /graphql HTTP/11" 200 None
[2025-07-13 14:55:37,918][root][INFO] - Final Eval at 19996672 steps.
[2025-07-13 14:56:24,456][urllib3.connectionpool][DEBUG] - Starting new HTTPS connection (1): api.wandb.ai:443
[2025-07-13 14:56:24,683][urllib3.connectionpool][DEBUG] - https://api.wandb.ai:443 "POST /graphql HTTP/11" 200 None
[2025-07-13 14:56:24,694][root][INFO] - Saved checkpoint to /home/alesr/Repositories/Omnidrones-PEG/wandb/run-20250713_135955-bmfbyrmn/files/checkpoint_final.pt
