[2025-07-09 11:32:11,669][asyncio][DEBUG] - Using selector: EpollSelector
[2025-07-09 11:32:12,406][omni.kit.telemetry.impl.sentry_extension][INFO] - sentry is disabled for external build
[2025-07-09 11:32:12,407][omni.kit.telemetry.impl.sentry_extension][INFO] - sentry is disabled for external build
[2025-07-09 11:32:16,575][AutoNode][DEBUG] - Defining data type 'any' as 'Any'
[2025-07-09 11:32:16,575][AutoNode][DEBUG] - Defining data type 'bool' as 'Bool' and array 'BoolArray
[2025-07-09 11:32:16,575][AutoNode][DEBUG] - Defining data type 'bundle' as 'Bundle'
[2025-07-09 11:32:16,575][AutoNode][DEBUG] - Defining data type 'colord[3]' as 'Color3d' and array 'Color3dArray
[2025-07-09 11:32:16,575][AutoNode][DEBUG] - Defining data type 'colorf[3]' as 'Color3f' and array 'Color3fArray
[2025-07-09 11:32:16,575][AutoNode][DEBUG] - Defining data type 'colorh[3]' as 'Color3h' and array 'Color3hArray
[2025-07-09 11:32:16,576][AutoNode][DEBUG] - Defining data type 'colord[4]' as 'Color4d' and array 'Color4dArray
[2025-07-09 11:32:16,576][AutoNode][DEBUG] - Defining data type 'colorf[4]' as 'Color4f' and array 'Color4fArray
[2025-07-09 11:32:16,576][AutoNode][DEBUG] - Defining data type 'colorh[4]' as 'Color4h' and array 'Color4hArray
[2025-07-09 11:32:16,576][AutoNode][DEBUG] - Defining data type 'double' as 'Double' and array 'DoubleArray
[2025-07-09 11:32:16,576][AutoNode][DEBUG] - Defining data type 'double[2]' as 'Double2' and array 'Double2Array
[2025-07-09 11:32:16,576][AutoNode][DEBUG] - Defining data type 'double[3]' as 'Double3' and array 'Double3Array
[2025-07-09 11:32:16,576][AutoNode][DEBUG] - Defining data type 'double[4]' as 'Double4' and array 'Double4Array
[2025-07-09 11:32:16,576][AutoNode][DEBUG] - Defining data type 'execution' as 'Execution'
[2025-07-09 11:32:16,576][AutoNode][DEBUG] - Defining data type 'float' as 'Float' and array 'FloatArray
[2025-07-09 11:32:16,576][AutoNode][DEBUG] - Defining data type 'float[2]' as 'Float2' and array 'Float2Array
[2025-07-09 11:32:16,576][AutoNode][DEBUG] - Defining data type 'float[3]' as 'Float3' and array 'Float3Array
[2025-07-09 11:32:16,576][AutoNode][DEBUG] - Defining data type 'float[4]' as 'Float4' and array 'Float4Array
[2025-07-09 11:32:16,576][AutoNode][DEBUG] - Defining data type 'frame[4]' as 'Frame' and array 'FrameArray
[2025-07-09 11:32:16,576][AutoNode][DEBUG] - Defining data type 'half' as 'Half' and array 'HalfArray
[2025-07-09 11:32:16,576][AutoNode][DEBUG] - Defining data type 'half[2]' as 'Half2' and array 'Half2Array
[2025-07-09 11:32:16,576][AutoNode][DEBUG] - Defining data type 'half[3]' as 'Half3' and array 'Half3Array
[2025-07-09 11:32:16,576][AutoNode][DEBUG] - Defining data type 'half[4]' as 'Half4' and array 'Half4Array
[2025-07-09 11:32:16,577][AutoNode][DEBUG] - Defining data type 'int' as 'Int' and array 'IntArray
[2025-07-09 11:32:16,577][AutoNode][DEBUG] - Defining data type 'int[2]' as 'Int2' and array 'Int2Array
[2025-07-09 11:32:16,577][AutoNode][DEBUG] - Defining data type 'int[3]' as 'Int3' and array 'Int3Array
[2025-07-09 11:32:16,577][AutoNode][DEBUG] - Defining data type 'int[4]' as 'Int4' and array 'Int4Array
[2025-07-09 11:32:16,577][AutoNode][DEBUG] - Defining data type 'int64' as 'Int64' and array 'Int64Array
[2025-07-09 11:32:16,577][AutoNode][DEBUG] - Defining data type 'matrixd[2]' as 'Matrix2d' and array 'Matrix2dArray
[2025-07-09 11:32:16,577][AutoNode][DEBUG] - Defining data type 'matrixd[3]' as 'Matrix3d' and array 'Matrix3dArray
[2025-07-09 11:32:16,577][AutoNode][DEBUG] - Defining data type 'matrixd[4]' as 'Matrix4d' and array 'Matrix4dArray
[2025-07-09 11:32:16,577][AutoNode][DEBUG] - Defining data type 'normald[3]' as 'Normal3d' and array 'Normal3dArray
[2025-07-09 11:32:16,577][AutoNode][DEBUG] - Defining data type 'normalf[3]' as 'Normal3f' and array 'Normal3fArray
[2025-07-09 11:32:16,577][AutoNode][DEBUG] - Defining data type 'normalh[3]' as 'Normal3h' and array 'Normal3hArray
[2025-07-09 11:32:16,577][AutoNode][DEBUG] - Defining data type 'objectId' as 'ObjectId' and array 'ObjectIdArray
[2025-07-09 11:32:16,577][AutoNode][DEBUG] - Defining data type 'path' as 'Path'
[2025-07-09 11:32:16,577][AutoNode][DEBUG] - Defining data type 'pointd[3]' as 'Point3d' and array 'Point3dArray
[2025-07-09 11:32:16,577][AutoNode][DEBUG] - Defining data type 'pointf[3]' as 'Point3f' and array 'Point3fArray
[2025-07-09 11:32:16,577][AutoNode][DEBUG] - Defining data type 'pointh[3]' as 'Point3h' and array 'Point3hArray
[2025-07-09 11:32:16,577][AutoNode][DEBUG] - Defining data type 'quatd[4]' as 'Quatd' and array 'QuatdArray
[2025-07-09 11:32:16,578][AutoNode][DEBUG] - Defining data type 'quatf[4]' as 'Quatf' and array 'QuatfArray
[2025-07-09 11:32:16,578][AutoNode][DEBUG] - Defining data type 'quath[4]' as 'Quath' and array 'QuathArray
[2025-07-09 11:32:16,578][AutoNode][DEBUG] - Defining data type 'string' as 'String'
[2025-07-09 11:32:16,578][AutoNode][DEBUG] - Defining data type 'target' as 'Target'
[2025-07-09 11:32:16,578][AutoNode][DEBUG] - Defining data type 'texcoordd[2]' as 'TexCoord2d' and array 'TexCoord2dArray
[2025-07-09 11:32:16,578][AutoNode][DEBUG] - Defining data type 'texcoordf[2]' as 'TexCoord2f' and array 'TexCoord2fArray
[2025-07-09 11:32:16,578][AutoNode][DEBUG] - Defining data type 'texcoordh[2]' as 'TexCoord2h' and array 'TexCoord2hArray
[2025-07-09 11:32:16,578][AutoNode][DEBUG] - Defining data type 'texcoordd[3]' as 'TexCoord3d' and array 'TexCoord3dArray
[2025-07-09 11:32:16,578][AutoNode][DEBUG] - Defining data type 'texcoordf[3]' as 'TexCoord3f' and array 'TexCoord3fArray
[2025-07-09 11:32:16,578][AutoNode][DEBUG] - Defining data type 'texcoordh[3]' as 'TexCoord3h' and array 'TexCoord3hArray
[2025-07-09 11:32:16,578][AutoNode][DEBUG] - Defining data type 'timecode' as 'Timecode' and array 'TimecodeArray
[2025-07-09 11:32:16,578][AutoNode][DEBUG] - Defining data type 'token' as 'Token' and array 'TokenArray
[2025-07-09 11:32:16,578][AutoNode][DEBUG] - Defining data type 'uchar' as 'UChar' and array 'UCharArray
[2025-07-09 11:32:16,578][AutoNode][DEBUG] - Defining data type 'uint' as 'UInt' and array 'UIntArray
[2025-07-09 11:32:16,578][AutoNode][DEBUG] - Defining data type 'uint64' as 'UInt64' and array 'UInt64Array
[2025-07-09 11:32:16,578][AutoNode][DEBUG] - Defining data type 'vectord[3]' as 'Vector3d' and array 'Vector3dArray
[2025-07-09 11:32:16,578][AutoNode][DEBUG] - Defining data type 'vectorf[3]' as 'Vector3f' and array 'Vector3fArray
[2025-07-09 11:32:16,578][AutoNode][DEBUG] - Defining data type 'vectorh[3]' as 'Vector3h' and array 'Vector3hArray
[2025-07-09 11:32:19,661][omni.kit.profiler.window][WARNING] - remove _SpanInstance.__lt__ and use insort 'key' arg instead
[2025-07-09 11:32:24,174][git.cmd][DEBUG] - Popen(['git', 'rev-parse', '--show-toplevel'], cwd=/home/alesr/Repositories/Omnidrones-PEG, stdin=None, shell=False, universal_newlines=False)
[2025-07-09 11:32:24,332][urllib3.connectionpool][DEBUG] - Starting new HTTPS connection (1): api.wandb.ai:443
[2025-07-09 11:32:24,507][urllib3.connectionpool][DEBUG] - https://api.wandb.ai:443 "POST /graphql HTTP/11" 200 None
[2025-07-09 11:32:24,511][urllib3.connectionpool][DEBUG] - Starting new HTTPS connection (1): api.wandb.ai:443
[2025-07-09 11:32:24,705][urllib3.connectionpool][DEBUG] - https://api.wandb.ai:443 "POST /graphql HTTP/11" 200 None
[2025-07-09 11:32:24,723][git.cmd][DEBUG] - Popen(['git', 'cat-file', '--batch-check'], cwd=/home/alesr/Repositories/Omnidrones-PEG, stdin=<valid stream>, shell=False, universal_newlines=False)
[2025-07-09 11:32:28,993][matplotlib][DEBUG] - matplotlib data path: /home/alesr/.local/share/ov/pkg/isaac-sim-4.1.0/exts/omni.isaac.core_archive/pip_prebundle/matplotlib/mpl-data
[2025-07-09 11:32:29,003][matplotlib][DEBUG] - CONFIGDIR=/home/alesr/.config/matplotlib
[2025-07-09 11:32:29,005][matplotlib][DEBUG] - interactive is False
[2025-07-09 11:32:29,006][matplotlib][DEBUG] - platform is linux
[2025-07-09 11:32:29,085][matplotlib][DEBUG] - CACHEDIR=/home/alesr/.cache/matplotlib
[2025-07-09 11:32:29,088][matplotlib.font_manager][DEBUG] - Using fontManager instance from /home/alesr/.cache/matplotlib/fontlist-v330.json
[2025-07-09 11:32:29,557][root][INFO] - Reading pursuer's params from /home/alesr/Repositories/Omnidrones-PEG/omni_drones/robots/assets/usd/hummingbird.yaml.
[2025-07-09 11:32:29,577][root][INFO] - Reading evader's params from /home/alesr/Repositories/Omnidrones-PEG/omni_drones/robots/assets/usd/hummingbird.yaml.
[2025-07-09 11:32:32,987][root][INFO] - Default parameters:
Mass: [[0.6800000071525574]]
Inertia: [[0.007000000681728125, 0.007000000681728125, 0.011999999172985554]]
Thrust2Weight: [[0.8999204039573669, 0.8999204039573669, 0.8999204039573669, 0.8999204039573669]]
Force2Moment: [[62.499996185302734, 62.499996185302734, 62.499996185302734, 62.499996185302734]]
[2025-07-09 11:32:32,998][root][INFO] - Default parameters:
Mass: [[0.6800000071525574]]
Inertia: [[0.007000000681728125, 0.007000000681728125, 0.011999999172985554]]
Thrust2Weight: [[0.8999204039573669, 0.8999204039573669, 0.8999204039573669, 0.8999204039573669]]
Force2Moment: [[62.499996185302734, 62.499996185302734, 62.499996185302734, 62.499996185302734]]
[2025-07-09 11:32:33,020][matplotlib.pyplot][DEBUG] - Loaded backend tkagg version 8.6.
[2025-07-09 11:32:49,550][urllib3.connectionpool][DEBUG] - Starting new HTTPS connection (1): api.wandb.ai:443
[2025-07-09 11:32:49,780][urllib3.connectionpool][DEBUG] - https://api.wandb.ai:443 "POST /graphql HTTP/11" 200 None
[2025-07-09 11:32:49,785][urllib3.connectionpool][DEBUG] - Starting new HTTPS connection (1): api.wandb.ai:443
[2025-07-09 11:32:49,960][urllib3.connectionpool][DEBUG] - https://api.wandb.ai:443 "POST /graphql HTTP/11" 200 None
[2025-07-09 11:32:49,964][urllib3.connectionpool][DEBUG] - Starting new HTTPS connection (1): api.wandb.ai:443
[2025-07-09 11:32:50,175][urllib3.connectionpool][DEBUG] - https://api.wandb.ai:443 "POST /graphql HTTP/11" 200 None
[2025-07-09 11:32:50,179][urllib3.connectionpool][DEBUG] - Starting new HTTPS connection (1): api.wandb.ai:443
[2025-07-09 11:32:50,384][urllib3.connectionpool][DEBUG] - https://api.wandb.ai:443 "POST /graphql HTTP/11" 200 None
[2025-07-09 11:32:50,388][urllib3.connectionpool][DEBUG] - Starting new HTTPS connection (1): storage.googleapis.com:443
[2025-07-09 11:32:50,579][urllib3.connectionpool][DEBUG] - https://storage.googleapis.com:443 "GET /wandb-production.appspot.com/alesr_kth/PEG/ugludprq/artifact/1866285152/wandb_manifest.json?X-Goog-Algorithm=GOOG4-RSA-SHA256&X-Goog-Credential=gorilla-files-url-signer-man%40wandb-production.iam.gserviceaccount.com%2F20250709%2Fauto%2Fstorage%2Fgoog4_request&X-Goog-Date=20250709T093250Z&X-Goog-Expires=3599&X-Goog-Signature=9e490dae8f37bf7b54a9d37ce1892ae95cee697f24378b5c78e3c8619eb2ee55d9095b5fb6beb4e14aed6abb638ce0223b0d78f07236cdd3d0b555eb1576d7f19e570c71674a3505b63c7390d0a626a26f756780081d45facee0cbcc2b3b038e313be2c23acc9fa7c8a119fbcb5a3b21ab9172a951d61190176acba58b372de34b7dee43ecdcf416a4c8029ec3440aa672e48bb4c72ab23ddf2e7e65e3a9447d86e47d7c0f406e1c54f45f6c089a7363b04fde6d246fa9158995b033d642f47339570c78ed78ab9cc1385e6f745a4356bc4de1122fa0c464071b8160b96cb94e1d659e536e31e42a1bffe2284d9b9fb57ae33f2c16e6a3122dc741967a73dd53&X-Goog-SignedHeaders=host&X-User=alesr HTTP/11" 200 343
