[2025-07-11 22:54:29,553][asyncio][DEBUG] - Using selector: EpollSelector
[2025-07-11 22:54:30,525][omni.kit.telemetry.impl.sentry_extension][INFO] - sentry is disabled for external build
[2025-07-11 22:54:30,526][omni.kit.telemetry.impl.sentry_extension][INFO] - sentry is disabled for external build
[2025-07-11 22:54:31,469][AutoNode][DEBUG] - Defining data type 'any' as 'Any'
[2025-07-11 22:54:31,469][AutoNode][DEBUG] - Defining data type 'bool' as 'Bool' and array 'BoolArray
[2025-07-11 22:54:31,469][AutoNode][DEBUG] - Defining data type 'bundle' as 'Bundle'
[2025-07-11 22:54:31,470][AutoNode][DEBUG] - Defining data type 'colord[3]' as 'Color3d' and array 'Color3dArray
[2025-07-11 22:54:31,470][AutoNode][DEBUG] - Defining data type 'colorf[3]' as 'Color3f' and array 'Color3fArray
[2025-07-11 22:54:31,470][AutoNode][DEBUG] - Defining data type 'colorh[3]' as 'Color3h' and array 'Color3hArray
[2025-07-11 22:54:31,470][AutoNode][DEBUG] - Defining data type 'colord[4]' as 'Color4d' and array 'Color4dArray
[2025-07-11 22:54:31,470][AutoNode][DEBUG] - Defining data type 'colorf[4]' as 'Color4f' and array 'Color4fArray
[2025-07-11 22:54:31,470][AutoNode][DEBUG] - Defining data type 'colorh[4]' as 'Color4h' and array 'Color4hArray
[2025-07-11 22:54:31,470][AutoNode][DEBUG] - Defining data type 'double' as 'Double' and array 'DoubleArray
[2025-07-11 22:54:31,470][AutoNode][DEBUG] - Defining data type 'double[2]' as 'Double2' and array 'Double2Array
[2025-07-11 22:54:31,471][AutoNode][DEBUG] - Defining data type 'double[3]' as 'Double3' and array 'Double3Array
[2025-07-11 22:54:31,471][AutoNode][DEBUG] - Defining data type 'double[4]' as 'Double4' and array 'Double4Array
[2025-07-11 22:54:31,471][AutoNode][DEBUG] - Defining data type 'execution' as 'Execution'
[2025-07-11 22:54:31,471][AutoNode][DEBUG] - Defining data type 'float' as 'Float' and array 'FloatArray
[2025-07-11 22:54:31,471][AutoNode][DEBUG] - Defining data type 'float[2]' as 'Float2' and array 'Float2Array
[2025-07-11 22:54:31,471][AutoNode][DEBUG] - Defining data type 'float[3]' as 'Float3' and array 'Float3Array
[2025-07-11 22:54:31,471][AutoNode][DEBUG] - Defining data type 'float[4]' as 'Float4' and array 'Float4Array
[2025-07-11 22:54:31,471][AutoNode][DEBUG] - Defining data type 'frame[4]' as 'Frame' and array 'FrameArray
[2025-07-11 22:54:31,472][AutoNode][DEBUG] - Defining data type 'half' as 'Half' and array 'HalfArray
[2025-07-11 22:54:31,472][AutoNode][DEBUG] - Defining data type 'half[2]' as 'Half2' and array 'Half2Array
[2025-07-11 22:54:31,472][AutoNode][DEBUG] - Defining data type 'half[3]' as 'Half3' and array 'Half3Array
[2025-07-11 22:54:31,472][AutoNode][DEBUG] - Defining data type 'half[4]' as 'Half4' and array 'Half4Array
[2025-07-11 22:54:31,472][AutoNode][DEBUG] - Defining data type 'int' as 'Int' and array 'IntArray
[2025-07-11 22:54:31,472][AutoNode][DEBUG] - Defining data type 'int[2]' as 'Int2' and array 'Int2Array
[2025-07-11 22:54:31,472][AutoNode][DEBUG] - Defining data type 'int[3]' as 'Int3' and array 'Int3Array
[2025-07-11 22:54:31,472][AutoNode][DEBUG] - Defining data type 'int[4]' as 'Int4' and array 'Int4Array
[2025-07-11 22:54:31,472][AutoNode][DEBUG] - Defining data type 'int64' as 'Int64' and array 'Int64Array
[2025-07-11 22:54:31,473][AutoNode][DEBUG] - Defining data type 'matrixd[2]' as 'Matrix2d' and array 'Matrix2dArray
[2025-07-11 22:54:31,473][AutoNode][DEBUG] - Defining data type 'matrixd[3]' as 'Matrix3d' and array 'Matrix3dArray
[2025-07-11 22:54:31,473][AutoNode][DEBUG] - Defining data type 'matrixd[4]' as 'Matrix4d' and array 'Matrix4dArray
[2025-07-11 22:54:31,473][AutoNode][DEBUG] - Defining data type 'normald[3]' as 'Normal3d' and array 'Normal3dArray
[2025-07-11 22:54:31,473][AutoNode][DEBUG] - Defining data type 'normalf[3]' as 'Normal3f' and array 'Normal3fArray
[2025-07-11 22:54:31,473][AutoNode][DEBUG] - Defining data type 'normalh[3]' as 'Normal3h' and array 'Normal3hArray
[2025-07-11 22:54:31,473][AutoNode][DEBUG] - Defining data type 'objectId' as 'ObjectId' and array 'ObjectIdArray
[2025-07-11 22:54:31,473][AutoNode][DEBUG] - Defining data type 'path' as 'Path'
[2025-07-11 22:54:31,473][AutoNode][DEBUG] - Defining data type 'pointd[3]' as 'Point3d' and array 'Point3dArray
[2025-07-11 22:54:31,474][AutoNode][DEBUG] - Defining data type 'pointf[3]' as 'Point3f' and array 'Point3fArray
[2025-07-11 22:54:31,474][AutoNode][DEBUG] - Defining data type 'pointh[3]' as 'Point3h' and array 'Point3hArray
[2025-07-11 22:54:31,474][AutoNode][DEBUG] - Defining data type 'quatd[4]' as 'Quatd' and array 'QuatdArray
[2025-07-11 22:54:31,474][AutoNode][DEBUG] - Defining data type 'quatf[4]' as 'Quatf' and array 'QuatfArray
[2025-07-11 22:54:31,474][AutoNode][DEBUG] - Defining data type 'quath[4]' as 'Quath' and array 'QuathArray
[2025-07-11 22:54:31,474][AutoNode][DEBUG] - Defining data type 'string' as 'String'
[2025-07-11 22:54:31,474][AutoNode][DEBUG] - Defining data type 'target' as 'Target'
[2025-07-11 22:54:31,474][AutoNode][DEBUG] - Defining data type 'texcoordd[2]' as 'TexCoord2d' and array 'TexCoord2dArray
[2025-07-11 22:54:31,474][AutoNode][DEBUG] - Defining data type 'texcoordf[2]' as 'TexCoord2f' and array 'TexCoord2fArray
[2025-07-11 22:54:31,475][AutoNode][DEBUG] - Defining data type 'texcoordh[2]' as 'TexCoord2h' and array 'TexCoord2hArray
[2025-07-11 22:54:31,475][AutoNode][DEBUG] - Defining data type 'texcoordd[3]' as 'TexCoord3d' and array 'TexCoord3dArray
[2025-07-11 22:54:31,475][AutoNode][DEBUG] - Defining data type 'texcoordf[3]' as 'TexCoord3f' and array 'TexCoord3fArray
[2025-07-11 22:54:31,475][AutoNode][DEBUG] - Defining data type 'texcoordh[3]' as 'TexCoord3h' and array 'TexCoord3hArray
[2025-07-11 22:54:31,475][AutoNode][DEBUG] - Defining data type 'timecode' as 'Timecode' and array 'TimecodeArray
[2025-07-11 22:54:31,475][AutoNode][DEBUG] - Defining data type 'token' as 'Token' and array 'TokenArray
[2025-07-11 22:54:31,475][AutoNode][DEBUG] - Defining data type 'uchar' as 'UChar' and array 'UCharArray
[2025-07-11 22:54:31,475][AutoNode][DEBUG] - Defining data type 'uint' as 'UInt' and array 'UIntArray
[2025-07-11 22:54:31,475][AutoNode][DEBUG] - Defining data type 'uint64' as 'UInt64' and array 'UInt64Array
[2025-07-11 22:54:31,476][AutoNode][DEBUG] - Defining data type 'vectord[3]' as 'Vector3d' and array 'Vector3dArray
[2025-07-11 22:54:31,476][AutoNode][DEBUG] - Defining data type 'vectorf[3]' as 'Vector3f' and array 'Vector3fArray
[2025-07-11 22:54:31,476][AutoNode][DEBUG] - Defining data type 'vectorh[3]' as 'Vector3h' and array 'Vector3hArray
[2025-07-11 22:54:34,381][omni.kit.profiler.window][WARNING] - remove _SpanInstance.__lt__ and use insort 'key' arg instead
[2025-07-11 22:54:38,311][git.cmd][DEBUG] - Popen(['git', 'rev-parse', '--show-toplevel'], cwd=/home/alesr/Repositories/Omnidrones-PEG, stdin=None, shell=False, universal_newlines=False)
[2025-07-11 22:54:38,434][urllib3.connectionpool][DEBUG] - Starting new HTTPS connection (1): api.wandb.ai:443
[2025-07-11 22:54:38,616][urllib3.connectionpool][DEBUG] - https://api.wandb.ai:443 "POST /graphql HTTP/11" 200 None
[2025-07-11 22:54:38,620][urllib3.connectionpool][DEBUG] - Starting new HTTPS connection (1): api.wandb.ai:443
[2025-07-11 22:54:38,809][urllib3.connectionpool][DEBUG] - https://api.wandb.ai:443 "POST /graphql HTTP/11" 200 None
[2025-07-11 22:54:38,830][git.cmd][DEBUG] - Popen(['git', 'cat-file', '--batch-check'], cwd=/home/alesr/Repositories/Omnidrones-PEG, stdin=<valid stream>, shell=False, universal_newlines=False)
[2025-07-11 22:54:42,803][root][INFO] - Reading pursuer's params from /home/alesr/Repositories/Omnidrones-PEG/omni_drones/robots/assets/usd/hummingbird.yaml.
[2025-07-11 22:54:42,826][root][INFO] - Reading evader's params from /home/alesr/Repositories/Omnidrones-PEG/omni_drones/robots/assets/usd/hummingbird.yaml.
[2025-07-11 22:54:49,444][root][INFO] - Default parameters:
Mass: [[0.6800000071525574]]
Inertia: [[0.007000000681728125, 0.007000000681728125, 0.011999999172985554]]
Thrust2Weight: [[0.8999204039573669, 0.8999204039573669, 0.8999204039573669, 0.8999204039573669]]
Force2Moment: [[62.499996185302734, 62.499996185302734, 62.499996185302734, 62.499996185302734]]
[2025-07-11 22:54:50,543][root][INFO] - Default parameters:
Mass: [[0.6800000071525574]]
Inertia: [[0.007000000681728125, 0.007000000681728125, 0.011999999172985554]]
Thrust2Weight: [[0.8999204039573669, 0.8999204039573669, 0.8999204039573669, 0.8999204039573669]]
Force2Moment: [[62.499996185302734, 62.499996185302734, 62.499996185302734, 62.499996185302734]]
[2025-07-11 22:54:50,598][root][INFO] - Setup randomization:
{'train': {'drag_coef': Uniform(low: 0.0, high: 0.12399999797344208),
           'force2moment': Uniform(low: torch.Size([1, 4]), high: torch.Size([1, 4])),
           'inertia': Uniform(low: torch.Size([1, 3]), high: torch.Size([1, 3])),
           'mass': Uniform(low: tensor([[0.1768]], device='cuda:0'), high: tensor([[1.1832]], device='cuda:0')),
           'thrust2weight': Uniform(low: torch.Size([1, 4]), high: torch.Size([1, 4]))}}
[2025-07-11 22:54:50,602][root][INFO] - Setup randomization:
{'train': {'drag_coef': Uniform(low: 0.0, high: 0.12399999797344208),
           'force2moment': Uniform(low: torch.Size([1, 4]), high: torch.Size([1, 4])),
           'inertia': Uniform(low: torch.Size([1, 3]), high: torch.Size([1, 3])),
           'mass': Uniform(low: tensor([[0.1768]], device='cuda:0'), high: tensor([[1.1832]], device='cuda:0')),
           'thrust2weight': Uniform(low: torch.Size([1, 4]), high: torch.Size([1, 4]))}}
[2025-07-11 22:54:50,758][urllib3.connectionpool][DEBUG] - Starting new HTTPS connection (1): api.wandb.ai:443
[2025-07-11 22:54:50,969][urllib3.connectionpool][DEBUG] - https://api.wandb.ai:443 "POST /graphql HTTP/11" 200 None
[2025-07-11 22:54:50,973][urllib3.connectionpool][DEBUG] - Starting new HTTPS connection (1): api.wandb.ai:443
[2025-07-11 22:54:51,153][urllib3.connectionpool][DEBUG] - https://api.wandb.ai:443 "POST /graphql HTTP/11" 200 None
[2025-07-11 22:54:51,158][urllib3.connectionpool][DEBUG] - Starting new HTTPS connection (1): api.wandb.ai:443
[2025-07-11 22:54:51,397][urllib3.connectionpool][DEBUG] - https://api.wandb.ai:443 "POST /graphql HTTP/11" 200 None
[2025-07-11 22:54:51,401][urllib3.connectionpool][DEBUG] - Starting new HTTPS connection (1): api.wandb.ai:443
[2025-07-11 22:54:51,603][urllib3.connectionpool][DEBUG] - https://api.wandb.ai:443 "POST /graphql HTTP/11" 200 None
[2025-07-11 22:54:51,607][urllib3.connectionpool][DEBUG] - Starting new HTTPS connection (1): storage.googleapis.com:443
[2025-07-11 22:54:51,814][urllib3.connectionpool][DEBUG] - https://storage.googleapis.com:443 "GET /wandb-production.appspot.com/alesr_kth/PEG/alvsllkb/artifact/1873553811/wandb_manifest.json?X-Goog-Algorithm=GOOG4-RSA-SHA256&X-Goog-Credential=gorilla-files-url-signer-man%40wandb-production.iam.gserviceaccount.com%2F20250711%2Fauto%2Fstorage%2Fgoog4_request&X-Goog-Date=20250711T205451Z&X-Goog-Expires=3599&X-Goog-Signature=8db0e01bacf0ec579fb886df32514d596f7d1368c779fb96add54aaf7b162ae5340cf343b4da5c4da21931f929d5de84c37e79dd8373255aaaacf106ac74bf99638271371a8e734fd870a7448bec58201f7e873ad54b0efe6866ff2d01e835fb117477642957770c8079a720035fc0be04c23098d6b83a962765f7234922c000015d91dd1ae476f96b86d85c4552532787d71ded6d17a829a29c430f50b65788f5c95e7d1331c73fdb2249f49f83a5bd9ebfe1d6afed4e04f59222bdfe887aed621a7948301265fd70fad74f2484c06e00cc8c3cce457954f3889190040d294ba0f7fd0ff7335087e4a8da3cf5200bf567c236bb85428811f348560e003541ff&X-Goog-SignedHeaders=host&X-User=alesr HTTP/11" 200 343
[2025-07-11 22:54:51,871][urllib3.connectionpool][DEBUG] - Starting new HTTPS connection (1): api.wandb.ai:443
[2025-07-11 22:54:52,083][urllib3.connectionpool][DEBUG] - https://api.wandb.ai:443 "POST /graphql HTTP/11" 200 None
[2025-07-11 22:54:52,088][urllib3.connectionpool][DEBUG] - Starting new HTTPS connection (1): api.wandb.ai:443
[2025-07-11 22:54:52,262][urllib3.connectionpool][DEBUG] - https://api.wandb.ai:443 "POST /graphql HTTP/11" 200 None
[2025-07-11 22:54:52,267][urllib3.connectionpool][DEBUG] - Starting new HTTPS connection (1): api.wandb.ai:443
[2025-07-11 22:54:52,636][urllib3.connectionpool][DEBUG] - https://api.wandb.ai:443 "POST /graphql HTTP/11" 200 None
[2025-07-11 22:54:52,640][urllib3.connectionpool][DEBUG] - Starting new HTTPS connection (1): api.wandb.ai:443
[2025-07-11 22:54:52,854][urllib3.connectionpool][DEBUG] - https://api.wandb.ai:443 "POST /graphql HTTP/11" 200 None
[2025-07-11 22:54:52,858][urllib3.connectionpool][DEBUG] - Starting new HTTPS connection (1): storage.googleapis.com:443
[2025-07-11 22:54:53,053][urllib3.connectionpool][DEBUG] - https://storage.googleapis.com:443 "GET /wandb-production.appspot.com/alesr_kth/PEG/kg64m4hs/artifact/1873556222/wandb_manifest.json?X-Goog-Algorithm=GOOG4-RSA-SHA256&X-Goog-Credential=gorilla-files-url-signer-man%40wandb-production.iam.gserviceaccount.com%2F20250711%2Fauto%2Fstorage%2Fgoog4_request&X-Goog-Date=20250711T205452Z&X-Goog-Expires=3599&X-Goog-Signature=0d17833b2e878942da55d1c42a669ac1870bb2415604f95f17195dfc150f8fd53468393a5b0ae8c4dc53a413cf62e0191bbd55f209382a921ce30992c18f01e6320e4a36668d4f383522b613f58abab2a912ecdb6bad05beeb08c33ce08b0cd1980273ed879f33b79821aeda8890967493678acc83cfbbc845b95b4c8cde11ed948a6eaa95ca70d7cc1be7871271ce22ea440de85b90ed23f0e9ea46a2d075c4bf2a07a743312353f3f3c74951450e152406028983ff81f9c4f2cf1e34f7fb72ea343f6be45d15a2ebcfd0f251a306f681b64da5f8d1e8a0b442cd2a7f12dee54810be893ab2eb9b10459b81602c516e96f37c4706e44375784dadc754140fc6&X-Goog-SignedHeaders=host&X-User=alesr HTTP/11" 200 343
[2025-07-11 22:54:54,583][root][INFO] - Eval at 8192 steps.
[2025-07-11 22:55:18,450][root][INFO] - Saved checkpoint to /home/alesr/Repositories/Omnidrones-PEG/wandb/run-20250711_225438-rovzes19/files/checkpoint_8192.pt
[2025-07-11 22:55:18,458][urllib3.connectionpool][DEBUG] - Starting new HTTPS connection (1): api.wandb.ai:443
[2025-07-11 22:55:18,651][urllib3.connectionpool][DEBUG] - https://api.wandb.ai:443 "POST /graphql HTTP/11" 200 None
[2025-07-11 22:55:25,238][root][INFO] - Final Eval at 49152 steps.
[2025-07-11 22:55:48,055][urllib3.connectionpool][DEBUG] - Starting new HTTPS connection (1): api.wandb.ai:443
[2025-07-11 22:55:48,253][urllib3.connectionpool][DEBUG] - https://api.wandb.ai:443 "POST /graphql HTTP/11" 200 None
[2025-07-11 22:55:48,258][root][INFO] - Saved checkpoint to /home/alesr/Repositories/Omnidrones-PEG/wandb/run-20250711_225438-rovzes19/files/checkpoint_final.pt
