[2025-07-12 10:59:26,010][asyncio][DEBUG] - Using selector: EpollSelector
[2025-07-12 10:59:26,883][omni.kit.telemetry.impl.sentry_extension][INFO] - sentry is disabled for external build
[2025-07-12 10:59:26,884][omni.kit.telemetry.impl.sentry_extension][INFO] - sentry is disabled for external build
[2025-07-12 10:59:27,997][AutoNode][DEBUG] - Defining data type 'any' as 'Any'
[2025-07-12 10:59:27,998][AutoNode][DEBUG] - Defining data type 'bool' as 'Bool' and array 'BoolArray
[2025-07-12 10:59:27,998][AutoNode][DEBUG] - Defining data type 'bundle' as 'Bundle'
[2025-07-12 10:59:27,998][AutoNode][DEBUG] - Defining data type 'colord[3]' as 'Color3d' and array 'Color3dArray
[2025-07-12 10:59:27,998][AutoNode][DEBUG] - Defining data type 'colorf[3]' as 'Color3f' and array 'Color3fArray
[2025-07-12 10:59:27,998][AutoNode][DEBUG] - Defining data type 'colorh[3]' as 'Color3h' and array 'Color3hArray
[2025-07-12 10:59:27,998][AutoNode][DEBUG] - Defining data type 'colord[4]' as 'Color4d' and array 'Color4dArray
[2025-07-12 10:59:27,998][AutoNode][DEBUG] - Defining data type 'colorf[4]' as 'Color4f' and array 'Color4fArray
[2025-07-12 10:59:27,998][AutoNode][DEBUG] - Defining data type 'colorh[4]' as 'Color4h' and array 'Color4hArray
[2025-07-12 10:59:27,999][AutoNode][DEBUG] - Defining data type 'double' as 'Double' and array 'DoubleArray
[2025-07-12 10:59:27,999][AutoNode][DEBUG] - Defining data type 'double[2]' as 'Double2' and array 'Double2Array
[2025-07-12 10:59:27,999][AutoNode][DEBUG] - Defining data type 'double[3]' as 'Double3' and array 'Double3Array
[2025-07-12 10:59:27,999][AutoNode][DEBUG] - Defining data type 'double[4]' as 'Double4' and array 'Double4Array
[2025-07-12 10:59:27,999][AutoNode][DEBUG] - Defining data type 'execution' as 'Execution'
[2025-07-12 10:59:27,999][AutoNode][DEBUG] - Defining data type 'float' as 'Float' and array 'FloatArray
[2025-07-12 10:59:27,999][AutoNode][DEBUG] - Defining data type 'float[2]' as 'Float2' and array 'Float2Array
[2025-07-12 10:59:27,999][AutoNode][DEBUG] - Defining data type 'float[3]' as 'Float3' and array 'Float3Array
[2025-07-12 10:59:27,999][AutoNode][DEBUG] - Defining data type 'float[4]' as 'Float4' and array 'Float4Array
[2025-07-12 10:59:27,999][AutoNode][DEBUG] - Defining data type 'frame[4]' as 'Frame' and array 'FrameArray
[2025-07-12 10:59:28,000][AutoNode][DEBUG] - Defining data type 'half' as 'Half' and array 'HalfArray
[2025-07-12 10:59:28,000][AutoNode][DEBUG] - Defining data type 'half[2]' as 'Half2' and array 'Half2Array
[2025-07-12 10:59:28,000][AutoNode][DEBUG] - Defining data type 'half[3]' as 'Half3' and array 'Half3Array
[2025-07-12 10:59:28,000][AutoNode][DEBUG] - Defining data type 'half[4]' as 'Half4' and array 'Half4Array
[2025-07-12 10:59:28,000][AutoNode][DEBUG] - Defining data type 'int' as 'Int' and array 'IntArray
[2025-07-12 10:59:28,000][AutoNode][DEBUG] - Defining data type 'int[2]' as 'Int2' and array 'Int2Array
[2025-07-12 10:59:28,000][AutoNode][DEBUG] - Defining data type 'int[3]' as 'Int3' and array 'Int3Array
[2025-07-12 10:59:28,000][AutoNode][DEBUG] - Defining data type 'int[4]' as 'Int4' and array 'Int4Array
[2025-07-12 10:59:28,000][AutoNode][DEBUG] - Defining data type 'int64' as 'Int64' and array 'Int64Array
[2025-07-12 10:59:28,001][AutoNode][DEBUG] - Defining data type 'matrixd[2]' as 'Matrix2d' and array 'Matrix2dArray
[2025-07-12 10:59:28,001][AutoNode][DEBUG] - Defining data type 'matrixd[3]' as 'Matrix3d' and array 'Matrix3dArray
[2025-07-12 10:59:28,001][AutoNode][DEBUG] - Defining data type 'matrixd[4]' as 'Matrix4d' and array 'Matrix4dArray
[2025-07-12 10:59:28,001][AutoNode][DEBUG] - Defining data type 'normald[3]' as 'Normal3d' and array 'Normal3dArray
[2025-07-12 10:59:28,001][AutoNode][DEBUG] - Defining data type 'normalf[3]' as 'Normal3f' and array 'Normal3fArray
[2025-07-12 10:59:28,001][AutoNode][DEBUG] - Defining data type 'normalh[3]' as 'Normal3h' and array 'Normal3hArray
[2025-07-12 10:59:28,001][AutoNode][DEBUG] - Defining data type 'objectId' as 'ObjectId' and array 'ObjectIdArray
[2025-07-12 10:59:28,001][AutoNode][DEBUG] - Defining data type 'path' as 'Path'
[2025-07-12 10:59:28,001][AutoNode][DEBUG] - Defining data type 'pointd[3]' as 'Point3d' and array 'Point3dArray
[2025-07-12 10:59:28,002][AutoNode][DEBUG] - Defining data type 'pointf[3]' as 'Point3f' and array 'Point3fArray
[2025-07-12 10:59:28,002][AutoNode][DEBUG] - Defining data type 'pointh[3]' as 'Point3h' and array 'Point3hArray
[2025-07-12 10:59:28,002][AutoNode][DEBUG] - Defining data type 'quatd[4]' as 'Quatd' and array 'QuatdArray
[2025-07-12 10:59:28,002][AutoNode][DEBUG] - Defining data type 'quatf[4]' as 'Quatf' and array 'QuatfArray
[2025-07-12 10:59:28,002][AutoNode][DEBUG] - Defining data type 'quath[4]' as 'Quath' and array 'QuathArray
[2025-07-12 10:59:28,002][AutoNode][DEBUG] - Defining data type 'string' as 'String'
[2025-07-12 10:59:28,002][AutoNode][DEBUG] - Defining data type 'target' as 'Target'
[2025-07-12 10:59:28,002][AutoNode][DEBUG] - Defining data type 'texcoordd[2]' as 'TexCoord2d' and array 'TexCoord2dArray
[2025-07-12 10:59:28,003][AutoNode][DEBUG] - Defining data type 'texcoordf[2]' as 'TexCoord2f' and array 'TexCoord2fArray
[2025-07-12 10:59:28,003][AutoNode][DEBUG] - Defining data type 'texcoordh[2]' as 'TexCoord2h' and array 'TexCoord2hArray
[2025-07-12 10:59:28,003][AutoNode][DEBUG] - Defining data type 'texcoordd[3]' as 'TexCoord3d' and array 'TexCoord3dArray
[2025-07-12 10:59:28,003][AutoNode][DEBUG] - Defining data type 'texcoordf[3]' as 'TexCoord3f' and array 'TexCoord3fArray
[2025-07-12 10:59:28,003][AutoNode][DEBUG] - Defining data type 'texcoordh[3]' as 'TexCoord3h' and array 'TexCoord3hArray
[2025-07-12 10:59:28,003][AutoNode][DEBUG] - Defining data type 'timecode' as 'Timecode' and array 'TimecodeArray
[2025-07-12 10:59:28,003][AutoNode][DEBUG] - Defining data type 'token' as 'Token' and array 'TokenArray
[2025-07-12 10:59:28,003][AutoNode][DEBUG] - Defining data type 'uchar' as 'UChar' and array 'UCharArray
[2025-07-12 10:59:28,004][AutoNode][DEBUG] - Defining data type 'uint' as 'UInt' and array 'UIntArray
[2025-07-12 10:59:28,004][AutoNode][DEBUG] - Defining data type 'uint64' as 'UInt64' and array 'UInt64Array
[2025-07-12 10:59:28,004][AutoNode][DEBUG] - Defining data type 'vectord[3]' as 'Vector3d' and array 'Vector3dArray
[2025-07-12 10:59:28,004][AutoNode][DEBUG] - Defining data type 'vectorf[3]' as 'Vector3f' and array 'Vector3fArray
[2025-07-12 10:59:28,004][AutoNode][DEBUG] - Defining data type 'vectorh[3]' as 'Vector3h' and array 'Vector3hArray
[2025-07-12 10:59:31,177][omni.kit.profiler.window][WARNING] - remove _SpanInstance.__lt__ and use insort 'key' arg instead
[2025-07-12 10:59:35,184][git.cmd][DEBUG] - Popen(['git', 'rev-parse', '--show-toplevel'], cwd=/home/alesr/Repositories/Omnidrones-PEG, stdin=None, shell=False, universal_newlines=False)
[2025-07-12 10:59:35,328][urllib3.connectionpool][DEBUG] - Starting new HTTPS connection (1): api.wandb.ai:443
[2025-07-12 10:59:35,530][urllib3.connectionpool][DEBUG] - https://api.wandb.ai:443 "POST /graphql HTTP/11" 200 None
[2025-07-12 10:59:35,534][urllib3.connectionpool][DEBUG] - Starting new HTTPS connection (1): api.wandb.ai:443
[2025-07-12 10:59:35,747][urllib3.connectionpool][DEBUG] - https://api.wandb.ai:443 "POST /graphql HTTP/11" 200 None
[2025-07-12 10:59:35,768][git.cmd][DEBUG] - Popen(['git', 'cat-file', '--batch-check'], cwd=/home/alesr/Repositories/Omnidrones-PEG, stdin=<valid stream>, shell=False, universal_newlines=False)
[2025-07-12 10:59:40,248][root][INFO] - Reading pursuer's params from /home/alesr/Repositories/Omnidrones-PEG/omni_drones/robots/assets/usd/hummingbird.yaml.
[2025-07-12 10:59:40,277][root][INFO] - Reading evader's params from /home/alesr/Repositories/Omnidrones-PEG/omni_drones/robots/assets/usd/hummingbird.yaml.
[2025-07-12 10:59:47,337][root][INFO] - Default parameters:
Mass: [[0.6800000071525574]]
Inertia: [[0.007000000681728125, 0.007000000681728125, 0.011999999172985554]]
Thrust2Weight: [[0.8999204039573669, 0.8999204039573669, 0.8999204039573669, 0.8999204039573669]]
Force2Moment: [[62.499996185302734, 62.499996185302734, 62.499996185302734, 62.499996185302734]]
[2025-07-12 10:59:48,543][root][INFO] - Default parameters:
Mass: [[0.6800000071525574]]
Inertia: [[0.007000000681728125, 0.007000000681728125, 0.011999999172985554]]
Thrust2Weight: [[0.8999204039573669, 0.8999204039573669, 0.8999204039573669, 0.8999204039573669]]
Force2Moment: [[62.499996185302734, 62.499996185302734, 62.499996185302734, 62.499996185302734]]
[2025-07-12 10:59:48,600][root][INFO] - Setup randomization:
{'train': {'drag_coef': Uniform(low: 0.0, high: 0.12399999797344208),
           'force2moment': Uniform(low: torch.Size([1, 4]), high: torch.Size([1, 4])),
           'inertia': Uniform(low: torch.Size([1, 3]), high: torch.Size([1, 3])),
           'mass': Uniform(low: tensor([[0.1768]], device='cuda:0'), high: tensor([[1.1832]], device='cuda:0')),
           'thrust2weight': Uniform(low: torch.Size([1, 4]), high: torch.Size([1, 4]))}}
[2025-07-12 10:59:48,619][root][INFO] - Setup randomization:
{'train': {'drag_coef': Uniform(low: 0.0, high: 0.12399999797344208),
           'force2moment': Uniform(low: torch.Size([1, 4]), high: torch.Size([1, 4])),
           'inertia': Uniform(low: torch.Size([1, 3]), high: torch.Size([1, 3])),
           'mass': Uniform(low: tensor([[0.1768]], device='cuda:0'), high: tensor([[1.1832]], device='cuda:0')),
           'thrust2weight': Uniform(low: torch.Size([1, 4]), high: torch.Size([1, 4]))}}
[2025-07-12 10:59:50,015][root][INFO] - Eval at 8192 steps.
[2025-07-12 11:01:01,055][root][INFO] - Saved checkpoint to /home/alesr/Repositories/Omnidrones-PEG/wandb/run-20250712_105935-dxfojctu/files/checkpoint_8192.pt
[2025-07-12 11:01:01,075][urllib3.connectionpool][DEBUG] - Starting new HTTPS connection (1): api.wandb.ai:443
[2025-07-12 11:01:01,284][urllib3.connectionpool][DEBUG] - https://api.wandb.ai:443 "POST /graphql HTTP/11" 200 None
[2025-07-12 11:02:08,540][root][INFO] - Eval at 417792 steps.
[2025-07-12 11:02:27,715][root][INFO] - Saved best checkpoint to /home/alesr/Repositories/Omnidrones-PEG/wandb/run-20250712_105935-dxfojctu/files/checkpoint_best.pt
[2025-07-12 11:02:27,739][urllib3.connectionpool][DEBUG] - Starting new HTTPS connection (1): api.wandb.ai:443
[2025-07-12 11:02:27,957][urllib3.connectionpool][DEBUG] - https://api.wandb.ai:443 "POST /graphql HTTP/11" 200 None
[2025-07-12 11:03:26,463][root][INFO] - Eval at 827392 steps.
[2025-07-12 11:03:46,100][root][INFO] - Saved checkpoint to /home/alesr/Repositories/Omnidrones-PEG/wandb/run-20250712_105935-dxfojctu/files/checkpoint_827392.pt
[2025-07-12 11:03:46,124][urllib3.connectionpool][DEBUG] - Starting new HTTPS connection (1): api.wandb.ai:443
[2025-07-12 11:03:46,333][urllib3.connectionpool][DEBUG] - https://api.wandb.ai:443 "POST /graphql HTTP/11" 200 None
[2025-07-12 11:04:47,308][root][INFO] - Eval at 1236992 steps.
[2025-07-12 11:06:09,779][root][INFO] - Eval at 1646592 steps.
[2025-07-12 11:06:29,641][root][INFO] - Saved checkpoint to /home/alesr/Repositories/Omnidrones-PEG/wandb/run-20250712_105935-dxfojctu/files/checkpoint_1646592.pt
[2025-07-12 11:06:29,665][urllib3.connectionpool][DEBUG] - Starting new HTTPS connection (1): api.wandb.ai:443
[2025-07-12 11:06:29,867][urllib3.connectionpool][DEBUG] - https://api.wandb.ai:443 "POST /graphql HTTP/11" 200 None
[2025-07-12 11:07:32,235][root][INFO] - Eval at 2056192 steps.
[2025-07-12 11:08:50,407][root][INFO] - Eval at 2465792 steps.
[2025-07-12 11:09:57,501][root][INFO] - Saved checkpoint to /home/alesr/Repositories/Omnidrones-PEG/wandb/run-20250712_105935-dxfojctu/files/checkpoint_2465792.pt
[2025-07-12 11:09:57,521][urllib3.connectionpool][DEBUG] - Starting new HTTPS connection (1): api.wandb.ai:443
[2025-07-12 11:09:57,733][urllib3.connectionpool][DEBUG] - https://api.wandb.ai:443 "POST /graphql HTTP/11" 200 None
[2025-07-12 11:10:56,229][root][INFO] - Eval at 2875392 steps.
[2025-07-12 11:12:11,969][root][INFO] - Eval at 3284992 steps.
[2025-07-12 11:12:29,538][root][INFO] - Saved checkpoint to /home/alesr/Repositories/Omnidrones-PEG/wandb/run-20250712_105935-dxfojctu/files/checkpoint_3284992.pt
[2025-07-12 11:12:29,562][urllib3.connectionpool][DEBUG] - Starting new HTTPS connection (1): api.wandb.ai:443
[2025-07-12 11:12:29,748][urllib3.connectionpool][DEBUG] - https://api.wandb.ai:443 "POST /graphql HTTP/11" 200 None
[2025-07-12 11:13:23,986][root][INFO] - Eval at 3694592 steps.
[2025-07-12 11:14:36,145][root][INFO] - Eval at 4104192 steps.
[2025-07-12 11:14:53,343][root][INFO] - Saved checkpoint to /home/alesr/Repositories/Omnidrones-PEG/wandb/run-20250712_105935-dxfojctu/files/checkpoint_4104192.pt
[2025-07-12 11:14:53,358][urllib3.connectionpool][DEBUG] - Starting new HTTPS connection (1): api.wandb.ai:443
[2025-07-12 11:14:53,573][urllib3.connectionpool][DEBUG] - https://api.wandb.ai:443 "POST /graphql HTTP/11" 200 None
[2025-07-12 11:15:48,431][root][INFO] - Eval at 4513792 steps.
[2025-07-12 11:17:03,009][root][INFO] - Eval at 4923392 steps.
[2025-07-12 11:18:07,689][root][INFO] - Saved checkpoint to /home/alesr/Repositories/Omnidrones-PEG/wandb/run-20250712_105935-dxfojctu/files/checkpoint_4923392.pt
[2025-07-12 11:18:07,712][urllib3.connectionpool][DEBUG] - Starting new HTTPS connection (1): api.wandb.ai:443
[2025-07-12 11:18:07,908][urllib3.connectionpool][DEBUG] - https://api.wandb.ai:443 "POST /graphql HTTP/11" 200 None
[2025-07-12 11:19:09,209][root][INFO] - Eval at 5332992 steps.
[2025-07-12 11:20:26,493][root][INFO] - Eval at 5742592 steps.
[2025-07-12 11:20:46,169][root][INFO] - Saved checkpoint to /home/alesr/Repositories/Omnidrones-PEG/wandb/run-20250712_105935-dxfojctu/files/checkpoint_5742592.pt
[2025-07-12 11:20:46,193][urllib3.connectionpool][DEBUG] - Starting new HTTPS connection (1): api.wandb.ai:443
[2025-07-12 11:20:46,396][urllib3.connectionpool][DEBUG] - https://api.wandb.ai:443 "POST /graphql HTTP/11" 200 None
[2025-07-12 11:21:48,838][root][INFO] - Eval at 6152192 steps.
[2025-07-12 11:23:11,810][root][INFO] - Eval at 6561792 steps.
[2025-07-12 11:23:30,158][root][INFO] - Saved checkpoint to /home/alesr/Repositories/Omnidrones-PEG/wandb/run-20250712_105935-dxfojctu/files/checkpoint_6561792.pt
[2025-07-12 11:23:30,181][urllib3.connectionpool][DEBUG] - Starting new HTTPS connection (1): api.wandb.ai:443
[2025-07-12 11:23:30,368][urllib3.connectionpool][DEBUG] - https://api.wandb.ai:443 "POST /graphql HTTP/11" 200 None
[2025-07-12 11:24:30,733][root][INFO] - Eval at 6971392 steps.
[2025-07-12 11:25:53,764][root][INFO] - Eval at 7380992 steps.
[2025-07-12 11:27:02,027][root][INFO] - Saved checkpoint to /home/alesr/Repositories/Omnidrones-PEG/wandb/run-20250712_105935-dxfojctu/files/checkpoint_7380992.pt
[2025-07-12 11:27:02,049][urllib3.connectionpool][DEBUG] - Starting new HTTPS connection (1): api.wandb.ai:443
[2025-07-12 11:27:02,251][urllib3.connectionpool][DEBUG] - https://api.wandb.ai:443 "POST /graphql HTTP/11" 200 None
[2025-07-12 11:28:01,477][root][INFO] - Eval at 7790592 steps.
[2025-07-12 11:28:19,267][root][INFO] - Saved best checkpoint to /home/alesr/Repositories/Omnidrones-PEG/wandb/run-20250712_105935-dxfojctu/files/checkpoint_best.pt
[2025-07-12 11:28:19,282][urllib3.connectionpool][DEBUG] - Starting new HTTPS connection (1): api.wandb.ai:443
[2025-07-12 11:28:19,472][urllib3.connectionpool][DEBUG] - https://api.wandb.ai:443 "POST /graphql HTTP/11" 200 None
[2025-07-12 11:29:19,461][root][INFO] - Eval at 8200192 steps.
[2025-07-12 11:29:39,003][root][INFO] - Saved checkpoint to /home/alesr/Repositories/Omnidrones-PEG/wandb/run-20250712_105935-dxfojctu/files/checkpoint_8200192.pt
[2025-07-12 11:29:39,027][urllib3.connectionpool][DEBUG] - Starting new HTTPS connection (1): api.wandb.ai:443
[2025-07-12 11:29:39,212][urllib3.connectionpool][DEBUG] - https://api.wandb.ai:443 "POST /graphql HTTP/11" 200 None
[2025-07-12 11:30:41,170][root][INFO] - Eval at 8609792 steps.
[2025-07-12 11:30:58,652][root][INFO] - Saved best checkpoint to /home/alesr/Repositories/Omnidrones-PEG/wandb/run-20250712_105935-dxfojctu/files/checkpoint_best.pt
[2025-07-12 11:30:58,679][urllib3.connectionpool][DEBUG] - Starting new HTTPS connection (1): api.wandb.ai:443
[2025-07-12 11:30:58,885][urllib3.connectionpool][DEBUG] - https://api.wandb.ai:443 "POST /graphql HTTP/11" 200 None
[2025-07-12 11:32:01,014][root][INFO] - Eval at 9019392 steps.
[2025-07-12 11:32:20,157][root][INFO] - Saved checkpoint to /home/alesr/Repositories/Omnidrones-PEG/wandb/run-20250712_105935-dxfojctu/files/checkpoint_9019392.pt
[2025-07-12 11:32:20,180][urllib3.connectionpool][DEBUG] - Starting new HTTPS connection (1): api.wandb.ai:443
[2025-07-12 11:32:20,392][urllib3.connectionpool][DEBUG] - https://api.wandb.ai:443 "POST /graphql HTTP/11" 200 None
[2025-07-12 11:33:21,385][root][INFO] - Eval at 9428992 steps.
[2025-07-12 11:33:40,404][root][INFO] - Saved best checkpoint to /home/alesr/Repositories/Omnidrones-PEG/wandb/run-20250712_105935-dxfojctu/files/checkpoint_best.pt
[2025-07-12 11:33:40,423][urllib3.connectionpool][DEBUG] - Starting new HTTPS connection (1): api.wandb.ai:443
[2025-07-12 11:33:40,620][urllib3.connectionpool][DEBUG] - https://api.wandb.ai:443 "POST /graphql HTTP/11" 200 None
[2025-07-12 11:34:43,771][root][INFO] - Eval at 9838592 steps.
[2025-07-12 11:35:50,845][root][INFO] - Saved checkpoint to /home/alesr/Repositories/Omnidrones-PEG/wandb/run-20250712_105935-dxfojctu/files/checkpoint_9838592.pt
[2025-07-12 11:35:50,865][urllib3.connectionpool][DEBUG] - Starting new HTTPS connection (1): api.wandb.ai:443
[2025-07-12 11:35:51,086][urllib3.connectionpool][DEBUG] - https://api.wandb.ai:443 "POST /graphql HTTP/11" 200 None
[2025-07-12 11:36:53,243][root][INFO] - Eval at 10248192 steps.
[2025-07-12 11:38:06,976][root][INFO] - Eval at 10657792 steps.
[2025-07-12 11:38:24,148][root][INFO] - Saved checkpoint to /home/alesr/Repositories/Omnidrones-PEG/wandb/run-20250712_105935-dxfojctu/files/checkpoint_10657792.pt
[2025-07-12 11:38:24,170][urllib3.connectionpool][DEBUG] - Starting new HTTPS connection (1): api.wandb.ai:443
[2025-07-12 11:38:24,386][urllib3.connectionpool][DEBUG] - https://api.wandb.ai:443 "POST /graphql HTTP/11" 200 None
[2025-07-12 11:39:22,416][root][INFO] - Eval at 11067392 steps.
[2025-07-12 11:39:38,521][root][INFO] - Saved best checkpoint to /home/alesr/Repositories/Omnidrones-PEG/wandb/run-20250712_105935-dxfojctu/files/checkpoint_best.pt
[2025-07-12 11:39:38,540][urllib3.connectionpool][DEBUG] - Starting new HTTPS connection (1): api.wandb.ai:443
[2025-07-12 11:39:38,742][urllib3.connectionpool][DEBUG] - https://api.wandb.ai:443 "POST /graphql HTTP/11" 200 None
[2025-07-12 11:40:34,800][root][INFO] - Eval at 11476992 steps.
[2025-07-12 11:40:51,996][root][INFO] - Saved checkpoint to /home/alesr/Repositories/Omnidrones-PEG/wandb/run-20250712_105935-dxfojctu/files/checkpoint_11476992.pt
[2025-07-12 11:40:52,019][urllib3.connectionpool][DEBUG] - Starting new HTTPS connection (1): api.wandb.ai:443
[2025-07-12 11:40:52,224][urllib3.connectionpool][DEBUG] - https://api.wandb.ai:443 "POST /graphql HTTP/11" 200 None
[2025-07-12 11:41:47,105][root][INFO] - Eval at 11886592 steps.
[2025-07-12 11:42:58,545][root][INFO] - Eval at 12296192 steps.
[2025-07-12 11:44:03,763][root][INFO] - Saved checkpoint to /home/alesr/Repositories/Omnidrones-PEG/wandb/run-20250712_105935-dxfojctu/files/checkpoint_12296192.pt
[2025-07-12 11:44:03,793][urllib3.connectionpool][DEBUG] - Starting new HTTPS connection (1): api.wandb.ai:443
[2025-07-12 11:44:04,011][urllib3.connectionpool][DEBUG] - https://api.wandb.ai:443 "POST /graphql HTTP/11" 200 None
[2025-07-12 11:45:04,716][root][INFO] - Eval at 12705792 steps.
[2025-07-12 11:45:22,852][root][INFO] - Saved best checkpoint to /home/alesr/Repositories/Omnidrones-PEG/wandb/run-20250712_105935-dxfojctu/files/checkpoint_best.pt
[2025-07-12 11:45:22,867][urllib3.connectionpool][DEBUG] - Starting new HTTPS connection (1): api.wandb.ai:443
[2025-07-12 11:45:23,063][urllib3.connectionpool][DEBUG] - https://api.wandb.ai:443 "POST /graphql HTTP/11" 200 None
[2025-07-12 11:46:18,190][root][INFO] - Eval at 13115392 steps.
[2025-07-12 11:46:35,436][root][INFO] - Saved checkpoint to /home/alesr/Repositories/Omnidrones-PEG/wandb/run-20250712_105935-dxfojctu/files/checkpoint_13115392.pt
[2025-07-12 11:46:35,459][urllib3.connectionpool][DEBUG] - Starting new HTTPS connection (1): api.wandb.ai:443
[2025-07-12 11:46:35,641][urllib3.connectionpool][DEBUG] - https://api.wandb.ai:443 "POST /graphql HTTP/11" 200 None
[2025-07-12 11:47:32,865][root][INFO] - Eval at 13524992 steps.
[2025-07-12 11:48:46,767][root][INFO] - Eval at 13934592 steps.
[2025-07-12 11:49:03,510][root][INFO] - Saved checkpoint to /home/alesr/Repositories/Omnidrones-PEG/wandb/run-20250712_105935-dxfojctu/files/checkpoint_13934592.pt
[2025-07-12 11:49:03,533][urllib3.connectionpool][DEBUG] - Starting new HTTPS connection (1): api.wandb.ai:443
[2025-07-12 11:49:03,721][urllib3.connectionpool][DEBUG] - https://api.wandb.ai:443 "POST /graphql HTTP/11" 200 None
[2025-07-12 11:49:59,207][root][INFO] - Eval at 14344192 steps.
[2025-07-12 11:50:16,245][root][INFO] - Saved best checkpoint to /home/alesr/Repositories/Omnidrones-PEG/wandb/run-20250712_105935-dxfojctu/files/checkpoint_best.pt
[2025-07-12 11:50:16,264][urllib3.connectionpool][DEBUG] - Starting new HTTPS connection (1): api.wandb.ai:443
[2025-07-12 11:50:16,482][urllib3.connectionpool][DEBUG] - https://api.wandb.ai:443 "POST /graphql HTTP/11" 200 None
[2025-07-12 11:51:10,891][root][INFO] - Eval at 14753792 steps.
[2025-07-12 11:52:15,917][root][INFO] - Saved checkpoint to /home/alesr/Repositories/Omnidrones-PEG/wandb/run-20250712_105935-dxfojctu/files/checkpoint_14753792.pt
[2025-07-12 11:52:15,943][urllib3.connectionpool][DEBUG] - Starting new HTTPS connection (1): api.wandb.ai:443
[2025-07-12 11:52:16,143][urllib3.connectionpool][DEBUG] - https://api.wandb.ai:443 "POST /graphql HTTP/11" 200 None
[2025-07-12 11:53:15,898][root][INFO] - Eval at 15163392 steps.
[2025-07-12 11:54:28,500][root][INFO] - Eval at 15572992 steps.
[2025-07-12 11:54:46,711][root][INFO] - Saved checkpoint to /home/alesr/Repositories/Omnidrones-PEG/wandb/run-20250712_105935-dxfojctu/files/checkpoint_15572992.pt
[2025-07-12 11:54:46,735][urllib3.connectionpool][DEBUG] - Starting new HTTPS connection (1): api.wandb.ai:443
[2025-07-12 11:54:46,934][urllib3.connectionpool][DEBUG] - https://api.wandb.ai:443 "POST /graphql HTTP/11" 200 None
[2025-07-12 11:55:43,263][root][INFO] - Eval at 15982592 steps.
[2025-07-12 11:56:54,819][root][INFO] - Eval at 16392192 steps.
[2025-07-12 11:57:11,676][root][INFO] - Saved checkpoint to /home/alesr/Repositories/Omnidrones-PEG/wandb/run-20250712_105935-dxfojctu/files/checkpoint_16392192.pt
[2025-07-12 11:57:11,700][urllib3.connectionpool][DEBUG] - Starting new HTTPS connection (1): api.wandb.ai:443
[2025-07-12 11:57:11,900][urllib3.connectionpool][DEBUG] - https://api.wandb.ai:443 "POST /graphql HTTP/11" 200 None
[2025-07-12 11:58:07,274][root][INFO] - Eval at 16801792 steps.
[2025-07-12 11:59:17,788][root][INFO] - Eval at 17211392 steps.
[2025-07-12 12:00:22,675][root][INFO] - Saved checkpoint to /home/alesr/Repositories/Omnidrones-PEG/wandb/run-20250712_105935-dxfojctu/files/checkpoint_17211392.pt
[2025-07-12 12:00:22,704][urllib3.connectionpool][DEBUG] - Starting new HTTPS connection (1): api.wandb.ai:443
[2025-07-12 12:00:22,905][urllib3.connectionpool][DEBUG] - https://api.wandb.ai:443 "POST /graphql HTTP/11" 200 None
[2025-07-12 12:01:20,135][root][INFO] - Eval at 17620992 steps.
[2025-07-12 12:02:33,549][root][INFO] - Eval at 18030592 steps.
[2025-07-12 12:02:50,526][root][INFO] - Saved checkpoint to /home/alesr/Repositories/Omnidrones-PEG/wandb/run-20250712_105935-dxfojctu/files/checkpoint_18030592.pt
[2025-07-12 12:02:50,548][urllib3.connectionpool][DEBUG] - Starting new HTTPS connection (1): api.wandb.ai:443
[2025-07-12 12:02:50,734][urllib3.connectionpool][DEBUG] - https://api.wandb.ai:443 "POST /graphql HTTP/11" 200 None
[2025-07-12 12:03:47,864][root][INFO] - Eval at 18440192 steps.
[2025-07-12 12:05:03,729][root][INFO] - Eval at 18849792 steps.
[2025-07-12 12:05:20,936][root][INFO] - Saved checkpoint to /home/alesr/Repositories/Omnidrones-PEG/wandb/run-20250712_105935-dxfojctu/files/checkpoint_18849792.pt
[2025-07-12 12:05:20,960][urllib3.connectionpool][DEBUG] - Starting new HTTPS connection (1): api.wandb.ai:443
[2025-07-12 12:05:21,164][urllib3.connectionpool][DEBUG] - https://api.wandb.ai:443 "POST /graphql HTTP/11" 200 None
[2025-07-12 12:06:16,679][root][INFO] - Eval at 19259392 steps.
[2025-07-12 12:07:29,881][root][INFO] - Eval at 19668992 steps.
[2025-07-12 12:08:35,754][root][INFO] - Saved checkpoint to /home/alesr/Repositories/Omnidrones-PEG/wandb/run-20250712_105935-dxfojctu/files/checkpoint_19668992.pt
[2025-07-12 12:08:35,788][urllib3.connectionpool][DEBUG] - Starting new HTTPS connection (1): api.wandb.ai:443
[2025-07-12 12:08:36,006][urllib3.connectionpool][DEBUG] - https://api.wandb.ai:443 "POST /graphql HTTP/11" 200 None
[2025-07-12 12:09:24,648][root][INFO] - Final Eval at 19996672 steps.
[2025-07-12 12:10:31,139][urllib3.connectionpool][DEBUG] - Starting new HTTPS connection (1): api.wandb.ai:443
[2025-07-12 12:10:31,349][urllib3.connectionpool][DEBUG] - https://api.wandb.ai:443 "POST /graphql HTTP/11" 200 None
[2025-07-12 12:10:31,357][root][INFO] - Saved checkpoint to /home/alesr/Repositories/Omnidrones-PEG/wandb/run-20250712_105935-dxfojctu/files/checkpoint_final.pt
