[2025-07-14 08:51:01,871][asyncio][DEBUG] - Using selector: EpollSelector
[2025-07-14 08:51:02,623][omni.kit.telemetry.impl.sentry_extension][INFO] - sentry is disabled for external build
[2025-07-14 08:51:02,623][omni.kit.telemetry.impl.sentry_extension][INFO] - sentry is disabled for external build
[2025-07-14 08:51:03,621][AutoNode][DEBUG] - Defining data type 'any' as 'Any'
[2025-07-14 08:51:03,621][AutoNode][DEBUG] - Defining data type 'bool' as 'Bool' and array 'BoolArray
[2025-07-14 08:51:03,621][AutoNode][DEBUG] - Defining data type 'bundle' as 'Bundle'
[2025-07-14 08:51:03,621][AutoNode][DEBUG] - Defining data type 'colord[3]' as 'Color3d' and array 'Color3dArray
[2025-07-14 08:51:03,622][AutoNode][DEBUG] - Defining data type 'colorf[3]' as 'Color3f' and array 'Color3fArray
[2025-07-14 08:51:03,622][AutoNode][DEBUG] - Defining data type 'colorh[3]' as 'Color3h' and array 'Color3hArray
[2025-07-14 08:51:03,622][AutoNode][DEBUG] - Defining data type 'colord[4]' as 'Color4d' and array 'Color4dArray
[2025-07-14 08:51:03,622][AutoNode][DEBUG] - Defining data type 'colorf[4]' as 'Color4f' and array 'Color4fArray
[2025-07-14 08:51:03,622][AutoNode][DEBUG] - Defining data type 'colorh[4]' as 'Color4h' and array 'Color4hArray
[2025-07-14 08:51:03,622][AutoNode][DEBUG] - Defining data type 'double' as 'Double' and array 'DoubleArray
[2025-07-14 08:51:03,622][AutoNode][DEBUG] - Defining data type 'double[2]' as 'Double2' and array 'Double2Array
[2025-07-14 08:51:03,622][AutoNode][DEBUG] - Defining data type 'double[3]' as 'Double3' and array 'Double3Array
[2025-07-14 08:51:03,622][AutoNode][DEBUG] - Defining data type 'double[4]' as 'Double4' and array 'Double4Array
[2025-07-14 08:51:03,622][AutoNode][DEBUG] - Defining data type 'execution' as 'Execution'
[2025-07-14 08:51:03,623][AutoNode][DEBUG] - Defining data type 'float' as 'Float' and array 'FloatArray
[2025-07-14 08:51:03,623][AutoNode][DEBUG] - Defining data type 'float[2]' as 'Float2' and array 'Float2Array
[2025-07-14 08:51:03,623][AutoNode][DEBUG] - Defining data type 'float[3]' as 'Float3' and array 'Float3Array
[2025-07-14 08:51:03,623][AutoNode][DEBUG] - Defining data type 'float[4]' as 'Float4' and array 'Float4Array
[2025-07-14 08:51:03,623][AutoNode][DEBUG] - Defining data type 'frame[4]' as 'Frame' and array 'FrameArray
[2025-07-14 08:51:03,623][AutoNode][DEBUG] - Defining data type 'half' as 'Half' and array 'HalfArray
[2025-07-14 08:51:03,623][AutoNode][DEBUG] - Defining data type 'half[2]' as 'Half2' and array 'Half2Array
[2025-07-14 08:51:03,623][AutoNode][DEBUG] - Defining data type 'half[3]' as 'Half3' and array 'Half3Array
[2025-07-14 08:51:03,624][AutoNode][DEBUG] - Defining data type 'half[4]' as 'Half4' and array 'Half4Array
[2025-07-14 08:51:03,624][AutoNode][DEBUG] - Defining data type 'int' as 'Int' and array 'IntArray
[2025-07-14 08:51:03,624][AutoNode][DEBUG] - Defining data type 'int[2]' as 'Int2' and array 'Int2Array
[2025-07-14 08:51:03,624][AutoNode][DEBUG] - Defining data type 'int[3]' as 'Int3' and array 'Int3Array
[2025-07-14 08:51:03,624][AutoNode][DEBUG] - Defining data type 'int[4]' as 'Int4' and array 'Int4Array
[2025-07-14 08:51:03,624][AutoNode][DEBUG] - Defining data type 'int64' as 'Int64' and array 'Int64Array
[2025-07-14 08:51:03,624][AutoNode][DEBUG] - Defining data type 'matrixd[2]' as 'Matrix2d' and array 'Matrix2dArray
[2025-07-14 08:51:03,624][AutoNode][DEBUG] - Defining data type 'matrixd[3]' as 'Matrix3d' and array 'Matrix3dArray
[2025-07-14 08:51:03,625][AutoNode][DEBUG] - Defining data type 'matrixd[4]' as 'Matrix4d' and array 'Matrix4dArray
[2025-07-14 08:51:03,625][AutoNode][DEBUG] - Defining data type 'normald[3]' as 'Normal3d' and array 'Normal3dArray
[2025-07-14 08:51:03,625][AutoNode][DEBUG] - Defining data type 'normalf[3]' as 'Normal3f' and array 'Normal3fArray
[2025-07-14 08:51:03,625][AutoNode][DEBUG] - Defining data type 'normalh[3]' as 'Normal3h' and array 'Normal3hArray
[2025-07-14 08:51:03,625][AutoNode][DEBUG] - Defining data type 'objectId' as 'ObjectId' and array 'ObjectIdArray
[2025-07-14 08:51:03,625][AutoNode][DEBUG] - Defining data type 'path' as 'Path'
[2025-07-14 08:51:03,625][AutoNode][DEBUG] - Defining data type 'pointd[3]' as 'Point3d' and array 'Point3dArray
[2025-07-14 08:51:03,625][AutoNode][DEBUG] - Defining data type 'pointf[3]' as 'Point3f' and array 'Point3fArray
[2025-07-14 08:51:03,625][AutoNode][DEBUG] - Defining data type 'pointh[3]' as 'Point3h' and array 'Point3hArray
[2025-07-14 08:51:03,626][AutoNode][DEBUG] - Defining data type 'quatd[4]' as 'Quatd' and array 'QuatdArray
[2025-07-14 08:51:03,626][AutoNode][DEBUG] - Defining data type 'quatf[4]' as 'Quatf' and array 'QuatfArray
[2025-07-14 08:51:03,626][AutoNode][DEBUG] - Defining data type 'quath[4]' as 'Quath' and array 'QuathArray
[2025-07-14 08:51:03,626][AutoNode][DEBUG] - Defining data type 'string' as 'String'
[2025-07-14 08:51:03,626][AutoNode][DEBUG] - Defining data type 'target' as 'Target'
[2025-07-14 08:51:03,626][AutoNode][DEBUG] - Defining data type 'texcoordd[2]' as 'TexCoord2d' and array 'TexCoord2dArray
[2025-07-14 08:51:03,626][AutoNode][DEBUG] - Defining data type 'texcoordf[2]' as 'TexCoord2f' and array 'TexCoord2fArray
[2025-07-14 08:51:03,626][AutoNode][DEBUG] - Defining data type 'texcoordh[2]' as 'TexCoord2h' and array 'TexCoord2hArray
[2025-07-14 08:51:03,627][AutoNode][DEBUG] - Defining data type 'texcoordd[3]' as 'TexCoord3d' and array 'TexCoord3dArray
[2025-07-14 08:51:03,627][AutoNode][DEBUG] - Defining data type 'texcoordf[3]' as 'TexCoord3f' and array 'TexCoord3fArray
[2025-07-14 08:51:03,627][AutoNode][DEBUG] - Defining data type 'texcoordh[3]' as 'TexCoord3h' and array 'TexCoord3hArray
[2025-07-14 08:51:03,627][AutoNode][DEBUG] - Defining data type 'timecode' as 'Timecode' and array 'TimecodeArray
[2025-07-14 08:51:03,627][AutoNode][DEBUG] - Defining data type 'token' as 'Token' and array 'TokenArray
[2025-07-14 08:51:03,627][AutoNode][DEBUG] - Defining data type 'uchar' as 'UChar' and array 'UCharArray
[2025-07-14 08:51:03,627][AutoNode][DEBUG] - Defining data type 'uint' as 'UInt' and array 'UIntArray
[2025-07-14 08:51:03,627][AutoNode][DEBUG] - Defining data type 'uint64' as 'UInt64' and array 'UInt64Array
[2025-07-14 08:51:03,627][AutoNode][DEBUG] - Defining data type 'vectord[3]' as 'Vector3d' and array 'Vector3dArray
[2025-07-14 08:51:03,628][AutoNode][DEBUG] - Defining data type 'vectorf[3]' as 'Vector3f' and array 'Vector3fArray
[2025-07-14 08:51:03,628][AutoNode][DEBUG] - Defining data type 'vectorh[3]' as 'Vector3h' and array 'Vector3hArray
[2025-07-14 08:51:06,625][omni.kit.profiler.window][WARNING] - remove _SpanInstance.__lt__ and use insort 'key' arg instead
[2025-07-14 08:51:10,252][git.cmd][DEBUG] - Popen(['git', 'rev-parse', '--show-toplevel'], cwd=/home/alesr/Repositories/Omnidrones-PEG, stdin=None, shell=False, universal_newlines=False)
[2025-07-14 08:51:10,391][urllib3.connectionpool][DEBUG] - Starting new HTTPS connection (1): api.wandb.ai:443
[2025-07-14 08:51:10,586][urllib3.connectionpool][DEBUG] - https://api.wandb.ai:443 "POST /graphql HTTP/11" 200 None
[2025-07-14 08:51:10,593][urllib3.connectionpool][DEBUG] - Starting new HTTPS connection (1): api.wandb.ai:443
[2025-07-14 08:51:10,774][urllib3.connectionpool][DEBUG] - https://api.wandb.ai:443 "POST /graphql HTTP/11" 200 None
[2025-07-14 08:51:10,793][git.cmd][DEBUG] - Popen(['git', 'cat-file', '--batch-check'], cwd=/home/alesr/Repositories/Omnidrones-PEG, stdin=<valid stream>, shell=False, universal_newlines=False)
[2025-07-14 08:51:15,158][root][INFO] - Reading pursuer's params from /home/alesr/Repositories/Omnidrones-PEG/omni_drones/robots/assets/usd/hummingbird.yaml.
[2025-07-14 08:51:15,177][root][INFO] - Reading evader's params from /home/alesr/Repositories/Omnidrones-PEG/omni_drones/robots/assets/usd/hummingbird.yaml.
[2025-07-14 08:51:21,631][root][INFO] - Default parameters:
Mass: [[0.6800000071525574]]
Inertia: [[0.007000000681728125, 0.007000000681728125, 0.011999999172985554]]
Thrust2Weight: [[0.8999204039573669, 0.8999204039573669, 0.8999204039573669, 0.8999204039573669]]
Force2Moment: [[62.499996185302734, 62.499996185302734, 62.499996185302734, 62.499996185302734]]
[2025-07-14 08:51:22,670][root][INFO] - Default parameters:
Mass: [[0.6800000071525574]]
Inertia: [[0.007000000681728125, 0.007000000681728125, 0.011999999172985554]]
Thrust2Weight: [[0.8999204039573669, 0.8999204039573669, 0.8999204039573669, 0.8999204039573669]]
Force2Moment: [[62.499996185302734, 62.499996185302734, 62.499996185302734, 62.499996185302734]]
[2025-07-14 08:51:22,727][root][INFO] - Setup randomization:
{'train': {'drag_coef': Uniform(low: 0.0, high: 0.12399999797344208),
           'force2moment': Uniform(low: torch.Size([1, 4]), high: torch.Size([1, 4])),
           'inertia': Uniform(low: torch.Size([1, 3]), high: torch.Size([1, 3])),
           'mass': Uniform(low: tensor([[0.1768]], device='cuda:0'), high: tensor([[1.1832]], device='cuda:0')),
           'thrust2weight': Uniform(low: torch.Size([1, 4]), high: torch.Size([1, 4]))}}
[2025-07-14 08:51:22,732][root][INFO] - Setup randomization:
{'train': {'drag_coef': Uniform(low: 0.0, high: 0.12399999797344208),
           'force2moment': Uniform(low: torch.Size([1, 4]), high: torch.Size([1, 4])),
           'inertia': Uniform(low: torch.Size([1, 3]), high: torch.Size([1, 3])),
           'mass': Uniform(low: tensor([[0.1768]], device='cuda:0'), high: tensor([[1.1832]], device='cuda:0')),
           'thrust2weight': Uniform(low: torch.Size([1, 4]), high: torch.Size([1, 4]))}}
[2025-07-14 08:51:24,123][root][INFO] - Eval at 8192 steps.
[2025-07-14 08:52:16,381][root][INFO] - Saved checkpoint to /home/alesr/Repositories/Omnidrones-PEG/wandb/run-20250714_085110-6nxmeliz/files/checkpoint_8192.pt
[2025-07-14 08:52:16,405][urllib3.connectionpool][DEBUG] - Starting new HTTPS connection (1): api.wandb.ai:443
[2025-07-14 08:52:16,585][urllib3.connectionpool][DEBUG] - https://api.wandb.ai:443 "POST /graphql HTTP/11" 200 None
[2025-07-14 08:53:12,672][root][INFO] - Eval at 417792 steps.
[2025-07-14 08:53:24,789][root][INFO] - Saved best checkpoint to /home/alesr/Repositories/Omnidrones-PEG/wandb/run-20250714_085110-6nxmeliz/files/checkpoint_best.pt
[2025-07-14 08:53:24,812][urllib3.connectionpool][DEBUG] - Starting new HTTPS connection (1): api.wandb.ai:443
[2025-07-14 08:53:25,030][urllib3.connectionpool][DEBUG] - https://api.wandb.ai:443 "POST /graphql HTTP/11" 200 None
[2025-07-14 08:54:16,082][root][INFO] - Eval at 827392 steps.
[2025-07-14 08:54:27,590][root][INFO] - Saved checkpoint to /home/alesr/Repositories/Omnidrones-PEG/wandb/run-20250714_085110-6nxmeliz/files/checkpoint_827392.pt
[2025-07-14 08:54:27,613][urllib3.connectionpool][DEBUG] - Starting new HTTPS connection (1): api.wandb.ai:443
[2025-07-14 08:54:27,820][urllib3.connectionpool][DEBUG] - https://api.wandb.ai:443 "POST /graphql HTTP/11" 200 None
[2025-07-14 08:55:15,025][root][INFO] - Eval at 1236992 steps.
[2025-07-14 08:55:26,910][root][INFO] - Saved best checkpoint to /home/alesr/Repositories/Omnidrones-PEG/wandb/run-20250714_085110-6nxmeliz/files/checkpoint_best.pt
[2025-07-14 08:55:26,926][urllib3.connectionpool][DEBUG] - Starting new HTTPS connection (1): api.wandb.ai:443
[2025-07-14 08:55:27,144][urllib3.connectionpool][DEBUG] - https://api.wandb.ai:443 "POST /graphql HTTP/11" 200 None
[2025-07-14 08:56:12,923][root][INFO] - Eval at 1646592 steps.
[2025-07-14 08:56:24,880][root][INFO] - Saved checkpoint to /home/alesr/Repositories/Omnidrones-PEG/wandb/run-20250714_085110-6nxmeliz/files/checkpoint_1646592.pt
[2025-07-14 08:56:24,902][urllib3.connectionpool][DEBUG] - Starting new HTTPS connection (1): api.wandb.ai:443
[2025-07-14 08:56:25,097][urllib3.connectionpool][DEBUG] - https://api.wandb.ai:443 "POST /graphql HTTP/11" 200 None
[2025-07-14 08:57:14,573][root][INFO] - Eval at 2056192 steps.
[2025-07-14 08:58:15,429][root][INFO] - Eval at 2465792 steps.
[2025-07-14 08:59:02,055][root][INFO] - Saved checkpoint to /home/alesr/Repositories/Omnidrones-PEG/wandb/run-20250714_085110-6nxmeliz/files/checkpoint_2465792.pt
[2025-07-14 08:59:02,075][urllib3.connectionpool][DEBUG] - Starting new HTTPS connection (1): api.wandb.ai:443
[2025-07-14 08:59:02,281][urllib3.connectionpool][DEBUG] - https://api.wandb.ai:443 "POST /graphql HTTP/11" 200 None
[2025-07-14 08:59:49,019][root][INFO] - Eval at 2875392 steps.
[2025-07-14 09:00:45,730][root][INFO] - Eval at 3284992 steps.
[2025-07-14 09:00:57,110][root][INFO] - Saved checkpoint to /home/alesr/Repositories/Omnidrones-PEG/wandb/run-20250714_085110-6nxmeliz/files/checkpoint_3284992.pt
[2025-07-14 09:00:57,133][urllib3.connectionpool][DEBUG] - Starting new HTTPS connection (1): api.wandb.ai:443
[2025-07-14 09:00:57,339][urllib3.connectionpool][DEBUG] - https://api.wandb.ai:443 "POST /graphql HTTP/11" 200 None
[2025-07-14 09:01:44,897][root][INFO] - Eval at 3694592 steps.
[2025-07-14 09:02:45,043][root][INFO] - Eval at 4104192 steps.
[2025-07-14 09:02:57,052][root][INFO] - Saved checkpoint to /home/alesr/Repositories/Omnidrones-PEG/wandb/run-20250714_085110-6nxmeliz/files/checkpoint_4104192.pt
[2025-07-14 09:02:57,074][urllib3.connectionpool][DEBUG] - Starting new HTTPS connection (1): api.wandb.ai:443
[2025-07-14 09:02:57,269][urllib3.connectionpool][DEBUG] - https://api.wandb.ai:443 "POST /graphql HTTP/11" 200 None
[2025-07-14 09:03:44,599][root][INFO] - Eval at 4513792 steps.
[2025-07-14 09:04:43,356][root][INFO] - Eval at 4923392 steps.
[2025-07-14 09:05:29,574][root][INFO] - Saved checkpoint to /home/alesr/Repositories/Omnidrones-PEG/wandb/run-20250714_085110-6nxmeliz/files/checkpoint_4923392.pt
[2025-07-14 09:05:29,600][urllib3.connectionpool][DEBUG] - Starting new HTTPS connection (1): api.wandb.ai:443
[2025-07-14 09:05:29,800][urllib3.connectionpool][DEBUG] - https://api.wandb.ai:443 "POST /graphql HTTP/11" 200 None
[2025-07-14 09:06:19,277][root][INFO] - Eval at 5332992 steps.
[2025-07-14 09:07:19,960][root][INFO] - Eval at 5742592 steps.
[2025-07-14 09:07:32,893][root][INFO] - Saved checkpoint to /home/alesr/Repositories/Omnidrones-PEG/wandb/run-20250714_085110-6nxmeliz/files/checkpoint_5742592.pt
[2025-07-14 09:07:32,916][urllib3.connectionpool][DEBUG] - Starting new HTTPS connection (1): api.wandb.ai:443
[2025-07-14 09:07:33,099][urllib3.connectionpool][DEBUG] - https://api.wandb.ai:443 "POST /graphql HTTP/11" 200 None
[2025-07-14 09:08:24,322][root][INFO] - Eval at 6152192 steps.
[2025-07-14 09:09:26,819][root][INFO] - Eval at 6561792 steps.
[2025-07-14 09:09:39,180][root][INFO] - Saved checkpoint to /home/alesr/Repositories/Omnidrones-PEG/wandb/run-20250714_085110-6nxmeliz/files/checkpoint_6561792.pt
[2025-07-14 09:09:39,205][urllib3.connectionpool][DEBUG] - Starting new HTTPS connection (1): api.wandb.ai:443
[2025-07-14 09:09:39,405][urllib3.connectionpool][DEBUG] - https://api.wandb.ai:443 "POST /graphql HTTP/11" 200 None
[2025-07-14 09:10:27,124][root][INFO] - Eval at 6971392 steps.
[2025-07-14 09:11:27,864][root][INFO] - Eval at 7380992 steps.
[2025-07-14 09:12:14,821][root][INFO] - Saved checkpoint to /home/alesr/Repositories/Omnidrones-PEG/wandb/run-20250714_085110-6nxmeliz/files/checkpoint_7380992.pt
[2025-07-14 09:12:14,855][urllib3.connectionpool][DEBUG] - Starting new HTTPS connection (1): api.wandb.ai:443
[2025-07-14 09:12:15,086][urllib3.connectionpool][DEBUG] - https://api.wandb.ai:443 "POST /graphql HTTP/11" 200 None
[2025-07-14 09:13:05,109][root][INFO] - Eval at 7790592 steps.
[2025-07-14 09:14:07,408][root][INFO] - Eval at 8200192 steps.
[2025-07-14 09:14:19,155][root][INFO] - Saved checkpoint to /home/alesr/Repositories/Omnidrones-PEG/wandb/run-20250714_085110-6nxmeliz/files/checkpoint_8200192.pt
[2025-07-14 09:14:19,179][urllib3.connectionpool][DEBUG] - Starting new HTTPS connection (1): api.wandb.ai:443
[2025-07-14 09:14:19,385][urllib3.connectionpool][DEBUG] - https://api.wandb.ai:443 "POST /graphql HTTP/11" 200 None
[2025-07-14 09:15:06,127][root][INFO] - Eval at 8609792 steps.
[2025-07-14 09:16:04,763][root][INFO] - Eval at 9019392 steps.
[2025-07-14 09:16:17,173][root][INFO] - Saved checkpoint to /home/alesr/Repositories/Omnidrones-PEG/wandb/run-20250714_085110-6nxmeliz/files/checkpoint_9019392.pt
[2025-07-14 09:16:17,198][urllib3.connectionpool][DEBUG] - Starting new HTTPS connection (1): api.wandb.ai:443
[2025-07-14 09:16:17,412][urllib3.connectionpool][DEBUG] - https://api.wandb.ai:443 "POST /graphql HTTP/11" 200 None
[2025-07-14 09:17:08,205][root][INFO] - Eval at 9428992 steps.
[2025-07-14 09:18:08,486][root][INFO] - Eval at 9838592 steps.
[2025-07-14 09:18:54,595][root][INFO] - Saved checkpoint to /home/alesr/Repositories/Omnidrones-PEG/wandb/run-20250714_085110-6nxmeliz/files/checkpoint_9838592.pt
[2025-07-14 09:18:54,621][urllib3.connectionpool][DEBUG] - Starting new HTTPS connection (1): api.wandb.ai:443
[2025-07-14 09:18:54,835][urllib3.connectionpool][DEBUG] - https://api.wandb.ai:443 "POST /graphql HTTP/11" 200 None
[2025-07-14 09:19:44,000][root][INFO] - Eval at 10248192 steps.
[2025-07-14 09:20:42,611][root][INFO] - Eval at 10657792 steps.
[2025-07-14 09:20:54,534][root][INFO] - Saved checkpoint to /home/alesr/Repositories/Omnidrones-PEG/wandb/run-20250714_085110-6nxmeliz/files/checkpoint_10657792.pt
[2025-07-14 09:20:54,556][urllib3.connectionpool][DEBUG] - Starting new HTTPS connection (1): api.wandb.ai:443
[2025-07-14 09:20:54,767][urllib3.connectionpool][DEBUG] - https://api.wandb.ai:443 "POST /graphql HTTP/11" 200 None
[2025-07-14 09:21:41,701][root][INFO] - Eval at 11067392 steps.
[2025-07-14 09:22:38,910][root][INFO] - Eval at 11476992 steps.
[2025-07-14 09:22:50,390][root][INFO] - Saved checkpoint to /home/alesr/Repositories/Omnidrones-PEG/wandb/run-20250714_085110-6nxmeliz/files/checkpoint_11476992.pt
[2025-07-14 09:22:50,413][urllib3.connectionpool][DEBUG] - Starting new HTTPS connection (1): api.wandb.ai:443
[2025-07-14 09:22:50,659][urllib3.connectionpool][DEBUG] - https://api.wandb.ai:443 "POST /graphql HTTP/11" 200 None
[2025-07-14 09:23:36,840][root][INFO] - Eval at 11886592 steps.
[2025-07-14 09:23:47,917][root][INFO] - Saved best checkpoint to /home/alesr/Repositories/Omnidrones-PEG/wandb/run-20250714_085110-6nxmeliz/files/checkpoint_best.pt
[2025-07-14 09:23:47,936][urllib3.connectionpool][DEBUG] - Starting new HTTPS connection (1): api.wandb.ai:443
[2025-07-14 09:23:48,121][urllib3.connectionpool][DEBUG] - https://api.wandb.ai:443 "POST /graphql HTTP/11" 200 None
[2025-07-14 09:24:33,949][root][INFO] - Eval at 12296192 steps.
[2025-07-14 09:25:18,706][root][INFO] - Saved checkpoint to /home/alesr/Repositories/Omnidrones-PEG/wandb/run-20250714_085110-6nxmeliz/files/checkpoint_12296192.pt
[2025-07-14 09:25:18,731][urllib3.connectionpool][DEBUG] - Starting new HTTPS connection (1): api.wandb.ai:443
[2025-07-14 09:25:18,960][urllib3.connectionpool][DEBUG] - https://api.wandb.ai:443 "POST /graphql HTTP/11" 200 None
[2025-07-14 09:26:04,496][root][INFO] - Eval at 12705792 steps.
[2025-07-14 09:27:02,356][root][INFO] - Eval at 13115392 steps.
[2025-07-14 09:27:14,358][root][INFO] - Saved checkpoint to /home/alesr/Repositories/Omnidrones-PEG/wandb/run-20250714_085110-6nxmeliz/files/checkpoint_13115392.pt
[2025-07-14 09:27:14,373][urllib3.connectionpool][DEBUG] - Starting new HTTPS connection (1): api.wandb.ai:443
[2025-07-14 09:27:14,620][urllib3.connectionpool][DEBUG] - https://api.wandb.ai:443 "POST /graphql HTTP/11" 200 None
[2025-07-14 09:28:01,591][root][INFO] - Eval at 13524992 steps.
[2025-07-14 09:28:58,799][root][INFO] - Eval at 13934592 steps.
[2025-07-14 09:29:09,591][root][INFO] - Saved checkpoint to /home/alesr/Repositories/Omnidrones-PEG/wandb/run-20250714_085110-6nxmeliz/files/checkpoint_13934592.pt
[2025-07-14 09:29:09,613][urllib3.connectionpool][DEBUG] - Starting new HTTPS connection (1): api.wandb.ai:443
[2025-07-14 09:29:09,850][urllib3.connectionpool][DEBUG] - https://api.wandb.ai:443 "POST /graphql HTTP/11" 200 None
[2025-07-14 09:29:54,234][root][INFO] - Eval at 14344192 steps.
[2025-07-14 09:30:48,807][root][INFO] - Eval at 14753792 steps.
[2025-07-14 09:31:33,027][root][INFO] - Saved checkpoint to /home/alesr/Repositories/Omnidrones-PEG/wandb/run-20250714_085110-6nxmeliz/files/checkpoint_14753792.pt
[2025-07-14 09:31:33,052][urllib3.connectionpool][DEBUG] - Starting new HTTPS connection (1): api.wandb.ai:443
[2025-07-14 09:31:33,250][urllib3.connectionpool][DEBUG] - https://api.wandb.ai:443 "POST /graphql HTTP/11" 200 None
[2025-07-14 09:32:18,631][root][INFO] - Eval at 15163392 steps.
[2025-07-14 09:33:14,310][root][INFO] - Eval at 15572992 steps.
[2025-07-14 09:33:25,465][root][INFO] - Saved checkpoint to /home/alesr/Repositories/Omnidrones-PEG/wandb/run-20250714_085110-6nxmeliz/files/checkpoint_15572992.pt
[2025-07-14 09:33:25,479][urllib3.connectionpool][DEBUG] - Starting new HTTPS connection (1): api.wandb.ai:443
[2025-07-14 09:33:25,678][urllib3.connectionpool][DEBUG] - https://api.wandb.ai:443 "POST /graphql HTTP/11" 200 None
[2025-07-14 09:34:10,637][root][INFO] - Eval at 15982592 steps.
[2025-07-14 09:35:05,727][root][INFO] - Eval at 16392192 steps.
[2025-07-14 09:35:16,424][root][INFO] - Saved checkpoint to /home/alesr/Repositories/Omnidrones-PEG/wandb/run-20250714_085110-6nxmeliz/files/checkpoint_16392192.pt
[2025-07-14 09:35:16,447][urllib3.connectionpool][DEBUG] - Starting new HTTPS connection (1): api.wandb.ai:443
[2025-07-14 09:35:16,656][urllib3.connectionpool][DEBUG] - https://api.wandb.ai:443 "POST /graphql HTTP/11" 200 None
[2025-07-14 09:36:00,925][root][INFO] - Eval at 16801792 steps.
[2025-07-14 09:36:56,010][root][INFO] - Eval at 17211392 steps.
[2025-07-14 09:37:40,503][root][INFO] - Saved checkpoint to /home/alesr/Repositories/Omnidrones-PEG/wandb/run-20250714_085110-6nxmeliz/files/checkpoint_17211392.pt
[2025-07-14 09:37:40,527][urllib3.connectionpool][DEBUG] - Starting new HTTPS connection (1): api.wandb.ai:443
[2025-07-14 09:37:40,731][urllib3.connectionpool][DEBUG] - https://api.wandb.ai:443 "POST /graphql HTTP/11" 200 None
[2025-07-14 09:38:25,469][root][INFO] - Eval at 17620992 steps.
[2025-07-14 09:39:19,765][root][INFO] - Eval at 18030592 steps.
[2025-07-14 09:39:30,943][root][INFO] - Saved checkpoint to /home/alesr/Repositories/Omnidrones-PEG/wandb/run-20250714_085110-6nxmeliz/files/checkpoint_18030592.pt
[2025-07-14 09:39:30,958][urllib3.connectionpool][DEBUG] - Starting new HTTPS connection (1): api.wandb.ai:443
[2025-07-14 09:39:31,194][urllib3.connectionpool][DEBUG] - https://api.wandb.ai:443 "POST /graphql HTTP/11" 200 None
[2025-07-14 09:40:15,704][root][INFO] - Eval at 18440192 steps.
[2025-07-14 09:41:11,235][root][INFO] - Eval at 18849792 steps.
[2025-07-14 09:41:21,786][root][INFO] - Saved checkpoint to /home/alesr/Repositories/Omnidrones-PEG/wandb/run-20250714_085110-6nxmeliz/files/checkpoint_18849792.pt
[2025-07-14 09:41:21,809][urllib3.connectionpool][DEBUG] - Starting new HTTPS connection (1): api.wandb.ai:443
[2025-07-14 09:41:22,039][urllib3.connectionpool][DEBUG] - https://api.wandb.ai:443 "POST /graphql HTTP/11" 200 None
[2025-07-14 09:42:09,355][root][INFO] - Eval at 19259392 steps.
[2025-07-14 09:43:09,562][root][INFO] - Eval at 19668992 steps.
[2025-07-14 09:43:54,567][root][INFO] - Saved checkpoint to /home/alesr/Repositories/Omnidrones-PEG/wandb/run-20250714_085110-6nxmeliz/files/checkpoint_19668992.pt
[2025-07-14 09:43:54,590][urllib3.connectionpool][DEBUG] - Starting new HTTPS connection (1): api.wandb.ai:443
[2025-07-14 09:43:54,784][urllib3.connectionpool][DEBUG] - https://api.wandb.ai:443 "POST /graphql HTTP/11" 200 None
[2025-07-14 09:44:33,072][root][INFO] - Final Eval at 19996672 steps.
[2025-07-14 09:45:19,419][urllib3.connectionpool][DEBUG] - Starting new HTTPS connection (1): api.wandb.ai:443
[2025-07-14 09:45:19,630][urllib3.connectionpool][DEBUG] - https://api.wandb.ai:443 "POST /graphql HTTP/11" 200 None
[2025-07-14 09:45:19,642][root][INFO] - Saved checkpoint to /home/alesr/Repositories/Omnidrones-PEG/wandb/run-20250714_085110-6nxmeliz/files/checkpoint_final.pt
