[2025-07-06 11:43:30,794][asyncio][DEBUG] - Using selector: EpollSelector
[2025-07-06 11:43:31,524][omni.kit.telemetry.impl.sentry_extension][INFO] - sentry is disabled for external build
[2025-07-06 11:43:31,525][omni.kit.telemetry.impl.sentry_extension][INFO] - sentry is disabled for external build
[2025-07-06 11:43:32,456][AutoNode][DEBUG] - Defining data type 'any' as 'Any'
[2025-07-06 11:43:32,456][AutoNode][DEBUG] - Defining data type 'bool' as 'Bool' and array 'BoolArray
[2025-07-06 11:43:32,456][AutoNode][DEBUG] - Defining data type 'bundle' as 'Bundle'
[2025-07-06 11:43:32,456][AutoNode][DEBUG] - Defining data type 'colord[3]' as 'Color3d' and array 'Color3dArray
[2025-07-06 11:43:32,456][AutoNode][DEBUG] - Defining data type 'colorf[3]' as 'Color3f' and array 'Color3fArray
[2025-07-06 11:43:32,456][AutoNode][DEBUG] - Defining data type 'colorh[3]' as 'Color3h' and array 'Color3hArray
[2025-07-06 11:43:32,457][AutoNode][DEBUG] - Defining data type 'colord[4]' as 'Color4d' and array 'Color4dArray
[2025-07-06 11:43:32,457][AutoNode][DEBUG] - Defining data type 'colorf[4]' as 'Color4f' and array 'Color4fArray
[2025-07-06 11:43:32,457][AutoNode][DEBUG] - Defining data type 'colorh[4]' as 'Color4h' and array 'Color4hArray
[2025-07-06 11:43:32,457][AutoNode][DEBUG] - Defining data type 'double' as 'Double' and array 'DoubleArray
[2025-07-06 11:43:32,457][AutoNode][DEBUG] - Defining data type 'double[2]' as 'Double2' and array 'Double2Array
[2025-07-06 11:43:32,457][AutoNode][DEBUG] - Defining data type 'double[3]' as 'Double3' and array 'Double3Array
[2025-07-06 11:43:32,457][AutoNode][DEBUG] - Defining data type 'double[4]' as 'Double4' and array 'Double4Array
[2025-07-06 11:43:32,457][AutoNode][DEBUG] - Defining data type 'execution' as 'Execution'
[2025-07-06 11:43:32,457][AutoNode][DEBUG] - Defining data type 'float' as 'Float' and array 'FloatArray
[2025-07-06 11:43:32,458][AutoNode][DEBUG] - Defining data type 'float[2]' as 'Float2' and array 'Float2Array
[2025-07-06 11:43:32,458][AutoNode][DEBUG] - Defining data type 'float[3]' as 'Float3' and array 'Float3Array
[2025-07-06 11:43:32,458][AutoNode][DEBUG] - Defining data type 'float[4]' as 'Float4' and array 'Float4Array
[2025-07-06 11:43:32,458][AutoNode][DEBUG] - Defining data type 'frame[4]' as 'Frame' and array 'FrameArray
[2025-07-06 11:43:32,458][AutoNode][DEBUG] - Defining data type 'half' as 'Half' and array 'HalfArray
[2025-07-06 11:43:32,458][AutoNode][DEBUG] - Defining data type 'half[2]' as 'Half2' and array 'Half2Array
[2025-07-06 11:43:32,458][AutoNode][DEBUG] - Defining data type 'half[3]' as 'Half3' and array 'Half3Array
[2025-07-06 11:43:32,458][AutoNode][DEBUG] - Defining data type 'half[4]' as 'Half4' and array 'Half4Array
[2025-07-06 11:43:32,458][AutoNode][DEBUG] - Defining data type 'int' as 'Int' and array 'IntArray
[2025-07-06 11:43:32,459][AutoNode][DEBUG] - Defining data type 'int[2]' as 'Int2' and array 'Int2Array
[2025-07-06 11:43:32,459][AutoNode][DEBUG] - Defining data type 'int[3]' as 'Int3' and array 'Int3Array
[2025-07-06 11:43:32,459][AutoNode][DEBUG] - Defining data type 'int[4]' as 'Int4' and array 'Int4Array
[2025-07-06 11:43:32,459][AutoNode][DEBUG] - Defining data type 'int64' as 'Int64' and array 'Int64Array
[2025-07-06 11:43:32,459][AutoNode][DEBUG] - Defining data type 'matrixd[2]' as 'Matrix2d' and array 'Matrix2dArray
[2025-07-06 11:43:32,459][AutoNode][DEBUG] - Defining data type 'matrixd[3]' as 'Matrix3d' and array 'Matrix3dArray
[2025-07-06 11:43:32,459][AutoNode][DEBUG] - Defining data type 'matrixd[4]' as 'Matrix4d' and array 'Matrix4dArray
[2025-07-06 11:43:32,459][AutoNode][DEBUG] - Defining data type 'normald[3]' as 'Normal3d' and array 'Normal3dArray
[2025-07-06 11:43:32,459][AutoNode][DEBUG] - Defining data type 'normalf[3]' as 'Normal3f' and array 'Normal3fArray
[2025-07-06 11:43:32,459][AutoNode][DEBUG] - Defining data type 'normalh[3]' as 'Normal3h' and array 'Normal3hArray
[2025-07-06 11:43:32,459][AutoNode][DEBUG] - Defining data type 'objectId' as 'ObjectId' and array 'ObjectIdArray
[2025-07-06 11:43:32,459][AutoNode][DEBUG] - Defining data type 'path' as 'Path'
[2025-07-06 11:43:32,459][AutoNode][DEBUG] - Defining data type 'pointd[3]' as 'Point3d' and array 'Point3dArray
[2025-07-06 11:43:32,460][AutoNode][DEBUG] - Defining data type 'pointf[3]' as 'Point3f' and array 'Point3fArray
[2025-07-06 11:43:32,460][AutoNode][DEBUG] - Defining data type 'pointh[3]' as 'Point3h' and array 'Point3hArray
[2025-07-06 11:43:32,460][AutoNode][DEBUG] - Defining data type 'quatd[4]' as 'Quatd' and array 'QuatdArray
[2025-07-06 11:43:32,460][AutoNode][DEBUG] - Defining data type 'quatf[4]' as 'Quatf' and array 'QuatfArray
[2025-07-06 11:43:32,460][AutoNode][DEBUG] - Defining data type 'quath[4]' as 'Quath' and array 'QuathArray
[2025-07-06 11:43:32,460][AutoNode][DEBUG] - Defining data type 'string' as 'String'
[2025-07-06 11:43:32,460][AutoNode][DEBUG] - Defining data type 'target' as 'Target'
[2025-07-06 11:43:32,460][AutoNode][DEBUG] - Defining data type 'texcoordd[2]' as 'TexCoord2d' and array 'TexCoord2dArray
[2025-07-06 11:43:32,460][AutoNode][DEBUG] - Defining data type 'texcoordf[2]' as 'TexCoord2f' and array 'TexCoord2fArray
[2025-07-06 11:43:32,460][AutoNode][DEBUG] - Defining data type 'texcoordh[2]' as 'TexCoord2h' and array 'TexCoord2hArray
[2025-07-06 11:43:32,460][AutoNode][DEBUG] - Defining data type 'texcoordd[3]' as 'TexCoord3d' and array 'TexCoord3dArray
[2025-07-06 11:43:32,460][AutoNode][DEBUG] - Defining data type 'texcoordf[3]' as 'TexCoord3f' and array 'TexCoord3fArray
[2025-07-06 11:43:32,460][AutoNode][DEBUG] - Defining data type 'texcoordh[3]' as 'TexCoord3h' and array 'TexCoord3hArray
[2025-07-06 11:43:32,461][AutoNode][DEBUG] - Defining data type 'timecode' as 'Timecode' and array 'TimecodeArray
[2025-07-06 11:43:32,461][AutoNode][DEBUG] - Defining data type 'token' as 'Token' and array 'TokenArray
[2025-07-06 11:43:32,461][AutoNode][DEBUG] - Defining data type 'uchar' as 'UChar' and array 'UCharArray
[2025-07-06 11:43:32,461][AutoNode][DEBUG] - Defining data type 'uint' as 'UInt' and array 'UIntArray
[2025-07-06 11:43:32,461][AutoNode][DEBUG] - Defining data type 'uint64' as 'UInt64' and array 'UInt64Array
[2025-07-06 11:43:32,461][AutoNode][DEBUG] - Defining data type 'vectord[3]' as 'Vector3d' and array 'Vector3dArray
[2025-07-06 11:43:32,461][AutoNode][DEBUG] - Defining data type 'vectorf[3]' as 'Vector3f' and array 'Vector3fArray
[2025-07-06 11:43:32,461][AutoNode][DEBUG] - Defining data type 'vectorh[3]' as 'Vector3h' and array 'Vector3hArray
[2025-07-06 11:43:35,227][omni.kit.profiler.window][WARNING] - remove _SpanInstance.__lt__ and use insort 'key' arg instead
[2025-07-06 11:43:38,878][git.cmd][DEBUG] - Popen(['git', 'rev-parse', '--show-toplevel'], cwd=/home/alesr/Repositories/Omnidrones-PEG, stdin=None, shell=False, universal_newlines=False)
[2025-07-06 11:43:38,999][urllib3.connectionpool][DEBUG] - Starting new HTTPS connection (1): api.wandb.ai:443
[2025-07-06 11:43:39,169][urllib3.connectionpool][DEBUG] - https://api.wandb.ai:443 "POST /graphql HTTP/11" 200 None
[2025-07-06 11:43:39,173][urllib3.connectionpool][DEBUG] - Starting new HTTPS connection (1): api.wandb.ai:443
[2025-07-06 11:43:39,362][urllib3.connectionpool][DEBUG] - https://api.wandb.ai:443 "POST /graphql HTTP/11" 200 None
[2025-07-06 11:43:39,381][git.cmd][DEBUG] - Popen(['git', 'cat-file', '--batch-check'], cwd=/home/alesr/Repositories/Omnidrones-PEG, stdin=<valid stream>, shell=False, universal_newlines=False)
[2025-07-06 11:43:43,567][root][INFO] - Reading pursuer's params from /home/alesr/Repositories/Omnidrones-PEG/omni_drones/robots/assets/usd/hummingbird.yaml.
[2025-07-06 11:43:43,590][root][INFO] - Reading evader's params from /home/alesr/Repositories/Omnidrones-PEG/omni_drones/robots/assets/usd/hummingbird.yaml.
[2025-07-06 11:43:50,012][root][INFO] - Default parameters:
Mass: [[0.6800000071525574]]
Inertia: [[0.007000000681728125, 0.007000000681728125, 0.011999999172985554]]
Thrust2Weight: [[0.8999204039573669, 0.8999204039573669, 0.8999204039573669, 0.8999204039573669]]
Force2Moment: [[62.499996185302734, 62.499996185302734, 62.499996185302734, 62.499996185302734]]
[2025-07-06 11:43:51,030][root][INFO] - Default parameters:
Mass: [[0.6800000071525574]]
Inertia: [[0.007000000681728125, 0.007000000681728125, 0.011999999172985554]]
Thrust2Weight: [[0.8999204039573669, 0.8999204039573669, 0.8999204039573669, 0.8999204039573669]]
Force2Moment: [[62.499996185302734, 62.499996185302734, 62.499996185302734, 62.499996185302734]]
[2025-07-06 11:43:51,075][root][INFO] - Setup randomization:
{'train': {'drag_coef': Uniform(low: 0.0, high: 0.12399999797344208),
           'force2moment': Uniform(low: torch.Size([1, 4]), high: torch.Size([1, 4])),
           'inertia': Uniform(low: torch.Size([1, 3]), high: torch.Size([1, 3])),
           'mass': Uniform(low: tensor([[0.1768]], device='cuda:0'), high: tensor([[1.1832]], device='cuda:0')),
           'thrust2weight': Uniform(low: torch.Size([1, 4]), high: torch.Size([1, 4]))}}
[2025-07-06 11:43:51,079][root][INFO] - Setup randomization:
{'train': {'drag_coef': Uniform(low: 0.0, high: 0.12399999797344208),
           'force2moment': Uniform(low: torch.Size([1, 4]), high: torch.Size([1, 4])),
           'inertia': Uniform(low: torch.Size([1, 3]), high: torch.Size([1, 3])),
           'mass': Uniform(low: tensor([[0.1768]], device='cuda:0'), high: tensor([[1.1832]], device='cuda:0')),
           'thrust2weight': Uniform(low: torch.Size([1, 4]), high: torch.Size([1, 4]))}}
[2025-07-06 11:43:52,220][root][INFO] - Eval at 8192 steps.
[2025-07-06 11:44:08,766][root][INFO] - Saved checkpoint to /home/alesr/Repositories/Omnidrones-PEG/wandb/run-20250706_114339-dy1n5nws/files/checkpoint_8192.pt
[2025-07-06 11:44:08,789][urllib3.connectionpool][DEBUG] - Starting new HTTPS connection (1): api.wandb.ai:443
[2025-07-06 11:44:08,965][urllib3.connectionpool][DEBUG] - https://api.wandb.ai:443 "POST /graphql HTTP/11" 200 None
[2025-07-06 11:45:04,582][root][INFO] - Eval at 417792 steps.
[2025-07-06 11:46:14,099][root][INFO] - Eval at 827392 steps.
[2025-07-06 11:46:30,211][root][INFO] - Saved checkpoint to /home/alesr/Repositories/Omnidrones-PEG/wandb/run-20250706_114339-dy1n5nws/files/checkpoint_827392.pt
[2025-07-06 11:46:30,234][urllib3.connectionpool][DEBUG] - Starting new HTTPS connection (1): api.wandb.ai:443
[2025-07-06 11:46:30,429][urllib3.connectionpool][DEBUG] - https://api.wandb.ai:443 "POST /graphql HTTP/11" 200 None
[2025-07-06 11:47:22,040][root][INFO] - Eval at 1236992 steps.
[2025-07-06 11:47:38,671][root][INFO] - Saved best checkpoint to /home/alesr/Repositories/Omnidrones-PEG/wandb/run-20250706_114339-dy1n5nws/files/checkpoint_best.pt
[2025-07-06 11:47:38,693][urllib3.connectionpool][DEBUG] - Starting new HTTPS connection (1): api.wandb.ai:443
[2025-07-06 11:47:38,875][urllib3.connectionpool][DEBUG] - https://api.wandb.ai:443 "POST /graphql HTTP/11" 200 None
[2025-07-06 11:48:29,809][root][INFO] - Eval at 1646592 steps.
[2025-07-06 11:48:45,991][root][INFO] - Saved checkpoint to /home/alesr/Repositories/Omnidrones-PEG/wandb/run-20250706_114339-dy1n5nws/files/checkpoint_1646592.pt
[2025-07-06 11:48:46,013][urllib3.connectionpool][DEBUG] - Starting new HTTPS connection (1): api.wandb.ai:443
[2025-07-06 11:48:46,193][urllib3.connectionpool][DEBUG] - https://api.wandb.ai:443 "POST /graphql HTTP/11" 200 None
[2025-07-06 11:49:36,650][root][INFO] - Eval at 2056192 steps.
[2025-07-06 11:49:52,345][root][INFO] - Saved best checkpoint to /home/alesr/Repositories/Omnidrones-PEG/wandb/run-20250706_114339-dy1n5nws/files/checkpoint_best.pt
[2025-07-06 11:49:52,363][urllib3.connectionpool][DEBUG] - Starting new HTTPS connection (1): api.wandb.ai:443
[2025-07-06 11:49:52,556][urllib3.connectionpool][DEBUG] - https://api.wandb.ai:443 "POST /graphql HTTP/11" 200 None
[2025-07-06 11:50:40,907][root][INFO] - Eval at 2465792 steps.
[2025-07-06 11:50:56,619][root][INFO] - Saved checkpoint to /home/alesr/Repositories/Omnidrones-PEG/wandb/run-20250706_114339-dy1n5nws/files/checkpoint_2465792.pt
[2025-07-06 11:50:56,641][urllib3.connectionpool][DEBUG] - Starting new HTTPS connection (1): api.wandb.ai:443
[2025-07-06 11:50:56,835][urllib3.connectionpool][DEBUG] - https://api.wandb.ai:443 "POST /graphql HTTP/11" 200 None
[2025-07-06 11:51:47,976][root][INFO] - Eval at 2875392 steps.
[2025-07-06 11:52:55,944][root][INFO] - Eval at 3284992 steps.
[2025-07-06 11:53:11,228][root][INFO] - Saved checkpoint to /home/alesr/Repositories/Omnidrones-PEG/wandb/run-20250706_114339-dy1n5nws/files/checkpoint_3284992.pt
[2025-07-06 11:53:11,250][urllib3.connectionpool][DEBUG] - Starting new HTTPS connection (1): api.wandb.ai:443
[2025-07-06 11:53:11,429][urllib3.connectionpool][DEBUG] - https://api.wandb.ai:443 "POST /graphql HTTP/11" 200 None
[2025-07-06 11:54:00,969][root][INFO] - Eval at 3694592 steps.
[2025-07-06 11:54:17,382][root][INFO] - Saved best checkpoint to /home/alesr/Repositories/Omnidrones-PEG/wandb/run-20250706_114339-dy1n5nws/files/checkpoint_best.pt
[2025-07-06 11:54:17,400][urllib3.connectionpool][DEBUG] - Starting new HTTPS connection (1): api.wandb.ai:443
[2025-07-06 11:54:17,605][urllib3.connectionpool][DEBUG] - https://api.wandb.ai:443 "POST /graphql HTTP/11" 200 None
[2025-07-06 11:55:07,681][root][INFO] - Eval at 4104192 steps.
[2025-07-06 11:55:23,548][root][INFO] - Saved checkpoint to /home/alesr/Repositories/Omnidrones-PEG/wandb/run-20250706_114339-dy1n5nws/files/checkpoint_4104192.pt
[2025-07-06 11:55:23,562][urllib3.connectionpool][DEBUG] - Starting new HTTPS connection (1): api.wandb.ai:443
[2025-07-06 11:55:23,749][urllib3.connectionpool][DEBUG] - https://api.wandb.ai:443 "POST /graphql HTTP/11" 200 None
[2025-07-06 11:56:14,815][root][INFO] - Eval at 4513792 steps.
[2025-07-06 11:57:22,438][root][INFO] - Eval at 4923392 steps.
[2025-07-06 11:57:38,990][root][INFO] - Saved checkpoint to /home/alesr/Repositories/Omnidrones-PEG/wandb/run-20250706_114339-dy1n5nws/files/checkpoint_4923392.pt
[2025-07-06 11:57:39,012][urllib3.connectionpool][DEBUG] - Starting new HTTPS connection (1): api.wandb.ai:443
[2025-07-06 11:57:39,206][urllib3.connectionpool][DEBUG] - https://api.wandb.ai:443 "POST /graphql HTTP/11" 200 None
[2025-07-06 11:58:28,700][root][INFO] - Eval at 5332992 steps.
[2025-07-06 11:59:35,876][root][INFO] - Eval at 5742592 steps.
[2025-07-06 11:59:52,166][root][INFO] - Saved checkpoint to /home/alesr/Repositories/Omnidrones-PEG/wandb/run-20250706_114339-dy1n5nws/files/checkpoint_5742592.pt
[2025-07-06 11:59:52,189][urllib3.connectionpool][DEBUG] - Starting new HTTPS connection (1): api.wandb.ai:443
[2025-07-06 11:59:52,414][urllib3.connectionpool][DEBUG] - https://api.wandb.ai:443 "POST /graphql HTTP/11" 200 None
[2025-07-06 12:00:41,230][root][INFO] - Eval at 6152192 steps.
[2025-07-06 12:01:47,227][root][INFO] - Eval at 6561792 steps.
[2025-07-06 12:02:03,356][root][INFO] - Saved checkpoint to /home/alesr/Repositories/Omnidrones-PEG/wandb/run-20250706_114339-dy1n5nws/files/checkpoint_6561792.pt
[2025-07-06 12:02:03,378][urllib3.connectionpool][DEBUG] - Starting new HTTPS connection (1): api.wandb.ai:443
[2025-07-06 12:02:03,573][urllib3.connectionpool][DEBUG] - https://api.wandb.ai:443 "POST /graphql HTTP/11" 200 None
[2025-07-06 12:02:53,568][root][INFO] - Eval at 6971392 steps.
[2025-07-06 12:03:57,926][root][INFO] - Eval at 7380992 steps.
[2025-07-06 12:04:14,034][root][INFO] - Saved checkpoint to /home/alesr/Repositories/Omnidrones-PEG/wandb/run-20250706_114339-dy1n5nws/files/checkpoint_7380992.pt
[2025-07-06 12:04:14,057][urllib3.connectionpool][DEBUG] - Starting new HTTPS connection (1): api.wandb.ai:443
[2025-07-06 12:04:14,256][urllib3.connectionpool][DEBUG] - https://api.wandb.ai:443 "POST /graphql HTTP/11" 200 None
[2025-07-06 12:05:04,474][root][INFO] - Eval at 7790592 steps.
[2025-07-06 12:05:20,843][root][INFO] - Saved best checkpoint to /home/alesr/Repositories/Omnidrones-PEG/wandb/run-20250706_114339-dy1n5nws/files/checkpoint_best.pt
[2025-07-06 12:05:20,861][urllib3.connectionpool][DEBUG] - Starting new HTTPS connection (1): api.wandb.ai:443
[2025-07-06 12:05:21,063][urllib3.connectionpool][DEBUG] - https://api.wandb.ai:443 "POST /graphql HTTP/11" 200 None
[2025-07-06 12:06:11,402][root][INFO] - Eval at 8200192 steps.
[2025-07-06 12:06:28,387][root][INFO] - Saved checkpoint to /home/alesr/Repositories/Omnidrones-PEG/wandb/run-20250706_114339-dy1n5nws/files/checkpoint_8200192.pt
[2025-07-06 12:06:28,410][urllib3.connectionpool][DEBUG] - Starting new HTTPS connection (1): api.wandb.ai:443
[2025-07-06 12:06:28,606][urllib3.connectionpool][DEBUG] - https://api.wandb.ai:443 "POST /graphql HTTP/11" 200 None
[2025-07-06 12:07:17,850][root][INFO] - Eval at 8609792 steps.
[2025-07-06 12:08:25,816][root][INFO] - Eval at 9019392 steps.
[2025-07-06 12:08:42,286][root][INFO] - Saved checkpoint to /home/alesr/Repositories/Omnidrones-PEG/wandb/run-20250706_114339-dy1n5nws/files/checkpoint_9019392.pt
[2025-07-06 12:08:42,311][urllib3.connectionpool][DEBUG] - Starting new HTTPS connection (1): api.wandb.ai:443
[2025-07-06 12:08:42,508][urllib3.connectionpool][DEBUG] - https://api.wandb.ai:443 "POST /graphql HTTP/11" 200 None
[2025-07-06 12:09:32,320][root][INFO] - Eval at 9428992 steps.
[2025-07-06 12:10:37,286][root][INFO] - Eval at 9838592 steps.
[2025-07-06 12:10:52,950][root][INFO] - Saved checkpoint to /home/alesr/Repositories/Omnidrones-PEG/wandb/run-20250706_114339-dy1n5nws/files/checkpoint_9838592.pt
[2025-07-06 12:10:52,972][urllib3.connectionpool][DEBUG] - Starting new HTTPS connection (1): api.wandb.ai:443
[2025-07-06 12:10:53,167][urllib3.connectionpool][DEBUG] - https://api.wandb.ai:443 "POST /graphql HTTP/11" 200 None
[2025-07-06 12:11:42,858][root][INFO] - Eval at 10248192 steps.
[2025-07-06 12:12:48,044][root][INFO] - Eval at 10657792 steps.
[2025-07-06 12:13:04,140][root][INFO] - Saved checkpoint to /home/alesr/Repositories/Omnidrones-PEG/wandb/run-20250706_114339-dy1n5nws/files/checkpoint_10657792.pt
[2025-07-06 12:13:04,162][urllib3.connectionpool][DEBUG] - Starting new HTTPS connection (1): api.wandb.ai:443
[2025-07-06 12:13:04,342][urllib3.connectionpool][DEBUG] - https://api.wandb.ai:443 "POST /graphql HTTP/11" 200 None
[2025-07-06 12:13:54,750][root][INFO] - Eval at 11067392 steps.
[2025-07-06 12:15:01,325][root][INFO] - Eval at 11476992 steps.
[2025-07-06 12:15:17,594][root][INFO] - Saved checkpoint to /home/alesr/Repositories/Omnidrones-PEG/wandb/run-20250706_114339-dy1n5nws/files/checkpoint_11476992.pt
[2025-07-06 12:15:17,617][urllib3.connectionpool][DEBUG] - Starting new HTTPS connection (1): api.wandb.ai:443
[2025-07-06 12:15:17,794][urllib3.connectionpool][DEBUG] - https://api.wandb.ai:443 "POST /graphql HTTP/11" 200 None
[2025-07-06 12:16:08,801][root][INFO] - Eval at 11886592 steps.
[2025-07-06 12:17:17,536][root][INFO] - Eval at 12296192 steps.
[2025-07-06 12:17:33,212][root][INFO] - Saved checkpoint to /home/alesr/Repositories/Omnidrones-PEG/wandb/run-20250706_114339-dy1n5nws/files/checkpoint_12296192.pt
[2025-07-06 12:17:33,234][urllib3.connectionpool][DEBUG] - Starting new HTTPS connection (1): api.wandb.ai:443
[2025-07-06 12:17:33,429][urllib3.connectionpool][DEBUG] - https://api.wandb.ai:443 "POST /graphql HTTP/11" 200 None
[2025-07-06 12:18:24,418][root][INFO] - Eval at 12705792 steps.
[2025-07-06 12:19:29,670][root][INFO] - Eval at 13115392 steps.
[2025-07-06 12:19:45,403][root][INFO] - Saved checkpoint to /home/alesr/Repositories/Omnidrones-PEG/wandb/run-20250706_114339-dy1n5nws/files/checkpoint_13115392.pt
[2025-07-06 12:19:45,425][urllib3.connectionpool][DEBUG] - Starting new HTTPS connection (1): api.wandb.ai:443
[2025-07-06 12:19:45,627][urllib3.connectionpool][DEBUG] - https://api.wandb.ai:443 "POST /graphql HTTP/11" 200 None
[2025-07-06 12:20:36,197][root][INFO] - Eval at 13524992 steps.
[2025-07-06 12:21:42,556][root][INFO] - Eval at 13934592 steps.
[2025-07-06 12:21:58,490][root][INFO] - Saved checkpoint to /home/alesr/Repositories/Omnidrones-PEG/wandb/run-20250706_114339-dy1n5nws/files/checkpoint_13934592.pt
[2025-07-06 12:21:58,513][urllib3.connectionpool][DEBUG] - Starting new HTTPS connection (1): api.wandb.ai:443
[2025-07-06 12:21:58,707][urllib3.connectionpool][DEBUG] - https://api.wandb.ai:443 "POST /graphql HTTP/11" 200 None
[2025-07-06 12:22:47,975][root][INFO] - Eval at 14344192 steps.
[2025-07-06 12:23:54,203][root][INFO] - Eval at 14753792 steps.
[2025-07-06 12:24:09,718][root][INFO] - Saved checkpoint to /home/alesr/Repositories/Omnidrones-PEG/wandb/run-20250706_114339-dy1n5nws/files/checkpoint_14753792.pt
[2025-07-06 12:24:09,740][urllib3.connectionpool][DEBUG] - Starting new HTTPS connection (1): api.wandb.ai:443
[2025-07-06 12:24:09,930][urllib3.connectionpool][DEBUG] - https://api.wandb.ai:443 "POST /graphql HTTP/11" 200 None
[2025-07-06 12:25:01,227][root][INFO] - Eval at 15163392 steps.
[2025-07-06 12:26:08,971][root][INFO] - Eval at 15572992 steps.
[2025-07-06 12:26:25,664][root][INFO] - Saved checkpoint to /home/alesr/Repositories/Omnidrones-PEG/wandb/run-20250706_114339-dy1n5nws/files/checkpoint_15572992.pt
[2025-07-06 12:26:25,686][urllib3.connectionpool][DEBUG] - Starting new HTTPS connection (1): api.wandb.ai:443
[2025-07-06 12:26:25,896][urllib3.connectionpool][DEBUG] - https://api.wandb.ai:443 "POST /graphql HTTP/11" 200 None
[2025-07-06 12:27:16,657][root][INFO] - Eval at 15982592 steps.
[2025-07-06 12:28:23,420][root][INFO] - Eval at 16392192 steps.
[2025-07-06 12:28:38,672][root][INFO] - Saved checkpoint to /home/alesr/Repositories/Omnidrones-PEG/wandb/run-20250706_114339-dy1n5nws/files/checkpoint_16392192.pt
[2025-07-06 12:28:38,694][urllib3.connectionpool][DEBUG] - Starting new HTTPS connection (1): api.wandb.ai:443
[2025-07-06 12:28:38,883][urllib3.connectionpool][DEBUG] - https://api.wandb.ai:443 "POST /graphql HTTP/11" 200 None
[2025-07-06 12:29:28,562][root][INFO] - Eval at 16801792 steps.
[2025-07-06 12:30:33,471][root][INFO] - Eval at 17211392 steps.
[2025-07-06 12:30:49,162][root][INFO] - Saved checkpoint to /home/alesr/Repositories/Omnidrones-PEG/wandb/run-20250706_114339-dy1n5nws/files/checkpoint_17211392.pt
[2025-07-06 12:30:49,184][urllib3.connectionpool][DEBUG] - Starting new HTTPS connection (1): api.wandb.ai:443
[2025-07-06 12:30:49,390][urllib3.connectionpool][DEBUG] - https://api.wandb.ai:443 "POST /graphql HTTP/11" 200 None
[2025-07-06 12:31:38,589][root][INFO] - Eval at 17620992 steps.
[2025-07-06 12:32:43,105][root][INFO] - Eval at 18030592 steps.
[2025-07-06 12:32:58,765][root][INFO] - Saved checkpoint to /home/alesr/Repositories/Omnidrones-PEG/wandb/run-20250706_114339-dy1n5nws/files/checkpoint_18030592.pt
[2025-07-06 12:32:58,788][urllib3.connectionpool][DEBUG] - Starting new HTTPS connection (1): api.wandb.ai:443
[2025-07-06 12:32:58,983][urllib3.connectionpool][DEBUG] - https://api.wandb.ai:443 "POST /graphql HTTP/11" 200 None
[2025-07-06 12:33:47,920][root][INFO] - Eval at 18440192 steps.
[2025-07-06 12:34:52,631][root][INFO] - Eval at 18849792 steps.
[2025-07-06 12:35:08,193][root][INFO] - Saved checkpoint to /home/alesr/Repositories/Omnidrones-PEG/wandb/run-20250706_114339-dy1n5nws/files/checkpoint_18849792.pt
[2025-07-06 12:35:08,216][urllib3.connectionpool][DEBUG] - Starting new HTTPS connection (1): api.wandb.ai:443
[2025-07-06 12:35:08,408][urllib3.connectionpool][DEBUG] - https://api.wandb.ai:443 "POST /graphql HTTP/11" 200 None
[2025-07-06 12:35:58,928][root][INFO] - Eval at 19259392 steps.
[2025-07-06 12:37:04,414][root][INFO] - Eval at 19668992 steps.
[2025-07-06 12:37:19,557][root][INFO] - Saved checkpoint to /home/alesr/Repositories/Omnidrones-PEG/wandb/run-20250706_114339-dy1n5nws/files/checkpoint_19668992.pt
[2025-07-06 12:37:19,579][urllib3.connectionpool][DEBUG] - Starting new HTTPS connection (1): api.wandb.ai:443
[2025-07-06 12:37:19,775][urllib3.connectionpool][DEBUG] - https://api.wandb.ai:443 "POST /graphql HTTP/11" 200 None
[2025-07-06 12:37:58,110][root][INFO] - Final Eval at 19996672 steps.
[2025-07-06 12:38:14,073][urllib3.connectionpool][DEBUG] - Starting new HTTPS connection (1): api.wandb.ai:443
[2025-07-06 12:38:14,261][urllib3.connectionpool][DEBUG] - https://api.wandb.ai:443 "POST /graphql HTTP/11" 200 None
[2025-07-06 12:38:14,266][root][INFO] - Saved checkpoint to /home/alesr/Repositories/Omnidrones-PEG/wandb/run-20250706_114339-dy1n5nws/files/checkpoint_final.pt
