[2025-07-09 14:03:50,495][asyncio][DEBUG] - Using selector: EpollSelector
[2025-07-09 14:03:51,289][omni.kit.telemetry.impl.sentry_extension][INFO] - sentry is disabled for external build
[2025-07-09 14:03:51,290][omni.kit.telemetry.impl.sentry_extension][INFO] - sentry is disabled for external build
[2025-07-09 14:03:55,846][AutoNode][DEBUG] - Defining data type 'any' as 'Any'
[2025-07-09 14:03:55,846][AutoNode][DEBUG] - Defining data type 'bool' as 'Bool' and array 'BoolArray
[2025-07-09 14:03:55,847][AutoNode][DEBUG] - Defining data type 'bundle' as 'Bundle'
[2025-07-09 14:03:55,847][AutoNode][DEBUG] - Defining data type 'colord[3]' as 'Color3d' and array 'Color3dArray
[2025-07-09 14:03:55,847][AutoNode][DEBUG] - Defining data type 'colorf[3]' as 'Color3f' and array 'Color3fArray
[2025-07-09 14:03:55,847][AutoNode][DEBUG] - Defining data type 'colorh[3]' as 'Color3h' and array 'Color3hArray
[2025-07-09 14:03:55,847][AutoNode][DEBUG] - Defining data type 'colord[4]' as 'Color4d' and array 'Color4dArray
[2025-07-09 14:03:55,847][AutoNode][DEBUG] - Defining data type 'colorf[4]' as 'Color4f' and array 'Color4fArray
[2025-07-09 14:03:55,847][AutoNode][DEBUG] - Defining data type 'colorh[4]' as 'Color4h' and array 'Color4hArray
[2025-07-09 14:03:55,847][AutoNode][DEBUG] - Defining data type 'double' as 'Double' and array 'DoubleArray
[2025-07-09 14:03:55,847][AutoNode][DEBUG] - Defining data type 'double[2]' as 'Double2' and array 'Double2Array
[2025-07-09 14:03:55,847][AutoNode][DEBUG] - Defining data type 'double[3]' as 'Double3' and array 'Double3Array
[2025-07-09 14:03:55,847][AutoNode][DEBUG] - Defining data type 'double[4]' as 'Double4' and array 'Double4Array
[2025-07-09 14:03:55,848][AutoNode][DEBUG] - Defining data type 'execution' as 'Execution'
[2025-07-09 14:03:55,848][AutoNode][DEBUG] - Defining data type 'float' as 'Float' and array 'FloatArray
[2025-07-09 14:03:55,848][AutoNode][DEBUG] - Defining data type 'float[2]' as 'Float2' and array 'Float2Array
[2025-07-09 14:03:55,848][AutoNode][DEBUG] - Defining data type 'float[3]' as 'Float3' and array 'Float3Array
[2025-07-09 14:03:55,848][AutoNode][DEBUG] - Defining data type 'float[4]' as 'Float4' and array 'Float4Array
[2025-07-09 14:03:55,848][AutoNode][DEBUG] - Defining data type 'frame[4]' as 'Frame' and array 'FrameArray
[2025-07-09 14:03:55,848][AutoNode][DEBUG] - Defining data type 'half' as 'Half' and array 'HalfArray
[2025-07-09 14:03:55,848][AutoNode][DEBUG] - Defining data type 'half[2]' as 'Half2' and array 'Half2Array
[2025-07-09 14:03:55,848][AutoNode][DEBUG] - Defining data type 'half[3]' as 'Half3' and array 'Half3Array
[2025-07-09 14:03:55,848][AutoNode][DEBUG] - Defining data type 'half[4]' as 'Half4' and array 'Half4Array
[2025-07-09 14:03:55,848][AutoNode][DEBUG] - Defining data type 'int' as 'Int' and array 'IntArray
[2025-07-09 14:03:55,848][AutoNode][DEBUG] - Defining data type 'int[2]' as 'Int2' and array 'Int2Array
[2025-07-09 14:03:55,848][AutoNode][DEBUG] - Defining data type 'int[3]' as 'Int3' and array 'Int3Array
[2025-07-09 14:03:55,849][AutoNode][DEBUG] - Defining data type 'int[4]' as 'Int4' and array 'Int4Array
[2025-07-09 14:03:55,849][AutoNode][DEBUG] - Defining data type 'int64' as 'Int64' and array 'Int64Array
[2025-07-09 14:03:55,849][AutoNode][DEBUG] - Defining data type 'matrixd[2]' as 'Matrix2d' and array 'Matrix2dArray
[2025-07-09 14:03:55,849][AutoNode][DEBUG] - Defining data type 'matrixd[3]' as 'Matrix3d' and array 'Matrix3dArray
[2025-07-09 14:03:55,849][AutoNode][DEBUG] - Defining data type 'matrixd[4]' as 'Matrix4d' and array 'Matrix4dArray
[2025-07-09 14:03:55,849][AutoNode][DEBUG] - Defining data type 'normald[3]' as 'Normal3d' and array 'Normal3dArray
[2025-07-09 14:03:55,849][AutoNode][DEBUG] - Defining data type 'normalf[3]' as 'Normal3f' and array 'Normal3fArray
[2025-07-09 14:03:55,849][AutoNode][DEBUG] - Defining data type 'normalh[3]' as 'Normal3h' and array 'Normal3hArray
[2025-07-09 14:03:55,849][AutoNode][DEBUG] - Defining data type 'objectId' as 'ObjectId' and array 'ObjectIdArray
[2025-07-09 14:03:55,849][AutoNode][DEBUG] - Defining data type 'path' as 'Path'
[2025-07-09 14:03:55,849][AutoNode][DEBUG] - Defining data type 'pointd[3]' as 'Point3d' and array 'Point3dArray
[2025-07-09 14:03:55,849][AutoNode][DEBUG] - Defining data type 'pointf[3]' as 'Point3f' and array 'Point3fArray
[2025-07-09 14:03:55,850][AutoNode][DEBUG] - Defining data type 'pointh[3]' as 'Point3h' and array 'Point3hArray
[2025-07-09 14:03:55,850][AutoNode][DEBUG] - Defining data type 'quatd[4]' as 'Quatd' and array 'QuatdArray
[2025-07-09 14:03:55,850][AutoNode][DEBUG] - Defining data type 'quatf[4]' as 'Quatf' and array 'QuatfArray
[2025-07-09 14:03:55,850][AutoNode][DEBUG] - Defining data type 'quath[4]' as 'Quath' and array 'QuathArray
[2025-07-09 14:03:55,850][AutoNode][DEBUG] - Defining data type 'string' as 'String'
[2025-07-09 14:03:55,850][AutoNode][DEBUG] - Defining data type 'target' as 'Target'
[2025-07-09 14:03:55,850][AutoNode][DEBUG] - Defining data type 'texcoordd[2]' as 'TexCoord2d' and array 'TexCoord2dArray
[2025-07-09 14:03:55,850][AutoNode][DEBUG] - Defining data type 'texcoordf[2]' as 'TexCoord2f' and array 'TexCoord2fArray
[2025-07-09 14:03:55,850][AutoNode][DEBUG] - Defining data type 'texcoordh[2]' as 'TexCoord2h' and array 'TexCoord2hArray
[2025-07-09 14:03:55,850][AutoNode][DEBUG] - Defining data type 'texcoordd[3]' as 'TexCoord3d' and array 'TexCoord3dArray
[2025-07-09 14:03:55,850][AutoNode][DEBUG] - Defining data type 'texcoordf[3]' as 'TexCoord3f' and array 'TexCoord3fArray
[2025-07-09 14:03:55,850][AutoNode][DEBUG] - Defining data type 'texcoordh[3]' as 'TexCoord3h' and array 'TexCoord3hArray
[2025-07-09 14:03:55,850][AutoNode][DEBUG] - Defining data type 'timecode' as 'Timecode' and array 'TimecodeArray
[2025-07-09 14:03:55,851][AutoNode][DEBUG] - Defining data type 'token' as 'Token' and array 'TokenArray
[2025-07-09 14:03:55,851][AutoNode][DEBUG] - Defining data type 'uchar' as 'UChar' and array 'UCharArray
[2025-07-09 14:03:55,851][AutoNode][DEBUG] - Defining data type 'uint' as 'UInt' and array 'UIntArray
[2025-07-09 14:03:55,851][AutoNode][DEBUG] - Defining data type 'uint64' as 'UInt64' and array 'UInt64Array
[2025-07-09 14:03:55,851][AutoNode][DEBUG] - Defining data type 'vectord[3]' as 'Vector3d' and array 'Vector3dArray
[2025-07-09 14:03:55,851][AutoNode][DEBUG] - Defining data type 'vectorf[3]' as 'Vector3f' and array 'Vector3fArray
[2025-07-09 14:03:55,851][AutoNode][DEBUG] - Defining data type 'vectorh[3]' as 'Vector3h' and array 'Vector3hArray
[2025-07-09 14:03:59,311][omni.kit.profiler.window][WARNING] - remove _SpanInstance.__lt__ and use insort 'key' arg instead
[2025-07-09 14:04:03,812][git.cmd][DEBUG] - Popen(['git', 'rev-parse', '--show-toplevel'], cwd=/home/alesr/Repositories/Omnidrones-PEG, stdin=None, shell=False, universal_newlines=False)
[2025-07-09 14:04:04,025][urllib3.connectionpool][DEBUG] - Starting new HTTPS connection (1): api.wandb.ai:443
[2025-07-09 14:04:04,217][urllib3.connectionpool][DEBUG] - https://api.wandb.ai:443 "POST /graphql HTTP/11" 200 None
[2025-07-09 14:04:04,222][urllib3.connectionpool][DEBUG] - Starting new HTTPS connection (1): api.wandb.ai:443
[2025-07-09 14:04:04,418][urllib3.connectionpool][DEBUG] - https://api.wandb.ai:443 "POST /graphql HTTP/11" 200 None
[2025-07-09 14:04:04,436][git.cmd][DEBUG] - Popen(['git', 'cat-file', '--batch-check'], cwd=/home/alesr/Repositories/Omnidrones-PEG, stdin=<valid stream>, shell=False, universal_newlines=False)
[2025-07-09 14:04:09,075][matplotlib][DEBUG] - matplotlib data path: /home/alesr/.local/share/ov/pkg/isaac-sim-4.1.0/exts/omni.isaac.core_archive/pip_prebundle/matplotlib/mpl-data
[2025-07-09 14:04:09,084][matplotlib][DEBUG] - CONFIGDIR=/home/alesr/.config/matplotlib
[2025-07-09 14:04:09,087][matplotlib][DEBUG] - interactive is False
[2025-07-09 14:04:09,087][matplotlib][DEBUG] - platform is linux
[2025-07-09 14:04:09,148][matplotlib][DEBUG] - CACHEDIR=/home/alesr/.cache/matplotlib
[2025-07-09 14:04:09,150][matplotlib.font_manager][DEBUG] - Using fontManager instance from /home/alesr/.cache/matplotlib/fontlist-v330.json
[2025-07-09 14:04:09,664][root][INFO] - Reading pursuer's params from /home/alesr/Repositories/Omnidrones-PEG/omni_drones/robots/assets/usd/hummingbird.yaml.
[2025-07-09 14:04:09,703][root][INFO] - Reading evader's params from /home/alesr/Repositories/Omnidrones-PEG/omni_drones/robots/assets/usd/hummingbird.yaml.
[2025-07-09 14:04:13,152][root][INFO] - Default parameters:
Mass: [[0.6800000071525574]]
Inertia: [[0.007000000681728125, 0.007000000681728125, 0.011999999172985554]]
Thrust2Weight: [[0.8999204039573669, 0.8999204039573669, 0.8999204039573669, 0.8999204039573669]]
Force2Moment: [[62.499996185302734, 62.499996185302734, 62.499996185302734, 62.499996185302734]]
[2025-07-09 14:04:13,169][root][INFO] - Default parameters:
Mass: [[0.6800000071525574]]
Inertia: [[0.007000000681728125, 0.007000000681728125, 0.011999999172985554]]
Thrust2Weight: [[0.8999204039573669, 0.8999204039573669, 0.8999204039573669, 0.8999204039573669]]
Force2Moment: [[62.499996185302734, 62.499996185302734, 62.499996185302734, 62.499996185302734]]
[2025-07-09 14:04:13,284][urllib3.connectionpool][DEBUG] - Starting new HTTPS connection (1): api.wandb.ai:443
[2025-07-09 14:04:13,469][urllib3.connectionpool][DEBUG] - https://api.wandb.ai:443 "POST /graphql HTTP/11" 200 None
[2025-07-09 14:04:13,473][urllib3.connectionpool][DEBUG] - Starting new HTTPS connection (1): api.wandb.ai:443
[2025-07-09 14:04:13,653][urllib3.connectionpool][DEBUG] - https://api.wandb.ai:443 "POST /graphql HTTP/11" 200 None
[2025-07-09 14:04:13,658][urllib3.connectionpool][DEBUG] - Starting new HTTPS connection (1): api.wandb.ai:443
[2025-07-09 14:04:13,889][urllib3.connectionpool][DEBUG] - https://api.wandb.ai:443 "POST /graphql HTTP/11" 200 None
[2025-07-09 14:04:13,895][urllib3.connectionpool][DEBUG] - Starting new HTTPS connection (1): api.wandb.ai:443
[2025-07-09 14:04:14,096][urllib3.connectionpool][DEBUG] - https://api.wandb.ai:443 "POST /graphql HTTP/11" 200 None
[2025-07-09 14:04:14,100][urllib3.connectionpool][DEBUG] - Starting new HTTPS connection (1): storage.googleapis.com:443
[2025-07-09 14:04:14,321][urllib3.connectionpool][DEBUG] - https://storage.googleapis.com:443 "GET /wandb-production.appspot.com/alesr_kth/PEG/b5l1ksdg/artifact/1867882798/wandb_manifest.json?X-Goog-Algorithm=GOOG4-RSA-SHA256&X-Goog-Credential=gorilla-files-url-signer-man%40wandb-production.iam.gserviceaccount.com%2F20250709%2Fauto%2Fstorage%2Fgoog4_request&X-Goog-Date=20250709T120414Z&X-Goog-Expires=3599&X-Goog-Signature=55dcad9fd0e5850edcb3666fc77fd1733a7de4ce307cbd190ad57061e34a6945671cf1637868c1e4b918eb7bb4d960f9c9cbfb4128363d2ca16494b8fdd9be673a5801620af3ba53d32108a323902e546ec6a172f77acb5f341b8f4a7798e888984e08ec6ac6374bd737718dc573532096c46883f0b5303dac9f1e9778d93f28835373f8a4e096016f370acd7501e1d29747f9fa0efad0e41dac1d5836fb7c6f29fac1c67c8b47b0bf2d642e30aac48390754dccba736ebfb3b1492744787ec1c7357edab489bf5ed28d740dc830bdc18c7a40b5795670dfe1066560a73a1547125880e3a15d2ac3c96ba4ce58a2e5287805c66a4074061010ec468f1ad8a069&X-Goog-SignedHeaders=host&X-User=alesr HTTP/11" 200 343
[2025-07-09 14:04:14,439][matplotlib.pyplot][DEBUG] - Loaded backend tkagg version 8.6.
