[2025-07-11 16:52:18,294][asyncio][DEBUG] - Using selector: EpollSelector
[2025-07-11 16:52:19,119][omni.kit.telemetry.impl.sentry_extension][INFO] - sentry is disabled for external build
[2025-07-11 16:52:19,119][omni.kit.telemetry.impl.sentry_extension][INFO] - sentry is disabled for external build
[2025-07-11 16:52:19,944][AutoNode][DEBUG] - Defining data type 'any' as 'Any'
[2025-07-11 16:52:19,944][AutoNode][DEBUG] - Defining data type 'bool' as 'Bool' and array 'BoolArray
[2025-07-11 16:52:19,944][AutoNode][DEBUG] - Defining data type 'bundle' as 'Bundle'
[2025-07-11 16:52:19,944][AutoNode][DEBUG] - Defining data type 'colord[3]' as 'Color3d' and array 'Color3dArray
[2025-07-11 16:52:19,944][AutoNode][DEBUG] - Defining data type 'colorf[3]' as 'Color3f' and array 'Color3fArray
[2025-07-11 16:52:19,944][AutoNode][DEBUG] - Defining data type 'colorh[3]' as 'Color3h' and array 'Color3hArray
[2025-07-11 16:52:19,944][AutoNode][DEBUG] - Defining data type 'colord[4]' as 'Color4d' and array 'Color4dArray
[2025-07-11 16:52:19,944][AutoNode][DEBUG] - Defining data type 'colorf[4]' as 'Color4f' and array 'Color4fArray
[2025-07-11 16:52:19,944][AutoNode][DEBUG] - Defining data type 'colorh[4]' as 'Color4h' and array 'Color4hArray
[2025-07-11 16:52:19,944][AutoNode][DEBUG] - Defining data type 'double' as 'Double' and array 'DoubleArray
[2025-07-11 16:52:19,944][AutoNode][DEBUG] - Defining data type 'double[2]' as 'Double2' and array 'Double2Array
[2025-07-11 16:52:19,944][AutoNode][DEBUG] - Defining data type 'double[3]' as 'Double3' and array 'Double3Array
[2025-07-11 16:52:19,944][AutoNode][DEBUG] - Defining data type 'double[4]' as 'Double4' and array 'Double4Array
[2025-07-11 16:52:19,944][AutoNode][DEBUG] - Defining data type 'execution' as 'Execution'
[2025-07-11 16:52:19,944][AutoNode][DEBUG] - Defining data type 'float' as 'Float' and array 'FloatArray
[2025-07-11 16:52:19,944][AutoNode][DEBUG] - Defining data type 'float[2]' as 'Float2' and array 'Float2Array
[2025-07-11 16:52:19,945][AutoNode][DEBUG] - Defining data type 'float[3]' as 'Float3' and array 'Float3Array
[2025-07-11 16:52:19,945][AutoNode][DEBUG] - Defining data type 'float[4]' as 'Float4' and array 'Float4Array
[2025-07-11 16:52:19,945][AutoNode][DEBUG] - Defining data type 'frame[4]' as 'Frame' and array 'FrameArray
[2025-07-11 16:52:19,945][AutoNode][DEBUG] - Defining data type 'half' as 'Half' and array 'HalfArray
[2025-07-11 16:52:19,945][AutoNode][DEBUG] - Defining data type 'half[2]' as 'Half2' and array 'Half2Array
[2025-07-11 16:52:19,945][AutoNode][DEBUG] - Defining data type 'half[3]' as 'Half3' and array 'Half3Array
[2025-07-11 16:52:19,945][AutoNode][DEBUG] - Defining data type 'half[4]' as 'Half4' and array 'Half4Array
[2025-07-11 16:52:19,945][AutoNode][DEBUG] - Defining data type 'int' as 'Int' and array 'IntArray
[2025-07-11 16:52:19,945][AutoNode][DEBUG] - Defining data type 'int[2]' as 'Int2' and array 'Int2Array
[2025-07-11 16:52:19,945][AutoNode][DEBUG] - Defining data type 'int[3]' as 'Int3' and array 'Int3Array
[2025-07-11 16:52:19,945][AutoNode][DEBUG] - Defining data type 'int[4]' as 'Int4' and array 'Int4Array
[2025-07-11 16:52:19,945][AutoNode][DEBUG] - Defining data type 'int64' as 'Int64' and array 'Int64Array
[2025-07-11 16:52:19,945][AutoNode][DEBUG] - Defining data type 'matrixd[2]' as 'Matrix2d' and array 'Matrix2dArray
[2025-07-11 16:52:19,945][AutoNode][DEBUG] - Defining data type 'matrixd[3]' as 'Matrix3d' and array 'Matrix3dArray
[2025-07-11 16:52:19,945][AutoNode][DEBUG] - Defining data type 'matrixd[4]' as 'Matrix4d' and array 'Matrix4dArray
[2025-07-11 16:52:19,945][AutoNode][DEBUG] - Defining data type 'normald[3]' as 'Normal3d' and array 'Normal3dArray
[2025-07-11 16:52:19,945][AutoNode][DEBUG] - Defining data type 'normalf[3]' as 'Normal3f' and array 'Normal3fArray
[2025-07-11 16:52:19,945][AutoNode][DEBUG] - Defining data type 'normalh[3]' as 'Normal3h' and array 'Normal3hArray
[2025-07-11 16:52:19,945][AutoNode][DEBUG] - Defining data type 'objectId' as 'ObjectId' and array 'ObjectIdArray
[2025-07-11 16:52:19,945][AutoNode][DEBUG] - Defining data type 'path' as 'Path'
[2025-07-11 16:52:19,945][AutoNode][DEBUG] - Defining data type 'pointd[3]' as 'Point3d' and array 'Point3dArray
[2025-07-11 16:52:19,945][AutoNode][DEBUG] - Defining data type 'pointf[3]' as 'Point3f' and array 'Point3fArray
[2025-07-11 16:52:19,945][AutoNode][DEBUG] - Defining data type 'pointh[3]' as 'Point3h' and array 'Point3hArray
[2025-07-11 16:52:19,945][AutoNode][DEBUG] - Defining data type 'quatd[4]' as 'Quatd' and array 'QuatdArray
[2025-07-11 16:52:19,945][AutoNode][DEBUG] - Defining data type 'quatf[4]' as 'Quatf' and array 'QuatfArray
[2025-07-11 16:52:19,945][AutoNode][DEBUG] - Defining data type 'quath[4]' as 'Quath' and array 'QuathArray
[2025-07-11 16:52:19,945][AutoNode][DEBUG] - Defining data type 'string' as 'String'
[2025-07-11 16:52:19,945][AutoNode][DEBUG] - Defining data type 'target' as 'Target'
[2025-07-11 16:52:19,945][AutoNode][DEBUG] - Defining data type 'texcoordd[2]' as 'TexCoord2d' and array 'TexCoord2dArray
[2025-07-11 16:52:19,945][AutoNode][DEBUG] - Defining data type 'texcoordf[2]' as 'TexCoord2f' and array 'TexCoord2fArray
[2025-07-11 16:52:19,945][AutoNode][DEBUG] - Defining data type 'texcoordh[2]' as 'TexCoord2h' and array 'TexCoord2hArray
[2025-07-11 16:52:19,945][AutoNode][DEBUG] - Defining data type 'texcoordd[3]' as 'TexCoord3d' and array 'TexCoord3dArray
[2025-07-11 16:52:19,945][AutoNode][DEBUG] - Defining data type 'texcoordf[3]' as 'TexCoord3f' and array 'TexCoord3fArray
[2025-07-11 16:52:19,945][AutoNode][DEBUG] - Defining data type 'texcoordh[3]' as 'TexCoord3h' and array 'TexCoord3hArray
[2025-07-11 16:52:19,945][AutoNode][DEBUG] - Defining data type 'timecode' as 'Timecode' and array 'TimecodeArray
[2025-07-11 16:52:19,945][AutoNode][DEBUG] - Defining data type 'token' as 'Token' and array 'TokenArray
[2025-07-11 16:52:19,945][AutoNode][DEBUG] - Defining data type 'uchar' as 'UChar' and array 'UCharArray
[2025-07-11 16:52:19,945][AutoNode][DEBUG] - Defining data type 'uint' as 'UInt' and array 'UIntArray
[2025-07-11 16:52:19,946][AutoNode][DEBUG] - Defining data type 'uint64' as 'UInt64' and array 'UInt64Array
[2025-07-11 16:52:19,946][AutoNode][DEBUG] - Defining data type 'vectord[3]' as 'Vector3d' and array 'Vector3dArray
[2025-07-11 16:52:19,946][AutoNode][DEBUG] - Defining data type 'vectorf[3]' as 'Vector3f' and array 'Vector3fArray
[2025-07-11 16:52:19,946][AutoNode][DEBUG] - Defining data type 'vectorh[3]' as 'Vector3h' and array 'Vector3hArray
[2025-07-11 16:52:21,699][omni.kit.profiler.window][WARNING] - remove _SpanInstance.__lt__ and use insort 'key' arg instead
[2025-07-11 16:52:25,334][git.cmd][DEBUG] - Popen(['git', 'rev-parse', '--show-toplevel'], cwd=/home/alesr/Repositories/Omnidrones-PEG, stdin=None, shell=False, universal_newlines=False)
[2025-07-11 16:52:25,427][urllib3.connectionpool][DEBUG] - Starting new HTTPS connection (1): api.wandb.ai:443
[2025-07-11 16:52:25,632][urllib3.connectionpool][DEBUG] - https://api.wandb.ai:443 "POST /graphql HTTP/11" 200 None
[2025-07-11 16:52:25,634][urllib3.connectionpool][DEBUG] - Starting new HTTPS connection (1): api.wandb.ai:443
[2025-07-11 16:52:25,847][urllib3.connectionpool][DEBUG] - https://api.wandb.ai:443 "POST /graphql HTTP/11" 200 None
[2025-07-11 16:52:25,867][git.cmd][DEBUG] - Popen(['git', 'cat-file', '--batch-check'], cwd=/home/alesr/Repositories/Omnidrones-PEG, stdin=<valid stream>, shell=False, universal_newlines=False)
[2025-07-11 16:52:28,928][root][INFO] - Reading pursuer's params from /home/alesr/Repositories/Omnidrones-PEG/omni_drones/robots/assets/usd/hummingbird.yaml.
[2025-07-11 16:52:28,942][root][INFO] - Reading evader's params from /home/alesr/Repositories/Omnidrones-PEG/omni_drones/robots/assets/usd/hummingbird.yaml.
[2025-07-11 16:52:35,248][root][INFO] - Default parameters:
Mass: [[0.6800000071525574]]
Inertia: [[0.007000000681728125, 0.007000000681728125, 0.011999999172985554]]
Thrust2Weight: [[0.8999204039573669, 0.8999204039573669, 0.8999204039573669, 0.8999204039573669]]
Force2Moment: [[62.499996185302734, 62.499996185302734, 62.499996185302734, 62.499996185302734]]
[2025-07-11 16:52:36,037][root][INFO] - Default parameters:
Mass: [[0.6800000071525574]]
Inertia: [[0.007000000681728125, 0.007000000681728125, 0.011999999172985554]]
Thrust2Weight: [[0.8999204039573669, 0.8999204039573669, 0.8999204039573669, 0.8999204039573669]]
Force2Moment: [[62.499996185302734, 62.499996185302734, 62.499996185302734, 62.499996185302734]]
[2025-07-11 16:52:36,079][root][INFO] - Setup randomization:
{'train': {'drag_coef': Uniform(low: 0.0, high: 0.12399999797344208),
           'force2moment': Uniform(low: torch.Size([1, 4]), high: torch.Size([1, 4])),
           'inertia': Uniform(low: torch.Size([1, 3]), high: torch.Size([1, 3])),
           'mass': Uniform(low: tensor([[0.1768]], device='cuda:0'), high: tensor([[1.1832]], device='cuda:0')),
           'thrust2weight': Uniform(low: torch.Size([1, 4]), high: torch.Size([1, 4]))}}
[2025-07-11 16:52:36,085][root][INFO] - Setup randomization:
{'train': {'drag_coef': Uniform(low: 0.0, high: 0.12399999797344208),
           'force2moment': Uniform(low: torch.Size([1, 4]), high: torch.Size([1, 4])),
           'inertia': Uniform(low: torch.Size([1, 3]), high: torch.Size([1, 3])),
           'mass': Uniform(low: tensor([[0.1768]], device='cuda:0'), high: tensor([[1.1832]], device='cuda:0')),
           'thrust2weight': Uniform(low: torch.Size([1, 4]), high: torch.Size([1, 4]))}}
[2025-07-11 16:52:37,251][root][INFO] - Eval at 8192 steps.
[2025-07-11 16:53:42,801][root][INFO] - Saved checkpoint to /home/alesr/Repositories/Omnidrones-PEG/wandb/run-20250711_165225-kzxv8ce1/files/checkpoint_8192.pt
[2025-07-11 16:53:42,820][urllib3.connectionpool][DEBUG] - Starting new HTTPS connection (1): api.wandb.ai:443
[2025-07-11 16:53:43,012][urllib3.connectionpool][DEBUG] - https://api.wandb.ai:443 "POST /graphql HTTP/11" 200 None
[2025-07-11 16:54:33,520][root][INFO] - Eval at 417792 steps.
[2025-07-11 16:55:38,269][root][INFO] - Eval at 827392 steps.
[2025-07-11 16:55:54,395][root][INFO] - Saved checkpoint to /home/alesr/Repositories/Omnidrones-PEG/wandb/run-20250711_165225-kzxv8ce1/files/checkpoint_827392.pt
[2025-07-11 16:55:54,414][urllib3.connectionpool][DEBUG] - Starting new HTTPS connection (1): api.wandb.ai:443
[2025-07-11 16:55:54,623][urllib3.connectionpool][DEBUG] - https://api.wandb.ai:443 "POST /graphql HTTP/11" 200 None
[2025-07-11 16:56:42,211][root][INFO] - Eval at 1236992 steps.
[2025-07-11 16:57:49,299][root][INFO] - Eval at 1646592 steps.
[2025-07-11 16:58:06,490][root][INFO] - Saved checkpoint to /home/alesr/Repositories/Omnidrones-PEG/wandb/run-20250711_165225-kzxv8ce1/files/checkpoint_1646592.pt
[2025-07-11 16:58:06,509][urllib3.connectionpool][DEBUG] - Starting new HTTPS connection (1): api.wandb.ai:443
[2025-07-11 16:58:06,754][urllib3.connectionpool][DEBUG] - https://api.wandb.ai:443 "POST /graphql HTTP/11" 200 None
[2025-07-11 16:58:57,137][root][INFO] - Eval at 2056192 steps.
[2025-07-11 16:59:57,323][root][INFO] - Eval at 2465792 steps.
[2025-07-11 17:01:00,922][root][INFO] - Saved checkpoint to /home/alesr/Repositories/Omnidrones-PEG/wandb/run-20250711_165225-kzxv8ce1/files/checkpoint_2465792.pt
[2025-07-11 17:01:00,944][urllib3.connectionpool][DEBUG] - Starting new HTTPS connection (1): api.wandb.ai:443
[2025-07-11 17:01:01,146][urllib3.connectionpool][DEBUG] - https://api.wandb.ai:443 "POST /graphql HTTP/11" 200 None
[2025-07-11 17:01:50,332][root][INFO] - Eval at 2875392 steps.
[2025-07-11 17:02:53,302][root][INFO] - Eval at 3284992 steps.
[2025-07-11 17:03:10,106][root][INFO] - Saved checkpoint to /home/alesr/Repositories/Omnidrones-PEG/wandb/run-20250711_165225-kzxv8ce1/files/checkpoint_3284992.pt
[2025-07-11 17:03:10,125][urllib3.connectionpool][DEBUG] - Starting new HTTPS connection (1): api.wandb.ai:443
[2025-07-11 17:03:10,365][urllib3.connectionpool][DEBUG] - https://api.wandb.ai:443 "POST /graphql HTTP/11" 200 None
[2025-07-11 17:03:56,619][root][INFO] - Eval at 3694592 steps.
[2025-07-11 17:04:56,334][root][INFO] - Eval at 4104192 steps.
[2025-07-11 17:05:11,546][root][INFO] - Saved checkpoint to /home/alesr/Repositories/Omnidrones-PEG/wandb/run-20250711_165225-kzxv8ce1/files/checkpoint_4104192.pt
[2025-07-11 17:05:11,565][urllib3.connectionpool][DEBUG] - Starting new HTTPS connection (1): api.wandb.ai:443
[2025-07-11 17:05:20,584][urllib3.connectionpool][DEBUG] - https://api.wandb.ai:443 "POST /graphql HTTP/11" 502 332
[2025-07-11 17:05:21,719][urllib3.connectionpool][DEBUG] - Starting new HTTPS connection (1): api.wandb.ai:443
[2025-07-11 17:05:21,902][urllib3.connectionpool][DEBUG] - https://api.wandb.ai:443 "POST /graphql HTTP/11" 200 None
[2025-07-11 17:06:06,271][root][INFO] - Eval at 4513792 steps.
[2025-07-11 17:07:08,366][root][INFO] - Eval at 4923392 steps.
[2025-07-11 17:08:12,310][root][INFO] - Saved checkpoint to /home/alesr/Repositories/Omnidrones-PEG/wandb/run-20250711_165225-kzxv8ce1/files/checkpoint_4923392.pt
[2025-07-11 17:08:12,331][urllib3.connectionpool][DEBUG] - Starting new HTTPS connection (1): api.wandb.ai:443
[2025-07-11 17:08:12,535][urllib3.connectionpool][DEBUG] - https://api.wandb.ai:443 "POST /graphql HTTP/11" 200 None
[2025-07-11 17:09:00,037][root][INFO] - Eval at 5332992 steps.
[2025-07-11 17:10:03,586][root][INFO] - Eval at 5742592 steps.
[2025-07-11 17:10:19,562][root][INFO] - Saved checkpoint to /home/alesr/Repositories/Omnidrones-PEG/wandb/run-20250711_165225-kzxv8ce1/files/checkpoint_5742592.pt
[2025-07-11 17:10:19,581][urllib3.connectionpool][DEBUG] - Starting new HTTPS connection (1): api.wandb.ai:443
[2025-07-11 17:10:19,778][urllib3.connectionpool][DEBUG] - https://api.wandb.ai:443 "POST /graphql HTTP/11" 200 None
[2025-07-11 17:11:05,955][root][INFO] - Eval at 6152192 steps.
[2025-07-11 17:12:09,081][root][INFO] - Eval at 6561792 steps.
[2025-07-11 17:12:24,695][root][INFO] - Saved checkpoint to /home/alesr/Repositories/Omnidrones-PEG/wandb/run-20250711_165225-kzxv8ce1/files/checkpoint_6561792.pt
[2025-07-11 17:12:24,714][urllib3.connectionpool][DEBUG] - Starting new HTTPS connection (1): api.wandb.ai:443
[2025-07-11 17:12:24,904][urllib3.connectionpool][DEBUG] - https://api.wandb.ai:443 "POST /graphql HTTP/11" 200 None
[2025-07-11 17:13:11,782][root][INFO] - Eval at 6971392 steps.
[2025-07-11 17:14:14,239][root][INFO] - Eval at 7380992 steps.
[2025-07-11 17:15:17,580][root][INFO] - Saved checkpoint to /home/alesr/Repositories/Omnidrones-PEG/wandb/run-20250711_165225-kzxv8ce1/files/checkpoint_7380992.pt
[2025-07-11 17:15:17,599][urllib3.connectionpool][DEBUG] - Starting new HTTPS connection (1): api.wandb.ai:443
[2025-07-11 17:15:17,838][urllib3.connectionpool][DEBUG] - https://api.wandb.ai:443 "POST /graphql HTTP/11" 200 None
[2025-07-11 17:16:05,739][root][INFO] - Eval at 7790592 steps.
[2025-07-11 17:17:08,927][root][INFO] - Eval at 8200192 steps.
[2025-07-11 17:17:25,358][root][INFO] - Saved checkpoint to /home/alesr/Repositories/Omnidrones-PEG/wandb/run-20250711_165225-kzxv8ce1/files/checkpoint_8200192.pt
[2025-07-11 17:17:25,378][urllib3.connectionpool][DEBUG] - Starting new HTTPS connection (1): api.wandb.ai:443
[2025-07-11 17:17:25,575][urllib3.connectionpool][DEBUG] - https://api.wandb.ai:443 "POST /graphql HTTP/11" 200 None
[2025-07-11 17:18:12,106][root][INFO] - Eval at 8609792 steps.
[2025-07-11 17:19:15,156][root][INFO] - Eval at 9019392 steps.
[2025-07-11 17:19:30,989][root][INFO] - Saved checkpoint to /home/alesr/Repositories/Omnidrones-PEG/wandb/run-20250711_165225-kzxv8ce1/files/checkpoint_9019392.pt
[2025-07-11 17:19:31,008][urllib3.connectionpool][DEBUG] - Starting new HTTPS connection (1): api.wandb.ai:443
[2025-07-11 17:19:31,192][urllib3.connectionpool][DEBUG] - https://api.wandb.ai:443 "POST /graphql HTTP/11" 200 None
[2025-07-11 17:20:17,539][root][INFO] - Eval at 9428992 steps.
[2025-07-11 17:21:19,689][root][INFO] - Eval at 9838592 steps.
[2025-07-11 17:22:23,177][root][INFO] - Saved checkpoint to /home/alesr/Repositories/Omnidrones-PEG/wandb/run-20250711_165225-kzxv8ce1/files/checkpoint_9838592.pt
[2025-07-11 17:22:23,197][urllib3.connectionpool][DEBUG] - Starting new HTTPS connection (1): api.wandb.ai:443
[2025-07-11 17:22:23,418][urllib3.connectionpool][DEBUG] - https://api.wandb.ai:443 "POST /graphql HTTP/11" 200 None
[2025-07-11 17:23:10,325][root][INFO] - Eval at 10248192 steps.
[2025-07-11 17:23:26,093][root][INFO] - Saved best checkpoint to /home/alesr/Repositories/Omnidrones-PEG/wandb/run-20250711_165225-kzxv8ce1/files/checkpoint_best.pt
[2025-07-11 17:23:26,112][urllib3.connectionpool][DEBUG] - Starting new HTTPS connection (1): api.wandb.ai:443
[2025-07-11 17:23:26,312][urllib3.connectionpool][DEBUG] - https://api.wandb.ai:443 "POST /graphql HTTP/11" 200 None
[2025-07-11 17:24:13,230][root][INFO] - Eval at 10657792 steps.
[2025-07-11 17:24:28,690][root][INFO] - Saved checkpoint to /home/alesr/Repositories/Omnidrones-PEG/wandb/run-20250711_165225-kzxv8ce1/files/checkpoint_10657792.pt
[2025-07-11 17:24:28,709][urllib3.connectionpool][DEBUG] - Starting new HTTPS connection (1): api.wandb.ai:443
[2025-07-11 17:24:28,918][urllib3.connectionpool][DEBUG] - https://api.wandb.ai:443 "POST /graphql HTTP/11" 200 None
[2025-07-11 17:25:15,179][root][INFO] - Eval at 11067392 steps.
[2025-07-11 17:26:17,570][root][INFO] - Eval at 11476992 steps.
[2025-07-11 17:26:33,185][root][INFO] - Saved checkpoint to /home/alesr/Repositories/Omnidrones-PEG/wandb/run-20250711_165225-kzxv8ce1/files/checkpoint_11476992.pt
[2025-07-11 17:26:33,197][urllib3.connectionpool][DEBUG] - Starting new HTTPS connection (1): api.wandb.ai:443
[2025-07-11 17:26:33,404][urllib3.connectionpool][DEBUG] - https://api.wandb.ai:443 "POST /graphql HTTP/11" 200 None
[2025-07-11 17:27:19,351][root][INFO] - Eval at 11886592 steps.
[2025-07-11 17:28:21,880][root][INFO] - Eval at 12296192 steps.
[2025-07-11 17:29:24,956][root][INFO] - Saved checkpoint to /home/alesr/Repositories/Omnidrones-PEG/wandb/run-20250711_165225-kzxv8ce1/files/checkpoint_12296192.pt
[2025-07-11 17:29:24,975][urllib3.connectionpool][DEBUG] - Starting new HTTPS connection (1): api.wandb.ai:443
[2025-07-11 17:29:25,174][urllib3.connectionpool][DEBUG] - https://api.wandb.ai:443 "POST /graphql HTTP/11" 200 None
[2025-07-11 17:30:12,157][root][INFO] - Eval at 12705792 steps.
[2025-07-11 17:31:14,715][root][INFO] - Eval at 13115392 steps.
[2025-07-11 17:31:30,457][root][INFO] - Saved checkpoint to /home/alesr/Repositories/Omnidrones-PEG/wandb/run-20250711_165225-kzxv8ce1/files/checkpoint_13115392.pt
[2025-07-11 17:31:30,475][urllib3.connectionpool][DEBUG] - Starting new HTTPS connection (1): api.wandb.ai:443
[2025-07-11 17:31:30,658][urllib3.connectionpool][DEBUG] - https://api.wandb.ai:443 "POST /graphql HTTP/11" 200 None
[2025-07-11 17:32:16,578][root][INFO] - Eval at 13524992 steps.
[2025-07-11 17:33:19,336][root][INFO] - Eval at 13934592 steps.
[2025-07-11 17:33:34,810][root][INFO] - Saved checkpoint to /home/alesr/Repositories/Omnidrones-PEG/wandb/run-20250711_165225-kzxv8ce1/files/checkpoint_13934592.pt
[2025-07-11 17:33:34,828][urllib3.connectionpool][DEBUG] - Starting new HTTPS connection (1): api.wandb.ai:443
[2025-07-11 17:33:35,039][urllib3.connectionpool][DEBUG] - https://api.wandb.ai:443 "POST /graphql HTTP/11" 200 None
[2025-07-11 17:34:20,946][root][INFO] - Eval at 14344192 steps.
[2025-07-11 17:35:23,209][root][INFO] - Eval at 14753792 steps.
[2025-07-11 17:36:26,676][root][INFO] - Saved checkpoint to /home/alesr/Repositories/Omnidrones-PEG/wandb/run-20250711_165225-kzxv8ce1/files/checkpoint_14753792.pt
[2025-07-11 17:36:26,697][urllib3.connectionpool][DEBUG] - Starting new HTTPS connection (1): api.wandb.ai:443
[2025-07-11 17:36:26,887][urllib3.connectionpool][DEBUG] - https://api.wandb.ai:443 "POST /graphql HTTP/11" 200 None
[2025-07-11 17:37:13,715][root][INFO] - Eval at 15163392 steps.
[2025-07-11 17:38:16,378][root][INFO] - Eval at 15572992 steps.
[2025-07-11 17:38:31,830][root][INFO] - Saved checkpoint to /home/alesr/Repositories/Omnidrones-PEG/wandb/run-20250711_165225-kzxv8ce1/files/checkpoint_15572992.pt
[2025-07-11 17:38:31,849][urllib3.connectionpool][DEBUG] - Starting new HTTPS connection (1): api.wandb.ai:443
[2025-07-11 17:38:32,062][urllib3.connectionpool][DEBUG] - https://api.wandb.ai:443 "POST /graphql HTTP/11" 200 None
[2025-07-11 17:39:17,935][root][INFO] - Eval at 15982592 steps.
[2025-07-11 17:40:19,719][root][INFO] - Eval at 16392192 steps.
[2025-07-11 17:40:35,252][root][INFO] - Saved checkpoint to /home/alesr/Repositories/Omnidrones-PEG/wandb/run-20250711_165225-kzxv8ce1/files/checkpoint_16392192.pt
[2025-07-11 17:40:35,271][urllib3.connectionpool][DEBUG] - Starting new HTTPS connection (1): api.wandb.ai:443
[2025-07-11 17:40:35,455][urllib3.connectionpool][DEBUG] - https://api.wandb.ai:443 "POST /graphql HTTP/11" 200 None
[2025-07-11 17:41:21,147][root][INFO] - Eval at 16801792 steps.
[2025-07-11 17:42:23,352][root][INFO] - Eval at 17211392 steps.
[2025-07-11 17:43:26,889][root][INFO] - Saved checkpoint to /home/alesr/Repositories/Omnidrones-PEG/wandb/run-20250711_165225-kzxv8ce1/files/checkpoint_17211392.pt
[2025-07-11 17:43:26,900][urllib3.connectionpool][DEBUG] - Starting new HTTPS connection (1): api.wandb.ai:443
[2025-07-11 17:43:27,103][urllib3.connectionpool][DEBUG] - https://api.wandb.ai:443 "POST /graphql HTTP/11" 200 None
[2025-07-11 17:44:13,954][root][INFO] - Eval at 17620992 steps.
[2025-07-11 17:45:15,988][root][INFO] - Eval at 18030592 steps.
[2025-07-11 17:45:31,738][root][INFO] - Saved checkpoint to /home/alesr/Repositories/Omnidrones-PEG/wandb/run-20250711_165225-kzxv8ce1/files/checkpoint_18030592.pt
[2025-07-11 17:45:31,758][urllib3.connectionpool][DEBUG] - Starting new HTTPS connection (1): api.wandb.ai:443
[2025-07-11 17:45:31,971][urllib3.connectionpool][DEBUG] - https://api.wandb.ai:443 "POST /graphql HTTP/11" 200 None
[2025-07-11 17:46:17,278][root][INFO] - Eval at 18440192 steps.
[2025-07-11 17:47:18,029][root][INFO] - Eval at 18849792 steps.
[2025-07-11 17:47:33,055][root][INFO] - Saved checkpoint to /home/alesr/Repositories/Omnidrones-PEG/wandb/run-20250711_165225-kzxv8ce1/files/checkpoint_18849792.pt
[2025-07-11 17:47:33,074][urllib3.connectionpool][DEBUG] - Starting new HTTPS connection (1): api.wandb.ai:443
[2025-07-11 17:47:33,260][urllib3.connectionpool][DEBUG] - https://api.wandb.ai:443 "POST /graphql HTTP/11" 200 None
[2025-07-11 17:48:18,122][root][INFO] - Eval at 19259392 steps.
[2025-07-11 17:49:18,856][root][INFO] - Eval at 19668992 steps.
[2025-07-11 17:50:22,047][root][INFO] - Saved checkpoint to /home/alesr/Repositories/Omnidrones-PEG/wandb/run-20250711_165225-kzxv8ce1/files/checkpoint_19668992.pt
[2025-07-11 17:50:22,066][urllib3.connectionpool][DEBUG] - Starting new HTTPS connection (1): api.wandb.ai:443
[2025-07-11 17:50:22,280][urllib3.connectionpool][DEBUG] - https://api.wandb.ai:443 "POST /graphql HTTP/11" 200 None
[2025-07-11 17:50:59,210][root][INFO] - Final Eval at 19996672 steps.
[2025-07-11 17:52:02,754][urllib3.connectionpool][DEBUG] - Starting new HTTPS connection (1): api.wandb.ai:443
[2025-07-11 17:52:02,965][urllib3.connectionpool][DEBUG] - https://api.wandb.ai:443 "POST /graphql HTTP/11" 200 None
[2025-07-11 17:52:02,970][root][INFO] - Saved checkpoint to /home/alesr/Repositories/Omnidrones-PEG/wandb/run-20250711_165225-kzxv8ce1/files/checkpoint_final.pt
