[2025-07-14 18:31:53,727][asyncio][DEBUG] - Using selector: EpollSelector
[2025-07-14 18:31:54,414][omni.kit.telemetry.impl.sentry_extension][INFO] - sentry is disabled for external build
[2025-07-14 18:31:54,415][omni.kit.telemetry.impl.sentry_extension][INFO] - sentry is disabled for external build
[2025-07-14 18:31:55,367][AutoNode][DEBUG] - Defining data type 'any' as 'Any'
[2025-07-14 18:31:55,367][AutoNode][DEBUG] - Defining data type 'bool' as 'Bool' and array 'BoolArray
[2025-07-14 18:31:55,367][AutoNode][DEBUG] - Defining data type 'bundle' as 'Bundle'
[2025-07-14 18:31:55,367][AutoNode][DEBUG] - Defining data type 'colord[3]' as 'Color3d' and array 'Color3dArray
[2025-07-14 18:31:55,367][AutoNode][DEBUG] - Defining data type 'colorf[3]' as 'Color3f' and array 'Color3fArray
[2025-07-14 18:31:55,368][AutoNode][DEBUG] - Defining data type 'colorh[3]' as 'Color3h' and array 'Color3hArray
[2025-07-14 18:31:55,368][AutoNode][DEBUG] - Defining data type 'colord[4]' as 'Color4d' and array 'Color4dArray
[2025-07-14 18:31:55,368][AutoNode][DEBUG] - Defining data type 'colorf[4]' as 'Color4f' and array 'Color4fArray
[2025-07-14 18:31:55,368][AutoNode][DEBUG] - Defining data type 'colorh[4]' as 'Color4h' and array 'Color4hArray
[2025-07-14 18:31:55,368][AutoNode][DEBUG] - Defining data type 'double' as 'Double' and array 'DoubleArray
[2025-07-14 18:31:55,368][AutoNode][DEBUG] - Defining data type 'double[2]' as 'Double2' and array 'Double2Array
[2025-07-14 18:31:55,368][AutoNode][DEBUG] - Defining data type 'double[3]' as 'Double3' and array 'Double3Array
[2025-07-14 18:31:55,368][AutoNode][DEBUG] - Defining data type 'double[4]' as 'Double4' and array 'Double4Array
[2025-07-14 18:31:55,368][AutoNode][DEBUG] - Defining data type 'execution' as 'Execution'
[2025-07-14 18:31:55,368][AutoNode][DEBUG] - Defining data type 'float' as 'Float' and array 'FloatArray
[2025-07-14 18:31:55,369][AutoNode][DEBUG] - Defining data type 'float[2]' as 'Float2' and array 'Float2Array
[2025-07-14 18:31:55,369][AutoNode][DEBUG] - Defining data type 'float[3]' as 'Float3' and array 'Float3Array
[2025-07-14 18:31:55,369][AutoNode][DEBUG] - Defining data type 'float[4]' as 'Float4' and array 'Float4Array
[2025-07-14 18:31:55,369][AutoNode][DEBUG] - Defining data type 'frame[4]' as 'Frame' and array 'FrameArray
[2025-07-14 18:31:55,369][AutoNode][DEBUG] - Defining data type 'half' as 'Half' and array 'HalfArray
[2025-07-14 18:31:55,369][AutoNode][DEBUG] - Defining data type 'half[2]' as 'Half2' and array 'Half2Array
[2025-07-14 18:31:55,369][AutoNode][DEBUG] - Defining data type 'half[3]' as 'Half3' and array 'Half3Array
[2025-07-14 18:31:55,369][AutoNode][DEBUG] - Defining data type 'half[4]' as 'Half4' and array 'Half4Array
[2025-07-14 18:31:55,369][AutoNode][DEBUG] - Defining data type 'int' as 'Int' and array 'IntArray
[2025-07-14 18:31:55,369][AutoNode][DEBUG] - Defining data type 'int[2]' as 'Int2' and array 'Int2Array
[2025-07-14 18:31:55,370][AutoNode][DEBUG] - Defining data type 'int[3]' as 'Int3' and array 'Int3Array
[2025-07-14 18:31:55,370][AutoNode][DEBUG] - Defining data type 'int[4]' as 'Int4' and array 'Int4Array
[2025-07-14 18:31:55,370][AutoNode][DEBUG] - Defining data type 'int64' as 'Int64' and array 'Int64Array
[2025-07-14 18:31:55,370][AutoNode][DEBUG] - Defining data type 'matrixd[2]' as 'Matrix2d' and array 'Matrix2dArray
[2025-07-14 18:31:55,370][AutoNode][DEBUG] - Defining data type 'matrixd[3]' as 'Matrix3d' and array 'Matrix3dArray
[2025-07-14 18:31:55,370][AutoNode][DEBUG] - Defining data type 'matrixd[4]' as 'Matrix4d' and array 'Matrix4dArray
[2025-07-14 18:31:55,370][AutoNode][DEBUG] - Defining data type 'normald[3]' as 'Normal3d' and array 'Normal3dArray
[2025-07-14 18:31:55,370][AutoNode][DEBUG] - Defining data type 'normalf[3]' as 'Normal3f' and array 'Normal3fArray
[2025-07-14 18:31:55,370][AutoNode][DEBUG] - Defining data type 'normalh[3]' as 'Normal3h' and array 'Normal3hArray
[2025-07-14 18:31:55,370][AutoNode][DEBUG] - Defining data type 'objectId' as 'ObjectId' and array 'ObjectIdArray
[2025-07-14 18:31:55,371][AutoNode][DEBUG] - Defining data type 'path' as 'Path'
[2025-07-14 18:31:55,371][AutoNode][DEBUG] - Defining data type 'pointd[3]' as 'Point3d' and array 'Point3dArray
[2025-07-14 18:31:55,371][AutoNode][DEBUG] - Defining data type 'pointf[3]' as 'Point3f' and array 'Point3fArray
[2025-07-14 18:31:55,371][AutoNode][DEBUG] - Defining data type 'pointh[3]' as 'Point3h' and array 'Point3hArray
[2025-07-14 18:31:55,371][AutoNode][DEBUG] - Defining data type 'quatd[4]' as 'Quatd' and array 'QuatdArray
[2025-07-14 18:31:55,371][AutoNode][DEBUG] - Defining data type 'quatf[4]' as 'Quatf' and array 'QuatfArray
[2025-07-14 18:31:55,371][AutoNode][DEBUG] - Defining data type 'quath[4]' as 'Quath' and array 'QuathArray
[2025-07-14 18:31:55,371][AutoNode][DEBUG] - Defining data type 'string' as 'String'
[2025-07-14 18:31:55,371][AutoNode][DEBUG] - Defining data type 'target' as 'Target'
[2025-07-14 18:31:55,371][AutoNode][DEBUG] - Defining data type 'texcoordd[2]' as 'TexCoord2d' and array 'TexCoord2dArray
[2025-07-14 18:31:55,372][AutoNode][DEBUG] - Defining data type 'texcoordf[2]' as 'TexCoord2f' and array 'TexCoord2fArray
[2025-07-14 18:31:55,372][AutoNode][DEBUG] - Defining data type 'texcoordh[2]' as 'TexCoord2h' and array 'TexCoord2hArray
[2025-07-14 18:31:55,372][AutoNode][DEBUG] - Defining data type 'texcoordd[3]' as 'TexCoord3d' and array 'TexCoord3dArray
[2025-07-14 18:31:55,372][AutoNode][DEBUG] - Defining data type 'texcoordf[3]' as 'TexCoord3f' and array 'TexCoord3fArray
[2025-07-14 18:31:55,372][AutoNode][DEBUG] - Defining data type 'texcoordh[3]' as 'TexCoord3h' and array 'TexCoord3hArray
[2025-07-14 18:31:55,372][AutoNode][DEBUG] - Defining data type 'timecode' as 'Timecode' and array 'TimecodeArray
[2025-07-14 18:31:55,372][AutoNode][DEBUG] - Defining data type 'token' as 'Token' and array 'TokenArray
[2025-07-14 18:31:55,372][AutoNode][DEBUG] - Defining data type 'uchar' as 'UChar' and array 'UCharArray
[2025-07-14 18:31:55,372][AutoNode][DEBUG] - Defining data type 'uint' as 'UInt' and array 'UIntArray
[2025-07-14 18:31:55,373][AutoNode][DEBUG] - Defining data type 'uint64' as 'UInt64' and array 'UInt64Array
[2025-07-14 18:31:55,373][AutoNode][DEBUG] - Defining data type 'vectord[3]' as 'Vector3d' and array 'Vector3dArray
[2025-07-14 18:31:55,373][AutoNode][DEBUG] - Defining data type 'vectorf[3]' as 'Vector3f' and array 'Vector3fArray
[2025-07-14 18:31:55,373][AutoNode][DEBUG] - Defining data type 'vectorh[3]' as 'Vector3h' and array 'Vector3hArray
[2025-07-14 18:31:58,013][omni.kit.profiler.window][WARNING] - remove _SpanInstance.__lt__ and use insort 'key' arg instead
[2025-07-14 18:32:01,447][git.cmd][DEBUG] - Popen(['git', 'rev-parse', '--show-toplevel'], cwd=/home/alesr/Repositories/Omnidrones-PEG, stdin=None, shell=False, universal_newlines=False)
[2025-07-14 18:32:01,568][urllib3.connectionpool][DEBUG] - Starting new HTTPS connection (1): api.wandb.ai:443
[2025-07-14 18:32:01,741][urllib3.connectionpool][DEBUG] - https://api.wandb.ai:443 "POST /graphql HTTP/11" 200 None
[2025-07-14 18:32:01,745][urllib3.connectionpool][DEBUG] - Starting new HTTPS connection (1): api.wandb.ai:443
[2025-07-14 18:32:01,920][urllib3.connectionpool][DEBUG] - https://api.wandb.ai:443 "POST /graphql HTTP/11" 200 None
[2025-07-14 18:32:01,937][git.cmd][DEBUG] - Popen(['git', 'cat-file', '--batch-check'], cwd=/home/alesr/Repositories/Omnidrones-PEG, stdin=<valid stream>, shell=False, universal_newlines=False)
[2025-07-14 18:32:06,099][root][INFO] - Reading pursuer's params from /home/alesr/Repositories/Omnidrones-PEG/omni_drones/robots/assets/usd/hummingbird.yaml.
[2025-07-14 18:32:06,124][root][INFO] - Reading evader's params from /home/alesr/Repositories/Omnidrones-PEG/omni_drones/robots/assets/usd/hummingbird.yaml.
[2025-07-14 18:32:12,359][root][INFO] - Default parameters:
Mass: [[0.6800000071525574]]
Inertia: [[0.007000000681728125, 0.007000000681728125, 0.011999999172985554]]
Thrust2Weight: [[0.8999204039573669, 0.8999204039573669, 0.8999204039573669, 0.8999204039573669]]
Force2Moment: [[62.499996185302734, 62.499996185302734, 62.499996185302734, 62.499996185302734]]
[2025-07-14 18:32:13,390][root][INFO] - Default parameters:
Mass: [[0.6800000071525574]]
Inertia: [[0.007000000681728125, 0.007000000681728125, 0.011999999172985554]]
Thrust2Weight: [[0.8999204039573669, 0.8999204039573669, 0.8999204039573669, 0.8999204039573669]]
Force2Moment: [[62.499996185302734, 62.499996185302734, 62.499996185302734, 62.499996185302734]]
[2025-07-14 18:32:13,429][root][INFO] - Setup randomization:
{'train': {'drag_coef': Uniform(low: 0.0, high: 0.12399999797344208),
           'force2moment': Uniform(low: torch.Size([1, 4]), high: torch.Size([1, 4])),
           'inertia': Uniform(low: torch.Size([1, 3]), high: torch.Size([1, 3])),
           'mass': Uniform(low: tensor([[0.1768]], device='cuda:0'), high: tensor([[1.1832]], device='cuda:0')),
           'thrust2weight': Uniform(low: torch.Size([1, 4]), high: torch.Size([1, 4]))}}
[2025-07-14 18:32:13,433][root][INFO] - Setup randomization:
{'train': {'drag_coef': Uniform(low: 0.0, high: 0.12399999797344208),
           'force2moment': Uniform(low: torch.Size([1, 4]), high: torch.Size([1, 4])),
           'inertia': Uniform(low: torch.Size([1, 3]), high: torch.Size([1, 3])),
           'mass': Uniform(low: tensor([[0.1768]], device='cuda:0'), high: tensor([[1.1832]], device='cuda:0')),
           'thrust2weight': Uniform(low: torch.Size([1, 4]), high: torch.Size([1, 4]))}}
[2025-07-14 18:32:13,546][urllib3.connectionpool][DEBUG] - Starting new HTTPS connection (1): api.wandb.ai:443
[2025-07-14 18:32:13,739][urllib3.connectionpool][DEBUG] - https://api.wandb.ai:443 "POST /graphql HTTP/11" 200 None
[2025-07-14 18:32:13,744][urllib3.connectionpool][DEBUG] - Starting new HTTPS connection (1): api.wandb.ai:443
[2025-07-14 18:32:13,934][urllib3.connectionpool][DEBUG] - https://api.wandb.ai:443 "POST /graphql HTTP/11" 200 None
[2025-07-14 18:32:13,938][urllib3.connectionpool][DEBUG] - Starting new HTTPS connection (1): api.wandb.ai:443
[2025-07-14 18:32:14,162][urllib3.connectionpool][DEBUG] - https://api.wandb.ai:443 "POST /graphql HTTP/11" 200 None
[2025-07-14 18:32:14,167][urllib3.connectionpool][DEBUG] - Starting new HTTPS connection (1): api.wandb.ai:443
[2025-07-14 18:32:14,380][urllib3.connectionpool][DEBUG] - https://api.wandb.ai:443 "POST /graphql HTTP/11" 200 None
[2025-07-14 18:32:14,385][urllib3.connectionpool][DEBUG] - Starting new HTTPS connection (1): storage.googleapis.com:443
[2025-07-14 18:32:14,588][urllib3.connectionpool][DEBUG] - https://storage.googleapis.com:443 "GET /wandb-production.appspot.com/alesr_kth/PEG/yvsazt1t/artifact/1879564437/wandb_manifest.json?X-Goog-Algorithm=GOOG4-RSA-SHA256&X-Goog-Credential=gorilla-files-url-signer-man%40wandb-production.iam.gserviceaccount.com%2F20250714%2Fauto%2Fstorage%2Fgoog4_request&X-Goog-Date=20250714T163214Z&X-Goog-Expires=3599&X-Goog-Signature=afde591adf81f1a889bbc6679ee83e4185b5327b72998e07b05d13ff89f5a7669881d2538ed4eebb4073b6b08bb61585a1c97b55f1c803db093166dbd8d3b1fa38102e6f07e54503a66bc985c7470689cdd4231f3c493701561390d7507dce75f7b183739b9c22f86b2022dbd7789d9418fbdc739584a33e7bd370a5fd85679576aaea7a9bfa13441e4ec7f84f6eef4f86e1fab44b3ad68b398d815da2b3a8c61585ccb5ec6534efad48c8ee16dfe5a4989cb2585f19ee90af49540c124f32c31e878c3021524a79a8f80302b0576e5d6461a8b02d49450c79a7d6174ea904faa40d8b056f45cd301368331346986321fddaa23e3520615aab7a985a61a7799a&X-Goog-SignedHeaders=host&X-User=alesr HTTP/11" 200 343
[2025-07-14 18:32:14,640][urllib3.connectionpool][DEBUG] - Starting new HTTPS connection (1): api.wandb.ai:443
[2025-07-14 18:32:14,863][urllib3.connectionpool][DEBUG] - https://api.wandb.ai:443 "POST /graphql HTTP/11" 200 None
[2025-07-14 18:32:14,866][urllib3.connectionpool][DEBUG] - Starting new HTTPS connection (1): api.wandb.ai:443
[2025-07-14 18:32:15,041][urllib3.connectionpool][DEBUG] - https://api.wandb.ai:443 "POST /graphql HTTP/11" 200 None
[2025-07-14 18:32:15,045][urllib3.connectionpool][DEBUG] - Starting new HTTPS connection (1): api.wandb.ai:443
[2025-07-14 18:32:15,267][urllib3.connectionpool][DEBUG] - https://api.wandb.ai:443 "POST /graphql HTTP/11" 200 None
[2025-07-14 18:32:15,272][urllib3.connectionpool][DEBUG] - Starting new HTTPS connection (1): api.wandb.ai:443
[2025-07-14 18:32:15,487][urllib3.connectionpool][DEBUG] - https://api.wandb.ai:443 "POST /graphql HTTP/11" 200 None
[2025-07-14 18:32:15,491][urllib3.connectionpool][DEBUG] - Starting new HTTPS connection (1): storage.googleapis.com:443
[2025-07-14 18:32:15,665][urllib3.connectionpool][DEBUG] - https://storage.googleapis.com:443 "GET /wandb-production.appspot.com/alesr_kth/PEG/22dto015/artifact/1879337876/wandb_manifest.json?X-Goog-Algorithm=GOOG4-RSA-SHA256&X-Goog-Credential=gorilla-files-url-signer-man%40wandb-production.iam.gserviceaccount.com%2F20250714%2Fauto%2Fstorage%2Fgoog4_request&X-Goog-Date=20250714T163215Z&X-Goog-Expires=3599&X-Goog-Signature=2be75560d2614c022c27339ad6021d59667f72fbc780f514f57d871a08375d31a3cd538b93107c6415a2cd143ebe4d74c69e86fb2bee0768102b72cb33e056cc9ac6dfecffd9a993ab225a309de0f5f580ed8215e6386bcc4eb4f8d39fa9a3e6cf7153698785e4711d47c026cbb432077e643d4883e751d6547269b24ff74bd0009e8f950c6b471388de40a71b6fd2b237314cccfdb080a4056e1f7c2620b15e6964e496f33659671574142f306946bda206f6943aa2fd082d2013b9d825b8676a76ffce7478effd253d28b8459274e3a91548634dbec75b8a71ab5abb6270ec4fdb1f88256aade6962c490d2c15590a1c21e9b3c6bf98c2134306b65cfd1bef&X-Goog-SignedHeaders=host&X-User=alesr HTTP/11" 200 343
[2025-07-14 18:32:15,708][urllib3.connectionpool][DEBUG] - Starting new HTTPS connection (1): api.wandb.ai:443
[2025-07-14 18:32:15,894][urllib3.connectionpool][DEBUG] - https://api.wandb.ai:443 "POST /graphql HTTP/11" 200 None
[2025-07-14 18:32:15,899][urllib3.connectionpool][DEBUG] - Starting new HTTPS connection (1): api.wandb.ai:443
[2025-07-14 18:32:16,072][urllib3.connectionpool][DEBUG] - https://api.wandb.ai:443 "POST /graphql HTTP/11" 200 None
[2025-07-14 18:32:16,077][urllib3.connectionpool][DEBUG] - Starting new HTTPS connection (1): api.wandb.ai:443
[2025-07-14 18:32:16,299][urllib3.connectionpool][DEBUG] - https://api.wandb.ai:443 "POST /graphql HTTP/11" 200 None
[2025-07-14 18:32:16,304][urllib3.connectionpool][DEBUG] - Starting new HTTPS connection (1): api.wandb.ai:443
[2025-07-14 18:32:16,488][urllib3.connectionpool][DEBUG] - https://api.wandb.ai:443 "POST /graphql HTTP/11" 200 None
[2025-07-14 18:32:16,492][urllib3.connectionpool][DEBUG] - Starting new HTTPS connection (1): storage.googleapis.com:443
[2025-07-14 18:32:16,671][urllib3.connectionpool][DEBUG] - https://storage.googleapis.com:443 "GET /wandb-production.appspot.com/alesr_kth/PEG/nvhd1b4q/artifact/1879570360/wandb_manifest.json?X-Goog-Algorithm=GOOG4-RSA-SHA256&X-Goog-Credential=gorilla-files-url-signer-man%40wandb-production.iam.gserviceaccount.com%2F20250714%2Fauto%2Fstorage%2Fgoog4_request&X-Goog-Date=20250714T163216Z&X-Goog-Expires=3599&X-Goog-Signature=1d4afb4f7a451f2a8679bc4cce31d66399f7bda91a947b933059d489f8e160e510c2e717466655a4e06c40ba8f546d451896bf3fbdf17646d7f360d7abb5f0c3e229f00bfa9d4a60a55dbfaa3f58617918b87efa68b2e319f29dbab36607c0467147434f78f55b01f882e445cd9c5fd655eeda4d3e06d04b788c80358423d933b1f71a7c6bf9e75d6eba5a408ec1a79c49f3f40728e667308e1120f47bfd4b44a9c3980bfe255e852737a7fe6bed77014c03198beb5968bf7657583fb47b49e6e7f698b58cd887dfb5f9c814b8ee24bac1b079cf041dcbe11dbd78e0e6e7aefdcf31d8bfac6a860fbbc3fd9c059eb6e183b886781b9cda26729870edc814a50f&X-Goog-SignedHeaders=host&X-User=alesr HTTP/11" 200 343
[2025-07-14 18:32:18,195][root][INFO] - Eval at 8192 steps.
[2025-07-14 18:33:18,739][root][INFO] - Saved checkpoint to /home/alesr/Repositories/Omnidrones-PEG/wandb/run-20250714_183201-uyqg40fj/files/checkpoint_8192.pt
[2025-07-14 18:33:18,762][urllib3.connectionpool][DEBUG] - Starting new HTTPS connection (1): api.wandb.ai:443
[2025-07-14 18:33:18,959][urllib3.connectionpool][DEBUG] - https://api.wandb.ai:443 "POST /graphql HTTP/11" 200 None
[2025-07-14 18:34:35,263][root][INFO] - Eval at 417792 steps.
[2025-07-14 18:34:56,917][root][INFO] - Saved best checkpoint to /home/alesr/Repositories/Omnidrones-PEG/wandb/run-20250714_183201-uyqg40fj/files/checkpoint_best.pt
[2025-07-14 18:34:56,940][urllib3.connectionpool][DEBUG] - Starting new HTTPS connection (1): api.wandb.ai:443
[2025-07-14 18:34:57,125][urllib3.connectionpool][DEBUG] - https://api.wandb.ai:443 "POST /graphql HTTP/11" 200 None
[2025-07-14 18:36:12,777][root][INFO] - Eval at 827392 steps.
[2025-07-14 18:36:35,381][root][INFO] - Saved checkpoint to /home/alesr/Repositories/Omnidrones-PEG/wandb/run-20250714_183201-uyqg40fj/files/checkpoint_827392.pt
[2025-07-14 18:36:35,404][urllib3.connectionpool][DEBUG] - Starting new HTTPS connection (1): api.wandb.ai:443
[2025-07-14 18:36:35,624][urllib3.connectionpool][DEBUG] - https://api.wandb.ai:443 "POST /graphql HTTP/11" 200 None
[2025-07-14 18:37:50,815][root][INFO] - Eval at 1236992 steps.
[2025-07-14 18:38:12,973][root][INFO] - Saved best checkpoint to /home/alesr/Repositories/Omnidrones-PEG/wandb/run-20250714_183201-uyqg40fj/files/checkpoint_best.pt
[2025-07-14 18:38:12,987][urllib3.connectionpool][DEBUG] - Starting new HTTPS connection (1): api.wandb.ai:443
[2025-07-14 18:38:13,209][urllib3.connectionpool][DEBUG] - https://api.wandb.ai:443 "POST /graphql HTTP/11" 200 None
[2025-07-14 18:39:29,425][root][INFO] - Eval at 1646592 steps.
[2025-07-14 18:39:51,659][root][INFO] - Saved checkpoint to /home/alesr/Repositories/Omnidrones-PEG/wandb/run-20250714_183201-uyqg40fj/files/checkpoint_1646592.pt
[2025-07-14 18:39:51,681][urllib3.connectionpool][DEBUG] - Starting new HTTPS connection (1): api.wandb.ai:443
[2025-07-14 18:39:51,890][urllib3.connectionpool][DEBUG] - https://api.wandb.ai:443 "POST /graphql HTTP/11" 200 None
[2025-07-14 18:41:07,433][root][INFO] - Eval at 2056192 steps.
[2025-07-14 18:42:43,311][root][INFO] - Eval at 2465792 steps.
[2025-07-14 18:43:39,785][root][INFO] - Saved checkpoint to /home/alesr/Repositories/Omnidrones-PEG/wandb/run-20250714_183201-uyqg40fj/files/checkpoint_2465792.pt
[2025-07-14 18:43:39,800][urllib3.connectionpool][DEBUG] - Starting new HTTPS connection (1): api.wandb.ai:443
[2025-07-14 18:43:39,987][urllib3.connectionpool][DEBUG] - https://api.wandb.ai:443 "POST /graphql HTTP/11" 200 None
[2025-07-14 18:44:54,025][root][INFO] - Eval at 2875392 steps.
[2025-07-14 18:46:31,577][root][INFO] - Eval at 3284992 steps.
[2025-07-14 18:46:54,119][root][INFO] - Saved checkpoint to /home/alesr/Repositories/Omnidrones-PEG/wandb/run-20250714_183201-uyqg40fj/files/checkpoint_3284992.pt
[2025-07-14 18:46:54,141][urllib3.connectionpool][DEBUG] - Starting new HTTPS connection (1): api.wandb.ai:443
[2025-07-14 18:46:54,349][urllib3.connectionpool][DEBUG] - https://api.wandb.ai:443 "POST /graphql HTTP/11" 200 None
[2025-07-14 18:48:08,379][root][INFO] - Eval at 3694592 steps.
[2025-07-14 18:49:47,610][root][INFO] - Eval at 4104192 steps.
[2025-07-14 18:50:12,205][root][INFO] - Saved checkpoint to /home/alesr/Repositories/Omnidrones-PEG/wandb/run-20250714_183201-uyqg40fj/files/checkpoint_4104192.pt
[2025-07-14 18:50:12,227][urllib3.connectionpool][DEBUG] - Starting new HTTPS connection (1): api.wandb.ai:443
[2025-07-14 18:50:12,443][urllib3.connectionpool][DEBUG] - https://api.wandb.ai:443 "POST /graphql HTTP/11" 200 None
[2025-07-14 18:51:28,347][root][INFO] - Eval at 4513792 steps.
[2025-07-14 18:53:14,932][root][INFO] - Eval at 4923392 steps.
[2025-07-14 18:54:15,722][root][INFO] - Saved checkpoint to /home/alesr/Repositories/Omnidrones-PEG/wandb/run-20250714_183201-uyqg40fj/files/checkpoint_4923392.pt
[2025-07-14 18:54:15,742][urllib3.connectionpool][DEBUG] - Starting new HTTPS connection (1): api.wandb.ai:443
[2025-07-14 18:54:15,940][urllib3.connectionpool][DEBUG] - https://api.wandb.ai:443 "POST /graphql HTTP/11" 200 None
[2025-07-14 18:55:35,703][root][INFO] - Eval at 5332992 steps.
[2025-07-14 18:57:21,750][root][INFO] - Eval at 5742592 steps.
[2025-07-14 18:57:44,846][root][INFO] - Saved checkpoint to /home/alesr/Repositories/Omnidrones-PEG/wandb/run-20250714_183201-uyqg40fj/files/checkpoint_5742592.pt
[2025-07-14 18:57:44,870][urllib3.connectionpool][DEBUG] - Starting new HTTPS connection (1): api.wandb.ai:443
[2025-07-14 18:57:45,057][urllib3.connectionpool][DEBUG] - https://api.wandb.ai:443 "POST /graphql HTTP/11" 200 None
[2025-07-14 18:59:03,270][root][INFO] - Eval at 6152192 steps.
[2025-07-14 19:00:51,236][root][INFO] - Eval at 6561792 steps.
[2025-07-14 19:01:14,477][root][INFO] - Saved checkpoint to /home/alesr/Repositories/Omnidrones-PEG/wandb/run-20250714_183201-uyqg40fj/files/checkpoint_6561792.pt
[2025-07-14 19:01:14,491][urllib3.connectionpool][DEBUG] - Starting new HTTPS connection (1): api.wandb.ai:443
[2025-07-14 19:01:14,693][urllib3.connectionpool][DEBUG] - https://api.wandb.ai:443 "POST /graphql HTTP/11" 200 None
[2025-07-14 19:02:35,134][root][INFO] - Eval at 6971392 steps.
[2025-07-14 19:04:17,023][root][INFO] - Eval at 7380992 steps.
[2025-07-14 19:05:16,315][root][INFO] - Saved checkpoint to /home/alesr/Repositories/Omnidrones-PEG/wandb/run-20250714_183201-uyqg40fj/files/checkpoint_7380992.pt
[2025-07-14 19:05:16,337][urllib3.connectionpool][DEBUG] - Starting new HTTPS connection (1): api.wandb.ai:443
[2025-07-14 19:05:16,566][urllib3.connectionpool][DEBUG] - https://api.wandb.ai:443 "POST /graphql HTTP/11" 200 None
[2025-07-14 19:06:35,467][root][INFO] - Eval at 7790592 steps.
[2025-07-14 19:08:19,565][root][INFO] - Eval at 8200192 steps.
