[2025-07-14 15:04:14,379][asyncio][DEBUG] - Using selector: EpollSelector
[2025-07-14 15:04:15,083][omni.kit.telemetry.impl.sentry_extension][INFO] - sentry is disabled for external build
[2025-07-14 15:04:15,084][omni.kit.telemetry.impl.sentry_extension][INFO] - sentry is disabled for external build
[2025-07-14 15:04:16,052][AutoNode][DEBUG] - Defining data type 'any' as 'Any'
[2025-07-14 15:04:16,053][AutoNode][DEBUG] - Defining data type 'bool' as 'Bool' and array 'BoolArray
[2025-07-14 15:04:16,053][AutoNode][DEBUG] - Defining data type 'bundle' as 'Bundle'
[2025-07-14 15:04:16,053][AutoNode][DEBUG] - Defining data type 'colord[3]' as 'Color3d' and array 'Color3dArray
[2025-07-14 15:04:16,053][AutoNode][DEBUG] - Defining data type 'colorf[3]' as 'Color3f' and array 'Color3fArray
[2025-07-14 15:04:16,053][AutoNode][DEBUG] - Defining data type 'colorh[3]' as 'Color3h' and array 'Color3hArray
[2025-07-14 15:04:16,054][AutoNode][DEBUG] - Defining data type 'colord[4]' as 'Color4d' and array 'Color4dArray
[2025-07-14 15:04:16,054][AutoNode][DEBUG] - Defining data type 'colorf[4]' as 'Color4f' and array 'Color4fArray
[2025-07-14 15:04:16,054][AutoNode][DEBUG] - Defining data type 'colorh[4]' as 'Color4h' and array 'Color4hArray
[2025-07-14 15:04:16,054][AutoNode][DEBUG] - Defining data type 'double' as 'Double' and array 'DoubleArray
[2025-07-14 15:04:16,054][AutoNode][DEBUG] - Defining data type 'double[2]' as 'Double2' and array 'Double2Array
[2025-07-14 15:04:16,054][AutoNode][DEBUG] - Defining data type 'double[3]' as 'Double3' and array 'Double3Array
[2025-07-14 15:04:16,054][AutoNode][DEBUG] - Defining data type 'double[4]' as 'Double4' and array 'Double4Array
[2025-07-14 15:04:16,054][AutoNode][DEBUG] - Defining data type 'execution' as 'Execution'
[2025-07-14 15:04:16,054][AutoNode][DEBUG] - Defining data type 'float' as 'Float' and array 'FloatArray
[2025-07-14 15:04:16,054][AutoNode][DEBUG] - Defining data type 'float[2]' as 'Float2' and array 'Float2Array
[2025-07-14 15:04:16,055][AutoNode][DEBUG] - Defining data type 'float[3]' as 'Float3' and array 'Float3Array
[2025-07-14 15:04:16,055][AutoNode][DEBUG] - Defining data type 'float[4]' as 'Float4' and array 'Float4Array
[2025-07-14 15:04:16,055][AutoNode][DEBUG] - Defining data type 'frame[4]' as 'Frame' and array 'FrameArray
[2025-07-14 15:04:16,055][AutoNode][DEBUG] - Defining data type 'half' as 'Half' and array 'HalfArray
[2025-07-14 15:04:16,055][AutoNode][DEBUG] - Defining data type 'half[2]' as 'Half2' and array 'Half2Array
[2025-07-14 15:04:16,055][AutoNode][DEBUG] - Defining data type 'half[3]' as 'Half3' and array 'Half3Array
[2025-07-14 15:04:16,055][AutoNode][DEBUG] - Defining data type 'half[4]' as 'Half4' and array 'Half4Array
[2025-07-14 15:04:16,055][AutoNode][DEBUG] - Defining data type 'int' as 'Int' and array 'IntArray
[2025-07-14 15:04:16,055][AutoNode][DEBUG] - Defining data type 'int[2]' as 'Int2' and array 'Int2Array
[2025-07-14 15:04:16,055][AutoNode][DEBUG] - Defining data type 'int[3]' as 'Int3' and array 'Int3Array
[2025-07-14 15:04:16,055][AutoNode][DEBUG] - Defining data type 'int[4]' as 'Int4' and array 'Int4Array
[2025-07-14 15:04:16,055][AutoNode][DEBUG] - Defining data type 'int64' as 'Int64' and array 'Int64Array
[2025-07-14 15:04:16,056][AutoNode][DEBUG] - Defining data type 'matrixd[2]' as 'Matrix2d' and array 'Matrix2dArray
[2025-07-14 15:04:16,056][AutoNode][DEBUG] - Defining data type 'matrixd[3]' as 'Matrix3d' and array 'Matrix3dArray
[2025-07-14 15:04:16,056][AutoNode][DEBUG] - Defining data type 'matrixd[4]' as 'Matrix4d' and array 'Matrix4dArray
[2025-07-14 15:04:16,056][AutoNode][DEBUG] - Defining data type 'normald[3]' as 'Normal3d' and array 'Normal3dArray
[2025-07-14 15:04:16,056][AutoNode][DEBUG] - Defining data type 'normalf[3]' as 'Normal3f' and array 'Normal3fArray
[2025-07-14 15:04:16,056][AutoNode][DEBUG] - Defining data type 'normalh[3]' as 'Normal3h' and array 'Normal3hArray
[2025-07-14 15:04:16,056][AutoNode][DEBUG] - Defining data type 'objectId' as 'ObjectId' and array 'ObjectIdArray
[2025-07-14 15:04:16,056][AutoNode][DEBUG] - Defining data type 'path' as 'Path'
[2025-07-14 15:04:16,056][AutoNode][DEBUG] - Defining data type 'pointd[3]' as 'Point3d' and array 'Point3dArray
[2025-07-14 15:04:16,056][AutoNode][DEBUG] - Defining data type 'pointf[3]' as 'Point3f' and array 'Point3fArray
[2025-07-14 15:04:16,056][AutoNode][DEBUG] - Defining data type 'pointh[3]' as 'Point3h' and array 'Point3hArray
[2025-07-14 15:04:16,057][AutoNode][DEBUG] - Defining data type 'quatd[4]' as 'Quatd' and array 'QuatdArray
[2025-07-14 15:04:16,057][AutoNode][DEBUG] - Defining data type 'quatf[4]' as 'Quatf' and array 'QuatfArray
[2025-07-14 15:04:16,057][AutoNode][DEBUG] - Defining data type 'quath[4]' as 'Quath' and array 'QuathArray
[2025-07-14 15:04:16,057][AutoNode][DEBUG] - Defining data type 'string' as 'String'
[2025-07-14 15:04:16,057][AutoNode][DEBUG] - Defining data type 'target' as 'Target'
[2025-07-14 15:04:16,057][AutoNode][DEBUG] - Defining data type 'texcoordd[2]' as 'TexCoord2d' and array 'TexCoord2dArray
[2025-07-14 15:04:16,057][AutoNode][DEBUG] - Defining data type 'texcoordf[2]' as 'TexCoord2f' and array 'TexCoord2fArray
[2025-07-14 15:04:16,057][AutoNode][DEBUG] - Defining data type 'texcoordh[2]' as 'TexCoord2h' and array 'TexCoord2hArray
[2025-07-14 15:04:16,057][AutoNode][DEBUG] - Defining data type 'texcoordd[3]' as 'TexCoord3d' and array 'TexCoord3dArray
[2025-07-14 15:04:16,057][AutoNode][DEBUG] - Defining data type 'texcoordf[3]' as 'TexCoord3f' and array 'TexCoord3fArray
[2025-07-14 15:04:16,057][AutoNode][DEBUG] - Defining data type 'texcoordh[3]' as 'TexCoord3h' and array 'TexCoord3hArray
[2025-07-14 15:04:16,058][AutoNode][DEBUG] - Defining data type 'timecode' as 'Timecode' and array 'TimecodeArray
[2025-07-14 15:04:16,058][AutoNode][DEBUG] - Defining data type 'token' as 'Token' and array 'TokenArray
[2025-07-14 15:04:16,058][AutoNode][DEBUG] - Defining data type 'uchar' as 'UChar' and array 'UCharArray
[2025-07-14 15:04:16,058][AutoNode][DEBUG] - Defining data type 'uint' as 'UInt' and array 'UIntArray
[2025-07-14 15:04:16,058][AutoNode][DEBUG] - Defining data type 'uint64' as 'UInt64' and array 'UInt64Array
[2025-07-14 15:04:16,058][AutoNode][DEBUG] - Defining data type 'vectord[3]' as 'Vector3d' and array 'Vector3dArray
[2025-07-14 15:04:16,058][AutoNode][DEBUG] - Defining data type 'vectorf[3]' as 'Vector3f' and array 'Vector3fArray
[2025-07-14 15:04:16,058][AutoNode][DEBUG] - Defining data type 'vectorh[3]' as 'Vector3h' and array 'Vector3hArray
[2025-07-14 15:04:18,871][omni.kit.profiler.window][WARNING] - remove _SpanInstance.__lt__ and use insort 'key' arg instead
[2025-07-14 15:04:22,539][git.cmd][DEBUG] - Popen(['git', 'rev-parse', '--show-toplevel'], cwd=/home/alesr/Repositories/Omnidrones-PEG, stdin=None, shell=False, universal_newlines=False)
[2025-07-14 15:04:22,694][urllib3.connectionpool][DEBUG] - Starting new HTTPS connection (1): api.wandb.ai:443
[2025-07-14 15:04:22,871][urllib3.connectionpool][DEBUG] - https://api.wandb.ai:443 "POST /graphql HTTP/11" 200 None
[2025-07-14 15:04:22,875][urllib3.connectionpool][DEBUG] - Starting new HTTPS connection (1): api.wandb.ai:443
[2025-07-14 15:04:23,049][urllib3.connectionpool][DEBUG] - https://api.wandb.ai:443 "POST /graphql HTTP/11" 200 None
[2025-07-14 15:04:23,078][git.cmd][DEBUG] - Popen(['git', 'cat-file', '--batch-check'], cwd=/home/alesr/Repositories/Omnidrones-PEG, stdin=<valid stream>, shell=False, universal_newlines=False)
[2025-07-14 15:04:27,328][root][INFO] - Reading pursuer's params from /home/alesr/Repositories/Omnidrones-PEG/omni_drones/robots/assets/usd/hummingbird.yaml.
[2025-07-14 15:04:27,360][root][INFO] - Reading evader's params from /home/alesr/Repositories/Omnidrones-PEG/omni_drones/robots/assets/usd/hummingbird.yaml.
[2025-07-14 15:04:33,839][root][INFO] - Default parameters:
Mass: [[0.6800000071525574]]
Inertia: [[0.007000000681728125, 0.007000000681728125, 0.011999999172985554]]
Thrust2Weight: [[0.8999204039573669, 0.8999204039573669, 0.8999204039573669, 0.8999204039573669]]
Force2Moment: [[62.499996185302734, 62.499996185302734, 62.499996185302734, 62.499996185302734]]
[2025-07-14 15:04:34,842][root][INFO] - Default parameters:
Mass: [[0.6800000071525574]]
Inertia: [[0.007000000681728125, 0.007000000681728125, 0.011999999172985554]]
Thrust2Weight: [[0.8999204039573669, 0.8999204039573669, 0.8999204039573669, 0.8999204039573669]]
Force2Moment: [[62.499996185302734, 62.499996185302734, 62.499996185302734, 62.499996185302734]]
[2025-07-14 15:04:34,886][root][INFO] - Setup randomization:
{'train': {'drag_coef': Uniform(low: 0.0, high: 0.12399999797344208),
           'force2moment': Uniform(low: torch.Size([1, 4]), high: torch.Size([1, 4])),
           'inertia': Uniform(low: torch.Size([1, 3]), high: torch.Size([1, 3])),
           'mass': Uniform(low: tensor([[0.1768]], device='cuda:0'), high: tensor([[1.1832]], device='cuda:0')),
           'thrust2weight': Uniform(low: torch.Size([1, 4]), high: torch.Size([1, 4]))}}
[2025-07-14 15:04:34,889][root][INFO] - Setup randomization:
{'train': {'drag_coef': Uniform(low: 0.0, high: 0.12399999797344208),
           'force2moment': Uniform(low: torch.Size([1, 4]), high: torch.Size([1, 4])),
           'inertia': Uniform(low: torch.Size([1, 3]), high: torch.Size([1, 3])),
           'mass': Uniform(low: tensor([[0.1768]], device='cuda:0'), high: tensor([[1.1832]], device='cuda:0')),
           'thrust2weight': Uniform(low: torch.Size([1, 4]), high: torch.Size([1, 4]))}}
[2025-07-14 15:04:36,024][root][INFO] - Eval at 8192 steps.
[2025-07-14 15:05:27,055][root][INFO] - Saved checkpoint to /home/alesr/Repositories/Omnidrones-PEG/wandb/run-20250714_150423-7lx22sik/files/checkpoint_8192.pt
[2025-07-14 15:05:27,082][urllib3.connectionpool][DEBUG] - Starting new HTTPS connection (1): api.wandb.ai:443
[2025-07-14 15:05:27,298][urllib3.connectionpool][DEBUG] - https://api.wandb.ai:443 "POST /graphql HTTP/11" 200 None
[2025-07-14 15:06:28,642][root][INFO] - Eval at 417792 steps.
[2025-07-14 15:07:36,883][root][INFO] - Eval at 827392 steps.
[2025-07-14 15:07:49,736][root][INFO] - Saved checkpoint to /home/alesr/Repositories/Omnidrones-PEG/wandb/run-20250714_150423-7lx22sik/files/checkpoint_827392.pt
[2025-07-14 15:07:49,759][urllib3.connectionpool][DEBUG] - Starting new HTTPS connection (1): api.wandb.ai:443
[2025-07-14 15:07:49,968][urllib3.connectionpool][DEBUG] - https://api.wandb.ai:443 "POST /graphql HTTP/11" 200 None
[2025-07-14 15:08:41,949][root][INFO] - Eval at 1236992 steps.
[2025-07-14 15:09:46,893][root][INFO] - Eval at 1646592 steps.
[2025-07-14 15:09:59,126][root][INFO] - Saved checkpoint to /home/alesr/Repositories/Omnidrones-PEG/wandb/run-20250714_150423-7lx22sik/files/checkpoint_1646592.pt
[2025-07-14 15:09:59,148][urllib3.connectionpool][DEBUG] - Starting new HTTPS connection (1): api.wandb.ai:443
[2025-07-14 15:09:59,360][urllib3.connectionpool][DEBUG] - https://api.wandb.ai:443 "POST /graphql HTTP/11" 200 None
[2025-07-14 15:10:52,069][root][INFO] - Eval at 2056192 steps.
[2025-07-14 15:11:55,836][root][INFO] - Eval at 2465792 steps.
[2025-07-14 15:12:42,776][root][INFO] - Saved checkpoint to /home/alesr/Repositories/Omnidrones-PEG/wandb/run-20250714_150423-7lx22sik/files/checkpoint_2465792.pt
[2025-07-14 15:12:42,793][urllib3.connectionpool][DEBUG] - Starting new HTTPS connection (1): api.wandb.ai:443
[2025-07-14 15:12:43,007][urllib3.connectionpool][DEBUG] - https://api.wandb.ai:443 "POST /graphql HTTP/11" 200 None
[2025-07-14 15:13:36,995][root][INFO] - Eval at 2875392 steps.
[2025-07-14 15:14:42,562][root][INFO] - Eval at 3284992 steps.
[2025-07-14 15:14:54,859][root][INFO] - Saved checkpoint to /home/alesr/Repositories/Omnidrones-PEG/wandb/run-20250714_150423-7lx22sik/files/checkpoint_3284992.pt
[2025-07-14 15:14:54,883][urllib3.connectionpool][DEBUG] - Starting new HTTPS connection (1): api.wandb.ai:443
[2025-07-14 15:14:55,103][urllib3.connectionpool][DEBUG] - https://api.wandb.ai:443 "POST /graphql HTTP/11" 200 None
[2025-07-14 15:15:45,988][root][INFO] - Eval at 3694592 steps.
[2025-07-14 15:16:50,888][root][INFO] - Eval at 4104192 steps.
[2025-07-14 15:17:03,165][root][INFO] - Saved checkpoint to /home/alesr/Repositories/Omnidrones-PEG/wandb/run-20250714_150423-7lx22sik/files/checkpoint_4104192.pt
[2025-07-14 15:17:03,188][urllib3.connectionpool][DEBUG] - Starting new HTTPS connection (1): api.wandb.ai:443
[2025-07-14 15:17:03,375][urllib3.connectionpool][DEBUG] - https://api.wandb.ai:443 "POST /graphql HTTP/11" 200 None
[2025-07-14 15:17:56,118][root][INFO] - Eval at 4513792 steps.
[2025-07-14 15:19:01,222][root][INFO] - Eval at 4923392 steps.
[2025-07-14 15:19:47,853][root][INFO] - Saved checkpoint to /home/alesr/Repositories/Omnidrones-PEG/wandb/run-20250714_150423-7lx22sik/files/checkpoint_4923392.pt
[2025-07-14 15:19:47,867][urllib3.connectionpool][DEBUG] - Starting new HTTPS connection (1): api.wandb.ai:443
[2025-07-14 15:19:48,067][urllib3.connectionpool][DEBUG] - https://api.wandb.ai:443 "POST /graphql HTTP/11" 200 None
[2025-07-14 15:20:42,967][root][INFO] - Eval at 5332992 steps.
[2025-07-14 15:21:47,986][root][INFO] - Eval at 5742592 steps.
[2025-07-14 15:22:00,860][root][INFO] - Saved checkpoint to /home/alesr/Repositories/Omnidrones-PEG/wandb/run-20250714_150423-7lx22sik/files/checkpoint_5742592.pt
[2025-07-14 15:22:00,884][urllib3.connectionpool][DEBUG] - Starting new HTTPS connection (1): api.wandb.ai:443
[2025-07-14 15:22:01,122][urllib3.connectionpool][DEBUG] - https://api.wandb.ai:443 "POST /graphql HTTP/11" 200 None
[2025-07-14 15:22:50,418][root][INFO] - Eval at 6152192 steps.
[2025-07-14 15:23:52,375][root][INFO] - Eval at 6561792 steps.
[2025-07-14 15:24:04,762][root][INFO] - Saved checkpoint to /home/alesr/Repositories/Omnidrones-PEG/wandb/run-20250714_150423-7lx22sik/files/checkpoint_6561792.pt
[2025-07-14 15:24:04,785][urllib3.connectionpool][DEBUG] - Starting new HTTPS connection (1): api.wandb.ai:443
[2025-07-14 15:24:05,000][urllib3.connectionpool][DEBUG] - https://api.wandb.ai:443 "POST /graphql HTTP/11" 200 None
[2025-07-14 15:24:55,509][root][INFO] - Eval at 6971392 steps.
[2025-07-14 15:26:07,678][root][INFO] - Eval at 7380992 steps.
[2025-07-14 15:26:54,280][root][INFO] - Saved checkpoint to /home/alesr/Repositories/Omnidrones-PEG/wandb/run-20250714_150423-7lx22sik/files/checkpoint_7380992.pt
[2025-07-14 15:26:54,303][urllib3.connectionpool][DEBUG] - Starting new HTTPS connection (1): api.wandb.ai:443
[2025-07-14 15:26:54,488][urllib3.connectionpool][DEBUG] - https://api.wandb.ai:443 "POST /graphql HTTP/11" 200 None
[2025-07-14 15:27:44,803][root][INFO] - Eval at 7790592 steps.
[2025-07-14 15:28:44,166][root][INFO] - Eval at 8200192 steps.
[2025-07-14 15:28:56,060][root][INFO] - Saved checkpoint to /home/alesr/Repositories/Omnidrones-PEG/wandb/run-20250714_150423-7lx22sik/files/checkpoint_8200192.pt
[2025-07-14 15:28:56,083][urllib3.connectionpool][DEBUG] - Starting new HTTPS connection (1): api.wandb.ai:443
[2025-07-14 15:28:56,288][urllib3.connectionpool][DEBUG] - https://api.wandb.ai:443 "POST /graphql HTTP/11" 200 None
[2025-07-14 15:29:42,799][root][INFO] - Eval at 8609792 steps.
[2025-07-14 15:30:42,458][root][INFO] - Eval at 9019392 steps.
[2025-07-14 15:30:54,302][root][INFO] - Saved checkpoint to /home/alesr/Repositories/Omnidrones-PEG/wandb/run-20250714_150423-7lx22sik/files/checkpoint_9019392.pt
[2025-07-14 15:30:54,328][urllib3.connectionpool][DEBUG] - Starting new HTTPS connection (1): api.wandb.ai:443
[2025-07-14 15:30:54,581][urllib3.connectionpool][DEBUG] - https://api.wandb.ai:443 "POST /graphql HTTP/11" 200 None
[2025-07-14 15:31:42,399][root][INFO] - Eval at 9428992 steps.
[2025-07-14 15:32:42,120][root][INFO] - Eval at 9838592 steps.
[2025-07-14 15:33:27,289][root][INFO] - Saved checkpoint to /home/alesr/Repositories/Omnidrones-PEG/wandb/run-20250714_150423-7lx22sik/files/checkpoint_9838592.pt
[2025-07-14 15:33:27,311][urllib3.connectionpool][DEBUG] - Starting new HTTPS connection (1): api.wandb.ai:443
[2025-07-14 15:33:27,529][urllib3.connectionpool][DEBUG] - https://api.wandb.ai:443 "POST /graphql HTTP/11" 200 None
[2025-07-14 15:34:15,514][root][INFO] - Eval at 10248192 steps.
[2025-07-14 15:35:15,091][root][INFO] - Eval at 10657792 steps.
[2025-07-14 15:35:26,884][root][INFO] - Saved checkpoint to /home/alesr/Repositories/Omnidrones-PEG/wandb/run-20250714_150423-7lx22sik/files/checkpoint_10657792.pt
[2025-07-14 15:35:26,907][urllib3.connectionpool][DEBUG] - Starting new HTTPS connection (1): api.wandb.ai:443
[2025-07-14 15:35:27,099][urllib3.connectionpool][DEBUG] - https://api.wandb.ai:443 "POST /graphql HTTP/11" 200 None
[2025-07-14 15:36:14,508][root][INFO] - Eval at 11067392 steps.
[2025-07-14 15:37:15,264][root][INFO] - Eval at 11476992 steps.
[2025-07-14 15:37:26,528][root][INFO] - Saved checkpoint to /home/alesr/Repositories/Omnidrones-PEG/wandb/run-20250714_150423-7lx22sik/files/checkpoint_11476992.pt
[2025-07-14 15:37:26,550][urllib3.connectionpool][DEBUG] - Starting new HTTPS connection (1): api.wandb.ai:443
[2025-07-14 15:37:26,746][urllib3.connectionpool][DEBUG] - https://api.wandb.ai:443 "POST /graphql HTTP/11" 200 None
[2025-07-14 15:38:11,375][root][INFO] - Eval at 11886592 steps.
[2025-07-14 15:39:06,995][root][INFO] - Eval at 12296192 steps.
[2025-07-14 15:39:51,111][root][INFO] - Saved checkpoint to /home/alesr/Repositories/Omnidrones-PEG/wandb/run-20250714_150423-7lx22sik/files/checkpoint_12296192.pt
[2025-07-14 15:39:51,138][urllib3.connectionpool][DEBUG] - Starting new HTTPS connection (1): api.wandb.ai:443
[2025-07-14 15:39:51,356][urllib3.connectionpool][DEBUG] - https://api.wandb.ai:443 "POST /graphql HTTP/11" 200 None
[2025-07-14 15:40:36,275][root][INFO] - Eval at 12705792 steps.
[2025-07-14 15:41:31,572][root][INFO] - Eval at 13115392 steps.
[2025-07-14 15:41:42,848][root][INFO] - Saved checkpoint to /home/alesr/Repositories/Omnidrones-PEG/wandb/run-20250714_150423-7lx22sik/files/checkpoint_13115392.pt
[2025-07-14 15:41:42,865][urllib3.connectionpool][DEBUG] - Starting new HTTPS connection (1): api.wandb.ai:443
[2025-07-14 15:41:43,081][urllib3.connectionpool][DEBUG] - https://api.wandb.ai:443 "POST /graphql HTTP/11" 200 None
[2025-07-14 15:42:28,148][root][INFO] - Eval at 13524992 steps.
[2025-07-14 15:43:22,962][root][INFO] - Eval at 13934592 steps.
[2025-07-14 15:43:33,904][root][INFO] - Saved checkpoint to /home/alesr/Repositories/Omnidrones-PEG/wandb/run-20250714_150423-7lx22sik/files/checkpoint_13934592.pt
[2025-07-14 15:43:33,924][urllib3.connectionpool][DEBUG] - Starting new HTTPS connection (1): api.wandb.ai:443
[2025-07-14 15:43:34,105][urllib3.connectionpool][DEBUG] - https://api.wandb.ai:443 "POST /graphql HTTP/11" 200 None
[2025-07-14 15:44:17,793][root][INFO] - Eval at 14344192 steps.
[2025-07-14 15:45:14,983][root][INFO] - Eval at 14753792 steps.
[2025-07-14 15:45:59,418][root][INFO] - Saved checkpoint to /home/alesr/Repositories/Omnidrones-PEG/wandb/run-20250714_150423-7lx22sik/files/checkpoint_14753792.pt
[2025-07-14 15:45:59,441][urllib3.connectionpool][DEBUG] - Starting new HTTPS connection (1): api.wandb.ai:443
[2025-07-14 15:45:59,632][urllib3.connectionpool][DEBUG] - https://api.wandb.ai:443 "POST /graphql HTTP/11" 200 None
[2025-07-14 15:46:44,486][root][INFO] - Eval at 15163392 steps.
[2025-07-14 15:47:39,557][root][INFO] - Eval at 15572992 steps.
[2025-07-14 15:47:50,147][root][INFO] - Saved checkpoint to /home/alesr/Repositories/Omnidrones-PEG/wandb/run-20250714_150423-7lx22sik/files/checkpoint_15572992.pt
[2025-07-14 15:47:50,169][urllib3.connectionpool][DEBUG] - Starting new HTTPS connection (1): api.wandb.ai:443
[2025-07-14 15:47:50,366][urllib3.connectionpool][DEBUG] - https://api.wandb.ai:443 "POST /graphql HTTP/11" 200 None
[2025-07-14 15:48:35,478][root][INFO] - Eval at 15982592 steps.
[2025-07-14 15:49:34,557][root][INFO] - Eval at 16392192 steps.
[2025-07-14 15:49:46,380][root][INFO] - Saved checkpoint to /home/alesr/Repositories/Omnidrones-PEG/wandb/run-20250714_150423-7lx22sik/files/checkpoint_16392192.pt
[2025-07-14 15:49:46,403][urllib3.connectionpool][DEBUG] - Starting new HTTPS connection (1): api.wandb.ai:443
[2025-07-14 15:49:46,620][urllib3.connectionpool][DEBUG] - https://api.wandb.ai:443 "POST /graphql HTTP/11" 200 None
[2025-07-14 15:50:38,214][root][INFO] - Eval at 16801792 steps.
[2025-07-14 15:51:38,891][root][INFO] - Eval at 17211392 steps.
[2025-07-14 15:52:23,666][root][INFO] - Saved checkpoint to /home/alesr/Repositories/Omnidrones-PEG/wandb/run-20250714_150423-7lx22sik/files/checkpoint_17211392.pt
[2025-07-14 15:52:23,688][urllib3.connectionpool][DEBUG] - Starting new HTTPS connection (1): api.wandb.ai:443
[2025-07-14 15:52:23,918][urllib3.connectionpool][DEBUG] - https://api.wandb.ai:443 "POST /graphql HTTP/11" 200 None
[2025-07-14 15:53:11,037][root][INFO] - Eval at 17620992 steps.
[2025-07-14 15:54:08,184][root][INFO] - Eval at 18030592 steps.
[2025-07-14 15:54:19,832][root][INFO] - Saved checkpoint to /home/alesr/Repositories/Omnidrones-PEG/wandb/run-20250714_150423-7lx22sik/files/checkpoint_18030592.pt
[2025-07-14 15:54:19,846][urllib3.connectionpool][DEBUG] - Starting new HTTPS connection (1): api.wandb.ai:443
[2025-07-14 15:54:20,046][urllib3.connectionpool][DEBUG] - https://api.wandb.ai:443 "POST /graphql HTTP/11" 200 None
[2025-07-14 15:55:06,639][root][INFO] - Eval at 18440192 steps.
[2025-07-14 15:56:04,885][root][INFO] - Eval at 18849792 steps.
[2025-07-14 15:56:16,832][root][INFO] - Saved checkpoint to /home/alesr/Repositories/Omnidrones-PEG/wandb/run-20250714_150423-7lx22sik/files/checkpoint_18849792.pt
[2025-07-14 15:56:16,846][urllib3.connectionpool][DEBUG] - Starting new HTTPS connection (1): api.wandb.ai:443
[2025-07-14 15:56:17,087][urllib3.connectionpool][DEBUG] - https://api.wandb.ai:443 "POST /graphql HTTP/11" 200 None
[2025-07-14 15:57:06,640][root][INFO] - Eval at 19259392 steps.
[2025-07-14 15:58:07,592][root][INFO] - Eval at 19668992 steps.
[2025-07-14 15:58:53,270][root][INFO] - Saved checkpoint to /home/alesr/Repositories/Omnidrones-PEG/wandb/run-20250714_150423-7lx22sik/files/checkpoint_19668992.pt
[2025-07-14 15:58:53,295][urllib3.connectionpool][DEBUG] - Starting new HTTPS connection (1): api.wandb.ai:443
[2025-07-14 15:58:53,484][urllib3.connectionpool][DEBUG] - https://api.wandb.ai:443 "POST /graphql HTTP/11" 200 None
[2025-07-14 15:59:36,380][root][INFO] - Final Eval at 19996672 steps.
[2025-07-14 16:00:22,693][urllib3.connectionpool][DEBUG] - Starting new HTTPS connection (1): api.wandb.ai:443
[2025-07-14 16:00:22,926][urllib3.connectionpool][DEBUG] - https://api.wandb.ai:443 "POST /graphql HTTP/11" 200 None
[2025-07-14 16:00:22,933][root][INFO] - Saved checkpoint to /home/alesr/Repositories/Omnidrones-PEG/wandb/run-20250714_150423-7lx22sik/files/checkpoint_final.pt
