[2025-05-27 18:18:11,093][asyncio][DEBUG] - Using selector: EpollSelector
[2025-05-27 18:18:11,761][omni.kit.telemetry.impl.sentry_extension][INFO] - sentry is disabled for external build
[2025-05-27 18:18:11,762][omni.kit.telemetry.impl.sentry_extension][INFO] - sentry is disabled for external build
[2025-05-27 18:18:12,776][AutoNode][DEBUG] - Defining data type 'any' as 'Any'
[2025-05-27 18:18:12,776][AutoNode][DEBUG] - Defining data type 'bool' as 'Bool' and array 'BoolArray
[2025-05-27 18:18:12,776][AutoNode][DEBUG] - Defining data type 'bundle' as 'Bundle'
[2025-05-27 18:18:12,777][AutoNode][DEBUG] - Defining data type 'colord[3]' as 'Color3d' and array 'Color3dArray
[2025-05-27 18:18:12,777][AutoNode][DEBUG] - Defining data type 'colorf[3]' as 'Color3f' and array 'Color3fArray
[2025-05-27 18:18:12,777][AutoNode][DEBUG] - Defining data type 'colorh[3]' as 'Color3h' and array 'Color3hArray
[2025-05-27 18:18:12,777][AutoNode][DEBUG] - Defining data type 'colord[4]' as 'Color4d' and array 'Color4dArray
[2025-05-27 18:18:12,777][AutoNode][DEBUG] - Defining data type 'colorf[4]' as 'Color4f' and array 'Color4fArray
[2025-05-27 18:18:12,777][AutoNode][DEBUG] - Defining data type 'colorh[4]' as 'Color4h' and array 'Color4hArray
[2025-05-27 18:18:12,777][AutoNode][DEBUG] - Defining data type 'double' as 'Double' and array 'DoubleArray
[2025-05-27 18:18:12,777][AutoNode][DEBUG] - Defining data type 'double[2]' as 'Double2' and array 'Double2Array
[2025-05-27 18:18:12,778][AutoNode][DEBUG] - Defining data type 'double[3]' as 'Double3' and array 'Double3Array
[2025-05-27 18:18:12,778][AutoNode][DEBUG] - Defining data type 'double[4]' as 'Double4' and array 'Double4Array
[2025-05-27 18:18:12,778][AutoNode][DEBUG] - Defining data type 'execution' as 'Execution'
[2025-05-27 18:18:12,778][AutoNode][DEBUG] - Defining data type 'float' as 'Float' and array 'FloatArray
[2025-05-27 18:18:12,778][AutoNode][DEBUG] - Defining data type 'float[2]' as 'Float2' and array 'Float2Array
[2025-05-27 18:18:12,778][AutoNode][DEBUG] - Defining data type 'float[3]' as 'Float3' and array 'Float3Array
[2025-05-27 18:18:12,778][AutoNode][DEBUG] - Defining data type 'float[4]' as 'Float4' and array 'Float4Array
[2025-05-27 18:18:12,779][AutoNode][DEBUG] - Defining data type 'frame[4]' as 'Frame' and array 'FrameArray
[2025-05-27 18:18:12,779][AutoNode][DEBUG] - Defining data type 'half' as 'Half' and array 'HalfArray
[2025-05-27 18:18:12,779][AutoNode][DEBUG] - Defining data type 'half[2]' as 'Half2' and array 'Half2Array
[2025-05-27 18:18:12,779][AutoNode][DEBUG] - Defining data type 'half[3]' as 'Half3' and array 'Half3Array
[2025-05-27 18:18:12,779][AutoNode][DEBUG] - Defining data type 'half[4]' as 'Half4' and array 'Half4Array
[2025-05-27 18:18:12,779][AutoNode][DEBUG] - Defining data type 'int' as 'Int' and array 'IntArray
[2025-05-27 18:18:12,779][AutoNode][DEBUG] - Defining data type 'int[2]' as 'Int2' and array 'Int2Array
[2025-05-27 18:18:12,779][AutoNode][DEBUG] - Defining data type 'int[3]' as 'Int3' and array 'Int3Array
[2025-05-27 18:18:12,779][AutoNode][DEBUG] - Defining data type 'int[4]' as 'Int4' and array 'Int4Array
[2025-05-27 18:18:12,780][AutoNode][DEBUG] - Defining data type 'int64' as 'Int64' and array 'Int64Array
[2025-05-27 18:18:12,780][AutoNode][DEBUG] - Defining data type 'matrixd[2]' as 'Matrix2d' and array 'Matrix2dArray
[2025-05-27 18:18:12,780][AutoNode][DEBUG] - Defining data type 'matrixd[3]' as 'Matrix3d' and array 'Matrix3dArray
[2025-05-27 18:18:12,780][AutoNode][DEBUG] - Defining data type 'matrixd[4]' as 'Matrix4d' and array 'Matrix4dArray
[2025-05-27 18:18:12,780][AutoNode][DEBUG] - Defining data type 'normald[3]' as 'Normal3d' and array 'Normal3dArray
[2025-05-27 18:18:12,780][AutoNode][DEBUG] - Defining data type 'normalf[3]' as 'Normal3f' and array 'Normal3fArray
[2025-05-27 18:18:12,780][AutoNode][DEBUG] - Defining data type 'normalh[3]' as 'Normal3h' and array 'Normal3hArray
[2025-05-27 18:18:12,780][AutoNode][DEBUG] - Defining data type 'objectId' as 'ObjectId' and array 'ObjectIdArray
[2025-05-27 18:18:12,781][AutoNode][DEBUG] - Defining data type 'path' as 'Path'
[2025-05-27 18:18:12,781][AutoNode][DEBUG] - Defining data type 'pointd[3]' as 'Point3d' and array 'Point3dArray
[2025-05-27 18:18:12,781][AutoNode][DEBUG] - Defining data type 'pointf[3]' as 'Point3f' and array 'Point3fArray
[2025-05-27 18:18:12,781][AutoNode][DEBUG] - Defining data type 'pointh[3]' as 'Point3h' and array 'Point3hArray
[2025-05-27 18:18:12,781][AutoNode][DEBUG] - Defining data type 'quatd[4]' as 'Quatd' and array 'QuatdArray
[2025-05-27 18:18:12,781][AutoNode][DEBUG] - Defining data type 'quatf[4]' as 'Quatf' and array 'QuatfArray
[2025-05-27 18:18:12,781][AutoNode][DEBUG] - Defining data type 'quath[4]' as 'Quath' and array 'QuathArray
[2025-05-27 18:18:12,782][AutoNode][DEBUG] - Defining data type 'string' as 'String'
[2025-05-27 18:18:12,782][AutoNode][DEBUG] - Defining data type 'target' as 'Target'
[2025-05-27 18:18:12,782][AutoNode][DEBUG] - Defining data type 'texcoordd[2]' as 'TexCoord2d' and array 'TexCoord2dArray
[2025-05-27 18:18:12,782][AutoNode][DEBUG] - Defining data type 'texcoordf[2]' as 'TexCoord2f' and array 'TexCoord2fArray
[2025-05-27 18:18:12,782][AutoNode][DEBUG] - Defining data type 'texcoordh[2]' as 'TexCoord2h' and array 'TexCoord2hArray
[2025-05-27 18:18:12,782][AutoNode][DEBUG] - Defining data type 'texcoordd[3]' as 'TexCoord3d' and array 'TexCoord3dArray
[2025-05-27 18:18:12,782][AutoNode][DEBUG] - Defining data type 'texcoordf[3]' as 'TexCoord3f' and array 'TexCoord3fArray
[2025-05-27 18:18:12,783][AutoNode][DEBUG] - Defining data type 'texcoordh[3]' as 'TexCoord3h' and array 'TexCoord3hArray
[2025-05-27 18:18:12,783][AutoNode][DEBUG] - Defining data type 'timecode' as 'Timecode' and array 'TimecodeArray
[2025-05-27 18:18:12,783][AutoNode][DEBUG] - Defining data type 'token' as 'Token' and array 'TokenArray
[2025-05-27 18:18:12,783][AutoNode][DEBUG] - Defining data type 'uchar' as 'UChar' and array 'UCharArray
[2025-05-27 18:18:12,783][AutoNode][DEBUG] - Defining data type 'uint' as 'UInt' and array 'UIntArray
[2025-05-27 18:18:12,783][AutoNode][DEBUG] - Defining data type 'uint64' as 'UInt64' and array 'UInt64Array
[2025-05-27 18:18:12,784][AutoNode][DEBUG] - Defining data type 'vectord[3]' as 'Vector3d' and array 'Vector3dArray
[2025-05-27 18:18:12,784][AutoNode][DEBUG] - Defining data type 'vectorf[3]' as 'Vector3f' and array 'Vector3fArray
[2025-05-27 18:18:12,784][AutoNode][DEBUG] - Defining data type 'vectorh[3]' as 'Vector3h' and array 'Vector3hArray
[2025-05-27 18:18:15,611][omni.kit.profiler.window][WARNING] - remove _SpanInstance.__lt__ and use insort 'key' arg instead
[2025-05-27 18:18:19,563][git.cmd][DEBUG] - Popen(['git', 'rev-parse', '--show-toplevel'], cwd=/home/alesr/Repositories/Omnidrones-PEG, stdin=None, shell=False, universal_newlines=False)
[2025-05-27 18:18:19,699][urllib3.connectionpool][DEBUG] - Starting new HTTPS connection (1): api.wandb.ai:443
[2025-05-27 18:18:19,867][urllib3.connectionpool][DEBUG] - https://api.wandb.ai:443 "POST /graphql HTTP/11" 200 None
[2025-05-27 18:18:19,872][urllib3.connectionpool][DEBUG] - Starting new HTTPS connection (1): api.wandb.ai:443
[2025-05-27 18:18:20,040][urllib3.connectionpool][DEBUG] - https://api.wandb.ai:443 "POST /graphql HTTP/11" 200 None
[2025-05-27 18:18:20,055][git.cmd][DEBUG] - Popen(['git', 'cat-file', '--batch-check'], cwd=/home/alesr/Repositories/Omnidrones-PEG, stdin=<valid stream>, shell=False, universal_newlines=False)
[2025-05-27 18:18:24,932][root][INFO] - Reading pursuer's params from /home/alesr/Repositories/Omnidrones-PEG/omni_drones/robots/assets/usd/hummingbird.yaml.
[2025-05-27 18:18:24,946][root][INFO] - Reading evader's params from /home/alesr/Repositories/Omnidrones-PEG/omni_drones/robots/assets/usd/hummingbird.yaml.
[2025-05-27 18:18:29,778][root][INFO] - Default parameters:
Mass: [[0.6800000071525574]]
Inertia: [[0.007000000681728125, 0.007000000681728125, 0.011999999172985554]]
Thrust2Weight: [[0.8999204039573669, 0.8999204039573669, 0.8999204039573669, 0.8999204039573669]]
Force2Moment: [[62.499996185302734, 62.499996185302734, 62.499996185302734, 62.499996185302734]]
[2025-05-27 18:18:30,268][root][INFO] - Default parameters:
Mass: [[0.6800000071525574]]
Inertia: [[0.007000000681728125, 0.007000000681728125, 0.011999999172985554]]
Thrust2Weight: [[0.8999204039573669, 0.8999204039573669, 0.8999204039573669, 0.8999204039573669]]
Force2Moment: [[62.499996185302734, 62.499996185302734, 62.499996185302734, 62.499996185302734]]
[2025-05-27 18:18:30,400][matplotlib.pyplot][DEBUG] - Loaded backend tkagg version 8.6.
[2025-05-27 18:18:51,102][urllib3.connectionpool][DEBUG] - Starting new HTTPS connection (1): api.wandb.ai:443
[2025-05-27 18:18:51,282][urllib3.connectionpool][DEBUG] - https://api.wandb.ai:443 "POST /graphql HTTP/11" 200 None
[2025-05-27 18:18:51,288][urllib3.connectionpool][DEBUG] - Starting new HTTPS connection (1): api.wandb.ai:443
[2025-05-27 18:18:51,438][urllib3.connectionpool][DEBUG] - https://api.wandb.ai:443 "POST /graphql HTTP/11" 200 None
[2025-05-27 18:18:51,443][urllib3.connectionpool][DEBUG] - Starting new HTTPS connection (1): api.wandb.ai:443
[2025-05-27 18:18:51,719][urllib3.connectionpool][DEBUG] - https://api.wandb.ai:443 "POST /graphql HTTP/11" 200 None
[2025-05-27 18:18:52,728][urllib3.connectionpool][DEBUG] - Starting new HTTPS connection (1): api.wandb.ai:443
[2025-05-27 18:18:52,918][urllib3.connectionpool][DEBUG] - https://api.wandb.ai:443 "POST /graphql HTTP/11" 200 None
[2025-05-27 18:18:52,923][urllib3.connectionpool][DEBUG] - Starting new HTTPS connection (1): storage.googleapis.com:443
[2025-05-27 18:18:53,144][urllib3.connectionpool][DEBUG] - https://storage.googleapis.com:443 "GET /wandb-production.appspot.com/alesr_kth/PEG/mb06h3gu/artifact/1767455944/wandb_manifest.json?X-Goog-Algorithm=GOOG4-RSA-SHA256&X-Goog-Credential=gorilla-files-url-signer-man%40wandb-production.iam.gserviceaccount.com%2F20250527%2Fauto%2Fstorage%2Fgoog4_request&X-Goog-Date=20250527T161851Z&X-Goog-Expires=3599&X-Goog-Signature=95d8dfb73df73212a83265c580195716b46370fc8dc6832271c02abf3c284f6ca0e68c11b8e0e1eb67c0c285f7b570f6bf184014783a9b3c9ce994b53ffc9c989769cbe8b2c2df41794cf427f84d8313d7762dc963c76ea158fc27f542e86b2b56cb563361d815f1ac135b13b5dce4b0a565252a6d9e938e3212de97ad06395cd6e99aa8a2e31964f3334ddc3fb3d543c01258824b1862f44b9a12d48b594bcadb519411a0c24521c84a4497053d521bc1f356bb8e32e1c3448163a7479560d425d0b9fc76977c1a7d574182d5857daf98803e34a5eed7df878c00d2c022a6658a35f8aa4536a3b9b70b07b60c23073b7ee6d6a24941bfe160e5134a52a68d81&X-Goog-SignedHeaders=host&X-User=alesr HTTP/11" 200 343
[2025-05-27 18:19:10,914][root][INFO] - Eval at 4096 steps.
[2025-05-27 18:19:46,892][root][INFO] - Saved checkpoint to /home/alesr/Repositories/Omnidrones-PEG/wandb/run-20250527_181820-l663374m/files/checkpoint_4096.pt
[2025-05-27 18:19:46,919][urllib3.connectionpool][DEBUG] - Starting new HTTPS connection (1): api.wandb.ai:443
[2025-05-27 18:19:47,128][urllib3.connectionpool][DEBUG] - https://api.wandb.ai:443 "POST /graphql HTTP/11" 200 None
[2025-05-27 18:20:00,233][root][INFO] - Final Eval at 49152 steps.
[2025-05-27 18:20:14,718][urllib3.connectionpool][DEBUG] - Starting new HTTPS connection (1): api.wandb.ai:443
[2025-05-27 18:20:14,892][urllib3.connectionpool][DEBUG] - https://api.wandb.ai:443 "POST /graphql HTTP/11" 200 None
[2025-05-27 18:20:14,898][root][INFO] - Saved checkpoint to /home/alesr/Repositories/Omnidrones-PEG/wandb/run-20250527_181820-l663374m/files/checkpoint_final.pt
