[2025-07-05 11:26:17,002][asyncio][DEBUG] - Using selector: EpollSelector
[2025-07-05 11:26:17,760][omni.kit.telemetry.impl.sentry_extension][INFO] - sentry is disabled for external build
[2025-07-05 11:26:17,761][omni.kit.telemetry.impl.sentry_extension][INFO] - sentry is disabled for external build
[2025-07-05 11:26:18,978][AutoNode][DEBUG] - Defining data type 'any' as 'Any'
[2025-07-05 11:26:18,978][AutoNode][DEBUG] - Defining data type 'bool' as 'Bool' and array 'BoolArray
[2025-07-05 11:26:18,978][AutoNode][DEBUG] - Defining data type 'bundle' as 'Bundle'
[2025-07-05 11:26:18,978][AutoNode][DEBUG] - Defining data type 'colord[3]' as 'Color3d' and array 'Color3dArray
[2025-07-05 11:26:18,978][AutoNode][DEBUG] - Defining data type 'colorf[3]' as 'Color3f' and array 'Color3fArray
[2025-07-05 11:26:18,978][AutoNode][DEBUG] - Defining data type 'colorh[3]' as 'Color3h' and array 'Color3hArray
[2025-07-05 11:26:18,978][AutoNode][DEBUG] - Defining data type 'colord[4]' as 'Color4d' and array 'Color4dArray
[2025-07-05 11:26:18,978][AutoNode][DEBUG] - Defining data type 'colorf[4]' as 'Color4f' and array 'Color4fArray
[2025-07-05 11:26:18,978][AutoNode][DEBUG] - Defining data type 'colorh[4]' as 'Color4h' and array 'Color4hArray
[2025-07-05 11:26:18,978][AutoNode][DEBUG] - Defining data type 'double' as 'Double' and array 'DoubleArray
[2025-07-05 11:26:18,978][AutoNode][DEBUG] - Defining data type 'double[2]' as 'Double2' and array 'Double2Array
[2025-07-05 11:26:18,978][AutoNode][DEBUG] - Defining data type 'double[3]' as 'Double3' and array 'Double3Array
[2025-07-05 11:26:18,978][AutoNode][DEBUG] - Defining data type 'double[4]' as 'Double4' and array 'Double4Array
[2025-07-05 11:26:18,978][AutoNode][DEBUG] - Defining data type 'execution' as 'Execution'
[2025-07-05 11:26:18,978][AutoNode][DEBUG] - Defining data type 'float' as 'Float' and array 'FloatArray
[2025-07-05 11:26:18,979][AutoNode][DEBUG] - Defining data type 'float[2]' as 'Float2' and array 'Float2Array
[2025-07-05 11:26:18,979][AutoNode][DEBUG] - Defining data type 'float[3]' as 'Float3' and array 'Float3Array
[2025-07-05 11:26:18,979][AutoNode][DEBUG] - Defining data type 'float[4]' as 'Float4' and array 'Float4Array
[2025-07-05 11:26:18,979][AutoNode][DEBUG] - Defining data type 'frame[4]' as 'Frame' and array 'FrameArray
[2025-07-05 11:26:18,979][AutoNode][DEBUG] - Defining data type 'half' as 'Half' and array 'HalfArray
[2025-07-05 11:26:18,979][AutoNode][DEBUG] - Defining data type 'half[2]' as 'Half2' and array 'Half2Array
[2025-07-05 11:26:18,979][AutoNode][DEBUG] - Defining data type 'half[3]' as 'Half3' and array 'Half3Array
[2025-07-05 11:26:18,979][AutoNode][DEBUG] - Defining data type 'half[4]' as 'Half4' and array 'Half4Array
[2025-07-05 11:26:18,979][AutoNode][DEBUG] - Defining data type 'int' as 'Int' and array 'IntArray
[2025-07-05 11:26:18,979][AutoNode][DEBUG] - Defining data type 'int[2]' as 'Int2' and array 'Int2Array
[2025-07-05 11:26:18,979][AutoNode][DEBUG] - Defining data type 'int[3]' as 'Int3' and array 'Int3Array
[2025-07-05 11:26:18,979][AutoNode][DEBUG] - Defining data type 'int[4]' as 'Int4' and array 'Int4Array
[2025-07-05 11:26:18,979][AutoNode][DEBUG] - Defining data type 'int64' as 'Int64' and array 'Int64Array
[2025-07-05 11:26:18,979][AutoNode][DEBUG] - Defining data type 'matrixd[2]' as 'Matrix2d' and array 'Matrix2dArray
[2025-07-05 11:26:18,979][AutoNode][DEBUG] - Defining data type 'matrixd[3]' as 'Matrix3d' and array 'Matrix3dArray
[2025-07-05 11:26:18,979][AutoNode][DEBUG] - Defining data type 'matrixd[4]' as 'Matrix4d' and array 'Matrix4dArray
[2025-07-05 11:26:18,979][AutoNode][DEBUG] - Defining data type 'normald[3]' as 'Normal3d' and array 'Normal3dArray
[2025-07-05 11:26:18,979][AutoNode][DEBUG] - Defining data type 'normalf[3]' as 'Normal3f' and array 'Normal3fArray
[2025-07-05 11:26:18,979][AutoNode][DEBUG] - Defining data type 'normalh[3]' as 'Normal3h' and array 'Normal3hArray
[2025-07-05 11:26:18,979][AutoNode][DEBUG] - Defining data type 'objectId' as 'ObjectId' and array 'ObjectIdArray
[2025-07-05 11:26:18,980][AutoNode][DEBUG] - Defining data type 'path' as 'Path'
[2025-07-05 11:26:18,980][AutoNode][DEBUG] - Defining data type 'pointd[3]' as 'Point3d' and array 'Point3dArray
[2025-07-05 11:26:18,980][AutoNode][DEBUG] - Defining data type 'pointf[3]' as 'Point3f' and array 'Point3fArray
[2025-07-05 11:26:18,980][AutoNode][DEBUG] - Defining data type 'pointh[3]' as 'Point3h' and array 'Point3hArray
[2025-07-05 11:26:18,980][AutoNode][DEBUG] - Defining data type 'quatd[4]' as 'Quatd' and array 'QuatdArray
[2025-07-05 11:26:18,980][AutoNode][DEBUG] - Defining data type 'quatf[4]' as 'Quatf' and array 'QuatfArray
[2025-07-05 11:26:18,980][AutoNode][DEBUG] - Defining data type 'quath[4]' as 'Quath' and array 'QuathArray
[2025-07-05 11:26:18,980][AutoNode][DEBUG] - Defining data type 'string' as 'String'
[2025-07-05 11:26:18,980][AutoNode][DEBUG] - Defining data type 'target' as 'Target'
[2025-07-05 11:26:18,980][AutoNode][DEBUG] - Defining data type 'texcoordd[2]' as 'TexCoord2d' and array 'TexCoord2dArray
[2025-07-05 11:26:18,980][AutoNode][DEBUG] - Defining data type 'texcoordf[2]' as 'TexCoord2f' and array 'TexCoord2fArray
[2025-07-05 11:26:18,980][AutoNode][DEBUG] - Defining data type 'texcoordh[2]' as 'TexCoord2h' and array 'TexCoord2hArray
[2025-07-05 11:26:18,980][AutoNode][DEBUG] - Defining data type 'texcoordd[3]' as 'TexCoord3d' and array 'TexCoord3dArray
[2025-07-05 11:26:18,980][AutoNode][DEBUG] - Defining data type 'texcoordf[3]' as 'TexCoord3f' and array 'TexCoord3fArray
[2025-07-05 11:26:18,980][AutoNode][DEBUG] - Defining data type 'texcoordh[3]' as 'TexCoord3h' and array 'TexCoord3hArray
[2025-07-05 11:26:18,980][AutoNode][DEBUG] - Defining data type 'timecode' as 'Timecode' and array 'TimecodeArray
[2025-07-05 11:26:18,980][AutoNode][DEBUG] - Defining data type 'token' as 'Token' and array 'TokenArray
[2025-07-05 11:26:18,980][AutoNode][DEBUG] - Defining data type 'uchar' as 'UChar' and array 'UCharArray
[2025-07-05 11:26:18,980][AutoNode][DEBUG] - Defining data type 'uint' as 'UInt' and array 'UIntArray
[2025-07-05 11:26:18,981][AutoNode][DEBUG] - Defining data type 'uint64' as 'UInt64' and array 'UInt64Array
[2025-07-05 11:26:18,981][AutoNode][DEBUG] - Defining data type 'vectord[3]' as 'Vector3d' and array 'Vector3dArray
[2025-07-05 11:26:18,981][AutoNode][DEBUG] - Defining data type 'vectorf[3]' as 'Vector3f' and array 'Vector3fArray
[2025-07-05 11:26:18,981][AutoNode][DEBUG] - Defining data type 'vectorh[3]' as 'Vector3h' and array 'Vector3hArray
[2025-07-05 11:26:21,874][omni.kit.profiler.window][WARNING] - remove _SpanInstance.__lt__ and use insort 'key' arg instead
[2025-07-05 11:26:25,555][git.cmd][DEBUG] - Popen(['git', 'rev-parse', '--show-toplevel'], cwd=/home/alesr/Repositories/Omnidrones-PEG, stdin=None, shell=False, universal_newlines=False)
[2025-07-05 11:26:25,746][urllib3.connectionpool][DEBUG] - Starting new HTTPS connection (1): api.wandb.ai:443
[2025-07-05 11:26:25,917][urllib3.connectionpool][DEBUG] - https://api.wandb.ai:443 "POST /graphql HTTP/11" 200 None
[2025-07-05 11:26:25,923][urllib3.connectionpool][DEBUG] - Starting new HTTPS connection (1): api.wandb.ai:443
[2025-07-05 11:26:26,098][urllib3.connectionpool][DEBUG] - https://api.wandb.ai:443 "POST /graphql HTTP/11" 200 None
[2025-07-05 11:26:26,115][git.cmd][DEBUG] - Popen(['git', 'cat-file', '--batch-check'], cwd=/home/alesr/Repositories/Omnidrones-PEG, stdin=<valid stream>, shell=False, universal_newlines=False)
[2025-07-05 11:26:30,255][root][INFO] - Reading pursuer's params from /home/alesr/Repositories/Omnidrones-PEG/omni_drones/robots/assets/usd/hummingbird.yaml.
[2025-07-05 11:26:30,291][root][INFO] - Reading evader's params from /home/alesr/Repositories/Omnidrones-PEG/omni_drones/robots/assets/usd/hummingbird.yaml.
[2025-07-05 11:26:38,893][root][INFO] - Default parameters:
Mass: [[0.6800000071525574]]
Inertia: [[0.007000000681728125, 0.007000000681728125, 0.011999999172985554]]
Thrust2Weight: [[0.8999204039573669, 0.8999204039573669, 0.8999204039573669, 0.8999204039573669]]
Force2Moment: [[62.499996185302734, 62.499996185302734, 62.499996185302734, 62.499996185302734]]
[2025-07-05 11:26:40,474][root][INFO] - Default parameters:
Mass: [[0.6800000071525574]]
Inertia: [[0.007000000681728125, 0.007000000681728125, 0.011999999172985554]]
Thrust2Weight: [[0.8999204039573669, 0.8999204039573669, 0.8999204039573669, 0.8999204039573669]]
Force2Moment: [[62.499996185302734, 62.499996185302734, 62.499996185302734, 62.499996185302734]]
[2025-07-05 11:26:41,933][root][INFO] - Eval at 12288 steps.
[2025-07-05 11:27:52,013][root][INFO] - Saved checkpoint to /home/alesr/Repositories/Omnidrones-PEG/wandb/run-20250705_112626-0m3yxw64/files/checkpoint_12288.pt
[2025-07-05 11:27:52,037][urllib3.connectionpool][DEBUG] - Starting new HTTPS connection (1): api.wandb.ai:443
[2025-07-05 11:27:52,228][urllib3.connectionpool][DEBUG] - https://api.wandb.ai:443 "POST /graphql HTTP/11" 200 None
[2025-07-05 11:28:55,968][root][INFO] - Eval at 626688 steps.
[2025-07-05 11:30:18,338][root][INFO] - Eval at 1241088 steps.
[2025-07-05 11:31:36,399][root][INFO] - Eval at 1855488 steps.
[2025-07-05 11:32:57,435][root][INFO] - Eval at 2469888 steps.
[2025-07-05 11:33:18,268][root][INFO] - Saved checkpoint to /home/alesr/Repositories/Omnidrones-PEG/wandb/run-20250705_112626-0m3yxw64/files/checkpoint_2469888.pt
[2025-07-05 11:33:18,292][urllib3.connectionpool][DEBUG] - Starting new HTTPS connection (1): api.wandb.ai:443
[2025-07-05 11:33:18,479][urllib3.connectionpool][DEBUG] - https://api.wandb.ai:443 "POST /graphql HTTP/11" 200 None
[2025-07-05 11:34:22,124][root][INFO] - Eval at 3084288 steps.
[2025-07-05 11:35:51,328][root][INFO] - Eval at 3698688 steps.
[2025-07-05 11:38:11,624][root][INFO] - Eval at 4313088 steps.
[2025-07-05 11:39:39,579][root][INFO] - Eval at 4927488 steps.
[2025-07-05 11:40:02,858][root][INFO] - Saved checkpoint to /home/alesr/Repositories/Omnidrones-PEG/wandb/run-20250705_112626-0m3yxw64/files/checkpoint_4927488.pt
[2025-07-05 11:40:02,880][urllib3.connectionpool][DEBUG] - Starting new HTTPS connection (1): api.wandb.ai:443
[2025-07-05 11:40:03,079][urllib3.connectionpool][DEBUG] - https://api.wandb.ai:443 "POST /graphql HTTP/11" 200 None
[2025-07-05 11:41:09,696][root][INFO] - Eval at 5541888 steps.
[2025-07-05 11:42:36,538][root][INFO] - Eval at 6156288 steps.
[2025-07-05 11:44:09,812][root][INFO] - Eval at 6770688 steps.
[2025-07-05 11:45:40,684][root][INFO] - Eval at 7385088 steps.
[2025-07-05 11:46:52,181][root][INFO] - Saved checkpoint to /home/alesr/Repositories/Omnidrones-PEG/wandb/run-20250705_112626-0m3yxw64/files/checkpoint_7385088.pt
[2025-07-05 11:46:52,207][urllib3.connectionpool][DEBUG] - Starting new HTTPS connection (1): api.wandb.ai:443
[2025-07-05 11:46:52,395][urllib3.connectionpool][DEBUG] - https://api.wandb.ai:443 "POST /graphql HTTP/11" 200 None
[2025-07-05 11:47:58,824][root][INFO] - Eval at 7999488 steps.
[2025-07-05 11:49:27,717][root][INFO] - Eval at 8613888 steps.
[2025-07-05 11:50:55,313][root][INFO] - Eval at 9228288 steps.
[2025-07-05 11:52:22,849][root][INFO] - Eval at 9842688 steps.
[2025-07-05 11:52:45,803][root][INFO] - Saved checkpoint to /home/alesr/Repositories/Omnidrones-PEG/wandb/run-20250705_112626-0m3yxw64/files/checkpoint_9842688.pt
[2025-07-05 11:52:45,826][urllib3.connectionpool][DEBUG] - Starting new HTTPS connection (1): api.wandb.ai:443
[2025-07-05 11:52:46,026][urllib3.connectionpool][DEBUG] - https://api.wandb.ai:443 "POST /graphql HTTP/11" 200 None
[2025-07-05 11:52:56,295][matplotlib.pyplot][DEBUG] - Loaded backend tkagg version 8.6.
[2025-07-05 11:54:06,495][root][INFO] - Eval at 10457088 steps.
[2025-07-05 11:55:32,743][root][INFO] - Eval at 11071488 steps.
[2025-07-05 11:57:46,994][root][INFO] - Eval at 11685888 steps.
[2025-07-05 11:59:17,376][root][INFO] - Eval at 12300288 steps.
[2025-07-05 11:59:40,178][root][INFO] - Saved checkpoint to /home/alesr/Repositories/Omnidrones-PEG/wandb/run-20250705_112626-0m3yxw64/files/checkpoint_12300288.pt
[2025-07-05 11:59:40,205][urllib3.connectionpool][DEBUG] - Starting new HTTPS connection (1): api.wandb.ai:443
[2025-07-05 11:59:40,411][urllib3.connectionpool][DEBUG] - https://api.wandb.ai:443 "POST /graphql HTTP/11" 200 None
[2025-07-05 12:00:44,291][root][INFO] - Eval at 12914688 steps.
[2025-07-05 12:02:06,695][root][INFO] - Eval at 13529088 steps.
[2025-07-05 12:03:26,724][root][INFO] - Eval at 14143488 steps.
[2025-07-05 12:04:46,886][root][INFO] - Eval at 14757888 steps.
[2025-07-05 12:05:52,895][root][INFO] - Saved checkpoint to /home/alesr/Repositories/Omnidrones-PEG/wandb/run-20250705_112626-0m3yxw64/files/checkpoint_14757888.pt
[2025-07-05 12:05:52,916][urllib3.connectionpool][DEBUG] - Starting new HTTPS connection (1): api.wandb.ai:443
[2025-07-05 12:05:53,133][urllib3.connectionpool][DEBUG] - https://api.wandb.ai:443 "POST /graphql HTTP/11" 200 None
[2025-07-05 12:06:53,195][root][INFO] - Eval at 15372288 steps.
[2025-07-05 12:08:22,071][root][INFO] - Eval at 15986688 steps.
[2025-07-05 12:09:47,130][root][INFO] - Eval at 16601088 steps.
[2025-07-05 12:11:13,929][root][INFO] - Eval at 17215488 steps.
[2025-07-05 12:11:37,262][root][INFO] - Saved checkpoint to /home/alesr/Repositories/Omnidrones-PEG/wandb/run-20250705_112626-0m3yxw64/files/checkpoint_17215488.pt
[2025-07-05 12:11:37,284][urllib3.connectionpool][DEBUG] - Starting new HTTPS connection (1): api.wandb.ai:443
[2025-07-05 12:11:37,460][urllib3.connectionpool][DEBUG] - https://api.wandb.ai:443 "POST /graphql HTTP/11" 200 None
[2025-07-05 12:12:44,049][root][INFO] - Eval at 17829888 steps.
[2025-07-05 12:14:17,186][root][INFO] - Eval at 18444288 steps.
[2025-07-05 12:16:35,927][root][INFO] - Eval at 19058688 steps.
[2025-07-05 12:18:08,568][root][INFO] - Eval at 19673088 steps.
[2025-07-05 12:18:36,818][root][INFO] - Saved checkpoint to /home/alesr/Repositories/Omnidrones-PEG/wandb/run-20250705_112626-0m3yxw64/files/checkpoint_19673088.pt
[2025-07-05 12:18:36,841][urllib3.connectionpool][DEBUG] - Starting new HTTPS connection (1): api.wandb.ai:443
[2025-07-05 12:18:37,048][urllib3.connectionpool][DEBUG] - https://api.wandb.ai:443 "POST /graphql HTTP/11" 200 None
[2025-07-05 12:19:16,279][root][INFO] - Final Eval at 19992576 steps.
[2025-07-05 12:20:29,543][urllib3.connectionpool][DEBUG] - Starting new HTTPS connection (1): api.wandb.ai:443
[2025-07-05 12:20:29,739][urllib3.connectionpool][DEBUG] - https://api.wandb.ai:443 "POST /graphql HTTP/11" 200 None
[2025-07-05 12:20:29,748][root][INFO] - Saved checkpoint to /home/alesr/Repositories/Omnidrones-PEG/wandb/run-20250705_112626-0m3yxw64/files/checkpoint_final.pt
