[2025-07-13 16:04:41,889][asyncio][DEBUG] - Using selector: EpollSelector
[2025-07-13 16:04:42,773][omni.kit.telemetry.impl.sentry_extension][INFO] - sentry is disabled for external build
[2025-07-13 16:04:42,773][omni.kit.telemetry.impl.sentry_extension][INFO] - sentry is disabled for external build
[2025-07-13 16:04:43,949][AutoNode][DEBUG] - Defining data type 'any' as 'Any'
[2025-07-13 16:04:43,949][AutoNode][DEBUG] - Defining data type 'bool' as 'Bool' and array 'BoolArray
[2025-07-13 16:04:43,949][AutoNode][DEBUG] - Defining data type 'bundle' as 'Bundle'
[2025-07-13 16:04:43,949][AutoNode][DEBUG] - Defining data type 'colord[3]' as 'Color3d' and array 'Color3dArray
[2025-07-13 16:04:43,949][AutoNode][DEBUG] - Defining data type 'colorf[3]' as 'Color3f' and array 'Color3fArray
[2025-07-13 16:04:43,949][AutoNode][DEBUG] - Defining data type 'colorh[3]' as 'Color3h' and array 'Color3hArray
[2025-07-13 16:04:43,950][AutoNode][DEBUG] - Defining data type 'colord[4]' as 'Color4d' and array 'Color4dArray
[2025-07-13 16:04:43,950][AutoNode][DEBUG] - Defining data type 'colorf[4]' as 'Color4f' and array 'Color4fArray
[2025-07-13 16:04:43,950][AutoNode][DEBUG] - Defining data type 'colorh[4]' as 'Color4h' and array 'Color4hArray
[2025-07-13 16:04:43,950][AutoNode][DEBUG] - Defining data type 'double' as 'Double' and array 'DoubleArray
[2025-07-13 16:04:43,950][AutoNode][DEBUG] - Defining data type 'double[2]' as 'Double2' and array 'Double2Array
[2025-07-13 16:04:43,950][AutoNode][DEBUG] - Defining data type 'double[3]' as 'Double3' and array 'Double3Array
[2025-07-13 16:04:43,950][AutoNode][DEBUG] - Defining data type 'double[4]' as 'Double4' and array 'Double4Array
[2025-07-13 16:04:43,950][AutoNode][DEBUG] - Defining data type 'execution' as 'Execution'
[2025-07-13 16:04:43,950][AutoNode][DEBUG] - Defining data type 'float' as 'Float' and array 'FloatArray
[2025-07-13 16:04:43,950][AutoNode][DEBUG] - Defining data type 'float[2]' as 'Float2' and array 'Float2Array
[2025-07-13 16:04:43,950][AutoNode][DEBUG] - Defining data type 'float[3]' as 'Float3' and array 'Float3Array
[2025-07-13 16:04:43,950][AutoNode][DEBUG] - Defining data type 'float[4]' as 'Float4' and array 'Float4Array
[2025-07-13 16:04:43,950][AutoNode][DEBUG] - Defining data type 'frame[4]' as 'Frame' and array 'FrameArray
[2025-07-13 16:04:43,950][AutoNode][DEBUG] - Defining data type 'half' as 'Half' and array 'HalfArray
[2025-07-13 16:04:43,950][AutoNode][DEBUG] - Defining data type 'half[2]' as 'Half2' and array 'Half2Array
[2025-07-13 16:04:43,950][AutoNode][DEBUG] - Defining data type 'half[3]' as 'Half3' and array 'Half3Array
[2025-07-13 16:04:43,950][AutoNode][DEBUG] - Defining data type 'half[4]' as 'Half4' and array 'Half4Array
[2025-07-13 16:04:43,951][AutoNode][DEBUG] - Defining data type 'int' as 'Int' and array 'IntArray
[2025-07-13 16:04:43,951][AutoNode][DEBUG] - Defining data type 'int[2]' as 'Int2' and array 'Int2Array
[2025-07-13 16:04:43,951][AutoNode][DEBUG] - Defining data type 'int[3]' as 'Int3' and array 'Int3Array
[2025-07-13 16:04:43,951][AutoNode][DEBUG] - Defining data type 'int[4]' as 'Int4' and array 'Int4Array
[2025-07-13 16:04:43,951][AutoNode][DEBUG] - Defining data type 'int64' as 'Int64' and array 'Int64Array
[2025-07-13 16:04:43,951][AutoNode][DEBUG] - Defining data type 'matrixd[2]' as 'Matrix2d' and array 'Matrix2dArray
[2025-07-13 16:04:43,951][AutoNode][DEBUG] - Defining data type 'matrixd[3]' as 'Matrix3d' and array 'Matrix3dArray
[2025-07-13 16:04:43,951][AutoNode][DEBUG] - Defining data type 'matrixd[4]' as 'Matrix4d' and array 'Matrix4dArray
[2025-07-13 16:04:43,951][AutoNode][DEBUG] - Defining data type 'normald[3]' as 'Normal3d' and array 'Normal3dArray
[2025-07-13 16:04:43,951][AutoNode][DEBUG] - Defining data type 'normalf[3]' as 'Normal3f' and array 'Normal3fArray
[2025-07-13 16:04:43,951][AutoNode][DEBUG] - Defining data type 'normalh[3]' as 'Normal3h' and array 'Normal3hArray
[2025-07-13 16:04:43,951][AutoNode][DEBUG] - Defining data type 'objectId' as 'ObjectId' and array 'ObjectIdArray
[2025-07-13 16:04:43,951][AutoNode][DEBUG] - Defining data type 'path' as 'Path'
[2025-07-13 16:04:43,951][AutoNode][DEBUG] - Defining data type 'pointd[3]' as 'Point3d' and array 'Point3dArray
[2025-07-13 16:04:43,951][AutoNode][DEBUG] - Defining data type 'pointf[3]' as 'Point3f' and array 'Point3fArray
[2025-07-13 16:04:43,951][AutoNode][DEBUG] - Defining data type 'pointh[3]' as 'Point3h' and array 'Point3hArray
[2025-07-13 16:04:43,951][AutoNode][DEBUG] - Defining data type 'quatd[4]' as 'Quatd' and array 'QuatdArray
[2025-07-13 16:04:43,952][AutoNode][DEBUG] - Defining data type 'quatf[4]' as 'Quatf' and array 'QuatfArray
[2025-07-13 16:04:43,952][AutoNode][DEBUG] - Defining data type 'quath[4]' as 'Quath' and array 'QuathArray
[2025-07-13 16:04:43,952][AutoNode][DEBUG] - Defining data type 'string' as 'String'
[2025-07-13 16:04:43,952][AutoNode][DEBUG] - Defining data type 'target' as 'Target'
[2025-07-13 16:04:43,952][AutoNode][DEBUG] - Defining data type 'texcoordd[2]' as 'TexCoord2d' and array 'TexCoord2dArray
[2025-07-13 16:04:43,952][AutoNode][DEBUG] - Defining data type 'texcoordf[2]' as 'TexCoord2f' and array 'TexCoord2fArray
[2025-07-13 16:04:43,952][AutoNode][DEBUG] - Defining data type 'texcoordh[2]' as 'TexCoord2h' and array 'TexCoord2hArray
[2025-07-13 16:04:43,952][AutoNode][DEBUG] - Defining data type 'texcoordd[3]' as 'TexCoord3d' and array 'TexCoord3dArray
[2025-07-13 16:04:43,952][AutoNode][DEBUG] - Defining data type 'texcoordf[3]' as 'TexCoord3f' and array 'TexCoord3fArray
[2025-07-13 16:04:43,952][AutoNode][DEBUG] - Defining data type 'texcoordh[3]' as 'TexCoord3h' and array 'TexCoord3hArray
[2025-07-13 16:04:43,952][AutoNode][DEBUG] - Defining data type 'timecode' as 'Timecode' and array 'TimecodeArray
[2025-07-13 16:04:43,952][AutoNode][DEBUG] - Defining data type 'token' as 'Token' and array 'TokenArray
[2025-07-13 16:04:43,952][AutoNode][DEBUG] - Defining data type 'uchar' as 'UChar' and array 'UCharArray
[2025-07-13 16:04:43,952][AutoNode][DEBUG] - Defining data type 'uint' as 'UInt' and array 'UIntArray
[2025-07-13 16:04:43,952][AutoNode][DEBUG] - Defining data type 'uint64' as 'UInt64' and array 'UInt64Array
[2025-07-13 16:04:43,952][AutoNode][DEBUG] - Defining data type 'vectord[3]' as 'Vector3d' and array 'Vector3dArray
[2025-07-13 16:04:43,952][AutoNode][DEBUG] - Defining data type 'vectorf[3]' as 'Vector3f' and array 'Vector3fArray
[2025-07-13 16:04:43,953][AutoNode][DEBUG] - Defining data type 'vectorh[3]' as 'Vector3h' and array 'Vector3hArray
[2025-07-13 16:04:46,994][omni.kit.profiler.window][WARNING] - remove _SpanInstance.__lt__ and use insort 'key' arg instead
[2025-07-13 16:04:50,922][git.cmd][DEBUG] - Popen(['git', 'rev-parse', '--show-toplevel'], cwd=/home/alesr/Repositories/Omnidrones-PEG, stdin=None, shell=False, universal_newlines=False)
[2025-07-13 16:04:51,093][urllib3.connectionpool][DEBUG] - Starting new HTTPS connection (1): api.wandb.ai:443
[2025-07-13 16:04:51,272][urllib3.connectionpool][DEBUG] - https://api.wandb.ai:443 "POST /graphql HTTP/11" 200 None
[2025-07-13 16:04:51,277][urllib3.connectionpool][DEBUG] - Starting new HTTPS connection (1): api.wandb.ai:443
[2025-07-13 16:04:51,482][urllib3.connectionpool][DEBUG] - https://api.wandb.ai:443 "POST /graphql HTTP/11" 200 None
[2025-07-13 16:04:51,501][git.cmd][DEBUG] - Popen(['git', 'cat-file', '--batch-check'], cwd=/home/alesr/Repositories/Omnidrones-PEG, stdin=<valid stream>, shell=False, universal_newlines=False)
[2025-07-13 16:04:55,967][root][INFO] - Reading pursuer's params from /home/alesr/Repositories/Omnidrones-PEG/omni_drones/robots/assets/usd/hummingbird.yaml.
[2025-07-13 16:04:55,994][root][INFO] - Reading evader's params from /home/alesr/Repositories/Omnidrones-PEG/omni_drones/robots/assets/usd/hummingbird.yaml.
[2025-07-13 16:05:02,758][root][INFO] - Default parameters:
Mass: [[0.6800000071525574]]
Inertia: [[0.007000000681728125, 0.007000000681728125, 0.011999999172985554]]
Thrust2Weight: [[0.8999204039573669, 0.8999204039573669, 0.8999204039573669, 0.8999204039573669]]
Force2Moment: [[62.499996185302734, 62.499996185302734, 62.499996185302734, 62.499996185302734]]
[2025-07-13 16:05:03,890][root][INFO] - Default parameters:
Mass: [[0.6800000071525574]]
Inertia: [[0.007000000681728125, 0.007000000681728125, 0.011999999172985554]]
Thrust2Weight: [[0.8999204039573669, 0.8999204039573669, 0.8999204039573669, 0.8999204039573669]]
Force2Moment: [[62.499996185302734, 62.499996185302734, 62.499996185302734, 62.499996185302734]]
[2025-07-13 16:05:03,933][root][INFO] - Setup randomization:
{'train': {'drag_coef': Uniform(low: 0.0, high: 0.12399999797344208),
           'force2moment': Uniform(low: torch.Size([1, 4]), high: torch.Size([1, 4])),
           'inertia': Uniform(low: torch.Size([1, 3]), high: torch.Size([1, 3])),
           'mass': Uniform(low: tensor([[0.1768]], device='cuda:0'), high: tensor([[1.1832]], device='cuda:0')),
           'thrust2weight': Uniform(low: torch.Size([1, 4]), high: torch.Size([1, 4]))}}
[2025-07-13 16:05:03,939][root][INFO] - Setup randomization:
{'train': {'drag_coef': Uniform(low: 0.0, high: 0.12399999797344208),
           'force2moment': Uniform(low: torch.Size([1, 4]), high: torch.Size([1, 4])),
           'inertia': Uniform(low: torch.Size([1, 3]), high: torch.Size([1, 3])),
           'mass': Uniform(low: tensor([[0.1768]], device='cuda:0'), high: tensor([[1.1832]], device='cuda:0')),
           'thrust2weight': Uniform(low: torch.Size([1, 4]), high: torch.Size([1, 4]))}}
[2025-07-13 16:05:05,376][root][INFO] - Eval at 8192 steps.
[2025-07-13 16:05:34,819][root][INFO] - Saved checkpoint to /home/alesr/Repositories/Omnidrones-PEG/wandb/run-20250713_160451-kcg2f7kg/files/checkpoint_8192.pt
[2025-07-13 16:05:34,844][urllib3.connectionpool][DEBUG] - Starting new HTTPS connection (1): api.wandb.ai:443
[2025-07-13 16:05:35,032][urllib3.connectionpool][DEBUG] - https://api.wandb.ai:443 "POST /graphql HTTP/11" 200 None
[2025-07-13 16:06:36,928][root][INFO] - Eval at 417792 steps.
[2025-07-13 16:07:44,146][root][INFO] - Eval at 827392 steps.
[2025-07-13 16:07:51,148][root][INFO] - Saved checkpoint to /home/alesr/Repositories/Omnidrones-PEG/wandb/run-20250713_160451-kcg2f7kg/files/checkpoint_827392.pt
[2025-07-13 16:07:51,170][urllib3.connectionpool][DEBUG] - Starting new HTTPS connection (1): api.wandb.ai:443
[2025-07-13 16:07:51,351][urllib3.connectionpool][DEBUG] - https://api.wandb.ai:443 "POST /graphql HTTP/11" 200 None
[2025-07-13 16:08:48,204][root][INFO] - Eval at 1236992 steps.
[2025-07-13 16:09:55,846][root][INFO] - Eval at 1646592 steps.
[2025-07-13 16:10:02,970][root][INFO] - Saved checkpoint to /home/alesr/Repositories/Omnidrones-PEG/wandb/run-20250713_160451-kcg2f7kg/files/checkpoint_1646592.pt
[2025-07-13 16:10:02,992][urllib3.connectionpool][DEBUG] - Starting new HTTPS connection (1): api.wandb.ai:443
[2025-07-13 16:10:03,201][urllib3.connectionpool][DEBUG] - https://api.wandb.ai:443 "POST /graphql HTTP/11" 200 None
[2025-07-13 16:10:37,212][matplotlib.pyplot][DEBUG] - Loaded backend tkagg version 8.6.
[2025-07-13 16:11:10,040][root][INFO] - Eval at 2056192 steps.
[2025-07-13 16:12:18,098][root][INFO] - Eval at 2465792 steps.
[2025-07-13 16:12:25,670][root][INFO] - Saved checkpoint to /home/alesr/Repositories/Omnidrones-PEG/wandb/run-20250713_160451-kcg2f7kg/files/checkpoint_2465792.pt
[2025-07-13 16:12:25,695][urllib3.connectionpool][DEBUG] - Starting new HTTPS connection (1): api.wandb.ai:443
[2025-07-13 16:12:25,880][urllib3.connectionpool][DEBUG] - https://api.wandb.ai:443 "POST /graphql HTTP/11" 200 None
[2025-07-13 16:13:25,693][root][INFO] - Eval at 2875392 steps.
[2025-07-13 16:14:29,144][root][INFO] - Eval at 3284992 steps.
[2025-07-13 16:14:36,226][root][INFO] - Saved checkpoint to /home/alesr/Repositories/Omnidrones-PEG/wandb/run-20250713_160451-kcg2f7kg/files/checkpoint_3284992.pt
[2025-07-13 16:14:36,248][urllib3.connectionpool][DEBUG] - Starting new HTTPS connection (1): api.wandb.ai:443
[2025-07-13 16:14:36,432][urllib3.connectionpool][DEBUG] - https://api.wandb.ai:443 "POST /graphql HTTP/11" 200 None
[2025-07-13 16:15:35,584][root][INFO] - Eval at 3694592 steps.
[2025-07-13 16:16:39,173][root][INFO] - Eval at 4104192 steps.
[2025-07-13 16:16:46,431][root][INFO] - Saved checkpoint to /home/alesr/Repositories/Omnidrones-PEG/wandb/run-20250713_160451-kcg2f7kg/files/checkpoint_4104192.pt
[2025-07-13 16:16:46,444][urllib3.connectionpool][DEBUG] - Starting new HTTPS connection (1): api.wandb.ai:443
[2025-07-13 16:16:46,644][urllib3.connectionpool][DEBUG] - https://api.wandb.ai:443 "POST /graphql HTTP/11" 200 None
[2025-07-13 16:17:42,419][root][INFO] - Eval at 4513792 steps.
[2025-07-13 16:18:47,752][root][INFO] - Eval at 4923392 steps.
[2025-07-13 16:19:12,390][root][INFO] - Saved checkpoint to /home/alesr/Repositories/Omnidrones-PEG/wandb/run-20250713_160451-kcg2f7kg/files/checkpoint_4923392.pt
[2025-07-13 16:19:12,419][urllib3.connectionpool][DEBUG] - Starting new HTTPS connection (1): api.wandb.ai:443
[2025-07-13 16:19:12,611][urllib3.connectionpool][DEBUG] - https://api.wandb.ai:443 "POST /graphql HTTP/11" 200 None
[2025-07-13 16:20:09,895][root][INFO] - Eval at 5332992 steps.
[2025-07-13 16:21:14,966][root][INFO] - Eval at 5742592 steps.
[2025-07-13 16:21:21,906][root][INFO] - Saved checkpoint to /home/alesr/Repositories/Omnidrones-PEG/wandb/run-20250713_160451-kcg2f7kg/files/checkpoint_5742592.pt
[2025-07-13 16:21:21,929][urllib3.connectionpool][DEBUG] - Starting new HTTPS connection (1): api.wandb.ai:443
[2025-07-13 16:21:22,110][urllib3.connectionpool][DEBUG] - https://api.wandb.ai:443 "POST /graphql HTTP/11" 200 None
[2025-07-13 16:22:18,905][root][INFO] - Eval at 6152192 steps.
[2025-07-13 16:23:23,873][root][INFO] - Eval at 6561792 steps.
[2025-07-13 16:23:30,926][root][INFO] - Saved checkpoint to /home/alesr/Repositories/Omnidrones-PEG/wandb/run-20250713_160451-kcg2f7kg/files/checkpoint_6561792.pt
[2025-07-13 16:23:30,948][urllib3.connectionpool][DEBUG] - Starting new HTTPS connection (1): api.wandb.ai:443
[2025-07-13 16:23:31,158][urllib3.connectionpool][DEBUG] - https://api.wandb.ai:443 "POST /graphql HTTP/11" 200 None
[2025-07-13 16:24:26,307][root][INFO] - Eval at 6971392 steps.
[2025-07-13 16:25:28,352][root][INFO] - Eval at 7380992 steps.
[2025-07-13 16:25:35,279][root][INFO] - Saved checkpoint to /home/alesr/Repositories/Omnidrones-PEG/wandb/run-20250713_160451-kcg2f7kg/files/checkpoint_7380992.pt
[2025-07-13 16:25:35,301][urllib3.connectionpool][DEBUG] - Starting new HTTPS connection (1): api.wandb.ai:443
[2025-07-13 16:25:35,493][urllib3.connectionpool][DEBUG] - https://api.wandb.ai:443 "POST /graphql HTTP/11" 200 None
[2025-07-13 16:26:32,009][root][INFO] - Eval at 7790592 steps.
[2025-07-13 16:27:40,727][root][INFO] - Eval at 8200192 steps.
[2025-07-13 16:27:48,849][root][INFO] - Saved checkpoint to /home/alesr/Repositories/Omnidrones-PEG/wandb/run-20250713_160451-kcg2f7kg/files/checkpoint_8200192.pt
[2025-07-13 16:27:48,872][urllib3.connectionpool][DEBUG] - Starting new HTTPS connection (1): api.wandb.ai:443
[2025-07-13 16:27:49,054][urllib3.connectionpool][DEBUG] - https://api.wandb.ai:443 "POST /graphql HTTP/11" 200 None
[2025-07-13 16:28:52,070][root][INFO] - Eval at 8609792 steps.
[2025-07-13 16:30:03,203][root][INFO] - Eval at 9019392 steps.
[2025-07-13 16:30:10,428][root][INFO] - Saved checkpoint to /home/alesr/Repositories/Omnidrones-PEG/wandb/run-20250713_160451-kcg2f7kg/files/checkpoint_9019392.pt
[2025-07-13 16:30:10,455][urllib3.connectionpool][DEBUG] - Starting new HTTPS connection (1): api.wandb.ai:443
[2025-07-13 16:30:10,643][urllib3.connectionpool][DEBUG] - https://api.wandb.ai:443 "POST /graphql HTTP/11" 200 None
[2025-07-13 16:31:09,416][root][INFO] - Eval at 9428992 steps.
[2025-07-13 16:32:15,083][root][INFO] - Eval at 9838592 steps.
[2025-07-13 16:32:41,465][root][INFO] - Saved checkpoint to /home/alesr/Repositories/Omnidrones-PEG/wandb/run-20250713_160451-kcg2f7kg/files/checkpoint_9838592.pt
[2025-07-13 16:32:41,493][urllib3.connectionpool][DEBUG] - Starting new HTTPS connection (1): api.wandb.ai:443
[2025-07-13 16:32:41,694][urllib3.connectionpool][DEBUG] - https://api.wandb.ai:443 "POST /graphql HTTP/11" 200 None
[2025-07-13 16:33:39,828][root][INFO] - Eval at 10248192 steps.
[2025-07-13 16:34:46,040][root][INFO] - Eval at 10657792 steps.
[2025-07-13 16:34:53,817][root][INFO] - Saved checkpoint to /home/alesr/Repositories/Omnidrones-PEG/wandb/run-20250713_160451-kcg2f7kg/files/checkpoint_10657792.pt
[2025-07-13 16:34:53,839][urllib3.connectionpool][DEBUG] - Starting new HTTPS connection (1): api.wandb.ai:443
[2025-07-13 16:34:54,039][urllib3.connectionpool][DEBUG] - https://api.wandb.ai:443 "POST /graphql HTTP/11" 200 None
[2025-07-13 16:35:50,800][root][INFO] - Eval at 11067392 steps.
[2025-07-13 16:36:56,065][root][INFO] - Eval at 11476992 steps.
[2025-07-13 16:37:03,398][root][INFO] - Saved checkpoint to /home/alesr/Repositories/Omnidrones-PEG/wandb/run-20250713_160451-kcg2f7kg/files/checkpoint_11476992.pt
[2025-07-13 16:37:03,420][urllib3.connectionpool][DEBUG] - Starting new HTTPS connection (1): api.wandb.ai:443
[2025-07-13 16:37:03,616][urllib3.connectionpool][DEBUG] - https://api.wandb.ai:443 "POST /graphql HTTP/11" 200 None
[2025-07-13 16:38:04,173][root][INFO] - Eval at 11886592 steps.
[2025-07-13 16:39:08,800][root][INFO] - Eval at 12296192 steps.
[2025-07-13 16:39:15,893][root][INFO] - Saved checkpoint to /home/alesr/Repositories/Omnidrones-PEG/wandb/run-20250713_160451-kcg2f7kg/files/checkpoint_12296192.pt
[2025-07-13 16:39:15,907][urllib3.connectionpool][DEBUG] - Starting new HTTPS connection (1): api.wandb.ai:443
[2025-07-13 16:39:16,104][urllib3.connectionpool][DEBUG] - https://api.wandb.ai:443 "POST /graphql HTTP/11" 200 None
[2025-07-13 16:40:12,629][root][INFO] - Eval at 12705792 steps.
[2025-07-13 16:41:16,136][root][INFO] - Eval at 13115392 steps.
[2025-07-13 16:41:22,952][root][INFO] - Saved checkpoint to /home/alesr/Repositories/Omnidrones-PEG/wandb/run-20250713_160451-kcg2f7kg/files/checkpoint_13115392.pt
[2025-07-13 16:41:22,975][urllib3.connectionpool][DEBUG] - Starting new HTTPS connection (1): api.wandb.ai:443
[2025-07-13 16:41:23,171][urllib3.connectionpool][DEBUG] - https://api.wandb.ai:443 "POST /graphql HTTP/11" 200 None
[2025-07-13 16:42:19,470][root][INFO] - Eval at 13524992 steps.
[2025-07-13 16:43:23,208][root][INFO] - Eval at 13934592 steps.
[2025-07-13 16:43:31,005][root][INFO] - Saved checkpoint to /home/alesr/Repositories/Omnidrones-PEG/wandb/run-20250713_160451-kcg2f7kg/files/checkpoint_13934592.pt
[2025-07-13 16:43:31,029][urllib3.connectionpool][DEBUG] - Starting new HTTPS connection (1): api.wandb.ai:443
[2025-07-13 16:43:31,245][urllib3.connectionpool][DEBUG] - https://api.wandb.ai:443 "POST /graphql HTTP/11" 200 None
[2025-07-13 16:44:27,610][root][INFO] - Eval at 14344192 steps.
[2025-07-13 16:45:34,544][root][INFO] - Eval at 14753792 steps.
[2025-07-13 16:45:59,653][root][INFO] - Saved checkpoint to /home/alesr/Repositories/Omnidrones-PEG/wandb/run-20250713_160451-kcg2f7kg/files/checkpoint_14753792.pt
[2025-07-13 16:45:59,669][urllib3.connectionpool][DEBUG] - Starting new HTTPS connection (1): api.wandb.ai:443
[2025-07-13 16:45:59,867][urllib3.connectionpool][DEBUG] - https://api.wandb.ai:443 "POST /graphql HTTP/11" 200 None
[2025-07-13 16:46:58,657][root][INFO] - Eval at 15163392 steps.
[2025-07-13 16:48:03,592][root][INFO] - Eval at 15572992 steps.
[2025-07-13 16:48:12,060][root][INFO] - Saved checkpoint to /home/alesr/Repositories/Omnidrones-PEG/wandb/run-20250713_160451-kcg2f7kg/files/checkpoint_15572992.pt
[2025-07-13 16:48:12,083][urllib3.connectionpool][DEBUG] - Starting new HTTPS connection (1): api.wandb.ai:443
[2025-07-13 16:48:12,275][urllib3.connectionpool][DEBUG] - https://api.wandb.ai:443 "POST /graphql HTTP/11" 200 None
[2025-07-13 16:49:07,819][root][INFO] - Eval at 15982592 steps.
[2025-07-13 16:50:11,833][root][INFO] - Eval at 16392192 steps.
[2025-07-13 16:50:19,092][root][INFO] - Saved checkpoint to /home/alesr/Repositories/Omnidrones-PEG/wandb/run-20250713_160451-kcg2f7kg/files/checkpoint_16392192.pt
[2025-07-13 16:50:19,114][urllib3.connectionpool][DEBUG] - Starting new HTTPS connection (1): api.wandb.ai:443
[2025-07-13 16:50:19,327][urllib3.connectionpool][DEBUG] - https://api.wandb.ai:443 "POST /graphql HTTP/11" 200 None
