[2025-07-14 21:44:30,553][asyncio][DEBUG] - Using selector: EpollSelector
[2025-07-14 21:44:31,336][omni.kit.telemetry.impl.sentry_extension][INFO] - sentry is disabled for external build
[2025-07-14 21:44:31,337][omni.kit.telemetry.impl.sentry_extension][INFO] - sentry is disabled for external build
[2025-07-14 21:44:32,618][AutoNode][DEBUG] - Defining data type 'any' as 'Any'
[2025-07-14 21:44:32,619][AutoNode][DEBUG] - Defining data type 'bool' as 'Bool' and array 'BoolArray
[2025-07-14 21:44:32,619][AutoNode][DEBUG] - Defining data type 'bundle' as 'Bundle'
[2025-07-14 21:44:32,619][AutoNode][DEBUG] - Defining data type 'colord[3]' as 'Color3d' and array 'Color3dArray
[2025-07-14 21:44:32,619][AutoNode][DEBUG] - Defining data type 'colorf[3]' as 'Color3f' and array 'Color3fArray
[2025-07-14 21:44:32,619][AutoNode][DEBUG] - Defining data type 'colorh[3]' as 'Color3h' and array 'Color3hArray
[2025-07-14 21:44:32,619][AutoNode][DEBUG] - Defining data type 'colord[4]' as 'Color4d' and array 'Color4dArray
[2025-07-14 21:44:32,619][AutoNode][DEBUG] - Defining data type 'colorf[4]' as 'Color4f' and array 'Color4fArray
[2025-07-14 21:44:32,620][AutoNode][DEBUG] - Defining data type 'colorh[4]' as 'Color4h' and array 'Color4hArray
[2025-07-14 21:44:32,620][AutoNode][DEBUG] - Defining data type 'double' as 'Double' and array 'DoubleArray
[2025-07-14 21:44:32,620][AutoNode][DEBUG] - Defining data type 'double[2]' as 'Double2' and array 'Double2Array
[2025-07-14 21:44:32,620][AutoNode][DEBUG] - Defining data type 'double[3]' as 'Double3' and array 'Double3Array
[2025-07-14 21:44:32,620][AutoNode][DEBUG] - Defining data type 'double[4]' as 'Double4' and array 'Double4Array
[2025-07-14 21:44:32,620][AutoNode][DEBUG] - Defining data type 'execution' as 'Execution'
[2025-07-14 21:44:32,620][AutoNode][DEBUG] - Defining data type 'float' as 'Float' and array 'FloatArray
[2025-07-14 21:44:32,620][AutoNode][DEBUG] - Defining data type 'float[2]' as 'Float2' and array 'Float2Array
[2025-07-14 21:44:32,620][AutoNode][DEBUG] - Defining data type 'float[3]' as 'Float3' and array 'Float3Array
[2025-07-14 21:44:32,620][AutoNode][DEBUG] - Defining data type 'float[4]' as 'Float4' and array 'Float4Array
[2025-07-14 21:44:32,621][AutoNode][DEBUG] - Defining data type 'frame[4]' as 'Frame' and array 'FrameArray
[2025-07-14 21:44:32,621][AutoNode][DEBUG] - Defining data type 'half' as 'Half' and array 'HalfArray
[2025-07-14 21:44:32,621][AutoNode][DEBUG] - Defining data type 'half[2]' as 'Half2' and array 'Half2Array
[2025-07-14 21:44:32,621][AutoNode][DEBUG] - Defining data type 'half[3]' as 'Half3' and array 'Half3Array
[2025-07-14 21:44:32,621][AutoNode][DEBUG] - Defining data type 'half[4]' as 'Half4' and array 'Half4Array
[2025-07-14 21:44:32,621][AutoNode][DEBUG] - Defining data type 'int' as 'Int' and array 'IntArray
[2025-07-14 21:44:32,621][AutoNode][DEBUG] - Defining data type 'int[2]' as 'Int2' and array 'Int2Array
[2025-07-14 21:44:32,621][AutoNode][DEBUG] - Defining data type 'int[3]' as 'Int3' and array 'Int3Array
[2025-07-14 21:44:32,621][AutoNode][DEBUG] - Defining data type 'int[4]' as 'Int4' and array 'Int4Array
[2025-07-14 21:44:32,621][AutoNode][DEBUG] - Defining data type 'int64' as 'Int64' and array 'Int64Array
[2025-07-14 21:44:32,621][AutoNode][DEBUG] - Defining data type 'matrixd[2]' as 'Matrix2d' and array 'Matrix2dArray
[2025-07-14 21:44:32,622][AutoNode][DEBUG] - Defining data type 'matrixd[3]' as 'Matrix3d' and array 'Matrix3dArray
[2025-07-14 21:44:32,622][AutoNode][DEBUG] - Defining data type 'matrixd[4]' as 'Matrix4d' and array 'Matrix4dArray
[2025-07-14 21:44:32,622][AutoNode][DEBUG] - Defining data type 'normald[3]' as 'Normal3d' and array 'Normal3dArray
[2025-07-14 21:44:32,622][AutoNode][DEBUG] - Defining data type 'normalf[3]' as 'Normal3f' and array 'Normal3fArray
[2025-07-14 21:44:32,622][AutoNode][DEBUG] - Defining data type 'normalh[3]' as 'Normal3h' and array 'Normal3hArray
[2025-07-14 21:44:32,622][AutoNode][DEBUG] - Defining data type 'objectId' as 'ObjectId' and array 'ObjectIdArray
[2025-07-14 21:44:32,622][AutoNode][DEBUG] - Defining data type 'path' as 'Path'
[2025-07-14 21:44:32,622][AutoNode][DEBUG] - Defining data type 'pointd[3]' as 'Point3d' and array 'Point3dArray
[2025-07-14 21:44:32,622][AutoNode][DEBUG] - Defining data type 'pointf[3]' as 'Point3f' and array 'Point3fArray
[2025-07-14 21:44:32,622][AutoNode][DEBUG] - Defining data type 'pointh[3]' as 'Point3h' and array 'Point3hArray
[2025-07-14 21:44:32,622][AutoNode][DEBUG] - Defining data type 'quatd[4]' as 'Quatd' and array 'QuatdArray
[2025-07-14 21:44:32,623][AutoNode][DEBUG] - Defining data type 'quatf[4]' as 'Quatf' and array 'QuatfArray
[2025-07-14 21:44:32,623][AutoNode][DEBUG] - Defining data type 'quath[4]' as 'Quath' and array 'QuathArray
[2025-07-14 21:44:32,623][AutoNode][DEBUG] - Defining data type 'string' as 'String'
[2025-07-14 21:44:32,623][AutoNode][DEBUG] - Defining data type 'target' as 'Target'
[2025-07-14 21:44:32,623][AutoNode][DEBUG] - Defining data type 'texcoordd[2]' as 'TexCoord2d' and array 'TexCoord2dArray
[2025-07-14 21:44:32,623][AutoNode][DEBUG] - Defining data type 'texcoordf[2]' as 'TexCoord2f' and array 'TexCoord2fArray
[2025-07-14 21:44:32,623][AutoNode][DEBUG] - Defining data type 'texcoordh[2]' as 'TexCoord2h' and array 'TexCoord2hArray
[2025-07-14 21:44:32,623][AutoNode][DEBUG] - Defining data type 'texcoordd[3]' as 'TexCoord3d' and array 'TexCoord3dArray
[2025-07-14 21:44:32,623][AutoNode][DEBUG] - Defining data type 'texcoordf[3]' as 'TexCoord3f' and array 'TexCoord3fArray
[2025-07-14 21:44:32,623][AutoNode][DEBUG] - Defining data type 'texcoordh[3]' as 'TexCoord3h' and array 'TexCoord3hArray
[2025-07-14 21:44:32,623][AutoNode][DEBUG] - Defining data type 'timecode' as 'Timecode' and array 'TimecodeArray
[2025-07-14 21:44:32,624][AutoNode][DEBUG] - Defining data type 'token' as 'Token' and array 'TokenArray
[2025-07-14 21:44:32,624][AutoNode][DEBUG] - Defining data type 'uchar' as 'UChar' and array 'UCharArray
[2025-07-14 21:44:32,624][AutoNode][DEBUG] - Defining data type 'uint' as 'UInt' and array 'UIntArray
[2025-07-14 21:44:32,624][AutoNode][DEBUG] - Defining data type 'uint64' as 'UInt64' and array 'UInt64Array
[2025-07-14 21:44:32,624][AutoNode][DEBUG] - Defining data type 'vectord[3]' as 'Vector3d' and array 'Vector3dArray
[2025-07-14 21:44:32,624][AutoNode][DEBUG] - Defining data type 'vectorf[3]' as 'Vector3f' and array 'Vector3fArray
[2025-07-14 21:44:32,624][AutoNode][DEBUG] - Defining data type 'vectorh[3]' as 'Vector3h' and array 'Vector3hArray
[2025-07-14 21:44:35,367][omni.kit.profiler.window][WARNING] - remove _SpanInstance.__lt__ and use insort 'key' arg instead
[2025-07-14 21:44:38,793][git.cmd][DEBUG] - Popen(['git', 'rev-parse', '--show-toplevel'], cwd=/home/alesr/Repositories/Omnidrones-PEG, stdin=None, shell=False, universal_newlines=False)
[2025-07-14 21:44:38,913][urllib3.connectionpool][DEBUG] - Starting new HTTPS connection (1): api.wandb.ai:443
[2025-07-14 21:44:39,090][urllib3.connectionpool][DEBUG] - https://api.wandb.ai:443 "POST /graphql HTTP/11" 200 None
[2025-07-14 21:44:39,097][urllib3.connectionpool][DEBUG] - Starting new HTTPS connection (1): api.wandb.ai:443
[2025-07-14 21:44:39,302][urllib3.connectionpool][DEBUG] - https://api.wandb.ai:443 "POST /graphql HTTP/11" 200 None
[2025-07-14 21:44:39,329][git.cmd][DEBUG] - Popen(['git', 'cat-file', '--batch-check'], cwd=/home/alesr/Repositories/Omnidrones-PEG, stdin=<valid stream>, shell=False, universal_newlines=False)
[2025-07-14 21:44:43,509][root][INFO] - Reading pursuer's params from /home/alesr/Repositories/Omnidrones-PEG/omni_drones/robots/assets/usd/hummingbird.yaml.
[2025-07-14 21:44:43,526][root][INFO] - Reading evader's params from /home/alesr/Repositories/Omnidrones-PEG/omni_drones/robots/assets/usd/hummingbird.yaml.
[2025-07-14 21:44:49,805][root][INFO] - Default parameters:
Mass: [[0.6800000071525574]]
Inertia: [[0.007000000681728125, 0.007000000681728125, 0.011999999172985554]]
Thrust2Weight: [[0.8999204039573669, 0.8999204039573669, 0.8999204039573669, 0.8999204039573669]]
Force2Moment: [[62.499996185302734, 62.499996185302734, 62.499996185302734, 62.499996185302734]]
[2025-07-14 21:44:50,815][root][INFO] - Default parameters:
Mass: [[0.6800000071525574]]
Inertia: [[0.007000000681728125, 0.007000000681728125, 0.011999999172985554]]
Thrust2Weight: [[0.8999204039573669, 0.8999204039573669, 0.8999204039573669, 0.8999204039573669]]
Force2Moment: [[62.499996185302734, 62.499996185302734, 62.499996185302734, 62.499996185302734]]
[2025-07-14 21:44:50,861][root][INFO] - Setup randomization:
{'train': {'drag_coef': Uniform(low: 0.0, high: 0.12399999797344208),
           'force2moment': Uniform(low: torch.Size([1, 4]), high: torch.Size([1, 4])),
           'inertia': Uniform(low: torch.Size([1, 3]), high: torch.Size([1, 3])),
           'mass': Uniform(low: tensor([[0.1768]], device='cuda:0'), high: tensor([[1.1832]], device='cuda:0')),
           'thrust2weight': Uniform(low: torch.Size([1, 4]), high: torch.Size([1, 4]))}}
[2025-07-14 21:44:50,865][root][INFO] - Setup randomization:
{'train': {'drag_coef': Uniform(low: 0.0, high: 0.12399999797344208),
           'force2moment': Uniform(low: torch.Size([1, 4]), high: torch.Size([1, 4])),
           'inertia': Uniform(low: torch.Size([1, 3]), high: torch.Size([1, 3])),
           'mass': Uniform(low: tensor([[0.1768]], device='cuda:0'), high: tensor([[1.1832]], device='cuda:0')),
           'thrust2weight': Uniform(low: torch.Size([1, 4]), high: torch.Size([1, 4]))}}
[2025-07-14 21:44:50,984][urllib3.connectionpool][DEBUG] - Starting new HTTPS connection (1): api.wandb.ai:443
[2025-07-14 21:44:51,189][urllib3.connectionpool][DEBUG] - https://api.wandb.ai:443 "POST /graphql HTTP/11" 200 None
[2025-07-14 21:44:51,193][urllib3.connectionpool][DEBUG] - Starting new HTTPS connection (1): api.wandb.ai:443
[2025-07-14 21:44:51,366][urllib3.connectionpool][DEBUG] - https://api.wandb.ai:443 "POST /graphql HTTP/11" 200 None
[2025-07-14 21:44:51,372][urllib3.connectionpool][DEBUG] - Starting new HTTPS connection (1): api.wandb.ai:443
[2025-07-14 21:44:51,669][urllib3.connectionpool][DEBUG] - https://api.wandb.ai:443 "POST /graphql HTTP/11" 200 None
[2025-07-14 21:44:51,675][urllib3.connectionpool][DEBUG] - Starting new HTTPS connection (1): api.wandb.ai:443
[2025-07-14 21:44:51,855][urllib3.connectionpool][DEBUG] - https://api.wandb.ai:443 "POST /graphql HTTP/11" 200 None
[2025-07-14 21:44:51,859][urllib3.connectionpool][DEBUG] - Starting new HTTPS connection (1): storage.googleapis.com:443
[2025-07-14 21:44:52,073][urllib3.connectionpool][DEBUG] - https://storage.googleapis.com:443 "GET /wandb-production.appspot.com/alesr_kth/PEG/noxrd30u/artifact/1879796243/wandb_manifest.json?X-Goog-Algorithm=GOOG4-RSA-SHA256&X-Goog-Credential=gorilla-files-url-signer-man%40wandb-production.iam.gserviceaccount.com%2F20250714%2Fauto%2Fstorage%2Fgoog4_request&X-Goog-Date=20250714T194451Z&X-Goog-Expires=3599&X-Goog-Signature=ae03ce2fc1a99683c18c2b6cf924321d6e763e93e3f707677e1199f95caf14c85071e3f5f1920b5cbd1bc4318c136aa5e1c1ce3830c2c13653fd33cf45ff69e0ce7ccc0e05f8ae8c45dd6a05eb69b390985e525f8acc92fec8e2c98df497b2bbd72fb1e1424063116bac2ab899e4f68a2064584411b11eabb0e79741a68da3915700e17eb7bf42d19ee5a24e7a240b5dcb46f4895435073531b9917b0f3822ab53e34ca9cb8c7d5354ac682df90f513c1e7e45a3e9a43e4f97ed64ca881f8f6afdb4c179e87dc2c9c4f7c6e007d042d7a2e1eb55cd917021f78c377f55d84958bac067325f6a0bf620bc193eb9baf9a0cb53d9e4d022c88bb7c3c7d4c381ccda&X-Goog-SignedHeaders=host&X-User=alesr HTTP/11" 200 343
[2025-07-14 21:44:52,123][urllib3.connectionpool][DEBUG] - Starting new HTTPS connection (1): api.wandb.ai:443
[2025-07-14 21:44:52,333][urllib3.connectionpool][DEBUG] - https://api.wandb.ai:443 "POST /graphql HTTP/11" 200 None
[2025-07-14 21:44:52,338][urllib3.connectionpool][DEBUG] - Starting new HTTPS connection (1): api.wandb.ai:443
[2025-07-14 21:44:52,508][urllib3.connectionpool][DEBUG] - https://api.wandb.ai:443 "POST /graphql HTTP/11" 200 None
[2025-07-14 21:44:52,512][urllib3.connectionpool][DEBUG] - Starting new HTTPS connection (1): api.wandb.ai:443
[2025-07-14 21:44:52,740][urllib3.connectionpool][DEBUG] - https://api.wandb.ai:443 "POST /graphql HTTP/11" 200 None
[2025-07-14 21:44:52,744][urllib3.connectionpool][DEBUG] - Starting new HTTPS connection (1): api.wandb.ai:443
[2025-07-14 21:44:52,943][urllib3.connectionpool][DEBUG] - https://api.wandb.ai:443 "POST /graphql HTTP/11" 200 None
[2025-07-14 21:44:52,949][urllib3.connectionpool][DEBUG] - Starting new HTTPS connection (1): storage.googleapis.com:443
[2025-07-14 21:44:53,171][urllib3.connectionpool][DEBUG] - https://storage.googleapis.com:443 "GET /wandb-production.appspot.com/alesr_kth/PEG/4p2g9ixt/artifact/1879718797/wandb_manifest.json?X-Goog-Algorithm=GOOG4-RSA-SHA256&X-Goog-Credential=gorilla-files-url-signer-man%40wandb-production.iam.gserviceaccount.com%2F20250714%2Fauto%2Fstorage%2Fgoog4_request&X-Goog-Date=20250714T194452Z&X-Goog-Expires=3599&X-Goog-Signature=7a70426cb67cde5bb5f84ae67c90ef270c5e90084ba7c9b3a6eacc57f386796f98650045838a81651127f9b4ff269312c83ed2272578ff3df9b3c3e30f05fb8ba8f031e347dec680bfd173c8105291b115e4ac7a58b153398152a5b895c123edab612a279d5f38543e2b675e1013e23a27c82a82f3bdb0aec8a7f899f2b5e01cc88486abeeebfaee016b8315065a56c8fd60fdda0cb1cc09a4722b117ffe1ce9d7d02a306d0559c2131b76fad68a27d983253de65888a8ccf1bf16c172a1c411a22848976d8a8c0f4333d732f7ac402f43328a34c531b6a81169d2fbc3652a4b8cbf9ee39ccea7f0b9554734050ef07f5a12ee3208b21e662865fe321c38034c&X-Goog-SignedHeaders=host&X-User=alesr HTTP/11" 200 343
[2025-07-14 21:44:54,321][root][INFO] - Eval at 8192 steps.
[2025-07-14 21:45:48,450][root][INFO] - Saved checkpoint to /home/alesr/Repositories/Omnidrones-PEG/wandb/run-20250714_214439-56chv8nw/files/checkpoint_8192.pt
[2025-07-14 21:45:48,474][urllib3.connectionpool][DEBUG] - Starting new HTTPS connection (1): api.wandb.ai:443
[2025-07-14 21:45:48,672][urllib3.connectionpool][DEBUG] - https://api.wandb.ai:443 "POST /graphql HTTP/11" 200 None
[2025-07-14 21:46:48,115][root][INFO] - Eval at 417792 steps.
[2025-07-14 21:47:03,616][root][INFO] - Saved best checkpoint to /home/alesr/Repositories/Omnidrones-PEG/wandb/run-20250714_214439-56chv8nw/files/checkpoint_best.pt
[2025-07-14 21:47:03,639][urllib3.connectionpool][DEBUG] - Starting new HTTPS connection (1): api.wandb.ai:443
[2025-07-14 21:47:03,821][urllib3.connectionpool][DEBUG] - https://api.wandb.ai:443 "POST /graphql HTTP/11" 200 None
[2025-07-14 21:48:02,639][root][INFO] - Eval at 827392 steps.
[2025-07-14 21:48:18,136][root][INFO] - Saved checkpoint to /home/alesr/Repositories/Omnidrones-PEG/wandb/run-20250714_214439-56chv8nw/files/checkpoint_827392.pt
[2025-07-14 21:48:18,158][urllib3.connectionpool][DEBUG] - Starting new HTTPS connection (1): api.wandb.ai:443
[2025-07-14 21:48:18,373][urllib3.connectionpool][DEBUG] - https://api.wandb.ai:443 "POST /graphql HTTP/11" 200 None
[2025-07-14 21:49:15,894][root][INFO] - Eval at 1236992 steps.
[2025-07-14 21:50:29,165][root][INFO] - Eval at 1646592 steps.
[2025-07-14 21:50:45,046][root][INFO] - Saved checkpoint to /home/alesr/Repositories/Omnidrones-PEG/wandb/run-20250714_214439-56chv8nw/files/checkpoint_1646592.pt
[2025-07-14 21:50:45,069][urllib3.connectionpool][DEBUG] - Starting new HTTPS connection (1): api.wandb.ai:443
[2025-07-14 21:50:45,258][urllib3.connectionpool][DEBUG] - https://api.wandb.ai:443 "POST /graphql HTTP/11" 200 None
[2025-07-14 21:51:42,239][root][INFO] - Eval at 2056192 steps.
[2025-07-14 21:52:55,188][root][INFO] - Eval at 2465792 steps.
[2025-07-14 21:53:45,767][root][INFO] - Saved checkpoint to /home/alesr/Repositories/Omnidrones-PEG/wandb/run-20250714_214439-56chv8nw/files/checkpoint_2465792.pt
[2025-07-14 21:53:45,790][urllib3.connectionpool][DEBUG] - Starting new HTTPS connection (1): api.wandb.ai:443
[2025-07-14 21:53:45,993][urllib3.connectionpool][DEBUG] - https://api.wandb.ai:443 "POST /graphql HTTP/11" 200 None
[2025-07-14 21:54:45,250][root][INFO] - Eval at 2875392 steps.
[2025-07-14 21:55:59,469][root][INFO] - Eval at 3284992 steps.
[2025-07-14 21:56:15,166][root][INFO] - Saved checkpoint to /home/alesr/Repositories/Omnidrones-PEG/wandb/run-20250714_214439-56chv8nw/files/checkpoint_3284992.pt
[2025-07-14 21:56:15,181][urllib3.connectionpool][DEBUG] - Starting new HTTPS connection (1): api.wandb.ai:443
[2025-07-14 21:56:15,378][urllib3.connectionpool][DEBUG] - https://api.wandb.ai:443 "POST /graphql HTTP/11" 200 None
[2025-07-14 21:57:14,050][root][INFO] - Eval at 3694592 steps.
[2025-07-14 21:57:29,420][root][INFO] - Saved best checkpoint to /home/alesr/Repositories/Omnidrones-PEG/wandb/run-20250714_214439-56chv8nw/files/checkpoint_best.pt
[2025-07-14 21:57:29,435][urllib3.connectionpool][DEBUG] - Starting new HTTPS connection (1): api.wandb.ai:443
[2025-07-14 21:57:29,654][urllib3.connectionpool][DEBUG] - https://api.wandb.ai:443 "POST /graphql HTTP/11" 200 None
[2025-07-14 21:58:27,474][root][INFO] - Eval at 4104192 steps.
[2025-07-14 21:58:43,059][root][INFO] - Saved checkpoint to /home/alesr/Repositories/Omnidrones-PEG/wandb/run-20250714_214439-56chv8nw/files/checkpoint_4104192.pt
[2025-07-14 21:58:43,074][urllib3.connectionpool][DEBUG] - Starting new HTTPS connection (1): api.wandb.ai:443
[2025-07-14 21:58:43,258][urllib3.connectionpool][DEBUG] - https://api.wandb.ai:443 "POST /graphql HTTP/11" 200 None
[2025-07-14 21:59:41,762][root][INFO] - Eval at 4513792 steps.
[2025-07-14 22:00:55,296][root][INFO] - Eval at 4923392 steps.
[2025-07-14 22:01:44,642][root][INFO] - Saved checkpoint to /home/alesr/Repositories/Omnidrones-PEG/wandb/run-20250714_214439-56chv8nw/files/checkpoint_4923392.pt
[2025-07-14 22:01:44,665][urllib3.connectionpool][DEBUG] - Starting new HTTPS connection (1): api.wandb.ai:443
[2025-07-14 22:01:44,864][urllib3.connectionpool][DEBUG] - https://api.wandb.ai:443 "POST /graphql HTTP/11" 200 None
[2025-07-14 22:02:44,042][root][INFO] - Eval at 5332992 steps.
[2025-07-14 22:02:59,869][root][INFO] - Saved best checkpoint to /home/alesr/Repositories/Omnidrones-PEG/wandb/run-20250714_214439-56chv8nw/files/checkpoint_best.pt
[2025-07-14 22:02:59,886][urllib3.connectionpool][DEBUG] - Starting new HTTPS connection (1): api.wandb.ai:443
[2025-07-14 22:03:00,087][urllib3.connectionpool][DEBUG] - https://api.wandb.ai:443 "POST /graphql HTTP/11" 200 None
[2025-07-14 22:03:58,722][root][INFO] - Eval at 5742592 steps.
[2025-07-14 22:04:14,130][root][INFO] - Saved checkpoint to /home/alesr/Repositories/Omnidrones-PEG/wandb/run-20250714_214439-56chv8nw/files/checkpoint_5742592.pt
[2025-07-14 22:04:14,152][urllib3.connectionpool][DEBUG] - Starting new HTTPS connection (1): api.wandb.ai:443
[2025-07-14 22:04:14,336][urllib3.connectionpool][DEBUG] - https://api.wandb.ai:443 "POST /graphql HTTP/11" 200 None
[2025-07-14 22:05:13,138][root][INFO] - Eval at 6152192 steps.
[2025-07-14 22:06:27,848][root][INFO] - Eval at 6561792 steps.
[2025-07-14 22:06:43,360][root][INFO] - Saved checkpoint to /home/alesr/Repositories/Omnidrones-PEG/wandb/run-20250714_214439-56chv8nw/files/checkpoint_6561792.pt
[2025-07-14 22:06:43,375][urllib3.connectionpool][DEBUG] - Starting new HTTPS connection (1): api.wandb.ai:443
[2025-07-14 22:06:43,562][urllib3.connectionpool][DEBUG] - https://api.wandb.ai:443 "POST /graphql HTTP/11" 200 None
[2025-07-14 22:07:41,571][root][INFO] - Eval at 6971392 steps.
[2025-07-14 22:08:55,049][root][INFO] - Eval at 7380992 steps.
[2025-07-14 22:09:45,206][root][INFO] - Saved checkpoint to /home/alesr/Repositories/Omnidrones-PEG/wandb/run-20250714_214439-56chv8nw/files/checkpoint_7380992.pt
[2025-07-14 22:09:45,221][urllib3.connectionpool][DEBUG] - Starting new HTTPS connection (1): api.wandb.ai:443
[2025-07-14 22:09:45,444][urllib3.connectionpool][DEBUG] - https://api.wandb.ai:443 "POST /graphql HTTP/11" 200 None
[2025-07-14 22:10:44,145][root][INFO] - Eval at 7790592 steps.
[2025-07-14 22:11:58,891][root][INFO] - Eval at 8200192 steps.
[2025-07-14 22:12:14,329][root][INFO] - Saved checkpoint to /home/alesr/Repositories/Omnidrones-PEG/wandb/run-20250714_214439-56chv8nw/files/checkpoint_8200192.pt
[2025-07-14 22:12:14,352][urllib3.connectionpool][DEBUG] - Starting new HTTPS connection (1): api.wandb.ai:443
[2025-07-14 22:12:14,575][urllib3.connectionpool][DEBUG] - https://api.wandb.ai:443 "POST /graphql HTTP/11" 200 None
[2025-07-14 22:13:12,228][root][INFO] - Eval at 8609792 steps.
[2025-07-14 22:14:25,326][root][INFO] - Eval at 9019392 steps.
[2025-07-14 22:14:40,898][root][INFO] - Saved checkpoint to /home/alesr/Repositories/Omnidrones-PEG/wandb/run-20250714_214439-56chv8nw/files/checkpoint_9019392.pt
[2025-07-14 22:14:40,920][urllib3.connectionpool][DEBUG] - Starting new HTTPS connection (1): api.wandb.ai:443
[2025-07-14 22:14:41,146][urllib3.connectionpool][DEBUG] - https://api.wandb.ai:443 "POST /graphql HTTP/11" 200 None
[2025-07-14 22:15:38,506][root][INFO] - Eval at 9428992 steps.
[2025-07-14 22:16:51,332][root][INFO] - Eval at 9838592 steps.
[2025-07-14 22:17:41,133][root][INFO] - Saved checkpoint to /home/alesr/Repositories/Omnidrones-PEG/wandb/run-20250714_214439-56chv8nw/files/checkpoint_9838592.pt
[2025-07-14 22:17:41,156][urllib3.connectionpool][DEBUG] - Starting new HTTPS connection (1): api.wandb.ai:443
[2025-07-14 22:17:41,385][urllib3.connectionpool][DEBUG] - https://api.wandb.ai:443 "POST /graphql HTTP/11" 200 None
[2025-07-14 22:18:39,143][root][INFO] - Eval at 10248192 steps.
[2025-07-14 22:19:51,713][root][INFO] - Eval at 10657792 steps.
[2025-07-14 22:20:07,071][root][INFO] - Saved checkpoint to /home/alesr/Repositories/Omnidrones-PEG/wandb/run-20250714_214439-56chv8nw/files/checkpoint_10657792.pt
[2025-07-14 22:20:07,093][urllib3.connectionpool][DEBUG] - Starting new HTTPS connection (1): api.wandb.ai:443
[2025-07-14 22:20:07,292][urllib3.connectionpool][DEBUG] - https://api.wandb.ai:443 "POST /graphql HTTP/11" 200 None
[2025-07-14 22:21:04,048][root][INFO] - Eval at 11067392 steps.
[2025-07-14 22:22:15,552][root][INFO] - Eval at 11476992 steps.
[2025-07-14 22:22:31,013][root][INFO] - Saved checkpoint to /home/alesr/Repositories/Omnidrones-PEG/wandb/run-20250714_214439-56chv8nw/files/checkpoint_11476992.pt
[2025-07-14 22:22:31,026][urllib3.connectionpool][DEBUG] - Starting new HTTPS connection (1): api.wandb.ai:443
[2025-07-14 22:22:31,234][urllib3.connectionpool][DEBUG] - https://api.wandb.ai:443 "POST /graphql HTTP/11" 200 None
[2025-07-14 22:23:28,364][root][INFO] - Eval at 11886592 steps.
[2025-07-14 22:24:39,653][root][INFO] - Eval at 12296192 steps.
[2025-07-14 22:25:28,746][root][INFO] - Saved checkpoint to /home/alesr/Repositories/Omnidrones-PEG/wandb/run-20250714_214439-56chv8nw/files/checkpoint_12296192.pt
[2025-07-14 22:25:28,768][urllib3.connectionpool][DEBUG] - Starting new HTTPS connection (1): api.wandb.ai:443
[2025-07-14 22:25:28,969][urllib3.connectionpool][DEBUG] - https://api.wandb.ai:443 "POST /graphql HTTP/11" 200 None
[2025-07-14 22:26:26,097][root][INFO] - Eval at 12705792 steps.
[2025-07-14 22:27:37,460][root][INFO] - Eval at 13115392 steps.
[2025-07-14 22:27:52,437][root][INFO] - Saved checkpoint to /home/alesr/Repositories/Omnidrones-PEG/wandb/run-20250714_214439-56chv8nw/files/checkpoint_13115392.pt
[2025-07-14 22:27:52,459][urllib3.connectionpool][DEBUG] - Starting new HTTPS connection (1): api.wandb.ai:443
[2025-07-14 22:27:52,656][urllib3.connectionpool][DEBUG] - https://api.wandb.ai:443 "POST /graphql HTTP/11" 200 None
[2025-07-14 22:28:56,472][root][INFO] - Eval at 13524992 steps.
[2025-07-14 22:30:18,167][root][INFO] - Eval at 13934592 steps.
[2025-07-14 22:30:36,357][root][INFO] - Saved checkpoint to /home/alesr/Repositories/Omnidrones-PEG/wandb/run-20250714_214439-56chv8nw/files/checkpoint_13934592.pt
[2025-07-14 22:30:36,380][urllib3.connectionpool][DEBUG] - Starting new HTTPS connection (1): api.wandb.ai:443
[2025-07-14 22:30:36,597][urllib3.connectionpool][DEBUG] - https://api.wandb.ai:443 "POST /graphql HTTP/11" 200 None
[2025-07-14 22:31:42,743][root][INFO] - Eval at 14344192 steps.
[2025-07-14 22:33:07,660][root][INFO] - Eval at 14753792 steps.
[2025-07-14 22:34:03,832][root][INFO] - Saved checkpoint to /home/alesr/Repositories/Omnidrones-PEG/wandb/run-20250714_214439-56chv8nw/files/checkpoint_14753792.pt
[2025-07-14 22:34:03,856][urllib3.connectionpool][DEBUG] - Starting new HTTPS connection (1): api.wandb.ai:443
[2025-07-14 22:34:04,051][urllib3.connectionpool][DEBUG] - https://api.wandb.ai:443 "POST /graphql HTTP/11" 200 None
[2025-07-14 22:35:12,054][root][INFO] - Eval at 15163392 steps.
[2025-07-14 22:36:37,291][root][INFO] - Eval at 15572992 steps.
[2025-07-14 22:36:55,430][root][INFO] - Saved checkpoint to /home/alesr/Repositories/Omnidrones-PEG/wandb/run-20250714_214439-56chv8nw/files/checkpoint_15572992.pt
[2025-07-14 22:36:55,448][urllib3.connectionpool][DEBUG] - Starting new HTTPS connection (1): api.wandb.ai:443
[2025-07-14 22:36:55,661][urllib3.connectionpool][DEBUG] - https://api.wandb.ai:443 "POST /graphql HTTP/11" 200 None
[2025-07-14 22:38:02,990][root][INFO] - Eval at 15982592 steps.
[2025-07-14 22:39:28,661][root][INFO] - Eval at 16392192 steps.
[2025-07-14 22:39:47,130][root][INFO] - Saved checkpoint to /home/alesr/Repositories/Omnidrones-PEG/wandb/run-20250714_214439-56chv8nw/files/checkpoint_16392192.pt
[2025-07-14 22:39:47,154][urllib3.connectionpool][DEBUG] - Starting new HTTPS connection (1): api.wandb.ai:443
[2025-07-14 22:39:47,339][urllib3.connectionpool][DEBUG] - https://api.wandb.ai:443 "POST /graphql HTTP/11" 200 None
[2025-07-14 22:40:55,346][root][INFO] - Eval at 16801792 steps.
[2025-07-14 22:42:21,601][root][INFO] - Eval at 17211392 steps.
[2025-07-14 22:43:16,334][root][INFO] - Saved checkpoint to /home/alesr/Repositories/Omnidrones-PEG/wandb/run-20250714_214439-56chv8nw/files/checkpoint_17211392.pt
[2025-07-14 22:43:16,358][urllib3.connectionpool][DEBUG] - Starting new HTTPS connection (1): api.wandb.ai:443
[2025-07-14 22:43:16,565][urllib3.connectionpool][DEBUG] - https://api.wandb.ai:443 "POST /graphql HTTP/11" 200 None
[2025-07-14 22:44:16,247][root][INFO] - Eval at 17620992 steps.
[2025-07-14 22:44:31,948][root][INFO] - Saved best checkpoint to /home/alesr/Repositories/Omnidrones-PEG/wandb/run-20250714_214439-56chv8nw/files/checkpoint_best.pt
[2025-07-14 22:44:31,966][urllib3.connectionpool][DEBUG] - Starting new HTTPS connection (1): api.wandb.ai:443
[2025-07-14 22:44:32,165][urllib3.connectionpool][DEBUG] - https://api.wandb.ai:443 "POST /graphql HTTP/11" 200 None
[2025-07-14 22:45:30,142][root][INFO] - Eval at 18030592 steps.
[2025-07-14 22:45:47,269][root][INFO] - Saved checkpoint to /home/alesr/Repositories/Omnidrones-PEG/wandb/run-20250714_214439-56chv8nw/files/checkpoint_18030592.pt
[2025-07-14 22:45:47,291][urllib3.connectionpool][DEBUG] - Starting new HTTPS connection (1): api.wandb.ai:443
[2025-07-14 22:45:47,487][urllib3.connectionpool][DEBUG] - https://api.wandb.ai:443 "POST /graphql HTTP/11" 200 None
[2025-07-14 22:46:48,728][root][INFO] - Eval at 18440192 steps.
[2025-07-14 22:48:07,105][root][INFO] - Eval at 18849792 steps.
[2025-07-14 22:48:23,882][root][INFO] - Saved checkpoint to /home/alesr/Repositories/Omnidrones-PEG/wandb/run-20250714_214439-56chv8nw/files/checkpoint_18849792.pt
[2025-07-14 22:48:23,896][urllib3.connectionpool][DEBUG] - Starting new HTTPS connection (1): api.wandb.ai:443
[2025-07-14 22:48:24,120][urllib3.connectionpool][DEBUG] - https://api.wandb.ai:443 "POST /graphql HTTP/11" 200 None
[2025-07-14 22:49:26,138][root][INFO] - Eval at 19259392 steps.
[2025-07-14 22:50:44,853][root][INFO] - Eval at 19668992 steps.
[2025-07-14 22:51:36,913][root][INFO] - Saved checkpoint to /home/alesr/Repositories/Omnidrones-PEG/wandb/run-20250714_214439-56chv8nw/files/checkpoint_19668992.pt
[2025-07-14 22:51:36,936][urllib3.connectionpool][DEBUG] - Starting new HTTPS connection (1): api.wandb.ai:443
[2025-07-14 22:51:37,134][urllib3.connectionpool][DEBUG] - https://api.wandb.ai:443 "POST /graphql HTTP/11" 200 None
[2025-07-14 22:52:27,187][root][INFO] - Final Eval at 19996672 steps.
[2025-07-14 22:53:20,533][urllib3.connectionpool][DEBUG] - Starting new HTTPS connection (1): api.wandb.ai:443
[2025-07-14 22:53:20,726][urllib3.connectionpool][DEBUG] - https://api.wandb.ai:443 "POST /graphql HTTP/11" 200 None
[2025-07-14 22:53:20,734][root][INFO] - Saved checkpoint to /home/alesr/Repositories/Omnidrones-PEG/wandb/run-20250714_214439-56chv8nw/files/checkpoint_final.pt
