[2025-05-29 08:17:21,137][asyncio][DEBUG] - Using selector: EpollSelector
[2025-05-29 08:17:21,903][omni.kit.telemetry.impl.sentry_extension][INFO] - sentry is disabled for external build
[2025-05-29 08:17:21,904][omni.kit.telemetry.impl.sentry_extension][INFO] - sentry is disabled for external build
[2025-05-29 08:17:23,334][AutoNode][DEBUG] - Defining data type 'any' as 'Any'
[2025-05-29 08:17:23,335][AutoNode][DEBUG] - Defining data type 'bool' as 'Bool' and array 'BoolArray
[2025-05-29 08:17:23,335][AutoNode][DEBUG] - Defining data type 'bundle' as 'Bundle'
[2025-05-29 08:17:23,335][AutoNode][DEBUG] - Defining data type 'colord[3]' as 'Color3d' and array 'Color3dArray
[2025-05-29 08:17:23,335][AutoNode][DEBUG] - Defining data type 'colorf[3]' as 'Color3f' and array 'Color3fArray
[2025-05-29 08:17:23,335][AutoNode][DEBUG] - Defining data type 'colorh[3]' as 'Color3h' and array 'Color3hArray
[2025-05-29 08:17:23,335][AutoNode][DEBUG] - Defining data type 'colord[4]' as 'Color4d' and array 'Color4dArray
[2025-05-29 08:17:23,335][AutoNode][DEBUG] - Defining data type 'colorf[4]' as 'Color4f' and array 'Color4fArray
[2025-05-29 08:17:23,336][AutoNode][DEBUG] - Defining data type 'colorh[4]' as 'Color4h' and array 'Color4hArray
[2025-05-29 08:17:23,336][AutoNode][DEBUG] - Defining data type 'double' as 'Double' and array 'DoubleArray
[2025-05-29 08:17:23,336][AutoNode][DEBUG] - Defining data type 'double[2]' as 'Double2' and array 'Double2Array
[2025-05-29 08:17:23,336][AutoNode][DEBUG] - Defining data type 'double[3]' as 'Double3' and array 'Double3Array
[2025-05-29 08:17:23,336][AutoNode][DEBUG] - Defining data type 'double[4]' as 'Double4' and array 'Double4Array
[2025-05-29 08:17:23,336][AutoNode][DEBUG] - Defining data type 'execution' as 'Execution'
[2025-05-29 08:17:23,336][AutoNode][DEBUG] - Defining data type 'float' as 'Float' and array 'FloatArray
[2025-05-29 08:17:23,336][AutoNode][DEBUG] - Defining data type 'float[2]' as 'Float2' and array 'Float2Array
[2025-05-29 08:17:23,337][AutoNode][DEBUG] - Defining data type 'float[3]' as 'Float3' and array 'Float3Array
[2025-05-29 08:17:23,337][AutoNode][DEBUG] - Defining data type 'float[4]' as 'Float4' and array 'Float4Array
[2025-05-29 08:17:23,337][AutoNode][DEBUG] - Defining data type 'frame[4]' as 'Frame' and array 'FrameArray
[2025-05-29 08:17:23,337][AutoNode][DEBUG] - Defining data type 'half' as 'Half' and array 'HalfArray
[2025-05-29 08:17:23,337][AutoNode][DEBUG] - Defining data type 'half[2]' as 'Half2' and array 'Half2Array
[2025-05-29 08:17:23,337][AutoNode][DEBUG] - Defining data type 'half[3]' as 'Half3' and array 'Half3Array
[2025-05-29 08:17:23,337][AutoNode][DEBUG] - Defining data type 'half[4]' as 'Half4' and array 'Half4Array
[2025-05-29 08:17:23,337][AutoNode][DEBUG] - Defining data type 'int' as 'Int' and array 'IntArray
[2025-05-29 08:17:23,337][AutoNode][DEBUG] - Defining data type 'int[2]' as 'Int2' and array 'Int2Array
[2025-05-29 08:17:23,338][AutoNode][DEBUG] - Defining data type 'int[3]' as 'Int3' and array 'Int3Array
[2025-05-29 08:17:23,338][AutoNode][DEBUG] - Defining data type 'int[4]' as 'Int4' and array 'Int4Array
[2025-05-29 08:17:23,338][AutoNode][DEBUG] - Defining data type 'int64' as 'Int64' and array 'Int64Array
[2025-05-29 08:17:23,338][AutoNode][DEBUG] - Defining data type 'matrixd[2]' as 'Matrix2d' and array 'Matrix2dArray
[2025-05-29 08:17:23,338][AutoNode][DEBUG] - Defining data type 'matrixd[3]' as 'Matrix3d' and array 'Matrix3dArray
[2025-05-29 08:17:23,338][AutoNode][DEBUG] - Defining data type 'matrixd[4]' as 'Matrix4d' and array 'Matrix4dArray
[2025-05-29 08:17:23,338][AutoNode][DEBUG] - Defining data type 'normald[3]' as 'Normal3d' and array 'Normal3dArray
[2025-05-29 08:17:23,338][AutoNode][DEBUG] - Defining data type 'normalf[3]' as 'Normal3f' and array 'Normal3fArray
[2025-05-29 08:17:23,339][AutoNode][DEBUG] - Defining data type 'normalh[3]' as 'Normal3h' and array 'Normal3hArray
[2025-05-29 08:17:23,339][AutoNode][DEBUG] - Defining data type 'objectId' as 'ObjectId' and array 'ObjectIdArray
[2025-05-29 08:17:23,339][AutoNode][DEBUG] - Defining data type 'path' as 'Path'
[2025-05-29 08:17:23,339][AutoNode][DEBUG] - Defining data type 'pointd[3]' as 'Point3d' and array 'Point3dArray
[2025-05-29 08:17:23,339][AutoNode][DEBUG] - Defining data type 'pointf[3]' as 'Point3f' and array 'Point3fArray
[2025-05-29 08:17:23,339][AutoNode][DEBUG] - Defining data type 'pointh[3]' as 'Point3h' and array 'Point3hArray
[2025-05-29 08:17:23,339][AutoNode][DEBUG] - Defining data type 'quatd[4]' as 'Quatd' and array 'QuatdArray
[2025-05-29 08:17:23,339][AutoNode][DEBUG] - Defining data type 'quatf[4]' as 'Quatf' and array 'QuatfArray
[2025-05-29 08:17:23,340][AutoNode][DEBUG] - Defining data type 'quath[4]' as 'Quath' and array 'QuathArray
[2025-05-29 08:17:23,340][AutoNode][DEBUG] - Defining data type 'string' as 'String'
[2025-05-29 08:17:23,340][AutoNode][DEBUG] - Defining data type 'target' as 'Target'
[2025-05-29 08:17:23,340][AutoNode][DEBUG] - Defining data type 'texcoordd[2]' as 'TexCoord2d' and array 'TexCoord2dArray
[2025-05-29 08:17:23,340][AutoNode][DEBUG] - Defining data type 'texcoordf[2]' as 'TexCoord2f' and array 'TexCoord2fArray
[2025-05-29 08:17:23,340][AutoNode][DEBUG] - Defining data type 'texcoordh[2]' as 'TexCoord2h' and array 'TexCoord2hArray
[2025-05-29 08:17:23,340][AutoNode][DEBUG] - Defining data type 'texcoordd[3]' as 'TexCoord3d' and array 'TexCoord3dArray
[2025-05-29 08:17:23,340][AutoNode][DEBUG] - Defining data type 'texcoordf[3]' as 'TexCoord3f' and array 'TexCoord3fArray
[2025-05-29 08:17:23,341][AutoNode][DEBUG] - Defining data type 'texcoordh[3]' as 'TexCoord3h' and array 'TexCoord3hArray
[2025-05-29 08:17:23,341][AutoNode][DEBUG] - Defining data type 'timecode' as 'Timecode' and array 'TimecodeArray
[2025-05-29 08:17:23,341][AutoNode][DEBUG] - Defining data type 'token' as 'Token' and array 'TokenArray
[2025-05-29 08:17:23,341][AutoNode][DEBUG] - Defining data type 'uchar' as 'UChar' and array 'UCharArray
[2025-05-29 08:17:23,341][AutoNode][DEBUG] - Defining data type 'uint' as 'UInt' and array 'UIntArray
[2025-05-29 08:17:23,341][AutoNode][DEBUG] - Defining data type 'uint64' as 'UInt64' and array 'UInt64Array
[2025-05-29 08:17:23,341][AutoNode][DEBUG] - Defining data type 'vectord[3]' as 'Vector3d' and array 'Vector3dArray
[2025-05-29 08:17:23,342][AutoNode][DEBUG] - Defining data type 'vectorf[3]' as 'Vector3f' and array 'Vector3fArray
[2025-05-29 08:17:23,342][AutoNode][DEBUG] - Defining data type 'vectorh[3]' as 'Vector3h' and array 'Vector3hArray
[2025-05-29 08:17:26,743][omni.kit.profiler.window][WARNING] - remove _SpanInstance.__lt__ and use insort 'key' arg instead
[2025-05-29 08:17:32,027][git.cmd][DEBUG] - Popen(['git', 'rev-parse', '--show-toplevel'], cwd=/home/alesr/Repositories/Omnidrones-PEG, stdin=None, shell=False, universal_newlines=False)
[2025-05-29 08:17:32,192][urllib3.connectionpool][DEBUG] - Starting new HTTPS connection (1): api.wandb.ai:443
[2025-05-29 08:17:32,428][urllib3.connectionpool][DEBUG] - https://api.wandb.ai:443 "POST /graphql HTTP/11" 200 None
[2025-05-29 08:17:32,432][urllib3.connectionpool][DEBUG] - Starting new HTTPS connection (1): api.wandb.ai:443
[2025-05-29 08:17:32,614][urllib3.connectionpool][DEBUG] - https://api.wandb.ai:443 "POST /graphql HTTP/11" 200 None
[2025-05-29 08:17:32,638][git.cmd][DEBUG] - Popen(['git', 'cat-file', '--batch-check'], cwd=/home/alesr/Repositories/Omnidrones-PEG, stdin=<valid stream>, shell=False, universal_newlines=False)
[2025-05-29 08:17:37,397][root][INFO] - Reading pursuer's params from /home/alesr/Repositories/Omnidrones-PEG/omni_drones/robots/assets/usd/hummingbird.yaml.
[2025-05-29 08:17:37,424][root][INFO] - Reading evader's params from /home/alesr/Repositories/Omnidrones-PEG/omni_drones/robots/assets/usd/hummingbird.yaml.
[2025-05-29 08:17:44,264][root][INFO] - Default parameters:
Mass: [[0.6800000071525574]]
Inertia: [[0.007000000681728125, 0.007000000681728125, 0.011999999172985554]]
Thrust2Weight: [[0.8999204039573669, 0.8999204039573669, 0.8999204039573669, 0.8999204039573669]]
Force2Moment: [[62.499996185302734, 62.499996185302734, 62.499996185302734, 62.499996185302734]]
[2025-05-29 08:17:45,442][root][INFO] - Default parameters:
Mass: [[0.6800000071525574]]
Inertia: [[0.007000000681728125, 0.007000000681728125, 0.011999999172985554]]
Thrust2Weight: [[0.8999204039573669, 0.8999204039573669, 0.8999204039573669, 0.8999204039573669]]
Force2Moment: [[62.499996185302734, 62.499996185302734, 62.499996185302734, 62.499996185302734]]
[2025-05-29 08:17:45,630][urllib3.connectionpool][DEBUG] - Starting new HTTPS connection (1): api.wandb.ai:443
[2025-05-29 08:17:45,814][urllib3.connectionpool][DEBUG] - https://api.wandb.ai:443 "POST /graphql HTTP/11" 200 None
[2025-05-29 08:17:45,827][urllib3.connectionpool][DEBUG] - Starting new HTTPS connection (1): api.wandb.ai:443
[2025-05-29 08:17:45,984][urllib3.connectionpool][DEBUG] - https://api.wandb.ai:443 "POST /graphql HTTP/11" 200 None
[2025-05-29 08:17:45,989][urllib3.connectionpool][DEBUG] - Starting new HTTPS connection (1): api.wandb.ai:443
[2025-05-29 08:17:46,179][urllib3.connectionpool][DEBUG] - https://api.wandb.ai:443 "POST /graphql HTTP/11" 200 None
[2025-05-29 08:17:46,184][urllib3.connectionpool][DEBUG] - Starting new HTTPS connection (1): api.wandb.ai:443
[2025-05-29 08:17:46,363][urllib3.connectionpool][DEBUG] - https://api.wandb.ai:443 "POST /graphql HTTP/11" 200 None
[2025-05-29 08:17:46,367][urllib3.connectionpool][DEBUG] - Starting new HTTPS connection (1): storage.googleapis.com:443
[2025-05-29 08:17:46,614][urllib3.connectionpool][DEBUG] - https://storage.googleapis.com:443 "GET /wandb-production.appspot.com/alesr_kth/PEG/ibwhgscv/artifact/1769551118/wandb_manifest.json?X-Goog-Algorithm=GOOG4-RSA-SHA256&X-Goog-Credential=gorilla-files-url-signer-man%40wandb-production.iam.gserviceaccount.com%2F20250529%2Fauto%2Fstorage%2Fgoog4_request&X-Goog-Date=20250529T061746Z&X-Goog-Expires=3599&X-Goog-Signature=097d93c77c9be94bb0d4bae92fb70fa2c14867535203c33a2c88357847119a8c926ea470a3b74feb4553642629cb31d6d31b5390a3844f1516fb1210db938c479737858b5e75eb1d7874733e98f3abd7012568ace516e2cd509a6dc184dfd2f9e89efe7e0567e9151233ab9a696202fb1a5ca15918904e8cce1bce0acf75e2b3471df695536ec720115339f209717b4b543ddc59e51aadb95ac59526aa52039e78da8abf84d813a4f37be0db91ba7bd6e8d9308f4e973adb72f2024adee44e1cad15ab09a43262a7c6311a2185d7c1189fde9fe651f6c4e92d467716957fc48bc8692ad319b34c9474a6f0e64ead4a78d07db2408b9468f21a38f2f3b818331c&X-Goog-SignedHeaders=host&X-User=alesr HTTP/11" 200 343
[2025-05-29 08:17:46,674][urllib3.connectionpool][DEBUG] - Starting new HTTPS connection (1): api.wandb.ai:443
[2025-05-29 08:17:46,851][urllib3.connectionpool][DEBUG] - https://api.wandb.ai:443 "POST /graphql HTTP/11" 200 None
[2025-05-29 08:17:46,855][urllib3.connectionpool][DEBUG] - Starting new HTTPS connection (1): api.wandb.ai:443
[2025-05-29 08:17:47,013][urllib3.connectionpool][DEBUG] - https://api.wandb.ai:443 "POST /graphql HTTP/11" 200 None
[2025-05-29 08:17:47,018][urllib3.connectionpool][DEBUG] - Starting new HTTPS connection (1): api.wandb.ai:443
[2025-05-29 08:17:47,249][urllib3.connectionpool][DEBUG] - https://api.wandb.ai:443 "POST /graphql HTTP/11" 200 None
[2025-05-29 08:17:47,253][urllib3.connectionpool][DEBUG] - Starting new HTTPS connection (1): api.wandb.ai:443
[2025-05-29 08:17:47,433][urllib3.connectionpool][DEBUG] - https://api.wandb.ai:443 "POST /graphql HTTP/11" 200 None
[2025-05-29 08:17:47,437][urllib3.connectionpool][DEBUG] - Starting new HTTPS connection (1): storage.googleapis.com:443
[2025-05-29 08:17:47,674][urllib3.connectionpool][DEBUG] - https://storage.googleapis.com:443 "GET /wandb-production.appspot.com/alesr_kth/PEG/q7zpirvf/artifact/1769753559/wandb_manifest.json?X-Goog-Algorithm=GOOG4-RSA-SHA256&X-Goog-Credential=gorilla-files-url-signer-man%40wandb-production.iam.gserviceaccount.com%2F20250529%2Fauto%2Fstorage%2Fgoog4_request&X-Goog-Date=20250529T061747Z&X-Goog-Expires=3599&X-Goog-Signature=befc8a6fec6338f89c047068df2fe1b49648ca2580d0f676b62a64a8d6a3a520d55dca9cdab4c49f21c449359036eceb9dfc9b9baaccc7ed81688483f5aa52a4b7afcb4397badc8f0b87c62c51cf816af875265165266df11b19e9cfa7b717c8053fbc012aff686b3f6e34c232090ba36e8d89ea2d409630375e7b0ca461e1dfd5ee6402731f646dd71b92c24a7940d1818199ab6cec491c6a333536fa3dccf4f10e5bb9f25e98b17fe31981d7a923ee66abb633d1719a07d5b2644ee6674b61051e01e01c26ed82b74a0e740b0a9dd90a6be41d2c7065ec5ab89d8bcce9a4c5fa61eed0391cad670da0fe0ada317e775ab2f2937bc7247b4b9f088119d3ecfd&X-Goog-SignedHeaders=host&X-User=alesr HTTP/11" 200 343
[2025-05-29 08:17:49,115][root][INFO] - Eval at 8192 steps.
[2025-05-29 08:18:04,439][root][INFO] - Saved checkpoint to /home/alesr/Repositories/Omnidrones-PEG/wandb/run-20250529_081732-80q1rp1t/files/checkpoint_8192.pt
[2025-05-29 08:18:04,448][urllib3.connectionpool][DEBUG] - Starting new HTTPS connection (1): api.wandb.ai:443
[2025-05-29 08:18:04,607][urllib3.connectionpool][DEBUG] - https://api.wandb.ai:443 "POST /graphql HTTP/11" 200 None
[2025-05-29 08:18:09,930][root][INFO] - Final Eval at 49152 steps.
[2025-05-29 08:18:25,003][urllib3.connectionpool][DEBUG] - Starting new HTTPS connection (1): api.wandb.ai:443
[2025-05-29 08:18:25,191][urllib3.connectionpool][DEBUG] - https://api.wandb.ai:443 "POST /graphql HTTP/11" 200 None
[2025-05-29 08:18:25,197][root][INFO] - Saved checkpoint to /home/alesr/Repositories/Omnidrones-PEG/wandb/run-20250529_081732-80q1rp1t/files/checkpoint_final.pt
