[2025-05-29 09:03:02,685][asyncio][DEBUG] - Using selector: EpollSelector
[2025-05-29 09:03:03,486][omni.kit.telemetry.impl.sentry_extension][INFO] - sentry is disabled for external build
[2025-05-29 09:03:03,487][omni.kit.telemetry.impl.sentry_extension][INFO] - sentry is disabled for external build
[2025-05-29 09:03:04,615][AutoNode][DEBUG] - Defining data type 'any' as 'Any'
[2025-05-29 09:03:04,615][AutoNode][DEBUG] - Defining data type 'bool' as 'Bool' and array 'BoolArray
[2025-05-29 09:03:04,615][AutoNode][DEBUG] - Defining data type 'bundle' as 'Bundle'
[2025-05-29 09:03:04,615][AutoNode][DEBUG] - Defining data type 'colord[3]' as 'Color3d' and array 'Color3dArray
[2025-05-29 09:03:04,615][AutoNode][DEBUG] - Defining data type 'colorf[3]' as 'Color3f' and array 'Color3fArray
[2025-05-29 09:03:04,615][AutoNode][DEBUG] - Defining data type 'colorh[3]' as 'Color3h' and array 'Color3hArray
[2025-05-29 09:03:04,615][AutoNode][DEBUG] - Defining data type 'colord[4]' as 'Color4d' and array 'Color4dArray
[2025-05-29 09:03:04,616][AutoNode][DEBUG] - Defining data type 'colorf[4]' as 'Color4f' and array 'Color4fArray
[2025-05-29 09:03:04,616][AutoNode][DEBUG] - Defining data type 'colorh[4]' as 'Color4h' and array 'Color4hArray
[2025-05-29 09:03:04,616][AutoNode][DEBUG] - Defining data type 'double' as 'Double' and array 'DoubleArray
[2025-05-29 09:03:04,616][AutoNode][DEBUG] - Defining data type 'double[2]' as 'Double2' and array 'Double2Array
[2025-05-29 09:03:04,616][AutoNode][DEBUG] - Defining data type 'double[3]' as 'Double3' and array 'Double3Array
[2025-05-29 09:03:04,616][AutoNode][DEBUG] - Defining data type 'double[4]' as 'Double4' and array 'Double4Array
[2025-05-29 09:03:04,616][AutoNode][DEBUG] - Defining data type 'execution' as 'Execution'
[2025-05-29 09:03:04,616][AutoNode][DEBUG] - Defining data type 'float' as 'Float' and array 'FloatArray
[2025-05-29 09:03:04,616][AutoNode][DEBUG] - Defining data type 'float[2]' as 'Float2' and array 'Float2Array
[2025-05-29 09:03:04,616][AutoNode][DEBUG] - Defining data type 'float[3]' as 'Float3' and array 'Float3Array
[2025-05-29 09:03:04,616][AutoNode][DEBUG] - Defining data type 'float[4]' as 'Float4' and array 'Float4Array
[2025-05-29 09:03:04,616][AutoNode][DEBUG] - Defining data type 'frame[4]' as 'Frame' and array 'FrameArray
[2025-05-29 09:03:04,616][AutoNode][DEBUG] - Defining data type 'half' as 'Half' and array 'HalfArray
[2025-05-29 09:03:04,617][AutoNode][DEBUG] - Defining data type 'half[2]' as 'Half2' and array 'Half2Array
[2025-05-29 09:03:04,617][AutoNode][DEBUG] - Defining data type 'half[3]' as 'Half3' and array 'Half3Array
[2025-05-29 09:03:04,617][AutoNode][DEBUG] - Defining data type 'half[4]' as 'Half4' and array 'Half4Array
[2025-05-29 09:03:04,617][AutoNode][DEBUG] - Defining data type 'int' as 'Int' and array 'IntArray
[2025-05-29 09:03:04,617][AutoNode][DEBUG] - Defining data type 'int[2]' as 'Int2' and array 'Int2Array
[2025-05-29 09:03:04,617][AutoNode][DEBUG] - Defining data type 'int[3]' as 'Int3' and array 'Int3Array
[2025-05-29 09:03:04,617][AutoNode][DEBUG] - Defining data type 'int[4]' as 'Int4' and array 'Int4Array
[2025-05-29 09:03:04,617][AutoNode][DEBUG] - Defining data type 'int64' as 'Int64' and array 'Int64Array
[2025-05-29 09:03:04,617][AutoNode][DEBUG] - Defining data type 'matrixd[2]' as 'Matrix2d' and array 'Matrix2dArray
[2025-05-29 09:03:04,617][AutoNode][DEBUG] - Defining data type 'matrixd[3]' as 'Matrix3d' and array 'Matrix3dArray
[2025-05-29 09:03:04,617][AutoNode][DEBUG] - Defining data type 'matrixd[4]' as 'Matrix4d' and array 'Matrix4dArray
[2025-05-29 09:03:04,617][AutoNode][DEBUG] - Defining data type 'normald[3]' as 'Normal3d' and array 'Normal3dArray
[2025-05-29 09:03:04,617][AutoNode][DEBUG] - Defining data type 'normalf[3]' as 'Normal3f' and array 'Normal3fArray
[2025-05-29 09:03:04,617][AutoNode][DEBUG] - Defining data type 'normalh[3]' as 'Normal3h' and array 'Normal3hArray
[2025-05-29 09:03:04,618][AutoNode][DEBUG] - Defining data type 'objectId' as 'ObjectId' and array 'ObjectIdArray
[2025-05-29 09:03:04,618][AutoNode][DEBUG] - Defining data type 'path' as 'Path'
[2025-05-29 09:03:04,618][AutoNode][DEBUG] - Defining data type 'pointd[3]' as 'Point3d' and array 'Point3dArray
[2025-05-29 09:03:04,618][AutoNode][DEBUG] - Defining data type 'pointf[3]' as 'Point3f' and array 'Point3fArray
[2025-05-29 09:03:04,618][AutoNode][DEBUG] - Defining data type 'pointh[3]' as 'Point3h' and array 'Point3hArray
[2025-05-29 09:03:04,618][AutoNode][DEBUG] - Defining data type 'quatd[4]' as 'Quatd' and array 'QuatdArray
[2025-05-29 09:03:04,618][AutoNode][DEBUG] - Defining data type 'quatf[4]' as 'Quatf' and array 'QuatfArray
[2025-05-29 09:03:04,618][AutoNode][DEBUG] - Defining data type 'quath[4]' as 'Quath' and array 'QuathArray
[2025-05-29 09:03:04,618][AutoNode][DEBUG] - Defining data type 'string' as 'String'
[2025-05-29 09:03:04,618][AutoNode][DEBUG] - Defining data type 'target' as 'Target'
[2025-05-29 09:03:04,618][AutoNode][DEBUG] - Defining data type 'texcoordd[2]' as 'TexCoord2d' and array 'TexCoord2dArray
[2025-05-29 09:03:04,618][AutoNode][DEBUG] - Defining data type 'texcoordf[2]' as 'TexCoord2f' and array 'TexCoord2fArray
[2025-05-29 09:03:04,618][AutoNode][DEBUG] - Defining data type 'texcoordh[2]' as 'TexCoord2h' and array 'TexCoord2hArray
[2025-05-29 09:03:04,619][AutoNode][DEBUG] - Defining data type 'texcoordd[3]' as 'TexCoord3d' and array 'TexCoord3dArray
[2025-05-29 09:03:04,619][AutoNode][DEBUG] - Defining data type 'texcoordf[3]' as 'TexCoord3f' and array 'TexCoord3fArray
[2025-05-29 09:03:04,619][AutoNode][DEBUG] - Defining data type 'texcoordh[3]' as 'TexCoord3h' and array 'TexCoord3hArray
[2025-05-29 09:03:04,619][AutoNode][DEBUG] - Defining data type 'timecode' as 'Timecode' and array 'TimecodeArray
[2025-05-29 09:03:04,619][AutoNode][DEBUG] - Defining data type 'token' as 'Token' and array 'TokenArray
[2025-05-29 09:03:04,619][AutoNode][DEBUG] - Defining data type 'uchar' as 'UChar' and array 'UCharArray
[2025-05-29 09:03:04,619][AutoNode][DEBUG] - Defining data type 'uint' as 'UInt' and array 'UIntArray
[2025-05-29 09:03:04,619][AutoNode][DEBUG] - Defining data type 'uint64' as 'UInt64' and array 'UInt64Array
[2025-05-29 09:03:04,619][AutoNode][DEBUG] - Defining data type 'vectord[3]' as 'Vector3d' and array 'Vector3dArray
[2025-05-29 09:03:04,619][AutoNode][DEBUG] - Defining data type 'vectorf[3]' as 'Vector3f' and array 'Vector3fArray
[2025-05-29 09:03:04,619][AutoNode][DEBUG] - Defining data type 'vectorh[3]' as 'Vector3h' and array 'Vector3hArray
[2025-05-29 09:03:08,064][omni.kit.profiler.window][WARNING] - remove _SpanInstance.__lt__ and use insort 'key' arg instead
[2025-05-29 09:03:12,794][git.cmd][DEBUG] - Popen(['git', 'rev-parse', '--show-toplevel'], cwd=/home/alesr/Repositories/Omnidrones-PEG, stdin=None, shell=False, universal_newlines=False)
[2025-05-29 09:03:13,039][urllib3.connectionpool][DEBUG] - Starting new HTTPS connection (1): api.wandb.ai:443
[2025-05-29 09:03:13,229][urllib3.connectionpool][DEBUG] - https://api.wandb.ai:443 "POST /graphql HTTP/11" 200 None
[2025-05-29 09:03:13,234][urllib3.connectionpool][DEBUG] - Starting new HTTPS connection (1): api.wandb.ai:443
[2025-05-29 09:03:13,394][urllib3.connectionpool][DEBUG] - https://api.wandb.ai:443 "POST /graphql HTTP/11" 200 None
[2025-05-29 09:03:13,409][git.cmd][DEBUG] - Popen(['git', 'cat-file', '--batch-check'], cwd=/home/alesr/Repositories/Omnidrones-PEG, stdin=<valid stream>, shell=False, universal_newlines=False)
[2025-05-29 09:03:18,487][root][INFO] - Reading pursuer's params from /home/alesr/Repositories/Omnidrones-PEG/omni_drones/robots/assets/usd/hummingbird.yaml.
[2025-05-29 09:03:18,513][root][INFO] - Reading evader's params from /home/alesr/Repositories/Omnidrones-PEG/omni_drones/robots/assets/usd/hummingbird.yaml.
[2025-05-29 09:03:25,672][root][INFO] - Default parameters:
Mass: [[0.6800000071525574]]
Inertia: [[0.007000000681728125, 0.007000000681728125, 0.011999999172985554]]
Thrust2Weight: [[0.8999204039573669, 0.8999204039573669, 0.8999204039573669, 0.8999204039573669]]
Force2Moment: [[62.499996185302734, 62.499996185302734, 62.499996185302734, 62.499996185302734]]
[2025-05-29 09:03:26,903][root][INFO] - Default parameters:
Mass: [[0.6800000071525574]]
Inertia: [[0.007000000681728125, 0.007000000681728125, 0.011999999172985554]]
Thrust2Weight: [[0.8999204039573669, 0.8999204039573669, 0.8999204039573669, 0.8999204039573669]]
Force2Moment: [[62.499996185302734, 62.499996185302734, 62.499996185302734, 62.499996185302734]]
[2025-05-29 09:03:27,033][urllib3.connectionpool][DEBUG] - Starting new HTTPS connection (1): api.wandb.ai:443
[2025-05-29 09:03:27,219][urllib3.connectionpool][DEBUG] - https://api.wandb.ai:443 "POST /graphql HTTP/11" 200 None
[2025-05-29 09:03:27,223][urllib3.connectionpool][DEBUG] - Starting new HTTPS connection (1): api.wandb.ai:443
[2025-05-29 09:03:27,369][urllib3.connectionpool][DEBUG] - https://api.wandb.ai:443 "POST /graphql HTTP/11" 200 None
[2025-05-29 09:03:27,374][urllib3.connectionpool][DEBUG] - Starting new HTTPS connection (1): api.wandb.ai:443
[2025-05-29 09:03:27,609][urllib3.connectionpool][DEBUG] - https://api.wandb.ai:443 "POST /graphql HTTP/11" 200 None
[2025-05-29 09:03:27,613][urllib3.connectionpool][DEBUG] - Starting new HTTPS connection (1): api.wandb.ai:443
[2025-05-29 09:03:27,799][urllib3.connectionpool][DEBUG] - https://api.wandb.ai:443 "POST /graphql HTTP/11" 200 None
[2025-05-29 09:03:27,805][urllib3.connectionpool][DEBUG] - Starting new HTTPS connection (1): storage.googleapis.com:443
[2025-05-29 09:03:28,027][urllib3.connectionpool][DEBUG] - https://storage.googleapis.com:443 "GET /wandb-production.appspot.com/alesr_kth/PEG/q7zpirvf/artifact/1769753559/wandb_manifest.json?X-Goog-Algorithm=GOOG4-RSA-SHA256&X-Goog-Credential=gorilla-files-url-signer-man%40wandb-production.iam.gserviceaccount.com%2F20250529%2Fauto%2Fstorage%2Fgoog4_request&X-Goog-Date=20250529T070327Z&X-Goog-Expires=3599&X-Goog-Signature=895701736b5a5bbba0cda38b3c9f95cfade7e78b0ebe9f46a1be8f2cf3363e8cc227d69a9d1de467b04c6b7b52ddea67d427f7df335a89372475b83c3c20dc862780cd37a16ee962954549de336708f673af2f286f342bf229501795fc56a0d04f2b8984bc7ecfe68b450768af6ce50d11878154ba1b8b07bc3ded0eee2341cae29b23d88eed55896ee45adb8fe2a8938dd95dda01c84f58c981f2e70eca952867c5d96e785c710ce4771e98d1e993cd6220fef4df664fb40e2dba5b775620a75b73802050dcdb285ad84c3b224871b748817c3a6f0b5f14ed19b5e8159972ce8d33c5f9cf6dbdb3c0cb0011795c8b6c558c52d5c424cec855b5d185b4a2b647&X-Goog-SignedHeaders=host&X-User=alesr HTTP/11" 200 343
[2025-05-29 09:03:28,085][urllib3.connectionpool][DEBUG] - Starting new HTTPS connection (1): api.wandb.ai:443
[2025-05-29 09:03:28,286][urllib3.connectionpool][DEBUG] - https://api.wandb.ai:443 "POST /graphql HTTP/11" 200 None
[2025-05-29 09:03:28,291][urllib3.connectionpool][DEBUG] - Starting new HTTPS connection (1): api.wandb.ai:443
[2025-05-29 09:03:28,451][urllib3.connectionpool][DEBUG] - https://api.wandb.ai:443 "POST /graphql HTTP/11" 200 None
[2025-05-29 09:03:28,457][urllib3.connectionpool][DEBUG] - Starting new HTTPS connection (1): api.wandb.ai:443
[2025-05-29 09:03:28,676][urllib3.connectionpool][DEBUG] - https://api.wandb.ai:443 "POST /graphql HTTP/11" 200 None
[2025-05-29 09:03:28,682][urllib3.connectionpool][DEBUG] - Starting new HTTPS connection (1): api.wandb.ai:443
[2025-05-29 09:03:28,870][urllib3.connectionpool][DEBUG] - https://api.wandb.ai:443 "POST /graphql HTTP/11" 200 None
[2025-05-29 09:03:28,875][urllib3.connectionpool][DEBUG] - Starting new HTTPS connection (1): storage.googleapis.com:443
[2025-05-29 09:03:29,099][urllib3.connectionpool][DEBUG] - https://storage.googleapis.com:443 "GET /wandb-production.appspot.com/alesr_kth/PEG/ibwhgscv/artifact/1769551118/wandb_manifest.json?X-Goog-Algorithm=GOOG4-RSA-SHA256&X-Goog-Credential=gorilla-files-url-signer-man%40wandb-production.iam.gserviceaccount.com%2F20250529%2Fauto%2Fstorage%2Fgoog4_request&X-Goog-Date=20250529T070328Z&X-Goog-Expires=3599&X-Goog-Signature=76945eb3660f4fbe0fcd3198f9ad016f7d8ed4bfd9357995a54e19c02d1fa7ef91f3777db95ff586ab793a2d521784a1dfe82bb39626e6439fad77c1c4d7a79998cefb6a2d4e442f63321bedd06ae7aacc19968418046833bff3c98be3261b837cdd593d057039ff8d188e1d1367e2906e2fd3d1171d115b27761911276f19be569718ccdbe6495db8f913ecbc4067f61d584a5e0aa9dcad83272b39b612d6eac6c8c1e876804d2e8e4382c471b62ec4276166c23fadf6147fbd83c240386a96a65a4da7a300303183ffa1e7f137a257f79fc96ce9603a89bec2246e8734d2a66b13076fe766e37e2f66b88d3074896ec512ec864371c4e27f1e230f59e86959&X-Goog-SignedHeaders=host&X-User=alesr HTTP/11" 200 343
[2025-05-29 09:03:29,149][urllib3.connectionpool][DEBUG] - Starting new HTTPS connection (1): api.wandb.ai:443
[2025-05-29 09:03:29,322][urllib3.connectionpool][DEBUG] - https://api.wandb.ai:443 "POST /graphql HTTP/11" 200 None
[2025-05-29 09:03:29,326][urllib3.connectionpool][DEBUG] - Starting new HTTPS connection (1): api.wandb.ai:443
[2025-05-29 09:03:29,471][urllib3.connectionpool][DEBUG] - https://api.wandb.ai:443 "POST /graphql HTTP/11" 200 None
[2025-05-29 09:03:29,475][urllib3.connectionpool][DEBUG] - Starting new HTTPS connection (1): api.wandb.ai:443
[2025-05-29 09:03:29,649][urllib3.connectionpool][DEBUG] - https://api.wandb.ai:443 "POST /graphql HTTP/11" 200 None
[2025-05-29 09:03:29,653][urllib3.connectionpool][DEBUG] - Starting new HTTPS connection (1): api.wandb.ai:443
[2025-05-29 09:03:29,840][urllib3.connectionpool][DEBUG] - https://api.wandb.ai:443 "POST /graphql HTTP/11" 200 None
[2025-05-29 09:03:29,844][urllib3.connectionpool][DEBUG] - Starting new HTTPS connection (1): storage.googleapis.com:443
[2025-05-29 09:03:30,066][urllib3.connectionpool][DEBUG] - https://storage.googleapis.com:443 "GET /wandb-production.appspot.com/alesr_kth/PEG/ap4afu1d/artifact/1771069166/wandb_manifest.json?X-Goog-Algorithm=GOOG4-RSA-SHA256&X-Goog-Credential=gorilla-files-url-signer-man%40wandb-production.iam.gserviceaccount.com%2F20250529%2Fauto%2Fstorage%2Fgoog4_request&X-Goog-Date=20250529T070329Z&X-Goog-Expires=3599&X-Goog-Signature=abb09a691db3c9117ca3c2fa93e7ead123b59dbb9570edbc171b5e68af41e3477ea0002cbd0270ab8f17fac23073c44b080b709891495cfaae3b70bc5710688de50a89e9c0172a673c2f503e87140e6d0eb12cab546b8a2e99197a5560abe7543aa50beb7b1cfb5c3254ac915094b10e4d4cf7a83baa8bedd883387c7e4c3d10ca9a96f643d80838e9a2654d00000195851b4a74e742b7eee678dc0193a7cf239125f54f58d2ab0592326a4e4b9b272b4c419d17f88f217c321ac7d02f608e074d1cfaebc2287191fcbd6913bb5c22c88b6693d50cc1c95f38037118f1c55be478c8fce1b152bb127639181a221ea8c0c2683b7996e1b45da5df4461328fd1ee&X-Goog-SignedHeaders=host&X-User=alesr HTTP/11" 200 343
[2025-05-29 09:03:31,718][root][INFO] - Eval at 8192 steps.
[2025-05-29 09:03:53,076][root][INFO] - Saved checkpoint to /home/alesr/Repositories/Omnidrones-PEG/wandb/run-20250529_090313-a5yxle0h/files/checkpoint_8192.pt
[2025-05-29 09:03:53,091][urllib3.connectionpool][DEBUG] - Starting new HTTPS connection (1): api.wandb.ai:443
[2025-05-29 09:03:53,288][urllib3.connectionpool][DEBUG] - https://api.wandb.ai:443 "POST /graphql HTTP/11" 200 None
[2025-05-29 09:04:00,359][root][INFO] - Final Eval at 49152 steps.
[2025-05-29 09:04:20,259][urllib3.connectionpool][DEBUG] - Starting new HTTPS connection (1): api.wandb.ai:443
[2025-05-29 09:04:20,450][urllib3.connectionpool][DEBUG] - https://api.wandb.ai:443 "POST /graphql HTTP/11" 200 None
[2025-05-29 09:04:20,454][root][INFO] - Saved checkpoint to /home/alesr/Repositories/Omnidrones-PEG/wandb/run-20250529_090313-a5yxle0h/files/checkpoint_final.pt
