[2025-07-06 21:45:11,805][asyncio][DEBUG] - Using selector: EpollSelector
[2025-07-06 21:45:12,461][omni.kit.telemetry.impl.sentry_extension][INFO] - sentry is disabled for external build
[2025-07-06 21:45:12,463][omni.kit.telemetry.impl.sentry_extension][INFO] - sentry is disabled for external build
[2025-07-06 21:45:13,304][AutoNode][DEBUG] - Defining data type 'any' as 'Any'
[2025-07-06 21:45:13,304][AutoNode][DEBUG] - Defining data type 'bool' as 'Bool' and array 'BoolArray
[2025-07-06 21:45:13,304][AutoNode][DEBUG] - Defining data type 'bundle' as 'Bundle'
[2025-07-06 21:45:13,304][AutoNode][DEBUG] - Defining data type 'colord[3]' as 'Color3d' and array 'Color3dArray
[2025-07-06 21:45:13,304][AutoNode][DEBUG] - Defining data type 'colorf[3]' as 'Color3f' and array 'Color3fArray
[2025-07-06 21:45:13,304][AutoNode][DEBUG] - Defining data type 'colorh[3]' as 'Color3h' and array 'Color3hArray
[2025-07-06 21:45:13,304][AutoNode][DEBUG] - Defining data type 'colord[4]' as 'Color4d' and array 'Color4dArray
[2025-07-06 21:45:13,304][AutoNode][DEBUG] - Defining data type 'colorf[4]' as 'Color4f' and array 'Color4fArray
[2025-07-06 21:45:13,305][AutoNode][DEBUG] - Defining data type 'colorh[4]' as 'Color4h' and array 'Color4hArray
[2025-07-06 21:45:13,305][AutoNode][DEBUG] - Defining data type 'double' as 'Double' and array 'DoubleArray
[2025-07-06 21:45:13,305][AutoNode][DEBUG] - Defining data type 'double[2]' as 'Double2' and array 'Double2Array
[2025-07-06 21:45:13,305][AutoNode][DEBUG] - Defining data type 'double[3]' as 'Double3' and array 'Double3Array
[2025-07-06 21:45:13,305][AutoNode][DEBUG] - Defining data type 'double[4]' as 'Double4' and array 'Double4Array
[2025-07-06 21:45:13,305][AutoNode][DEBUG] - Defining data type 'execution' as 'Execution'
[2025-07-06 21:45:13,305][AutoNode][DEBUG] - Defining data type 'float' as 'Float' and array 'FloatArray
[2025-07-06 21:45:13,305][AutoNode][DEBUG] - Defining data type 'float[2]' as 'Float2' and array 'Float2Array
[2025-07-06 21:45:13,305][AutoNode][DEBUG] - Defining data type 'float[3]' as 'Float3' and array 'Float3Array
[2025-07-06 21:45:13,305][AutoNode][DEBUG] - Defining data type 'float[4]' as 'Float4' and array 'Float4Array
[2025-07-06 21:45:13,305][AutoNode][DEBUG] - Defining data type 'frame[4]' as 'Frame' and array 'FrameArray
[2025-07-06 21:45:13,305][AutoNode][DEBUG] - Defining data type 'half' as 'Half' and array 'HalfArray
[2025-07-06 21:45:13,305][AutoNode][DEBUG] - Defining data type 'half[2]' as 'Half2' and array 'Half2Array
[2025-07-06 21:45:13,306][AutoNode][DEBUG] - Defining data type 'half[3]' as 'Half3' and array 'Half3Array
[2025-07-06 21:45:13,306][AutoNode][DEBUG] - Defining data type 'half[4]' as 'Half4' and array 'Half4Array
[2025-07-06 21:45:13,306][AutoNode][DEBUG] - Defining data type 'int' as 'Int' and array 'IntArray
[2025-07-06 21:45:13,306][AutoNode][DEBUG] - Defining data type 'int[2]' as 'Int2' and array 'Int2Array
[2025-07-06 21:45:13,306][AutoNode][DEBUG] - Defining data type 'int[3]' as 'Int3' and array 'Int3Array
[2025-07-06 21:45:13,306][AutoNode][DEBUG] - Defining data type 'int[4]' as 'Int4' and array 'Int4Array
[2025-07-06 21:45:13,306][AutoNode][DEBUG] - Defining data type 'int64' as 'Int64' and array 'Int64Array
[2025-07-06 21:45:13,306][AutoNode][DEBUG] - Defining data type 'matrixd[2]' as 'Matrix2d' and array 'Matrix2dArray
[2025-07-06 21:45:13,306][AutoNode][DEBUG] - Defining data type 'matrixd[3]' as 'Matrix3d' and array 'Matrix3dArray
[2025-07-06 21:45:13,306][AutoNode][DEBUG] - Defining data type 'matrixd[4]' as 'Matrix4d' and array 'Matrix4dArray
[2025-07-06 21:45:13,306][AutoNode][DEBUG] - Defining data type 'normald[3]' as 'Normal3d' and array 'Normal3dArray
[2025-07-06 21:45:13,306][AutoNode][DEBUG] - Defining data type 'normalf[3]' as 'Normal3f' and array 'Normal3fArray
[2025-07-06 21:45:13,306][AutoNode][DEBUG] - Defining data type 'normalh[3]' as 'Normal3h' and array 'Normal3hArray
[2025-07-06 21:45:13,307][AutoNode][DEBUG] - Defining data type 'objectId' as 'ObjectId' and array 'ObjectIdArray
[2025-07-06 21:45:13,307][AutoNode][DEBUG] - Defining data type 'path' as 'Path'
[2025-07-06 21:45:13,307][AutoNode][DEBUG] - Defining data type 'pointd[3]' as 'Point3d' and array 'Point3dArray
[2025-07-06 21:45:13,307][AutoNode][DEBUG] - Defining data type 'pointf[3]' as 'Point3f' and array 'Point3fArray
[2025-07-06 21:45:13,307][AutoNode][DEBUG] - Defining data type 'pointh[3]' as 'Point3h' and array 'Point3hArray
[2025-07-06 21:45:13,307][AutoNode][DEBUG] - Defining data type 'quatd[4]' as 'Quatd' and array 'QuatdArray
[2025-07-06 21:45:13,307][AutoNode][DEBUG] - Defining data type 'quatf[4]' as 'Quatf' and array 'QuatfArray
[2025-07-06 21:45:13,307][AutoNode][DEBUG] - Defining data type 'quath[4]' as 'Quath' and array 'QuathArray
[2025-07-06 21:45:13,307][AutoNode][DEBUG] - Defining data type 'string' as 'String'
[2025-07-06 21:45:13,307][AutoNode][DEBUG] - Defining data type 'target' as 'Target'
[2025-07-06 21:45:13,307][AutoNode][DEBUG] - Defining data type 'texcoordd[2]' as 'TexCoord2d' and array 'TexCoord2dArray
[2025-07-06 21:45:13,307][AutoNode][DEBUG] - Defining data type 'texcoordf[2]' as 'TexCoord2f' and array 'TexCoord2fArray
[2025-07-06 21:45:13,307][AutoNode][DEBUG] - Defining data type 'texcoordh[2]' as 'TexCoord2h' and array 'TexCoord2hArray
[2025-07-06 21:45:13,308][AutoNode][DEBUG] - Defining data type 'texcoordd[3]' as 'TexCoord3d' and array 'TexCoord3dArray
[2025-07-06 21:45:13,308][AutoNode][DEBUG] - Defining data type 'texcoordf[3]' as 'TexCoord3f' and array 'TexCoord3fArray
[2025-07-06 21:45:13,308][AutoNode][DEBUG] - Defining data type 'texcoordh[3]' as 'TexCoord3h' and array 'TexCoord3hArray
[2025-07-06 21:45:13,308][AutoNode][DEBUG] - Defining data type 'timecode' as 'Timecode' and array 'TimecodeArray
[2025-07-06 21:45:13,308][AutoNode][DEBUG] - Defining data type 'token' as 'Token' and array 'TokenArray
[2025-07-06 21:45:13,308][AutoNode][DEBUG] - Defining data type 'uchar' as 'UChar' and array 'UCharArray
[2025-07-06 21:45:13,308][AutoNode][DEBUG] - Defining data type 'uint' as 'UInt' and array 'UIntArray
[2025-07-06 21:45:13,308][AutoNode][DEBUG] - Defining data type 'uint64' as 'UInt64' and array 'UInt64Array
[2025-07-06 21:45:13,308][AutoNode][DEBUG] - Defining data type 'vectord[3]' as 'Vector3d' and array 'Vector3dArray
[2025-07-06 21:45:13,308][AutoNode][DEBUG] - Defining data type 'vectorf[3]' as 'Vector3f' and array 'Vector3fArray
[2025-07-06 21:45:13,308][AutoNode][DEBUG] - Defining data type 'vectorh[3]' as 'Vector3h' and array 'Vector3hArray
[2025-07-06 21:45:15,992][omni.kit.profiler.window][WARNING] - remove _SpanInstance.__lt__ and use insort 'key' arg instead
[2025-07-06 21:45:19,376][git.cmd][DEBUG] - Popen(['git', 'rev-parse', '--show-toplevel'], cwd=/home/alesr/Repositories/Omnidrones-PEG, stdin=None, shell=False, universal_newlines=False)
[2025-07-06 21:45:19,503][urllib3.connectionpool][DEBUG] - Starting new HTTPS connection (1): api.wandb.ai:443
[2025-07-06 21:45:19,675][urllib3.connectionpool][DEBUG] - https://api.wandb.ai:443 "POST /graphql HTTP/11" 200 None
[2025-07-06 21:45:19,679][urllib3.connectionpool][DEBUG] - Starting new HTTPS connection (1): api.wandb.ai:443
[2025-07-06 21:45:19,860][urllib3.connectionpool][DEBUG] - https://api.wandb.ai:443 "POST /graphql HTTP/11" 200 None
[2025-07-06 21:45:19,879][git.cmd][DEBUG] - Popen(['git', 'cat-file', '--batch-check'], cwd=/home/alesr/Repositories/Omnidrones-PEG, stdin=<valid stream>, shell=False, universal_newlines=False)
[2025-07-06 21:45:23,930][root][INFO] - Reading pursuer's params from /home/alesr/Repositories/Omnidrones-PEG/omni_drones/robots/assets/usd/hummingbird.yaml.
[2025-07-06 21:45:23,943][root][INFO] - Reading evader's params from /home/alesr/Repositories/Omnidrones-PEG/omni_drones/robots/assets/usd/hummingbird.yaml.
[2025-07-06 21:45:29,934][root][INFO] - Default parameters:
Mass: [[0.6800000071525574]]
Inertia: [[0.007000000681728125, 0.007000000681728125, 0.011999999172985554]]
Thrust2Weight: [[0.8999204039573669, 0.8999204039573669, 0.8999204039573669, 0.8999204039573669]]
Force2Moment: [[62.499996185302734, 62.499996185302734, 62.499996185302734, 62.499996185302734]]
[2025-07-06 21:45:30,895][root][INFO] - Default parameters:
Mass: [[0.6800000071525574]]
Inertia: [[0.007000000681728125, 0.007000000681728125, 0.011999999172985554]]
Thrust2Weight: [[0.8999204039573669, 0.8999204039573669, 0.8999204039573669, 0.8999204039573669]]
Force2Moment: [[62.499996185302734, 62.499996185302734, 62.499996185302734, 62.499996185302734]]
[2025-07-06 21:45:31,014][urllib3.connectionpool][DEBUG] - Starting new HTTPS connection (1): api.wandb.ai:443
[2025-07-06 21:45:31,229][urllib3.connectionpool][DEBUG] - https://api.wandb.ai:443 "POST /graphql HTTP/11" 200 None
[2025-07-06 21:45:31,232][urllib3.connectionpool][DEBUG] - Starting new HTTPS connection (1): api.wandb.ai:443
[2025-07-06 21:45:31,405][urllib3.connectionpool][DEBUG] - https://api.wandb.ai:443 "POST /graphql HTTP/11" 200 None
[2025-07-06 21:45:31,410][urllib3.connectionpool][DEBUG] - Starting new HTTPS connection (1): api.wandb.ai:443
[2025-07-06 21:45:31,663][urllib3.connectionpool][DEBUG] - https://api.wandb.ai:443 "POST /graphql HTTP/11" 200 None
[2025-07-06 21:45:31,667][urllib3.connectionpool][DEBUG] - Starting new HTTPS connection (1): api.wandb.ai:443
[2025-07-06 21:45:31,848][urllib3.connectionpool][DEBUG] - https://api.wandb.ai:443 "POST /graphql HTTP/11" 200 None
[2025-07-06 21:45:31,852][urllib3.connectionpool][DEBUG] - Starting new HTTPS connection (1): storage.googleapis.com:443
[2025-07-06 21:45:32,047][urllib3.connectionpool][DEBUG] - https://storage.googleapis.com:443 "GET /wandb-production.appspot.com/alesr_kth/PEG/pqk6qg8b/artifact/1861517429/wandb_manifest.json?X-Goog-Algorithm=GOOG4-RSA-SHA256&X-Goog-Credential=gorilla-files-url-signer-man%40wandb-production.iam.gserviceaccount.com%2F20250706%2Fauto%2Fstorage%2Fgoog4_request&X-Goog-Date=20250706T194531Z&X-Goog-Expires=3599&X-Goog-Signature=adbb4dbac005d810c0838bd1595451ac85a3548b0107b489ae6a38a8cc94bb59dc26868f4a87039dba2541253c0d47f36bec98831ddf0a59a28d136425289611a83d42ebaf798b3235a5450cfddd5f8da2a8d043fdb0debedbf29631566110c45a0f19f892de0af258ade26542891326b1c32cc2607e3d679f0861807e8943164ae021e33079907a97ecd57af950059ed4d9debf7718f9a5947b0712547bdf66c0e4ddef581701600c8df48e27ee3540563c1e29c721d81111c12572b29a7b24e944691d3398be1299e71af5eb8c796040a9db945cc8bda23cb202b9713cd4a48a8e193a6454b348f33326e62ea46799a17f3d691e88f47b266ac8878f2c3a50&X-Goog-SignedHeaders=host&X-User=alesr HTTP/11" 200 342
[2025-07-06 21:45:32,101][urllib3.connectionpool][DEBUG] - Starting new HTTPS connection (1): api.wandb.ai:443
[2025-07-06 21:45:32,311][urllib3.connectionpool][DEBUG] - https://api.wandb.ai:443 "POST /graphql HTTP/11" 200 None
[2025-07-06 21:45:32,315][urllib3.connectionpool][DEBUG] - Starting new HTTPS connection (1): api.wandb.ai:443
[2025-07-06 21:45:32,483][urllib3.connectionpool][DEBUG] - https://api.wandb.ai:443 "POST /graphql HTTP/11" 200 None
[2025-07-06 21:45:32,487][urllib3.connectionpool][DEBUG] - Starting new HTTPS connection (1): api.wandb.ai:443
[2025-07-06 21:45:32,689][urllib3.connectionpool][DEBUG] - https://api.wandb.ai:443 "POST /graphql HTTP/11" 200 None
[2025-07-06 21:45:32,693][urllib3.connectionpool][DEBUG] - Starting new HTTPS connection (1): api.wandb.ai:443
[2025-07-06 21:45:32,893][urllib3.connectionpool][DEBUG] - https://api.wandb.ai:443 "POST /graphql HTTP/11" 200 None
[2025-07-06 21:45:32,897][urllib3.connectionpool][DEBUG] - Starting new HTTPS connection (1): storage.googleapis.com:443
[2025-07-06 21:45:33,122][urllib3.connectionpool][DEBUG] - https://storage.googleapis.com:443 "GET /wandb-production.appspot.com/alesr_kth/PEG/17z1e78b/artifact/1861430401/wandb_manifest.json?X-Goog-Algorithm=GOOG4-RSA-SHA256&X-Goog-Credential=gorilla-files-url-signer-man%40wandb-production.iam.gserviceaccount.com%2F20250706%2Fauto%2Fstorage%2Fgoog4_request&X-Goog-Date=20250706T194532Z&X-Goog-Expires=3599&X-Goog-Signature=9edc1dd9fc6cfd48e47efe4708cb14ec670de445ad28b0eb8e32b8297e81a6a4a4d0d557dddd44bc371faee08ee072b704e102b0dcaafef81fc503d1baeb35bc4b3c9b4265008d46d14960535b6d0283b8728191976ad3e1f68f7c02637cf20c928042cc7411a6061c86807dc3d37fe70f300f1d5dabbdd1bb7c6fcb9c2025776a8fe5f89b3a1e77502efdcfce816b98c9f4807e8483d59f8a0312390fdfd89abd65d3d19d8313befdcc82e82b953aa0d2dfc7502b75d22419ac36a71d8f9088b4cb9866171bc3210af131fe6983b648a8d89a484af5a8ca9332598bf855b41fb59a8103c9cb2da18c95042fcdcc1e4064dd7d03164e3035af75e6f398848bac&X-Goog-SignedHeaders=host&X-User=alesr HTTP/11" 200 346
[2025-07-06 21:45:33,163][urllib3.connectionpool][DEBUG] - Starting new HTTPS connection (1): api.wandb.ai:443
[2025-07-06 21:45:33,371][urllib3.connectionpool][DEBUG] - https://api.wandb.ai:443 "POST /graphql HTTP/11" 200 None
[2025-07-06 21:45:33,375][urllib3.connectionpool][DEBUG] - Starting new HTTPS connection (1): api.wandb.ai:443
[2025-07-06 21:45:33,541][urllib3.connectionpool][DEBUG] - https://api.wandb.ai:443 "POST /graphql HTTP/11" 200 None
[2025-07-06 21:45:33,545][urllib3.connectionpool][DEBUG] - Starting new HTTPS connection (1): api.wandb.ai:443
[2025-07-06 21:45:33,768][urllib3.connectionpool][DEBUG] - https://api.wandb.ai:443 "POST /graphql HTTP/11" 200 None
[2025-07-06 21:45:33,772][urllib3.connectionpool][DEBUG] - Starting new HTTPS connection (1): api.wandb.ai:443
[2025-07-06 21:45:33,958][urllib3.connectionpool][DEBUG] - https://api.wandb.ai:443 "POST /graphql HTTP/11" 200 None
[2025-07-06 21:45:33,963][urllib3.connectionpool][DEBUG] - Starting new HTTPS connection (1): storage.googleapis.com:443
[2025-07-06 21:45:34,152][urllib3.connectionpool][DEBUG] - https://storage.googleapis.com:443 "GET /wandb-production.appspot.com/alesr_kth/PEG/17z1e78b/artifact/1861430401/wandb_manifest.json?X-Goog-Algorithm=GOOG4-RSA-SHA256&X-Goog-Credential=gorilla-files-url-signer-man%40wandb-production.iam.gserviceaccount.com%2F20250706%2Fauto%2Fstorage%2Fgoog4_request&X-Goog-Date=20250706T194533Z&X-Goog-Expires=3599&X-Goog-Signature=bd364eed11a235c12e89631188649450d4587a03c45c046532f3e22529cf604f05c4771233edbd42c2ac8b8a3c4d73f6b008d877d4da738334b43cfda9e7d64c243cf779254648fb9db713451632d3c0e4c2c2e1f78485161c9f2feee6a0935a3ef14e3fc90119c381d4baaab62216c43e35a35044f2ad4d25d1a7a7625f934203a3eba33d8402cd76cd792d9b34f216bab21cf2363d829619cafae4a81320d304b8cfc3ffb41e4a77053386ba4d1f3fe8ba3de669f0b8aeaf42a052768468156c39d6efd69a168af1e1cbbb70c79ce3fe9fefff4d732b45638437f97e62d27c3ffc7a97d8571f0abcc3b582887d22d270ee091492a7e67e9e4739fccb7e92e8&X-Goog-SignedHeaders=host&X-User=alesr HTTP/11" 200 346
[2025-07-06 21:45:34,195][urllib3.connectionpool][DEBUG] - Starting new HTTPS connection (1): api.wandb.ai:443
[2025-07-06 21:45:34,379][urllib3.connectionpool][DEBUG] - https://api.wandb.ai:443 "POST /graphql HTTP/11" 200 None
[2025-07-06 21:45:34,383][urllib3.connectionpool][DEBUG] - Starting new HTTPS connection (1): api.wandb.ai:443
[2025-07-06 21:45:34,553][urllib3.connectionpool][DEBUG] - https://api.wandb.ai:443 "POST /graphql HTTP/11" 200 None
[2025-07-06 21:45:34,557][urllib3.connectionpool][DEBUG] - Starting new HTTPS connection (1): api.wandb.ai:443
[2025-07-06 21:45:34,751][urllib3.connectionpool][DEBUG] - https://api.wandb.ai:443 "POST /graphql HTTP/11" 200 None
[2025-07-06 21:45:34,755][urllib3.connectionpool][DEBUG] - Starting new HTTPS connection (1): api.wandb.ai:443
[2025-07-06 21:45:34,933][urllib3.connectionpool][DEBUG] - https://api.wandb.ai:443 "POST /graphql HTTP/11" 200 None
[2025-07-06 21:45:34,937][urllib3.connectionpool][DEBUG] - Starting new HTTPS connection (1): storage.googleapis.com:443
[2025-07-06 21:45:35,137][urllib3.connectionpool][DEBUG] - https://storage.googleapis.com:443 "GET /wandb-production.appspot.com/alesr_kth/PEG/ryjgczc7/artifact/1861500505/wandb_manifest.json?X-Goog-Algorithm=GOOG4-RSA-SHA256&X-Goog-Credential=gorilla-files-url-signer-man%40wandb-production.iam.gserviceaccount.com%2F20250706%2Fauto%2Fstorage%2Fgoog4_request&X-Goog-Date=20250706T194534Z&X-Goog-Expires=3599&X-Goog-Signature=055c0d39d05a306838ec0be96909ef60675cd4ca09441f6611eecb6152c622cf42f09aa0761df4b113b1dd9cebc708c9ae14d40747fcd80cf95fbd4660c32083338a41ff294746149d7ecb88373fc4d463cccffdac92c1ae13176261b8dd321eb28fc556f073f900857a94921f7e695531a79d1b266872c6ec28a78926f3ec22fbf1173b675187f188ad2a3988611333e09fadb2096a3e82a905d27b714cc51ba6fd45a52910565cb9bc0e024e2f34c7ada02bde69da7eca80652a4eb29225cbf57c6eb578afaed605bf1e506ff078f932cc0ed97e37ecfda13ea95b7d68803749d61716028cc3d93941dad462e33de7dd9697ece6daae4d7c80fee73cce7f2b&X-Goog-SignedHeaders=host&X-User=alesr HTTP/11" 200 342
[2025-07-06 21:45:36,259][root][INFO] - Eval at 8192 steps.
[2025-07-06 21:45:55,797][root][INFO] - Saved checkpoint to /home/alesr/Repositories/Omnidrones-PEG/wandb/run-20250706_214519-8cjbepxx/files/checkpoint_8192.pt
[2025-07-06 21:45:55,820][urllib3.connectionpool][DEBUG] - Starting new HTTPS connection (1): api.wandb.ai:443
[2025-07-06 21:45:56,003][urllib3.connectionpool][DEBUG] - https://api.wandb.ai:443 "POST /graphql HTTP/11" 200 None
[2025-07-06 21:46:54,664][root][INFO] - Eval at 417792 steps.
[2025-07-06 21:47:14,579][urllib3.connectionpool][DEBUG] - Starting new HTTPS connection (1): api.wandb.ai:443
[2025-07-06 21:47:14,756][urllib3.connectionpool][DEBUG] - https://api.wandb.ai:443 "POST /graphql HTTP/11" 200 None
[2025-07-06 21:48:11,913][root][INFO] - Eval at 827392 steps.
[2025-07-06 21:48:31,915][urllib3.connectionpool][DEBUG] - Starting new HTTPS connection (1): api.wandb.ai:443
[2025-07-06 21:48:32,111][urllib3.connectionpool][DEBUG] - https://api.wandb.ai:443 "POST /graphql HTTP/11" 200 None
[2025-07-06 21:49:29,854][root][INFO] - Eval at 1236992 steps.
[2025-07-06 21:49:49,060][urllib3.connectionpool][DEBUG] - Starting new HTTPS connection (1): api.wandb.ai:443
[2025-07-06 21:49:49,257][urllib3.connectionpool][DEBUG] - https://api.wandb.ai:443 "POST /graphql HTTP/11" 200 None
[2025-07-06 21:50:47,336][root][INFO] - Eval at 1646592 steps.
[2025-07-06 21:51:07,855][root][INFO] - Saved checkpoint to /home/alesr/Repositories/Omnidrones-PEG/wandb/run-20250706_214519-8cjbepxx/files/checkpoint_1646592.pt
[2025-07-06 21:51:07,878][urllib3.connectionpool][DEBUG] - Starting new HTTPS connection (1): api.wandb.ai:443
[2025-07-06 21:51:08,065][urllib3.connectionpool][DEBUG] - https://api.wandb.ai:443 "POST /graphql HTTP/11" 200 None
[2025-07-06 21:52:03,403][root][INFO] - Eval at 2056192 steps.
[2025-07-06 21:53:19,062][root][INFO] - Eval at 2465792 steps.
[2025-07-06 21:54:36,721][root][INFO] - Eval at 2875392 steps.
[2025-07-06 21:56:04,058][root][INFO] - Eval at 3284992 steps.
[2025-07-06 21:56:27,072][root][INFO] - Saved checkpoint to /home/alesr/Repositories/Omnidrones-PEG/wandb/run-20250706_214519-8cjbepxx/files/checkpoint_3284992.pt
[2025-07-06 21:56:27,095][urllib3.connectionpool][DEBUG] - Starting new HTTPS connection (1): api.wandb.ai:443
[2025-07-06 21:56:27,294][urllib3.connectionpool][DEBUG] - https://api.wandb.ai:443 "POST /graphql HTTP/11" 200 None
[2025-07-06 21:57:31,402][root][INFO] - Eval at 3694592 steps.
[2025-07-06 21:58:56,274][root][INFO] - Eval at 4104192 steps.
[2025-07-06 21:59:19,243][urllib3.connectionpool][DEBUG] - Starting new HTTPS connection (1): api.wandb.ai:443
[2025-07-06 21:59:19,437][urllib3.connectionpool][DEBUG] - https://api.wandb.ai:443 "POST /graphql HTTP/11" 200 None
[2025-07-06 22:00:22,883][root][INFO] - Eval at 4513792 steps.
[2025-07-06 22:00:46,616][urllib3.connectionpool][DEBUG] - Starting new HTTPS connection (1): api.wandb.ai:443
[2025-07-06 22:00:46,813][urllib3.connectionpool][DEBUG] - https://api.wandb.ai:443 "POST /graphql HTTP/11" 200 None
[2025-07-06 22:01:50,659][root][INFO] - Eval at 4923392 steps.
[2025-07-06 22:02:13,179][root][INFO] - Saved checkpoint to /home/alesr/Repositories/Omnidrones-PEG/wandb/run-20250706_214519-8cjbepxx/files/checkpoint_4923392.pt
[2025-07-06 22:02:13,201][urllib3.connectionpool][DEBUG] - Starting new HTTPS connection (1): api.wandb.ai:443
[2025-07-06 22:02:13,383][urllib3.connectionpool][DEBUG] - https://api.wandb.ai:443 "POST /graphql HTTP/11" 200 None
[2025-07-06 22:03:18,323][root][INFO] - Eval at 5332992 steps.
[2025-07-06 22:04:47,141][root][INFO] - Eval at 5742592 steps.
[2025-07-06 22:06:15,796][root][INFO] - Eval at 6152192 steps.
[2025-07-06 22:06:38,367][root][INFO] - Early stopping: evader_caught ≥ 0.98 3× in a row.
[2025-07-06 22:06:38,374][root][INFO] - Final Eval at 6152192 steps.
[2025-07-06 22:07:02,363][urllib3.connectionpool][DEBUG] - Starting new HTTPS connection (1): api.wandb.ai:443
[2025-07-06 22:07:02,577][urllib3.connectionpool][DEBUG] - https://api.wandb.ai:443 "POST /graphql HTTP/11" 200 None
[2025-07-06 22:07:02,583][root][INFO] - Saved checkpoint to /home/alesr/Repositories/Omnidrones-PEG/wandb/run-20250706_214519-8cjbepxx/files/checkpoint_final.pt
