[2025-07-13 20:40:18,126][asyncio][DEBUG] - Using selector: EpollSelector
[2025-07-13 20:40:18,974][omni.kit.telemetry.impl.sentry_extension][INFO] - sentry is disabled for external build
[2025-07-13 20:40:18,975][omni.kit.telemetry.impl.sentry_extension][INFO] - sentry is disabled for external build
[2025-07-13 20:40:19,909][AutoNode][DEBUG] - Defining data type 'any' as 'Any'
[2025-07-13 20:40:19,909][AutoNode][DEBUG] - Defining data type 'bool' as 'Bool' and array 'BoolArray
[2025-07-13 20:40:19,909][AutoNode][DEBUG] - Defining data type 'bundle' as 'Bundle'
[2025-07-13 20:40:19,909][AutoNode][DEBUG] - Defining data type 'colord[3]' as 'Color3d' and array 'Color3dArray
[2025-07-13 20:40:19,909][AutoNode][DEBUG] - Defining data type 'colorf[3]' as 'Color3f' and array 'Color3fArray
[2025-07-13 20:40:19,909][AutoNode][DEBUG] - Defining data type 'colorh[3]' as 'Color3h' and array 'Color3hArray
[2025-07-13 20:40:19,910][AutoNode][DEBUG] - Defining data type 'colord[4]' as 'Color4d' and array 'Color4dArray
[2025-07-13 20:40:19,910][AutoNode][DEBUG] - Defining data type 'colorf[4]' as 'Color4f' and array 'Color4fArray
[2025-07-13 20:40:19,910][AutoNode][DEBUG] - Defining data type 'colorh[4]' as 'Color4h' and array 'Color4hArray
[2025-07-13 20:40:19,910][AutoNode][DEBUG] - Defining data type 'double' as 'Double' and array 'DoubleArray
[2025-07-13 20:40:19,910][AutoNode][DEBUG] - Defining data type 'double[2]' as 'Double2' and array 'Double2Array
[2025-07-13 20:40:19,910][AutoNode][DEBUG] - Defining data type 'double[3]' as 'Double3' and array 'Double3Array
[2025-07-13 20:40:19,910][AutoNode][DEBUG] - Defining data type 'double[4]' as 'Double4' and array 'Double4Array
[2025-07-13 20:40:19,910][AutoNode][DEBUG] - Defining data type 'execution' as 'Execution'
[2025-07-13 20:40:19,910][AutoNode][DEBUG] - Defining data type 'float' as 'Float' and array 'FloatArray
[2025-07-13 20:40:19,910][AutoNode][DEBUG] - Defining data type 'float[2]' as 'Float2' and array 'Float2Array
[2025-07-13 20:40:19,911][AutoNode][DEBUG] - Defining data type 'float[3]' as 'Float3' and array 'Float3Array
[2025-07-13 20:40:19,911][AutoNode][DEBUG] - Defining data type 'float[4]' as 'Float4' and array 'Float4Array
[2025-07-13 20:40:19,911][AutoNode][DEBUG] - Defining data type 'frame[4]' as 'Frame' and array 'FrameArray
[2025-07-13 20:40:19,911][AutoNode][DEBUG] - Defining data type 'half' as 'Half' and array 'HalfArray
[2025-07-13 20:40:19,911][AutoNode][DEBUG] - Defining data type 'half[2]' as 'Half2' and array 'Half2Array
[2025-07-13 20:40:19,911][AutoNode][DEBUG] - Defining data type 'half[3]' as 'Half3' and array 'Half3Array
[2025-07-13 20:40:19,911][AutoNode][DEBUG] - Defining data type 'half[4]' as 'Half4' and array 'Half4Array
[2025-07-13 20:40:19,911][AutoNode][DEBUG] - Defining data type 'int' as 'Int' and array 'IntArray
[2025-07-13 20:40:19,911][AutoNode][DEBUG] - Defining data type 'int[2]' as 'Int2' and array 'Int2Array
[2025-07-13 20:40:19,911][AutoNode][DEBUG] - Defining data type 'int[3]' as 'Int3' and array 'Int3Array
[2025-07-13 20:40:19,912][AutoNode][DEBUG] - Defining data type 'int[4]' as 'Int4' and array 'Int4Array
[2025-07-13 20:40:19,912][AutoNode][DEBUG] - Defining data type 'int64' as 'Int64' and array 'Int64Array
[2025-07-13 20:40:19,912][AutoNode][DEBUG] - Defining data type 'matrixd[2]' as 'Matrix2d' and array 'Matrix2dArray
[2025-07-13 20:40:19,912][AutoNode][DEBUG] - Defining data type 'matrixd[3]' as 'Matrix3d' and array 'Matrix3dArray
[2025-07-13 20:40:19,912][AutoNode][DEBUG] - Defining data type 'matrixd[4]' as 'Matrix4d' and array 'Matrix4dArray
[2025-07-13 20:40:19,912][AutoNode][DEBUG] - Defining data type 'normald[3]' as 'Normal3d' and array 'Normal3dArray
[2025-07-13 20:40:19,912][AutoNode][DEBUG] - Defining data type 'normalf[3]' as 'Normal3f' and array 'Normal3fArray
[2025-07-13 20:40:19,912][AutoNode][DEBUG] - Defining data type 'normalh[3]' as 'Normal3h' and array 'Normal3hArray
[2025-07-13 20:40:19,913][AutoNode][DEBUG] - Defining data type 'objectId' as 'ObjectId' and array 'ObjectIdArray
[2025-07-13 20:40:19,913][AutoNode][DEBUG] - Defining data type 'path' as 'Path'
[2025-07-13 20:40:19,913][AutoNode][DEBUG] - Defining data type 'pointd[3]' as 'Point3d' and array 'Point3dArray
[2025-07-13 20:40:19,913][AutoNode][DEBUG] - Defining data type 'pointf[3]' as 'Point3f' and array 'Point3fArray
[2025-07-13 20:40:19,913][AutoNode][DEBUG] - Defining data type 'pointh[3]' as 'Point3h' and array 'Point3hArray
[2025-07-13 20:40:19,913][AutoNode][DEBUG] - Defining data type 'quatd[4]' as 'Quatd' and array 'QuatdArray
[2025-07-13 20:40:19,913][AutoNode][DEBUG] - Defining data type 'quatf[4]' as 'Quatf' and array 'QuatfArray
[2025-07-13 20:40:19,914][AutoNode][DEBUG] - Defining data type 'quath[4]' as 'Quath' and array 'QuathArray
[2025-07-13 20:40:19,914][AutoNode][DEBUG] - Defining data type 'string' as 'String'
[2025-07-13 20:40:19,914][AutoNode][DEBUG] - Defining data type 'target' as 'Target'
[2025-07-13 20:40:19,914][AutoNode][DEBUG] - Defining data type 'texcoordd[2]' as 'TexCoord2d' and array 'TexCoord2dArray
[2025-07-13 20:40:19,914][AutoNode][DEBUG] - Defining data type 'texcoordf[2]' as 'TexCoord2f' and array 'TexCoord2fArray
[2025-07-13 20:40:19,914][AutoNode][DEBUG] - Defining data type 'texcoordh[2]' as 'TexCoord2h' and array 'TexCoord2hArray
[2025-07-13 20:40:19,915][AutoNode][DEBUG] - Defining data type 'texcoordd[3]' as 'TexCoord3d' and array 'TexCoord3dArray
[2025-07-13 20:40:19,915][AutoNode][DEBUG] - Defining data type 'texcoordf[3]' as 'TexCoord3f' and array 'TexCoord3fArray
[2025-07-13 20:40:19,915][AutoNode][DEBUG] - Defining data type 'texcoordh[3]' as 'TexCoord3h' and array 'TexCoord3hArray
[2025-07-13 20:40:19,915][AutoNode][DEBUG] - Defining data type 'timecode' as 'Timecode' and array 'TimecodeArray
[2025-07-13 20:40:19,915][AutoNode][DEBUG] - Defining data type 'token' as 'Token' and array 'TokenArray
[2025-07-13 20:40:19,915][AutoNode][DEBUG] - Defining data type 'uchar' as 'UChar' and array 'UCharArray
[2025-07-13 20:40:19,915][AutoNode][DEBUG] - Defining data type 'uint' as 'UInt' and array 'UIntArray
[2025-07-13 20:40:19,915][AutoNode][DEBUG] - Defining data type 'uint64' as 'UInt64' and array 'UInt64Array
[2025-07-13 20:40:19,916][AutoNode][DEBUG] - Defining data type 'vectord[3]' as 'Vector3d' and array 'Vector3dArray
[2025-07-13 20:40:19,916][AutoNode][DEBUG] - Defining data type 'vectorf[3]' as 'Vector3f' and array 'Vector3fArray
[2025-07-13 20:40:19,916][AutoNode][DEBUG] - Defining data type 'vectorh[3]' as 'Vector3h' and array 'Vector3hArray
[2025-07-13 20:40:22,622][omni.kit.profiler.window][WARNING] - remove _SpanInstance.__lt__ and use insort 'key' arg instead
[2025-07-13 20:40:26,350][git.cmd][DEBUG] - Popen(['git', 'rev-parse', '--show-toplevel'], cwd=/home/alesr/Repositories/Omnidrones-PEG, stdin=None, shell=False, universal_newlines=False)
[2025-07-13 20:40:26,479][urllib3.connectionpool][DEBUG] - Starting new HTTPS connection (1): api.wandb.ai:443
[2025-07-13 20:40:26,680][urllib3.connectionpool][DEBUG] - https://api.wandb.ai:443 "POST /graphql HTTP/11" 200 None
[2025-07-13 20:40:26,684][urllib3.connectionpool][DEBUG] - Starting new HTTPS connection (1): api.wandb.ai:443
[2025-07-13 20:40:26,891][urllib3.connectionpool][DEBUG] - https://api.wandb.ai:443 "POST /graphql HTTP/11" 200 None
[2025-07-13 20:40:26,909][git.cmd][DEBUG] - Popen(['git', 'cat-file', '--batch-check'], cwd=/home/alesr/Repositories/Omnidrones-PEG, stdin=<valid stream>, shell=False, universal_newlines=False)
[2025-07-13 20:40:31,258][root][INFO] - Reading pursuer's params from /home/alesr/Repositories/Omnidrones-PEG/omni_drones/robots/assets/usd/hummingbird.yaml.
[2025-07-13 20:40:31,282][root][INFO] - Reading evader's params from /home/alesr/Repositories/Omnidrones-PEG/omni_drones/robots/assets/usd/hummingbird.yaml.
[2025-07-13 20:40:37,640][root][INFO] - Default parameters:
Mass: [[0.6800000071525574]]
Inertia: [[0.007000000681728125, 0.007000000681728125, 0.011999999172985554]]
Thrust2Weight: [[0.8999204039573669, 0.8999204039573669, 0.8999204039573669, 0.8999204039573669]]
Force2Moment: [[62.499996185302734, 62.499996185302734, 62.499996185302734, 62.499996185302734]]
[2025-07-13 20:40:38,649][root][INFO] - Default parameters:
Mass: [[0.6800000071525574]]
Inertia: [[0.007000000681728125, 0.007000000681728125, 0.011999999172985554]]
Thrust2Weight: [[0.8999204039573669, 0.8999204039573669, 0.8999204039573669, 0.8999204039573669]]
Force2Moment: [[62.499996185302734, 62.499996185302734, 62.499996185302734, 62.499996185302734]]
[2025-07-13 20:40:38,691][root][INFO] - Setup randomization:
{'train': {'drag_coef': Uniform(low: 0.0, high: 0.12399999797344208),
           'force2moment': Uniform(low: torch.Size([1, 4]), high: torch.Size([1, 4])),
           'inertia': Uniform(low: torch.Size([1, 3]), high: torch.Size([1, 3])),
           'mass': Uniform(low: tensor([[0.1768]], device='cuda:0'), high: tensor([[1.1832]], device='cuda:0')),
           'thrust2weight': Uniform(low: torch.Size([1, 4]), high: torch.Size([1, 4]))}}
[2025-07-13 20:40:38,695][root][INFO] - Setup randomization:
{'train': {'drag_coef': Uniform(low: 0.0, high: 0.12399999797344208),
           'force2moment': Uniform(low: torch.Size([1, 4]), high: torch.Size([1, 4])),
           'inertia': Uniform(low: torch.Size([1, 3]), high: torch.Size([1, 3])),
           'mass': Uniform(low: tensor([[0.1768]], device='cuda:0'), high: tensor([[1.1832]], device='cuda:0')),
           'thrust2weight': Uniform(low: torch.Size([1, 4]), high: torch.Size([1, 4]))}}
[2025-07-13 20:40:39,829][root][INFO] - Eval at 8192 steps.
[2025-07-13 20:41:29,913][root][INFO] - Saved checkpoint to /home/alesr/Repositories/Omnidrones-PEG/wandb/run-20250713_204026-7u0l203n/files/checkpoint_8192.pt
[2025-07-13 20:41:29,927][urllib3.connectionpool][DEBUG] - Starting new HTTPS connection (1): api.wandb.ai:443
[2025-07-13 20:41:30,125][urllib3.connectionpool][DEBUG] - https://api.wandb.ai:443 "POST /graphql HTTP/11" 200 None
[2025-07-13 20:42:22,278][root][INFO] - Eval at 417792 steps.
[2025-07-13 20:42:33,776][root][INFO] - Saved best checkpoint to /home/alesr/Repositories/Omnidrones-PEG/wandb/run-20250713_204026-7u0l203n/files/checkpoint_best.pt
[2025-07-13 20:42:33,795][urllib3.connectionpool][DEBUG] - Starting new HTTPS connection (1): api.wandb.ai:443
[2025-07-13 20:42:34,000][urllib3.connectionpool][DEBUG] - https://api.wandb.ai:443 "POST /graphql HTTP/11" 200 None
[2025-07-13 20:43:24,778][root][INFO] - Eval at 827392 steps.
[2025-07-13 20:43:37,608][root][INFO] - Saved checkpoint to /home/alesr/Repositories/Omnidrones-PEG/wandb/run-20250713_204026-7u0l203n/files/checkpoint_827392.pt
[2025-07-13 20:43:37,632][urllib3.connectionpool][DEBUG] - Starting new HTTPS connection (1): api.wandb.ai:443
[2025-07-13 20:43:37,857][urllib3.connectionpool][DEBUG] - https://api.wandb.ai:443 "POST /graphql HTTP/11" 200 None
[2025-07-13 20:44:27,717][root][INFO] - Eval at 1236992 steps.
[2025-07-13 20:45:32,292][root][INFO] - Eval at 1646592 steps.
[2025-07-13 20:45:45,002][root][INFO] - Saved checkpoint to /home/alesr/Repositories/Omnidrones-PEG/wandb/run-20250713_204026-7u0l203n/files/checkpoint_1646592.pt
[2025-07-13 20:45:45,025][urllib3.connectionpool][DEBUG] - Starting new HTTPS connection (1): api.wandb.ai:443
[2025-07-13 20:45:45,208][urllib3.connectionpool][DEBUG] - https://api.wandb.ai:443 "POST /graphql HTTP/11" 200 None
[2025-07-13 20:46:36,496][root][INFO] - Eval at 2056192 steps.
[2025-07-13 20:47:37,529][root][INFO] - Eval at 2465792 steps.
[2025-07-13 20:48:28,120][root][INFO] - Saved checkpoint to /home/alesr/Repositories/Omnidrones-PEG/wandb/run-20250713_204026-7u0l203n/files/checkpoint_2465792.pt
[2025-07-13 20:48:28,142][urllib3.connectionpool][DEBUG] - Starting new HTTPS connection (1): api.wandb.ai:443
[2025-07-13 20:48:28,342][urllib3.connectionpool][DEBUG] - https://api.wandb.ai:443 "POST /graphql HTTP/11" 200 None
[2025-07-13 20:49:22,680][root][INFO] - Eval at 2875392 steps.
[2025-07-13 20:50:28,561][root][INFO] - Eval at 3284992 steps.
[2025-07-13 20:50:41,350][root][INFO] - Saved checkpoint to /home/alesr/Repositories/Omnidrones-PEG/wandb/run-20250713_204026-7u0l203n/files/checkpoint_3284992.pt
[2025-07-13 20:50:41,373][urllib3.connectionpool][DEBUG] - Starting new HTTPS connection (1): api.wandb.ai:443
[2025-07-13 20:50:41,561][urllib3.connectionpool][DEBUG] - https://api.wandb.ai:443 "POST /graphql HTTP/11" 200 None
[2025-07-13 20:51:30,429][root][INFO] - Eval at 3694592 steps.
[2025-07-13 20:52:29,462][root][INFO] - Eval at 4104192 steps.
[2025-07-13 20:52:41,213][root][INFO] - Saved checkpoint to /home/alesr/Repositories/Omnidrones-PEG/wandb/run-20250713_204026-7u0l203n/files/checkpoint_4104192.pt
[2025-07-13 20:52:41,236][urllib3.connectionpool][DEBUG] - Starting new HTTPS connection (1): api.wandb.ai:443
[2025-07-13 20:52:41,434][urllib3.connectionpool][DEBUG] - https://api.wandb.ai:443 "POST /graphql HTTP/11" 200 None
[2025-07-13 20:53:27,638][root][INFO] - Eval at 4513792 steps.
[2025-07-13 20:54:25,146][root][INFO] - Eval at 4923392 steps.
[2025-07-13 20:55:10,166][root][INFO] - Saved checkpoint to /home/alesr/Repositories/Omnidrones-PEG/wandb/run-20250713_204026-7u0l203n/files/checkpoint_4923392.pt
[2025-07-13 20:55:10,189][urllib3.connectionpool][DEBUG] - Starting new HTTPS connection (1): api.wandb.ai:443
[2025-07-13 20:55:10,392][urllib3.connectionpool][DEBUG] - https://api.wandb.ai:443 "POST /graphql HTTP/11" 200 None
[2025-07-13 20:55:58,606][root][INFO] - Eval at 5332992 steps.
[2025-07-13 20:56:57,010][root][INFO] - Eval at 5742592 steps.
[2025-07-13 20:57:08,762][root][INFO] - Saved checkpoint to /home/alesr/Repositories/Omnidrones-PEG/wandb/run-20250713_204026-7u0l203n/files/checkpoint_5742592.pt
[2025-07-13 20:57:08,784][urllib3.connectionpool][DEBUG] - Starting new HTTPS connection (1): api.wandb.ai:443
[2025-07-13 20:57:08,974][urllib3.connectionpool][DEBUG] - https://api.wandb.ai:443 "POST /graphql HTTP/11" 200 None
[2025-07-13 20:57:55,705][root][INFO] - Eval at 6152192 steps.
[2025-07-13 20:58:54,675][root][INFO] - Eval at 6561792 steps.
[2025-07-13 20:59:06,448][root][INFO] - Saved checkpoint to /home/alesr/Repositories/Omnidrones-PEG/wandb/run-20250713_204026-7u0l203n/files/checkpoint_6561792.pt
[2025-07-13 20:59:06,472][urllib3.connectionpool][DEBUG] - Starting new HTTPS connection (1): api.wandb.ai:443
[2025-07-13 20:59:06,661][urllib3.connectionpool][DEBUG] - https://api.wandb.ai:443 "POST /graphql HTTP/11" 200 None
[2025-07-13 20:59:53,854][root][INFO] - Eval at 6971392 steps.
[2025-07-13 21:00:53,103][root][INFO] - Eval at 7380992 steps.
[2025-07-13 21:01:38,393][root][INFO] - Saved checkpoint to /home/alesr/Repositories/Omnidrones-PEG/wandb/run-20250713_204026-7u0l203n/files/checkpoint_7380992.pt
[2025-07-13 21:01:38,417][urllib3.connectionpool][DEBUG] - Starting new HTTPS connection (1): api.wandb.ai:443
[2025-07-13 21:01:38,602][urllib3.connectionpool][DEBUG] - https://api.wandb.ai:443 "POST /graphql HTTP/11" 200 None
[2025-07-13 21:02:27,996][root][INFO] - Eval at 7790592 steps.
[2025-07-13 21:03:30,009][root][INFO] - Eval at 8200192 steps.
[2025-07-13 21:03:42,250][root][INFO] - Saved checkpoint to /home/alesr/Repositories/Omnidrones-PEG/wandb/run-20250713_204026-7u0l203n/files/checkpoint_8200192.pt
[2025-07-13 21:03:42,272][urllib3.connectionpool][DEBUG] - Starting new HTTPS connection (1): api.wandb.ai:443
[2025-07-13 21:03:42,730][urllib3.connectionpool][DEBUG] - https://api.wandb.ai:443 "POST /graphql HTTP/11" 200 None
[2025-07-13 21:04:34,056][root][INFO] - Eval at 8609792 steps.
[2025-07-13 21:05:37,919][root][INFO] - Eval at 9019392 steps.
[2025-07-13 21:05:51,195][root][INFO] - Saved checkpoint to /home/alesr/Repositories/Omnidrones-PEG/wandb/run-20250713_204026-7u0l203n/files/checkpoint_9019392.pt
[2025-07-13 21:05:51,209][urllib3.connectionpool][DEBUG] - Starting new HTTPS connection (1): api.wandb.ai:443
[2025-07-13 21:05:51,389][urllib3.connectionpool][DEBUG] - https://api.wandb.ai:443 "POST /graphql HTTP/11" 200 None
[2025-07-13 21:06:43,647][root][INFO] - Eval at 9428992 steps.
[2025-07-13 21:07:44,293][root][INFO] - Eval at 9838592 steps.
[2025-07-13 21:08:30,400][root][INFO] - Saved checkpoint to /home/alesr/Repositories/Omnidrones-PEG/wandb/run-20250713_204026-7u0l203n/files/checkpoint_9838592.pt
[2025-07-13 21:08:30,416][urllib3.connectionpool][DEBUG] - Starting new HTTPS connection (1): api.wandb.ai:443
[2025-07-13 21:08:30,622][urllib3.connectionpool][DEBUG] - https://api.wandb.ai:443 "POST /graphql HTTP/11" 200 None
[2025-07-13 21:09:20,490][root][INFO] - Eval at 10248192 steps.
[2025-07-13 21:10:22,392][root][INFO] - Eval at 10657792 steps.
[2025-07-13 21:10:34,684][root][INFO] - Saved checkpoint to /home/alesr/Repositories/Omnidrones-PEG/wandb/run-20250713_204026-7u0l203n/files/checkpoint_10657792.pt
[2025-07-13 21:10:34,708][urllib3.connectionpool][DEBUG] - Starting new HTTPS connection (1): api.wandb.ai:443
[2025-07-13 21:10:34,906][urllib3.connectionpool][DEBUG] - https://api.wandb.ai:443 "POST /graphql HTTP/11" 200 None
[2025-07-13 21:11:24,103][root][INFO] - Eval at 11067392 steps.
[2025-07-13 21:12:25,225][root][INFO] - Eval at 11476992 steps.
[2025-07-13 21:12:37,057][root][INFO] - Saved checkpoint to /home/alesr/Repositories/Omnidrones-PEG/wandb/run-20250713_204026-7u0l203n/files/checkpoint_11476992.pt
[2025-07-13 21:12:37,080][urllib3.connectionpool][DEBUG] - Starting new HTTPS connection (1): api.wandb.ai:443
[2025-07-13 21:12:37,261][urllib3.connectionpool][DEBUG] - https://api.wandb.ai:443 "POST /graphql HTTP/11" 200 None
[2025-07-13 21:13:26,143][root][INFO] - Eval at 11886592 steps.
[2025-07-13 21:14:27,892][root][INFO] - Eval at 12296192 steps.
[2025-07-13 21:15:13,563][root][INFO] - Saved checkpoint to /home/alesr/Repositories/Omnidrones-PEG/wandb/run-20250713_204026-7u0l203n/files/checkpoint_12296192.pt
[2025-07-13 21:15:13,586][urllib3.connectionpool][DEBUG] - Starting new HTTPS connection (1): api.wandb.ai:443
[2025-07-13 21:15:13,799][urllib3.connectionpool][DEBUG] - https://api.wandb.ai:443 "POST /graphql HTTP/11" 200 None
[2025-07-13 21:16:03,469][root][INFO] - Eval at 12705792 steps.
[2025-07-13 21:17:04,902][root][INFO] - Eval at 13115392 steps.
[2025-07-13 21:17:18,509][root][INFO] - Saved checkpoint to /home/alesr/Repositories/Omnidrones-PEG/wandb/run-20250713_204026-7u0l203n/files/checkpoint_13115392.pt
[2025-07-13 21:17:18,531][urllib3.connectionpool][DEBUG] - Starting new HTTPS connection (1): api.wandb.ai:443
[2025-07-13 21:17:18,725][urllib3.connectionpool][DEBUG] - https://api.wandb.ai:443 "POST /graphql HTTP/11" 200 None
[2025-07-13 21:18:09,500][root][INFO] - Eval at 13524992 steps.
[2025-07-13 21:19:10,361][root][INFO] - Eval at 13934592 steps.
[2025-07-13 21:19:22,748][root][INFO] - Saved checkpoint to /home/alesr/Repositories/Omnidrones-PEG/wandb/run-20250713_204026-7u0l203n/files/checkpoint_13934592.pt
[2025-07-13 21:19:22,772][urllib3.connectionpool][DEBUG] - Starting new HTTPS connection (1): api.wandb.ai:443
[2025-07-13 21:19:22,953][urllib3.connectionpool][DEBUG] - https://api.wandb.ai:443 "POST /graphql HTTP/11" 200 None
[2025-07-13 21:20:11,306][root][INFO] - Eval at 14344192 steps.
[2025-07-13 21:21:12,665][root][INFO] - Eval at 14753792 steps.
[2025-07-13 21:21:58,280][root][INFO] - Saved checkpoint to /home/alesr/Repositories/Omnidrones-PEG/wandb/run-20250713_204026-7u0l203n/files/checkpoint_14753792.pt
[2025-07-13 21:21:58,301][urllib3.connectionpool][DEBUG] - Starting new HTTPS connection (1): api.wandb.ai:443
[2025-07-13 21:21:58,501][urllib3.connectionpool][DEBUG] - https://api.wandb.ai:443 "POST /graphql HTTP/11" 200 None
[2025-07-13 21:22:48,085][root][INFO] - Eval at 15163392 steps.
[2025-07-13 21:23:48,609][root][INFO] - Eval at 15572992 steps.
[2025-07-13 21:24:00,327][root][INFO] - Saved checkpoint to /home/alesr/Repositories/Omnidrones-PEG/wandb/run-20250713_204026-7u0l203n/files/checkpoint_15572992.pt
[2025-07-13 21:24:00,349][urllib3.connectionpool][DEBUG] - Starting new HTTPS connection (1): api.wandb.ai:443
[2025-07-13 21:24:00,552][urllib3.connectionpool][DEBUG] - https://api.wandb.ai:443 "POST /graphql HTTP/11" 200 None
[2025-07-13 21:24:49,434][root][INFO] - Eval at 15982592 steps.
[2025-07-13 21:25:49,694][root][INFO] - Eval at 16392192 steps.
[2025-07-13 21:26:01,899][root][INFO] - Saved checkpoint to /home/alesr/Repositories/Omnidrones-PEG/wandb/run-20250713_204026-7u0l203n/files/checkpoint_16392192.pt
[2025-07-13 21:26:01,921][urllib3.connectionpool][DEBUG] - Starting new HTTPS connection (1): api.wandb.ai:443
[2025-07-13 21:26:02,118][urllib3.connectionpool][DEBUG] - https://api.wandb.ai:443 "POST /graphql HTTP/11" 200 None
[2025-07-13 21:26:50,250][root][INFO] - Eval at 16801792 steps.
[2025-07-13 21:27:50,897][root][INFO] - Eval at 17211392 steps.
[2025-07-13 21:28:37,299][root][INFO] - Saved checkpoint to /home/alesr/Repositories/Omnidrones-PEG/wandb/run-20250713_204026-7u0l203n/files/checkpoint_17211392.pt
[2025-07-13 21:28:37,323][urllib3.connectionpool][DEBUG] - Starting new HTTPS connection (1): api.wandb.ai:443
[2025-07-13 21:28:37,525][urllib3.connectionpool][DEBUG] - https://api.wandb.ai:443 "POST /graphql HTTP/11" 200 None
[2025-07-13 21:29:26,014][root][INFO] - Eval at 17620992 steps.
[2025-07-13 21:30:26,733][root][INFO] - Eval at 18030592 steps.
[2025-07-13 21:30:38,862][root][INFO] - Saved checkpoint to /home/alesr/Repositories/Omnidrones-PEG/wandb/run-20250713_204026-7u0l203n/files/checkpoint_18030592.pt
[2025-07-13 21:30:38,883][urllib3.connectionpool][DEBUG] - Starting new HTTPS connection (1): api.wandb.ai:443
[2025-07-13 21:30:39,066][urllib3.connectionpool][DEBUG] - https://api.wandb.ai:443 "POST /graphql HTTP/11" 200 None
[2025-07-13 21:31:27,829][root][INFO] - Eval at 18440192 steps.
[2025-07-13 21:32:28,523][root][INFO] - Eval at 18849792 steps.
[2025-07-13 21:32:40,727][root][INFO] - Saved checkpoint to /home/alesr/Repositories/Omnidrones-PEG/wandb/run-20250713_204026-7u0l203n/files/checkpoint_18849792.pt
[2025-07-13 21:32:40,749][urllib3.connectionpool][DEBUG] - Starting new HTTPS connection (1): api.wandb.ai:443
[2025-07-13 21:32:40,955][urllib3.connectionpool][DEBUG] - https://api.wandb.ai:443 "POST /graphql HTTP/11" 200 None
[2025-07-13 21:33:29,157][root][INFO] - Eval at 19259392 steps.
[2025-07-13 21:34:29,804][root][INFO] - Eval at 19668992 steps.
[2025-07-13 21:35:16,652][root][INFO] - Saved checkpoint to /home/alesr/Repositories/Omnidrones-PEG/wandb/run-20250713_204026-7u0l203n/files/checkpoint_19668992.pt
[2025-07-13 21:35:16,675][urllib3.connectionpool][DEBUG] - Starting new HTTPS connection (1): api.wandb.ai:443
[2025-07-13 21:35:16,863][urllib3.connectionpool][DEBUG] - https://api.wandb.ai:443 "POST /graphql HTTP/11" 200 None
[2025-07-13 21:35:56,112][root][INFO] - Final Eval at 19996672 steps.
[2025-07-13 21:36:42,897][urllib3.connectionpool][DEBUG] - Starting new HTTPS connection (1): api.wandb.ai:443
[2025-07-13 21:36:43,139][urllib3.connectionpool][DEBUG] - https://api.wandb.ai:443 "POST /graphql HTTP/11" 200 None
[2025-07-13 21:36:43,147][root][INFO] - Saved checkpoint to /home/alesr/Repositories/Omnidrones-PEG/wandb/run-20250713_204026-7u0l203n/files/checkpoint_final.pt
