[2025-07-13 15:02:43,432][asyncio][DEBUG] - Using selector: EpollSelector
[2025-07-13 15:02:44,170][omni.kit.telemetry.impl.sentry_extension][INFO] - sentry is disabled for external build
[2025-07-13 15:02:44,170][omni.kit.telemetry.impl.sentry_extension][INFO] - sentry is disabled for external build
[2025-07-13 15:02:45,191][AutoNode][DEBUG] - Defining data type 'any' as 'Any'
[2025-07-13 15:02:45,191][AutoNode][DEBUG] - Defining data type 'bool' as 'Bool' and array 'BoolArray
[2025-07-13 15:02:45,191][AutoNode][DEBUG] - Defining data type 'bundle' as 'Bundle'
[2025-07-13 15:02:45,191][AutoNode][DEBUG] - Defining data type 'colord[3]' as 'Color3d' and array 'Color3dArray
[2025-07-13 15:02:45,191][AutoNode][DEBUG] - Defining data type 'colorf[3]' as 'Color3f' and array 'Color3fArray
[2025-07-13 15:02:45,191][AutoNode][DEBUG] - Defining data type 'colorh[3]' as 'Color3h' and array 'Color3hArray
[2025-07-13 15:02:45,191][AutoNode][DEBUG] - Defining data type 'colord[4]' as 'Color4d' and array 'Color4dArray
[2025-07-13 15:02:45,191][AutoNode][DEBUG] - Defining data type 'colorf[4]' as 'Color4f' and array 'Color4fArray
[2025-07-13 15:02:45,191][AutoNode][DEBUG] - Defining data type 'colorh[4]' as 'Color4h' and array 'Color4hArray
[2025-07-13 15:02:45,191][AutoNode][DEBUG] - Defining data type 'double' as 'Double' and array 'DoubleArray
[2025-07-13 15:02:45,191][AutoNode][DEBUG] - Defining data type 'double[2]' as 'Double2' and array 'Double2Array
[2025-07-13 15:02:45,191][AutoNode][DEBUG] - Defining data type 'double[3]' as 'Double3' and array 'Double3Array
[2025-07-13 15:02:45,192][AutoNode][DEBUG] - Defining data type 'double[4]' as 'Double4' and array 'Double4Array
[2025-07-13 15:02:45,192][AutoNode][DEBUG] - Defining data type 'execution' as 'Execution'
[2025-07-13 15:02:45,192][AutoNode][DEBUG] - Defining data type 'float' as 'Float' and array 'FloatArray
[2025-07-13 15:02:45,192][AutoNode][DEBUG] - Defining data type 'float[2]' as 'Float2' and array 'Float2Array
[2025-07-13 15:02:45,192][AutoNode][DEBUG] - Defining data type 'float[3]' as 'Float3' and array 'Float3Array
[2025-07-13 15:02:45,192][AutoNode][DEBUG] - Defining data type 'float[4]' as 'Float4' and array 'Float4Array
[2025-07-13 15:02:45,192][AutoNode][DEBUG] - Defining data type 'frame[4]' as 'Frame' and array 'FrameArray
[2025-07-13 15:02:45,192][AutoNode][DEBUG] - Defining data type 'half' as 'Half' and array 'HalfArray
[2025-07-13 15:02:45,192][AutoNode][DEBUG] - Defining data type 'half[2]' as 'Half2' and array 'Half2Array
[2025-07-13 15:02:45,192][AutoNode][DEBUG] - Defining data type 'half[3]' as 'Half3' and array 'Half3Array
[2025-07-13 15:02:45,192][AutoNode][DEBUG] - Defining data type 'half[4]' as 'Half4' and array 'Half4Array
[2025-07-13 15:02:45,192][AutoNode][DEBUG] - Defining data type 'int' as 'Int' and array 'IntArray
[2025-07-13 15:02:45,192][AutoNode][DEBUG] - Defining data type 'int[2]' as 'Int2' and array 'Int2Array
[2025-07-13 15:02:45,192][AutoNode][DEBUG] - Defining data type 'int[3]' as 'Int3' and array 'Int3Array
[2025-07-13 15:02:45,192][AutoNode][DEBUG] - Defining data type 'int[4]' as 'Int4' and array 'Int4Array
[2025-07-13 15:02:45,192][AutoNode][DEBUG] - Defining data type 'int64' as 'Int64' and array 'Int64Array
[2025-07-13 15:02:45,192][AutoNode][DEBUG] - Defining data type 'matrixd[2]' as 'Matrix2d' and array 'Matrix2dArray
[2025-07-13 15:02:45,192][AutoNode][DEBUG] - Defining data type 'matrixd[3]' as 'Matrix3d' and array 'Matrix3dArray
[2025-07-13 15:02:45,193][AutoNode][DEBUG] - Defining data type 'matrixd[4]' as 'Matrix4d' and array 'Matrix4dArray
[2025-07-13 15:02:45,193][AutoNode][DEBUG] - Defining data type 'normald[3]' as 'Normal3d' and array 'Normal3dArray
[2025-07-13 15:02:45,193][AutoNode][DEBUG] - Defining data type 'normalf[3]' as 'Normal3f' and array 'Normal3fArray
[2025-07-13 15:02:45,193][AutoNode][DEBUG] - Defining data type 'normalh[3]' as 'Normal3h' and array 'Normal3hArray
[2025-07-13 15:02:45,193][AutoNode][DEBUG] - Defining data type 'objectId' as 'ObjectId' and array 'ObjectIdArray
[2025-07-13 15:02:45,193][AutoNode][DEBUG] - Defining data type 'path' as 'Path'
[2025-07-13 15:02:45,193][AutoNode][DEBUG] - Defining data type 'pointd[3]' as 'Point3d' and array 'Point3dArray
[2025-07-13 15:02:45,193][AutoNode][DEBUG] - Defining data type 'pointf[3]' as 'Point3f' and array 'Point3fArray
[2025-07-13 15:02:45,193][AutoNode][DEBUG] - Defining data type 'pointh[3]' as 'Point3h' and array 'Point3hArray
[2025-07-13 15:02:45,193][AutoNode][DEBUG] - Defining data type 'quatd[4]' as 'Quatd' and array 'QuatdArray
[2025-07-13 15:02:45,193][AutoNode][DEBUG] - Defining data type 'quatf[4]' as 'Quatf' and array 'QuatfArray
[2025-07-13 15:02:45,193][AutoNode][DEBUG] - Defining data type 'quath[4]' as 'Quath' and array 'QuathArray
[2025-07-13 15:02:45,193][AutoNode][DEBUG] - Defining data type 'string' as 'String'
[2025-07-13 15:02:45,193][AutoNode][DEBUG] - Defining data type 'target' as 'Target'
[2025-07-13 15:02:45,193][AutoNode][DEBUG] - Defining data type 'texcoordd[2]' as 'TexCoord2d' and array 'TexCoord2dArray
[2025-07-13 15:02:45,193][AutoNode][DEBUG] - Defining data type 'texcoordf[2]' as 'TexCoord2f' and array 'TexCoord2fArray
[2025-07-13 15:02:45,193][AutoNode][DEBUG] - Defining data type 'texcoordh[2]' as 'TexCoord2h' and array 'TexCoord2hArray
[2025-07-13 15:02:45,193][AutoNode][DEBUG] - Defining data type 'texcoordd[3]' as 'TexCoord3d' and array 'TexCoord3dArray
[2025-07-13 15:02:45,194][AutoNode][DEBUG] - Defining data type 'texcoordf[3]' as 'TexCoord3f' and array 'TexCoord3fArray
[2025-07-13 15:02:45,194][AutoNode][DEBUG] - Defining data type 'texcoordh[3]' as 'TexCoord3h' and array 'TexCoord3hArray
[2025-07-13 15:02:45,194][AutoNode][DEBUG] - Defining data type 'timecode' as 'Timecode' and array 'TimecodeArray
[2025-07-13 15:02:45,194][AutoNode][DEBUG] - Defining data type 'token' as 'Token' and array 'TokenArray
[2025-07-13 15:02:45,194][AutoNode][DEBUG] - Defining data type 'uchar' as 'UChar' and array 'UCharArray
[2025-07-13 15:02:45,194][AutoNode][DEBUG] - Defining data type 'uint' as 'UInt' and array 'UIntArray
[2025-07-13 15:02:45,194][AutoNode][DEBUG] - Defining data type 'uint64' as 'UInt64' and array 'UInt64Array
[2025-07-13 15:02:45,194][AutoNode][DEBUG] - Defining data type 'vectord[3]' as 'Vector3d' and array 'Vector3dArray
[2025-07-13 15:02:45,194][AutoNode][DEBUG] - Defining data type 'vectorf[3]' as 'Vector3f' and array 'Vector3fArray
[2025-07-13 15:02:45,194][AutoNode][DEBUG] - Defining data type 'vectorh[3]' as 'Vector3h' and array 'Vector3hArray
[2025-07-13 15:02:47,907][omni.kit.profiler.window][WARNING] - remove _SpanInstance.__lt__ and use insort 'key' arg instead
[2025-07-13 15:02:51,540][git.cmd][DEBUG] - Popen(['git', 'rev-parse', '--show-toplevel'], cwd=/home/alesr/Repositories/Omnidrones-PEG, stdin=None, shell=False, universal_newlines=False)
[2025-07-13 15:02:51,677][urllib3.connectionpool][DEBUG] - Starting new HTTPS connection (1): api.wandb.ai:443
[2025-07-13 15:02:51,861][urllib3.connectionpool][DEBUG] - https://api.wandb.ai:443 "POST /graphql HTTP/11" 200 None
[2025-07-13 15:02:51,865][urllib3.connectionpool][DEBUG] - Starting new HTTPS connection (1): api.wandb.ai:443
[2025-07-13 15:02:52,044][urllib3.connectionpool][DEBUG] - https://api.wandb.ai:443 "POST /graphql HTTP/11" 200 None
[2025-07-13 15:02:52,062][git.cmd][DEBUG] - Popen(['git', 'cat-file', '--batch-check'], cwd=/home/alesr/Repositories/Omnidrones-PEG, stdin=<valid stream>, shell=False, universal_newlines=False)
[2025-07-13 15:02:56,207][root][INFO] - Reading pursuer's params from /home/alesr/Repositories/Omnidrones-PEG/omni_drones/robots/assets/usd/hummingbird.yaml.
[2025-07-13 15:02:56,227][root][INFO] - Reading evader's params from /home/alesr/Repositories/Omnidrones-PEG/omni_drones/robots/assets/usd/hummingbird.yaml.
[2025-07-13 15:03:02,724][root][INFO] - Default parameters:
Mass: [[0.6800000071525574]]
Inertia: [[0.007000000681728125, 0.007000000681728125, 0.011999999172985554]]
Thrust2Weight: [[0.8999204039573669, 0.8999204039573669, 0.8999204039573669, 0.8999204039573669]]
Force2Moment: [[62.499996185302734, 62.499996185302734, 62.499996185302734, 62.499996185302734]]
[2025-07-13 15:03:03,730][root][INFO] - Default parameters:
Mass: [[0.6800000071525574]]
Inertia: [[0.007000000681728125, 0.007000000681728125, 0.011999999172985554]]
Thrust2Weight: [[0.8999204039573669, 0.8999204039573669, 0.8999204039573669, 0.8999204039573669]]
Force2Moment: [[62.499996185302734, 62.499996185302734, 62.499996185302734, 62.499996185302734]]
[2025-07-13 15:03:03,775][root][INFO] - Setup randomization:
{'train': {'drag_coef': Uniform(low: 0.0, high: 0.12399999797344208),
           'force2moment': Uniform(low: torch.Size([1, 4]), high: torch.Size([1, 4])),
           'inertia': Uniform(low: torch.Size([1, 3]), high: torch.Size([1, 3])),
           'mass': Uniform(low: tensor([[0.1768]], device='cuda:0'), high: tensor([[1.1832]], device='cuda:0')),
           'thrust2weight': Uniform(low: torch.Size([1, 4]), high: torch.Size([1, 4]))}}
[2025-07-13 15:03:03,779][root][INFO] - Setup randomization:
{'train': {'drag_coef': Uniform(low: 0.0, high: 0.12399999797344208),
           'force2moment': Uniform(low: torch.Size([1, 4]), high: torch.Size([1, 4])),
           'inertia': Uniform(low: torch.Size([1, 3]), high: torch.Size([1, 3])),
           'mass': Uniform(low: tensor([[0.1768]], device='cuda:0'), high: tensor([[1.1832]], device='cuda:0')),
           'thrust2weight': Uniform(low: torch.Size([1, 4]), high: torch.Size([1, 4]))}}
[2025-07-13 15:03:04,950][root][INFO] - Eval at 8192 steps.
[2025-07-13 15:03:57,650][root][INFO] - Saved checkpoint to /home/alesr/Repositories/Omnidrones-PEG/wandb/run-20250713_150252-2gb4xbld/files/checkpoint_8192.pt
[2025-07-13 15:03:57,674][urllib3.connectionpool][DEBUG] - Starting new HTTPS connection (1): api.wandb.ai:443
[2025-07-13 15:03:57,868][urllib3.connectionpool][DEBUG] - https://api.wandb.ai:443 "POST /graphql HTTP/11" 200 None
[2025-07-13 15:04:52,236][root][INFO] - Eval at 417792 steps.
[2025-07-13 15:06:02,849][root][INFO] - Eval at 827392 steps.
[2025-07-13 15:06:16,302][root][INFO] - Saved checkpoint to /home/alesr/Repositories/Omnidrones-PEG/wandb/run-20250713_150252-2gb4xbld/files/checkpoint_827392.pt
[2025-07-13 15:06:16,324][urllib3.connectionpool][DEBUG] - Starting new HTTPS connection (1): api.wandb.ai:443
[2025-07-13 15:06:16,534][urllib3.connectionpool][DEBUG] - https://api.wandb.ai:443 "POST /graphql HTTP/11" 200 None
[2025-07-13 15:07:06,830][root][INFO] - Eval at 1236992 steps.
[2025-07-13 15:07:19,866][root][INFO] - Saved best checkpoint to /home/alesr/Repositories/Omnidrones-PEG/wandb/run-20250713_150252-2gb4xbld/files/checkpoint_best.pt
[2025-07-13 15:07:19,888][urllib3.connectionpool][DEBUG] - Starting new HTTPS connection (1): api.wandb.ai:443
[2025-07-13 15:07:20,081][urllib3.connectionpool][DEBUG] - https://api.wandb.ai:443 "POST /graphql HTTP/11" 200 None
[2025-07-13 15:08:13,296][root][INFO] - Eval at 1646592 steps.
[2025-07-13 15:08:25,423][root][INFO] - Saved checkpoint to /home/alesr/Repositories/Omnidrones-PEG/wandb/run-20250713_150252-2gb4xbld/files/checkpoint_1646592.pt
[2025-07-13 15:08:25,445][urllib3.connectionpool][DEBUG] - Starting new HTTPS connection (1): api.wandb.ai:443
[2025-07-13 15:08:25,645][urllib3.connectionpool][DEBUG] - https://api.wandb.ai:443 "POST /graphql HTTP/11" 200 None
[2025-07-13 15:09:18,624][root][INFO] - Eval at 2056192 steps.
[2025-07-13 15:10:22,706][root][INFO] - Eval at 2465792 steps.
[2025-07-13 15:10:34,413][root][INFO] - Saved checkpoint to /home/alesr/Repositories/Omnidrones-PEG/wandb/run-20250713_150252-2gb4xbld/files/checkpoint_2465792.pt
[2025-07-13 15:10:34,435][urllib3.connectionpool][DEBUG] - Starting new HTTPS connection (1): api.wandb.ai:443
[2025-07-13 15:10:34,614][urllib3.connectionpool][DEBUG] - https://api.wandb.ai:443 "POST /graphql HTTP/11" 200 None
[2025-07-13 15:11:27,616][root][INFO] - Eval at 2875392 steps.
[2025-07-13 15:12:35,144][root][INFO] - Eval at 3284992 steps.
[2025-07-13 15:12:49,039][root][INFO] - Saved checkpoint to /home/alesr/Repositories/Omnidrones-PEG/wandb/run-20250713_150252-2gb4xbld/files/checkpoint_3284992.pt
[2025-07-13 15:12:49,062][urllib3.connectionpool][DEBUG] - Starting new HTTPS connection (1): api.wandb.ai:443
[2025-07-13 15:12:49,247][urllib3.connectionpool][DEBUG] - https://api.wandb.ai:443 "POST /graphql HTTP/11" 200 None
[2025-07-13 15:13:43,534][root][INFO] - Eval at 3694592 steps.
[2025-07-13 15:14:48,497][root][INFO] - Eval at 4104192 steps.
[2025-07-13 15:15:01,438][root][INFO] - Saved checkpoint to /home/alesr/Repositories/Omnidrones-PEG/wandb/run-20250713_150252-2gb4xbld/files/checkpoint_4104192.pt
[2025-07-13 15:15:01,453][urllib3.connectionpool][DEBUG] - Starting new HTTPS connection (1): api.wandb.ai:443
[2025-07-13 15:15:01,660][urllib3.connectionpool][DEBUG] - https://api.wandb.ai:443 "POST /graphql HTTP/11" 200 None
[2025-07-13 15:15:51,579][root][INFO] - Eval at 4513792 steps.
[2025-07-13 15:16:52,587][root][INFO] - Eval at 4923392 steps.
[2025-07-13 15:17:38,586][root][INFO] - Saved checkpoint to /home/alesr/Repositories/Omnidrones-PEG/wandb/run-20250713_150252-2gb4xbld/files/checkpoint_4923392.pt
[2025-07-13 15:17:38,608][urllib3.connectionpool][DEBUG] - Starting new HTTPS connection (1): api.wandb.ai:443
[2025-07-13 15:17:38,792][urllib3.connectionpool][DEBUG] - https://api.wandb.ai:443 "POST /graphql HTTP/11" 200 None
[2025-07-13 15:18:34,190][root][INFO] - Eval at 5332992 steps.
[2025-07-13 15:19:42,079][root][INFO] - Eval at 5742592 steps.
[2025-07-13 15:19:54,911][root][INFO] - Saved checkpoint to /home/alesr/Repositories/Omnidrones-PEG/wandb/run-20250713_150252-2gb4xbld/files/checkpoint_5742592.pt
[2025-07-13 15:19:54,934][urllib3.connectionpool][DEBUG] - Starting new HTTPS connection (1): api.wandb.ai:443
[2025-07-13 15:19:55,129][urllib3.connectionpool][DEBUG] - https://api.wandb.ai:443 "POST /graphql HTTP/11" 200 None
[2025-07-13 15:20:46,510][root][INFO] - Eval at 6152192 steps.
[2025-07-13 15:21:49,328][root][INFO] - Eval at 6561792 steps.
[2025-07-13 15:22:02,437][root][INFO] - Saved checkpoint to /home/alesr/Repositories/Omnidrones-PEG/wandb/run-20250713_150252-2gb4xbld/files/checkpoint_6561792.pt
[2025-07-13 15:22:02,459][urllib3.connectionpool][DEBUG] - Starting new HTTPS connection (1): api.wandb.ai:443
[2025-07-13 15:22:02,647][urllib3.connectionpool][DEBUG] - https://api.wandb.ai:443 "POST /graphql HTTP/11" 200 None
[2025-07-13 15:22:53,651][root][INFO] - Eval at 6971392 steps.
[2025-07-13 15:23:56,472][root][INFO] - Eval at 7380992 steps.
[2025-07-13 15:24:10,873][root][INFO] - Saved checkpoint to /home/alesr/Repositories/Omnidrones-PEG/wandb/run-20250713_150252-2gb4xbld/files/checkpoint_7380992.pt
[2025-07-13 15:24:10,889][urllib3.connectionpool][DEBUG] - Starting new HTTPS connection (1): api.wandb.ai:443
[2025-07-13 15:24:11,095][urllib3.connectionpool][DEBUG] - https://api.wandb.ai:443 "POST /graphql HTTP/11" 200 None
[2025-07-13 15:25:00,345][root][INFO] - Eval at 7790592 steps.
[2025-07-13 15:26:01,863][root][INFO] - Eval at 8200192 steps.
[2025-07-13 15:26:13,887][root][INFO] - Saved checkpoint to /home/alesr/Repositories/Omnidrones-PEG/wandb/run-20250713_150252-2gb4xbld/files/checkpoint_8200192.pt
[2025-07-13 15:26:13,909][urllib3.connectionpool][DEBUG] - Starting new HTTPS connection (1): api.wandb.ai:443
[2025-07-13 15:26:14,119][urllib3.connectionpool][DEBUG] - https://api.wandb.ai:443 "POST /graphql HTTP/11" 200 None
[2025-07-13 15:27:05,111][root][INFO] - Eval at 8609792 steps.
[2025-07-13 15:28:06,845][root][INFO] - Eval at 9019392 steps.
[2025-07-13 15:28:19,355][root][INFO] - Saved checkpoint to /home/alesr/Repositories/Omnidrones-PEG/wandb/run-20250713_150252-2gb4xbld/files/checkpoint_9019392.pt
[2025-07-13 15:28:19,377][urllib3.connectionpool][DEBUG] - Starting new HTTPS connection (1): api.wandb.ai:443
[2025-07-13 15:28:19,592][urllib3.connectionpool][DEBUG] - https://api.wandb.ai:443 "POST /graphql HTTP/11" 200 None
[2025-07-13 15:29:08,552][root][INFO] - Eval at 9428992 steps.
[2025-07-13 15:30:09,696][root][INFO] - Eval at 9838592 steps.
[2025-07-13 15:30:56,012][root][INFO] - Saved checkpoint to /home/alesr/Repositories/Omnidrones-PEG/wandb/run-20250713_150252-2gb4xbld/files/checkpoint_9838592.pt
[2025-07-13 15:30:56,037][urllib3.connectionpool][DEBUG] - Starting new HTTPS connection (1): api.wandb.ai:443
[2025-07-13 15:30:56,246][urllib3.connectionpool][DEBUG] - https://api.wandb.ai:443 "POST /graphql HTTP/11" 200 None
[2025-07-13 15:31:46,720][root][INFO] - Eval at 10248192 steps.
[2025-07-13 15:32:49,995][root][INFO] - Eval at 10657792 steps.
[2025-07-13 15:33:02,598][root][INFO] - Saved checkpoint to /home/alesr/Repositories/Omnidrones-PEG/wandb/run-20250713_150252-2gb4xbld/files/checkpoint_10657792.pt
[2025-07-13 15:33:02,621][urllib3.connectionpool][DEBUG] - Starting new HTTPS connection (1): api.wandb.ai:443
[2025-07-13 15:33:02,826][urllib3.connectionpool][DEBUG] - https://api.wandb.ai:443 "POST /graphql HTTP/11" 200 None
[2025-07-13 15:33:57,190][root][INFO] - Eval at 11067392 steps.
[2025-07-13 15:35:02,546][root][INFO] - Eval at 11476992 steps.
[2025-07-13 15:35:15,814][root][INFO] - Saved checkpoint to /home/alesr/Repositories/Omnidrones-PEG/wandb/run-20250713_150252-2gb4xbld/files/checkpoint_11476992.pt
[2025-07-13 15:35:15,837][urllib3.connectionpool][DEBUG] - Starting new HTTPS connection (1): api.wandb.ai:443
[2025-07-13 15:35:16,061][urllib3.connectionpool][DEBUG] - https://api.wandb.ai:443 "POST /graphql HTTP/11" 200 None
[2025-07-13 15:36:07,291][root][INFO] - Eval at 11886592 steps.
[2025-07-13 15:37:15,342][root][INFO] - Eval at 12296192 steps.
[2025-07-13 15:37:29,647][root][INFO] - Saved checkpoint to /home/alesr/Repositories/Omnidrones-PEG/wandb/run-20250713_150252-2gb4xbld/files/checkpoint_12296192.pt
[2025-07-13 15:37:29,669][urllib3.connectionpool][DEBUG] - Starting new HTTPS connection (1): api.wandb.ai:443
[2025-07-13 15:37:29,867][urllib3.connectionpool][DEBUG] - https://api.wandb.ai:443 "POST /graphql HTTP/11" 200 None
[2025-07-13 15:38:26,822][root][INFO] - Eval at 12705792 steps.
[2025-07-13 15:38:40,433][matplotlib.pyplot][DEBUG] - Loaded backend tkagg version 8.6.
[2025-07-13 15:40:15,220][root][INFO] - Eval at 13115392 steps.
[2025-07-13 15:40:30,828][root][INFO] - Saved checkpoint to /home/alesr/Repositories/Omnidrones-PEG/wandb/run-20250713_150252-2gb4xbld/files/checkpoint_13115392.pt
[2025-07-13 15:40:30,853][urllib3.connectionpool][DEBUG] - Starting new HTTPS connection (1): api.wandb.ai:443
[2025-07-13 15:40:31,039][urllib3.connectionpool][DEBUG] - https://api.wandb.ai:443 "POST /graphql HTTP/11" 200 None
[2025-07-13 15:41:32,962][root][INFO] - Eval at 13524992 steps.
[2025-07-13 15:42:53,312][root][INFO] - Eval at 13934592 steps.
[2025-07-13 15:43:10,683][root][INFO] - Saved checkpoint to /home/alesr/Repositories/Omnidrones-PEG/wandb/run-20250713_150252-2gb4xbld/files/checkpoint_13934592.pt
[2025-07-13 15:43:10,709][urllib3.connectionpool][DEBUG] - Starting new HTTPS connection (1): api.wandb.ai:443
[2025-07-13 15:43:10,916][urllib3.connectionpool][DEBUG] - https://api.wandb.ai:443 "POST /graphql HTTP/11" 200 None
