[2025-07-10 22:15:58,892][asyncio][DEBUG] - Using selector: EpollSelector
[2025-07-10 22:15:59,714][omni.kit.telemetry.impl.sentry_extension][INFO] - sentry is disabled for external build
[2025-07-10 22:15:59,714][omni.kit.telemetry.impl.sentry_extension][INFO] - sentry is disabled for external build
[2025-07-10 22:16:00,849][AutoNode][DEBUG] - Defining data type 'any' as 'Any'
[2025-07-10 22:16:00,849][AutoNode][DEBUG] - Defining data type 'bool' as 'Bool' and array 'BoolArray
[2025-07-10 22:16:00,849][AutoNode][DEBUG] - Defining data type 'bundle' as 'Bundle'
[2025-07-10 22:16:00,849][AutoNode][DEBUG] - Defining data type 'colord[3]' as 'Color3d' and array 'Color3dArray
[2025-07-10 22:16:00,849][AutoNode][DEBUG] - Defining data type 'colorf[3]' as 'Color3f' and array 'Color3fArray
[2025-07-10 22:16:00,849][AutoNode][DEBUG] - Defining data type 'colorh[3]' as 'Color3h' and array 'Color3hArray
[2025-07-10 22:16:00,850][AutoNode][DEBUG] - Defining data type 'colord[4]' as 'Color4d' and array 'Color4dArray
[2025-07-10 22:16:00,850][AutoNode][DEBUG] - Defining data type 'colorf[4]' as 'Color4f' and array 'Color4fArray
[2025-07-10 22:16:00,850][AutoNode][DEBUG] - Defining data type 'colorh[4]' as 'Color4h' and array 'Color4hArray
[2025-07-10 22:16:00,850][AutoNode][DEBUG] - Defining data type 'double' as 'Double' and array 'DoubleArray
[2025-07-10 22:16:00,850][AutoNode][DEBUG] - Defining data type 'double[2]' as 'Double2' and array 'Double2Array
[2025-07-10 22:16:00,850][AutoNode][DEBUG] - Defining data type 'double[3]' as 'Double3' and array 'Double3Array
[2025-07-10 22:16:00,850][AutoNode][DEBUG] - Defining data type 'double[4]' as 'Double4' and array 'Double4Array
[2025-07-10 22:16:00,850][AutoNode][DEBUG] - Defining data type 'execution' as 'Execution'
[2025-07-10 22:16:00,850][AutoNode][DEBUG] - Defining data type 'float' as 'Float' and array 'FloatArray
[2025-07-10 22:16:00,850][AutoNode][DEBUG] - Defining data type 'float[2]' as 'Float2' and array 'Float2Array
[2025-07-10 22:16:00,850][AutoNode][DEBUG] - Defining data type 'float[3]' as 'Float3' and array 'Float3Array
[2025-07-10 22:16:00,850][AutoNode][DEBUG] - Defining data type 'float[4]' as 'Float4' and array 'Float4Array
[2025-07-10 22:16:00,850][AutoNode][DEBUG] - Defining data type 'frame[4]' as 'Frame' and array 'FrameArray
[2025-07-10 22:16:00,850][AutoNode][DEBUG] - Defining data type 'half' as 'Half' and array 'HalfArray
[2025-07-10 22:16:00,850][AutoNode][DEBUG] - Defining data type 'half[2]' as 'Half2' and array 'Half2Array
[2025-07-10 22:16:00,850][AutoNode][DEBUG] - Defining data type 'half[3]' as 'Half3' and array 'Half3Array
[2025-07-10 22:16:00,850][AutoNode][DEBUG] - Defining data type 'half[4]' as 'Half4' and array 'Half4Array
[2025-07-10 22:16:00,850][AutoNode][DEBUG] - Defining data type 'int' as 'Int' and array 'IntArray
[2025-07-10 22:16:00,850][AutoNode][DEBUG] - Defining data type 'int[2]' as 'Int2' and array 'Int2Array
[2025-07-10 22:16:00,850][AutoNode][DEBUG] - Defining data type 'int[3]' as 'Int3' and array 'Int3Array
[2025-07-10 22:16:00,850][AutoNode][DEBUG] - Defining data type 'int[4]' as 'Int4' and array 'Int4Array
[2025-07-10 22:16:00,850][AutoNode][DEBUG] - Defining data type 'int64' as 'Int64' and array 'Int64Array
[2025-07-10 22:16:00,850][AutoNode][DEBUG] - Defining data type 'matrixd[2]' as 'Matrix2d' and array 'Matrix2dArray
[2025-07-10 22:16:00,850][AutoNode][DEBUG] - Defining data type 'matrixd[3]' as 'Matrix3d' and array 'Matrix3dArray
[2025-07-10 22:16:00,850][AutoNode][DEBUG] - Defining data type 'matrixd[4]' as 'Matrix4d' and array 'Matrix4dArray
[2025-07-10 22:16:00,850][AutoNode][DEBUG] - Defining data type 'normald[3]' as 'Normal3d' and array 'Normal3dArray
[2025-07-10 22:16:00,850][AutoNode][DEBUG] - Defining data type 'normalf[3]' as 'Normal3f' and array 'Normal3fArray
[2025-07-10 22:16:00,850][AutoNode][DEBUG] - Defining data type 'normalh[3]' as 'Normal3h' and array 'Normal3hArray
[2025-07-10 22:16:00,850][AutoNode][DEBUG] - Defining data type 'objectId' as 'ObjectId' and array 'ObjectIdArray
[2025-07-10 22:16:00,850][AutoNode][DEBUG] - Defining data type 'path' as 'Path'
[2025-07-10 22:16:00,850][AutoNode][DEBUG] - Defining data type 'pointd[3]' as 'Point3d' and array 'Point3dArray
[2025-07-10 22:16:00,850][AutoNode][DEBUG] - Defining data type 'pointf[3]' as 'Point3f' and array 'Point3fArray
[2025-07-10 22:16:00,850][AutoNode][DEBUG] - Defining data type 'pointh[3]' as 'Point3h' and array 'Point3hArray
[2025-07-10 22:16:00,850][AutoNode][DEBUG] - Defining data type 'quatd[4]' as 'Quatd' and array 'QuatdArray
[2025-07-10 22:16:00,850][AutoNode][DEBUG] - Defining data type 'quatf[4]' as 'Quatf' and array 'QuatfArray
[2025-07-10 22:16:00,850][AutoNode][DEBUG] - Defining data type 'quath[4]' as 'Quath' and array 'QuathArray
[2025-07-10 22:16:00,850][AutoNode][DEBUG] - Defining data type 'string' as 'String'
[2025-07-10 22:16:00,850][AutoNode][DEBUG] - Defining data type 'target' as 'Target'
[2025-07-10 22:16:00,850][AutoNode][DEBUG] - Defining data type 'texcoordd[2]' as 'TexCoord2d' and array 'TexCoord2dArray
[2025-07-10 22:16:00,850][AutoNode][DEBUG] - Defining data type 'texcoordf[2]' as 'TexCoord2f' and array 'TexCoord2fArray
[2025-07-10 22:16:00,851][AutoNode][DEBUG] - Defining data type 'texcoordh[2]' as 'TexCoord2h' and array 'TexCoord2hArray
[2025-07-10 22:16:00,851][AutoNode][DEBUG] - Defining data type 'texcoordd[3]' as 'TexCoord3d' and array 'TexCoord3dArray
[2025-07-10 22:16:00,851][AutoNode][DEBUG] - Defining data type 'texcoordf[3]' as 'TexCoord3f' and array 'TexCoord3fArray
[2025-07-10 22:16:00,851][AutoNode][DEBUG] - Defining data type 'texcoordh[3]' as 'TexCoord3h' and array 'TexCoord3hArray
[2025-07-10 22:16:00,851][AutoNode][DEBUG] - Defining data type 'timecode' as 'Timecode' and array 'TimecodeArray
[2025-07-10 22:16:00,851][AutoNode][DEBUG] - Defining data type 'token' as 'Token' and array 'TokenArray
[2025-07-10 22:16:00,851][AutoNode][DEBUG] - Defining data type 'uchar' as 'UChar' and array 'UCharArray
[2025-07-10 22:16:00,851][AutoNode][DEBUG] - Defining data type 'uint' as 'UInt' and array 'UIntArray
[2025-07-10 22:16:00,851][AutoNode][DEBUG] - Defining data type 'uint64' as 'UInt64' and array 'UInt64Array
[2025-07-10 22:16:00,851][AutoNode][DEBUG] - Defining data type 'vectord[3]' as 'Vector3d' and array 'Vector3dArray
[2025-07-10 22:16:00,851][AutoNode][DEBUG] - Defining data type 'vectorf[3]' as 'Vector3f' and array 'Vector3fArray
[2025-07-10 22:16:00,851][AutoNode][DEBUG] - Defining data type 'vectorh[3]' as 'Vector3h' and array 'Vector3hArray
[2025-07-10 22:16:02,699][omni.kit.profiler.window][WARNING] - remove _SpanInstance.__lt__ and use insort 'key' arg instead
[2025-07-10 22:16:06,156][git.cmd][DEBUG] - Popen(['git', 'rev-parse', '--show-toplevel'], cwd=/home/alesr/Repositories/Omnidrones-PEG, stdin=None, shell=False, universal_newlines=False)
[2025-07-10 22:16:06,219][urllib3.connectionpool][DEBUG] - Starting new HTTPS connection (1): api.wandb.ai:443
[2025-07-10 22:16:06,395][urllib3.connectionpool][DEBUG] - https://api.wandb.ai:443 "POST /graphql HTTP/11" 200 None
[2025-07-10 22:16:06,397][urllib3.connectionpool][DEBUG] - Starting new HTTPS connection (1): api.wandb.ai:443
[2025-07-10 22:16:06,591][urllib3.connectionpool][DEBUG] - https://api.wandb.ai:443 "POST /graphql HTTP/11" 200 None
[2025-07-10 22:16:06,601][git.cmd][DEBUG] - Popen(['git', 'cat-file', '--batch-check'], cwd=/home/alesr/Repositories/Omnidrones-PEG, stdin=<valid stream>, shell=False, universal_newlines=False)
[2025-07-10 22:16:09,549][root][INFO] - Reading pursuer's params from /home/alesr/Repositories/Omnidrones-PEG/omni_drones/robots/assets/usd/hummingbird.yaml.
[2025-07-10 22:16:09,563][root][INFO] - Reading evader's params from /home/alesr/Repositories/Omnidrones-PEG/omni_drones/robots/assets/usd/hummingbird.yaml.
[2025-07-10 22:16:15,888][root][INFO] - Default parameters:
Mass: [[0.6800000071525574]]
Inertia: [[0.007000000681728125, 0.007000000681728125, 0.011999999172985554]]
Thrust2Weight: [[0.8999204039573669, 0.8999204039573669, 0.8999204039573669, 0.8999204039573669]]
Force2Moment: [[62.499996185302734, 62.499996185302734, 62.499996185302734, 62.499996185302734]]
[2025-07-10 22:16:16,739][root][INFO] - Default parameters:
Mass: [[0.6800000071525574]]
Inertia: [[0.007000000681728125, 0.007000000681728125, 0.011999999172985554]]
Thrust2Weight: [[0.8999204039573669, 0.8999204039573669, 0.8999204039573669, 0.8999204039573669]]
Force2Moment: [[62.499996185302734, 62.499996185302734, 62.499996185302734, 62.499996185302734]]
[2025-07-10 22:16:18,017][root][INFO] - Eval at 8192 steps.
[2025-07-10 22:17:23,723][root][INFO] - Saved checkpoint to /home/alesr/Repositories/Omnidrones-PEG/wandb/run-20250710_221606-1l3pdcxp/files/checkpoint_8192.pt
[2025-07-10 22:17:23,734][urllib3.connectionpool][DEBUG] - Starting new HTTPS connection (1): api.wandb.ai:443
[2025-07-10 22:17:23,950][urllib3.connectionpool][DEBUG] - https://api.wandb.ai:443 "POST /graphql HTTP/11" 200 None
[2025-07-10 22:18:13,521][root][INFO] - Eval at 417792 steps.
[2025-07-10 22:19:14,954][root][INFO] - Eval at 827392 steps.
[2025-07-10 22:19:30,572][urllib3.connectionpool][DEBUG] - Starting new HTTPS connection (1): api.wandb.ai:443
[2025-07-10 22:19:30,775][urllib3.connectionpool][DEBUG] - https://api.wandb.ai:443 "POST /graphql HTTP/11" 200 None
[2025-07-10 22:20:14,907][root][INFO] - Eval at 1236992 steps.
[2025-07-10 22:20:30,535][urllib3.connectionpool][DEBUG] - Starting new HTTPS connection (1): api.wandb.ai:443
[2025-07-10 22:20:30,751][urllib3.connectionpool][DEBUG] - https://api.wandb.ai:443 "POST /graphql HTTP/11" 200 None
[2025-07-10 22:21:15,932][root][INFO] - Eval at 1646592 steps.
[2025-07-10 22:21:31,689][root][INFO] - Saved checkpoint to /home/alesr/Repositories/Omnidrones-PEG/wandb/run-20250710_221606-1l3pdcxp/files/checkpoint_1646592.pt
[2025-07-10 22:21:31,708][urllib3.connectionpool][DEBUG] - Starting new HTTPS connection (1): api.wandb.ai:443
[2025-07-10 22:21:31,906][urllib3.connectionpool][DEBUG] - https://api.wandb.ai:443 "POST /graphql HTTP/11" 200 None
[2025-07-10 22:22:17,686][root][INFO] - Eval at 2056192 steps.
[2025-07-10 22:22:33,339][urllib3.connectionpool][DEBUG] - Starting new HTTPS connection (1): api.wandb.ai:443
[2025-07-10 22:22:33,529][urllib3.connectionpool][DEBUG] - https://api.wandb.ai:443 "POST /graphql HTTP/11" 200 None
[2025-07-10 22:23:19,724][root][INFO] - Eval at 2465792 steps.
[2025-07-10 22:25:11,055][root][INFO] - Eval at 2875392 steps.
[2025-07-10 22:25:27,579][urllib3.connectionpool][DEBUG] - Starting new HTTPS connection (1): api.wandb.ai:443
[2025-07-10 22:25:27,781][urllib3.connectionpool][DEBUG] - https://api.wandb.ai:443 "POST /graphql HTTP/11" 200 None
[2025-07-10 22:26:14,711][root][INFO] - Eval at 3284992 steps.
[2025-07-10 22:26:30,960][root][INFO] - Saved checkpoint to /home/alesr/Repositories/Omnidrones-PEG/wandb/run-20250710_221606-1l3pdcxp/files/checkpoint_3284992.pt
[2025-07-10 22:26:30,979][urllib3.connectionpool][DEBUG] - Starting new HTTPS connection (1): api.wandb.ai:443
[2025-07-10 22:26:31,173][urllib3.connectionpool][DEBUG] - https://api.wandb.ai:443 "POST /graphql HTTP/11" 200 None
[2025-07-10 22:27:18,313][root][INFO] - Eval at 3694592 steps.
[2025-07-10 22:28:21,705][root][INFO] - Eval at 4104192 steps.
[2025-07-10 22:28:37,766][urllib3.connectionpool][DEBUG] - Starting new HTTPS connection (1): api.wandb.ai:443
[2025-07-10 22:28:37,955][urllib3.connectionpool][DEBUG] - https://api.wandb.ai:443 "POST /graphql HTTP/11" 200 None
[2025-07-10 22:29:24,575][root][INFO] - Eval at 4513792 steps.
[2025-07-10 22:30:26,946][root][INFO] - Eval at 4923392 steps.
[2025-07-10 22:31:30,765][root][INFO] - Saved checkpoint to /home/alesr/Repositories/Omnidrones-PEG/wandb/run-20250710_221606-1l3pdcxp/files/checkpoint_4923392.pt
[2025-07-10 22:31:30,786][urllib3.connectionpool][DEBUG] - Starting new HTTPS connection (1): api.wandb.ai:443
[2025-07-10 22:31:30,986][urllib3.connectionpool][DEBUG] - https://api.wandb.ai:443 "POST /graphql HTTP/11" 200 None
[2025-07-10 22:32:19,700][root][INFO] - Eval at 5332992 steps.
[2025-07-10 22:33:23,320][root][INFO] - Eval at 5742592 steps.
[2025-07-10 22:34:26,650][root][INFO] - Eval at 6152192 steps.
[2025-07-10 22:35:29,604][root][INFO] - Eval at 6561792 steps.
[2025-07-10 22:35:45,383][root][INFO] - Saved checkpoint to /home/alesr/Repositories/Omnidrones-PEG/wandb/run-20250710_221606-1l3pdcxp/files/checkpoint_6561792.pt
[2025-07-10 22:35:45,403][urllib3.connectionpool][DEBUG] - Starting new HTTPS connection (1): api.wandb.ai:443
[2025-07-10 22:35:45,609][urllib3.connectionpool][DEBUG] - https://api.wandb.ai:443 "POST /graphql HTTP/11" 200 None
[2025-07-10 22:36:32,242][root][INFO] - Eval at 6971392 steps.
[2025-07-10 22:37:35,709][root][INFO] - Eval at 7380992 steps.
[2025-07-10 22:39:29,546][root][INFO] - Eval at 7790592 steps.
[2025-07-10 22:40:34,281][root][INFO] - Eval at 8200192 steps.
[2025-07-10 22:40:51,230][root][INFO] - Saved checkpoint to /home/alesr/Repositories/Omnidrones-PEG/wandb/run-20250710_221606-1l3pdcxp/files/checkpoint_8200192.pt
[2025-07-10 22:40:51,249][urllib3.connectionpool][DEBUG] - Starting new HTTPS connection (1): api.wandb.ai:443
[2025-07-10 22:40:51,445][urllib3.connectionpool][DEBUG] - https://api.wandb.ai:443 "POST /graphql HTTP/11" 200 None
[2025-07-10 22:41:40,679][root][INFO] - Eval at 8609792 steps.
[2025-07-10 22:42:45,687][root][INFO] - Eval at 9019392 steps.
[2025-07-10 22:43:55,513][root][INFO] - Eval at 9428992 steps.
[2025-07-10 22:45:02,642][root][INFO] - Eval at 9838592 steps.
[2025-07-10 22:46:09,098][root][INFO] - Saved checkpoint to /home/alesr/Repositories/Omnidrones-PEG/wandb/run-20250710_221606-1l3pdcxp/files/checkpoint_9838592.pt
[2025-07-10 22:46:09,110][urllib3.connectionpool][DEBUG] - Starting new HTTPS connection (1): api.wandb.ai:443
[2025-07-10 22:46:09,305][urllib3.connectionpool][DEBUG] - https://api.wandb.ai:443 "POST /graphql HTTP/11" 200 None
[2025-07-10 22:47:00,527][root][INFO] - Eval at 10248192 steps.
[2025-07-10 22:47:17,892][urllib3.connectionpool][DEBUG] - Starting new HTTPS connection (1): api.wandb.ai:443
[2025-07-10 22:47:18,087][urllib3.connectionpool][DEBUG] - https://api.wandb.ai:443 "POST /graphql HTTP/11" 200 None
[2025-07-10 22:48:09,013][root][INFO] - Eval at 10657792 steps.
[2025-07-10 22:49:16,890][root][INFO] - Eval at 11067392 steps.
[2025-07-10 22:50:24,434][root][INFO] - Eval at 11476992 steps.
[2025-07-10 22:50:41,659][root][INFO] - Saved checkpoint to /home/alesr/Repositories/Omnidrones-PEG/wandb/run-20250710_221606-1l3pdcxp/files/checkpoint_11476992.pt
[2025-07-10 22:50:41,678][urllib3.connectionpool][DEBUG] - Starting new HTTPS connection (1): api.wandb.ai:443
[2025-07-10 22:50:41,919][urllib3.connectionpool][DEBUG] - https://api.wandb.ai:443 "POST /graphql HTTP/11" 200 None
[2025-07-10 22:51:31,676][root][INFO] - Eval at 11886592 steps.
[2025-07-10 22:52:39,168][root][INFO] - Eval at 12296192 steps.
[2025-07-10 22:54:36,627][root][INFO] - Eval at 12705792 steps.
[2025-07-10 22:55:44,823][root][INFO] - Eval at 13115392 steps.
[2025-07-10 22:56:02,636][root][INFO] - Saved checkpoint to /home/alesr/Repositories/Omnidrones-PEG/wandb/run-20250710_221606-1l3pdcxp/files/checkpoint_13115392.pt
[2025-07-10 22:56:02,657][urllib3.connectionpool][DEBUG] - Starting new HTTPS connection (1): api.wandb.ai:443
[2025-07-10 22:56:02,842][urllib3.connectionpool][DEBUG] - https://api.wandb.ai:443 "POST /graphql HTTP/11" 200 None
[2025-07-10 22:56:52,595][root][INFO] - Eval at 13524992 steps.
[2025-07-10 22:58:00,764][root][INFO] - Eval at 13934592 steps.
[2025-07-10 22:59:07,966][root][INFO] - Eval at 14344192 steps.
[2025-07-10 22:59:25,536][urllib3.connectionpool][DEBUG] - Starting new HTTPS connection (1): api.wandb.ai:443
[2025-07-10 22:59:25,726][urllib3.connectionpool][DEBUG] - https://api.wandb.ai:443 "POST /graphql HTTP/11" 200 None
[2025-07-10 23:00:16,517][root][INFO] - Eval at 14753792 steps.
[2025-07-10 23:01:23,767][root][INFO] - Saved checkpoint to /home/alesr/Repositories/Omnidrones-PEG/wandb/run-20250710_221606-1l3pdcxp/files/checkpoint_14753792.pt
[2025-07-10 23:01:23,791][urllib3.connectionpool][DEBUG] - Starting new HTTPS connection (1): api.wandb.ai:443
[2025-07-10 23:01:23,995][urllib3.connectionpool][DEBUG] - https://api.wandb.ai:443 "POST /graphql HTTP/11" 200 None
[2025-07-10 23:02:16,231][root][INFO] - Eval at 15163392 steps.
[2025-07-10 23:03:23,497][root][INFO] - Eval at 15572992 steps.
[2025-07-10 23:04:31,484][root][INFO] - Eval at 15982592 steps.
[2025-07-10 23:04:48,927][urllib3.connectionpool][DEBUG] - Starting new HTTPS connection (1): api.wandb.ai:443
[2025-07-10 23:04:49,111][urllib3.connectionpool][DEBUG] - https://api.wandb.ai:443 "POST /graphql HTTP/11" 200 None
[2025-07-10 23:05:39,913][root][INFO] - Eval at 16392192 steps.
[2025-07-10 23:05:57,991][root][INFO] - Saved checkpoint to /home/alesr/Repositories/Omnidrones-PEG/wandb/run-20250710_221606-1l3pdcxp/files/checkpoint_16392192.pt
[2025-07-10 23:05:58,010][urllib3.connectionpool][DEBUG] - Starting new HTTPS connection (1): api.wandb.ai:443
[2025-07-10 23:05:58,190][urllib3.connectionpool][DEBUG] - https://api.wandb.ai:443 "POST /graphql HTTP/11" 200 None
[2025-07-10 23:06:49,169][root][INFO] - Eval at 16801792 steps.
[2025-07-10 23:07:58,680][root][INFO] - Eval at 17211392 steps.
[2025-07-10 23:09:05,382][urllib3.connectionpool][DEBUG] - Starting new HTTPS connection (1): api.wandb.ai:443
[2025-07-10 23:09:05,587][urllib3.connectionpool][DEBUG] - https://api.wandb.ai:443 "POST /graphql HTTP/11" 200 None
[2025-07-10 23:09:57,180][root][INFO] - Eval at 17620992 steps.
[2025-07-10 23:11:06,570][root][INFO] - Eval at 18030592 steps.
[2025-07-10 23:11:24,666][root][INFO] - Saved checkpoint to /home/alesr/Repositories/Omnidrones-PEG/wandb/run-20250710_221606-1l3pdcxp/files/checkpoint_18030592.pt
[2025-07-10 23:11:24,686][urllib3.connectionpool][DEBUG] - Starting new HTTPS connection (1): api.wandb.ai:443
[2025-07-10 23:11:24,870][urllib3.connectionpool][DEBUG] - https://api.wandb.ai:443 "POST /graphql HTTP/11" 200 None
[2025-07-10 23:12:15,735][root][INFO] - Eval at 18440192 steps.
[2025-07-10 23:13:24,707][root][INFO] - Eval at 18849792 steps.
[2025-07-10 23:14:34,298][root][INFO] - Eval at 19259392 steps.
[2025-07-10 23:15:50,558][root][INFO] - Eval at 19668992 steps.
[2025-07-10 23:16:55,553][root][INFO] - Saved checkpoint to /home/alesr/Repositories/Omnidrones-PEG/wandb/run-20250710_221606-1l3pdcxp/files/checkpoint_19668992.pt
[2025-07-10 23:16:55,576][urllib3.connectionpool][DEBUG] - Starting new HTTPS connection (1): api.wandb.ai:443
[2025-07-10 23:16:55,782][urllib3.connectionpool][DEBUG] - https://api.wandb.ai:443 "POST /graphql HTTP/11" 200 None
[2025-07-10 23:17:38,083][root][INFO] - Final Eval at 19996672 steps.
[2025-07-10 23:18:43,339][urllib3.connectionpool][DEBUG] - Starting new HTTPS connection (1): api.wandb.ai:443
[2025-07-10 23:18:43,537][urllib3.connectionpool][DEBUG] - https://api.wandb.ai:443 "POST /graphql HTTP/11" 200 None
[2025-07-10 23:18:43,542][root][INFO] - Saved checkpoint to /home/alesr/Repositories/Omnidrones-PEG/wandb/run-20250710_221606-1l3pdcxp/files/checkpoint_final.pt
