[2025-07-14 17:07:49,222][asyncio][DEBUG] - Using selector: EpollSelector
[2025-07-14 17:07:49,928][omni.kit.telemetry.impl.sentry_extension][INFO] - sentry is disabled for external build
[2025-07-14 17:07:49,929][omni.kit.telemetry.impl.sentry_extension][INFO] - sentry is disabled for external build
[2025-07-14 17:07:50,817][AutoNode][DEBUG] - Defining data type 'any' as 'Any'
[2025-07-14 17:07:50,818][AutoNode][DEBUG] - Defining data type 'bool' as 'Bool' and array 'BoolArray
[2025-07-14 17:07:50,818][AutoNode][DEBUG] - Defining data type 'bundle' as 'Bundle'
[2025-07-14 17:07:50,818][AutoNode][DEBUG] - Defining data type 'colord[3]' as 'Color3d' and array 'Color3dArray
[2025-07-14 17:07:50,818][AutoNode][DEBUG] - Defining data type 'colorf[3]' as 'Color3f' and array 'Color3fArray
[2025-07-14 17:07:50,818][AutoNode][DEBUG] - Defining data type 'colorh[3]' as 'Color3h' and array 'Color3hArray
[2025-07-14 17:07:50,818][AutoNode][DEBUG] - Defining data type 'colord[4]' as 'Color4d' and array 'Color4dArray
[2025-07-14 17:07:50,818][AutoNode][DEBUG] - Defining data type 'colorf[4]' as 'Color4f' and array 'Color4fArray
[2025-07-14 17:07:50,818][AutoNode][DEBUG] - Defining data type 'colorh[4]' as 'Color4h' and array 'Color4hArray
[2025-07-14 17:07:50,818][AutoNode][DEBUG] - Defining data type 'double' as 'Double' and array 'DoubleArray
[2025-07-14 17:07:50,819][AutoNode][DEBUG] - Defining data type 'double[2]' as 'Double2' and array 'Double2Array
[2025-07-14 17:07:50,819][AutoNode][DEBUG] - Defining data type 'double[3]' as 'Double3' and array 'Double3Array
[2025-07-14 17:07:50,819][AutoNode][DEBUG] - Defining data type 'double[4]' as 'Double4' and array 'Double4Array
[2025-07-14 17:07:50,819][AutoNode][DEBUG] - Defining data type 'execution' as 'Execution'
[2025-07-14 17:07:50,819][AutoNode][DEBUG] - Defining data type 'float' as 'Float' and array 'FloatArray
[2025-07-14 17:07:50,819][AutoNode][DEBUG] - Defining data type 'float[2]' as 'Float2' and array 'Float2Array
[2025-07-14 17:07:50,819][AutoNode][DEBUG] - Defining data type 'float[3]' as 'Float3' and array 'Float3Array
[2025-07-14 17:07:50,819][AutoNode][DEBUG] - Defining data type 'float[4]' as 'Float4' and array 'Float4Array
[2025-07-14 17:07:50,819][AutoNode][DEBUG] - Defining data type 'frame[4]' as 'Frame' and array 'FrameArray
[2025-07-14 17:07:50,819][AutoNode][DEBUG] - Defining data type 'half' as 'Half' and array 'HalfArray
[2025-07-14 17:07:50,819][AutoNode][DEBUG] - Defining data type 'half[2]' as 'Half2' and array 'Half2Array
[2025-07-14 17:07:50,820][AutoNode][DEBUG] - Defining data type 'half[3]' as 'Half3' and array 'Half3Array
[2025-07-14 17:07:50,820][AutoNode][DEBUG] - Defining data type 'half[4]' as 'Half4' and array 'Half4Array
[2025-07-14 17:07:50,820][AutoNode][DEBUG] - Defining data type 'int' as 'Int' and array 'IntArray
[2025-07-14 17:07:50,820][AutoNode][DEBUG] - Defining data type 'int[2]' as 'Int2' and array 'Int2Array
[2025-07-14 17:07:50,820][AutoNode][DEBUG] - Defining data type 'int[3]' as 'Int3' and array 'Int3Array
[2025-07-14 17:07:50,820][AutoNode][DEBUG] - Defining data type 'int[4]' as 'Int4' and array 'Int4Array
[2025-07-14 17:07:50,820][AutoNode][DEBUG] - Defining data type 'int64' as 'Int64' and array 'Int64Array
[2025-07-14 17:07:50,820][AutoNode][DEBUG] - Defining data type 'matrixd[2]' as 'Matrix2d' and array 'Matrix2dArray
[2025-07-14 17:07:50,820][AutoNode][DEBUG] - Defining data type 'matrixd[3]' as 'Matrix3d' and array 'Matrix3dArray
[2025-07-14 17:07:50,820][AutoNode][DEBUG] - Defining data type 'matrixd[4]' as 'Matrix4d' and array 'Matrix4dArray
[2025-07-14 17:07:50,820][AutoNode][DEBUG] - Defining data type 'normald[3]' as 'Normal3d' and array 'Normal3dArray
[2025-07-14 17:07:50,821][AutoNode][DEBUG] - Defining data type 'normalf[3]' as 'Normal3f' and array 'Normal3fArray
[2025-07-14 17:07:50,821][AutoNode][DEBUG] - Defining data type 'normalh[3]' as 'Normal3h' and array 'Normal3hArray
[2025-07-14 17:07:50,821][AutoNode][DEBUG] - Defining data type 'objectId' as 'ObjectId' and array 'ObjectIdArray
[2025-07-14 17:07:50,821][AutoNode][DEBUG] - Defining data type 'path' as 'Path'
[2025-07-14 17:07:50,821][AutoNode][DEBUG] - Defining data type 'pointd[3]' as 'Point3d' and array 'Point3dArray
[2025-07-14 17:07:50,821][AutoNode][DEBUG] - Defining data type 'pointf[3]' as 'Point3f' and array 'Point3fArray
[2025-07-14 17:07:50,821][AutoNode][DEBUG] - Defining data type 'pointh[3]' as 'Point3h' and array 'Point3hArray
[2025-07-14 17:07:50,821][AutoNode][DEBUG] - Defining data type 'quatd[4]' as 'Quatd' and array 'QuatdArray
[2025-07-14 17:07:50,821][AutoNode][DEBUG] - Defining data type 'quatf[4]' as 'Quatf' and array 'QuatfArray
[2025-07-14 17:07:50,821][AutoNode][DEBUG] - Defining data type 'quath[4]' as 'Quath' and array 'QuathArray
[2025-07-14 17:07:50,821][AutoNode][DEBUG] - Defining data type 'string' as 'String'
[2025-07-14 17:07:50,821][AutoNode][DEBUG] - Defining data type 'target' as 'Target'
[2025-07-14 17:07:50,822][AutoNode][DEBUG] - Defining data type 'texcoordd[2]' as 'TexCoord2d' and array 'TexCoord2dArray
[2025-07-14 17:07:50,822][AutoNode][DEBUG] - Defining data type 'texcoordf[2]' as 'TexCoord2f' and array 'TexCoord2fArray
[2025-07-14 17:07:50,822][AutoNode][DEBUG] - Defining data type 'texcoordh[2]' as 'TexCoord2h' and array 'TexCoord2hArray
[2025-07-14 17:07:50,822][AutoNode][DEBUG] - Defining data type 'texcoordd[3]' as 'TexCoord3d' and array 'TexCoord3dArray
[2025-07-14 17:07:50,822][AutoNode][DEBUG] - Defining data type 'texcoordf[3]' as 'TexCoord3f' and array 'TexCoord3fArray
[2025-07-14 17:07:50,822][AutoNode][DEBUG] - Defining data type 'texcoordh[3]' as 'TexCoord3h' and array 'TexCoord3hArray
[2025-07-14 17:07:50,822][AutoNode][DEBUG] - Defining data type 'timecode' as 'Timecode' and array 'TimecodeArray
[2025-07-14 17:07:50,822][AutoNode][DEBUG] - Defining data type 'token' as 'Token' and array 'TokenArray
[2025-07-14 17:07:50,822][AutoNode][DEBUG] - Defining data type 'uchar' as 'UChar' and array 'UCharArray
[2025-07-14 17:07:50,822][AutoNode][DEBUG] - Defining data type 'uint' as 'UInt' and array 'UIntArray
[2025-07-14 17:07:50,822][AutoNode][DEBUG] - Defining data type 'uint64' as 'UInt64' and array 'UInt64Array
[2025-07-14 17:07:50,823][AutoNode][DEBUG] - Defining data type 'vectord[3]' as 'Vector3d' and array 'Vector3dArray
[2025-07-14 17:07:50,823][AutoNode][DEBUG] - Defining data type 'vectorf[3]' as 'Vector3f' and array 'Vector3fArray
[2025-07-14 17:07:50,823][AutoNode][DEBUG] - Defining data type 'vectorh[3]' as 'Vector3h' and array 'Vector3hArray
[2025-07-14 17:07:53,627][omni.kit.profiler.window][WARNING] - remove _SpanInstance.__lt__ and use insort 'key' arg instead
[2025-07-14 17:07:57,273][git.cmd][DEBUG] - Popen(['git', 'rev-parse', '--show-toplevel'], cwd=/home/alesr/Repositories/Omnidrones-PEG, stdin=None, shell=False, universal_newlines=False)
[2025-07-14 17:07:57,411][urllib3.connectionpool][DEBUG] - Starting new HTTPS connection (1): api.wandb.ai:443
[2025-07-14 17:07:57,600][urllib3.connectionpool][DEBUG] - https://api.wandb.ai:443 "POST /graphql HTTP/11" 200 None
[2025-07-14 17:07:57,605][urllib3.connectionpool][DEBUG] - Starting new HTTPS connection (1): api.wandb.ai:443
[2025-07-14 17:07:57,794][urllib3.connectionpool][DEBUG] - https://api.wandb.ai:443 "POST /graphql HTTP/11" 200 None
[2025-07-14 17:07:57,828][git.cmd][DEBUG] - Popen(['git', 'cat-file', '--batch-check'], cwd=/home/alesr/Repositories/Omnidrones-PEG, stdin=<valid stream>, shell=False, universal_newlines=False)
[2025-07-14 17:08:02,220][root][INFO] - Reading pursuer's params from /home/alesr/Repositories/Omnidrones-PEG/omni_drones/robots/assets/usd/hummingbird.yaml.
[2025-07-14 17:08:02,243][root][INFO] - Reading evader's params from /home/alesr/Repositories/Omnidrones-PEG/omni_drones/robots/assets/usd/hummingbird.yaml.
[2025-07-14 17:08:08,421][root][INFO] - Default parameters:
Mass: [[0.6800000071525574]]
Inertia: [[0.007000000681728125, 0.007000000681728125, 0.011999999172985554]]
Thrust2Weight: [[0.8999204039573669, 0.8999204039573669, 0.8999204039573669, 0.8999204039573669]]
Force2Moment: [[62.499996185302734, 62.499996185302734, 62.499996185302734, 62.499996185302734]]
[2025-07-14 17:08:09,411][root][INFO] - Default parameters:
Mass: [[0.6800000071525574]]
Inertia: [[0.007000000681728125, 0.007000000681728125, 0.011999999172985554]]
Thrust2Weight: [[0.8999204039573669, 0.8999204039573669, 0.8999204039573669, 0.8999204039573669]]
Force2Moment: [[62.499996185302734, 62.499996185302734, 62.499996185302734, 62.499996185302734]]
[2025-07-14 17:08:09,447][root][INFO] - Setup randomization:
{'train': {'drag_coef': Uniform(low: 0.0, high: 0.12399999797344208),
           'force2moment': Uniform(low: torch.Size([1, 4]), high: torch.Size([1, 4])),
           'inertia': Uniform(low: torch.Size([1, 3]), high: torch.Size([1, 3])),
           'mass': Uniform(low: tensor([[0.1768]], device='cuda:0'), high: tensor([[1.1832]], device='cuda:0')),
           'thrust2weight': Uniform(low: torch.Size([1, 4]), high: torch.Size([1, 4]))}}
[2025-07-14 17:08:09,451][root][INFO] - Setup randomization:
{'train': {'drag_coef': Uniform(low: 0.0, high: 0.12399999797344208),
           'force2moment': Uniform(low: torch.Size([1, 4]), high: torch.Size([1, 4])),
           'inertia': Uniform(low: torch.Size([1, 3]), high: torch.Size([1, 3])),
           'mass': Uniform(low: tensor([[0.1768]], device='cuda:0'), high: tensor([[1.1832]], device='cuda:0')),
           'thrust2weight': Uniform(low: torch.Size([1, 4]), high: torch.Size([1, 4]))}}
[2025-07-14 17:08:09,561][urllib3.connectionpool][DEBUG] - Starting new HTTPS connection (1): api.wandb.ai:443
[2025-07-14 17:08:09,787][urllib3.connectionpool][DEBUG] - https://api.wandb.ai:443 "POST /graphql HTTP/11" 200 None
[2025-07-14 17:08:09,791][urllib3.connectionpool][DEBUG] - Starting new HTTPS connection (1): api.wandb.ai:443
[2025-07-14 17:08:09,972][urllib3.connectionpool][DEBUG] - https://api.wandb.ai:443 "POST /graphql HTTP/11" 200 None
[2025-07-14 17:08:09,976][urllib3.connectionpool][DEBUG] - Starting new HTTPS connection (1): api.wandb.ai:443
[2025-07-14 17:08:10,247][urllib3.connectionpool][DEBUG] - https://api.wandb.ai:443 "POST /graphql HTTP/11" 200 None
[2025-07-14 17:08:10,251][urllib3.connectionpool][DEBUG] - Starting new HTTPS connection (1): api.wandb.ai:443
[2025-07-14 17:08:10,463][urllib3.connectionpool][DEBUG] - https://api.wandb.ai:443 "POST /graphql HTTP/11" 200 None
[2025-07-14 17:08:10,468][urllib3.connectionpool][DEBUG] - Starting new HTTPS connection (1): storage.googleapis.com:443
[2025-07-14 17:08:10,670][urllib3.connectionpool][DEBUG] - https://storage.googleapis.com:443 "GET /wandb-production.appspot.com/alesr_kth/PEG/6lkpg5o3/artifact/1879477917/wandb_manifest.json?X-Goog-Algorithm=GOOG4-RSA-SHA256&X-Goog-Credential=gorilla-files-url-signer-man%40wandb-production.iam.gserviceaccount.com%2F20250714%2Fauto%2Fstorage%2Fgoog4_request&X-Goog-Date=20250714T150810Z&X-Goog-Expires=3599&X-Goog-Signature=984c80ce715f7fa644e40ef67bbf66045fe7c5bc988cc77c9e8f268794b76c11cc7ff32a33d5ceb544c67b948dfb2d60719bb18867921747c93f8bd6ee59cec8b92ae2e23361bc18112b32434b5ce0e850ec3089a7c8417da80ce419f1b851217b4d3367b88d0f2e99cc78c94da943c61f68f9f4392bfc7697ef9c2bd0f2bead3417e1e81bf451b9af78d3ee810877b4ffd26e527f7df3ef90c1cbff2dbdad80e13b345a5067856151b58a036815d83f7a1c7caf72c882cac000f997d5c315ca25ffed953635a05fb4e9ef5f8634f406ddfe5d9f02aa663c26ebd10caf0b6b29b4af4eca4fcb992188944ec7dd6086768e4cf762aab338ddf9621278d3ed91fc&X-Goog-SignedHeaders=host&X-User=alesr HTTP/11" 200 343
[2025-07-14 17:08:10,718][urllib3.connectionpool][DEBUG] - Starting new HTTPS connection (1): api.wandb.ai:443
[2025-07-14 17:08:11,028][urllib3.connectionpool][DEBUG] - https://api.wandb.ai:443 "POST /graphql HTTP/11" 200 None
[2025-07-14 17:08:11,032][urllib3.connectionpool][DEBUG] - Starting new HTTPS connection (1): api.wandb.ai:443
[2025-07-14 17:08:11,207][urllib3.connectionpool][DEBUG] - https://api.wandb.ai:443 "POST /graphql HTTP/11" 200 None
[2025-07-14 17:08:11,211][urllib3.connectionpool][DEBUG] - Starting new HTTPS connection (1): api.wandb.ai:443
[2025-07-14 17:08:11,520][urllib3.connectionpool][DEBUG] - https://api.wandb.ai:443 "POST /graphql HTTP/11" 200 None
[2025-07-14 17:08:11,525][urllib3.connectionpool][DEBUG] - Starting new HTTPS connection (1): api.wandb.ai:443
[2025-07-14 17:08:11,734][urllib3.connectionpool][DEBUG] - https://api.wandb.ai:443 "POST /graphql HTTP/11" 200 None
[2025-07-14 17:08:11,738][urllib3.connectionpool][DEBUG] - Starting new HTTPS connection (1): storage.googleapis.com:443
[2025-07-14 17:08:11,984][urllib3.connectionpool][DEBUG] - https://storage.googleapis.com:443 "GET /wandb-production.appspot.com/alesr_kth/PEG/22dto015/artifact/1879337876/wandb_manifest.json?X-Goog-Algorithm=GOOG4-RSA-SHA256&X-Goog-Credential=gorilla-files-url-signer-man%40wandb-production.iam.gserviceaccount.com%2F20250714%2Fauto%2Fstorage%2Fgoog4_request&X-Goog-Date=20250714T150811Z&X-Goog-Expires=3599&X-Goog-Signature=26f91d6170bbc1a5f79c68097c6e7520b39fa7b44f9ea7ac8855fc463fbc53548e3cf763dc94b35daa1b3d0f65fcde73898b77f1e5bf9ad381bebe5da25fecf7119ee2cb1e77addfd3e46a146b9116e3ac311a8c7c54e71caa470ecd9ad5417735afff15f91633d090ae6b632944e625208b335d9b16922ab183553708800bdb0a3d1690b0e80fcbc79c79002be0a8ec13506087c3f8288c666fbe1ab5e3ab30c87dc9baf7ac7e3686451083e9dc94efda8581c7532445618207dafef962d3ad5694f906841e5924cfe8ce9be19d8e835d91d8eb85ba9ec430f14e2856d8cadd91ee10d86b73fdcb1ee2ec71d5b995782c168143e51c3a1f40dafe54d6cadf4e&X-Goog-SignedHeaders=host&X-User=alesr HTTP/11" 200 343
[2025-07-14 17:08:13,239][root][INFO] - Eval at 8192 steps.
[2025-07-14 17:09:10,422][root][INFO] - Saved checkpoint to /home/alesr/Repositories/Omnidrones-PEG/wandb/run-20250714_170757-yvsazt1t/files/checkpoint_8192.pt
[2025-07-14 17:09:10,446][urllib3.connectionpool][DEBUG] - Starting new HTTPS connection (1): api.wandb.ai:443
[2025-07-14 17:09:10,984][urllib3.connectionpool][DEBUG] - https://api.wandb.ai:443 "POST /graphql HTTP/11" 200 None
[2025-07-14 17:10:24,536][root][INFO] - Eval at 417792 steps.
[2025-07-14 17:11:55,896][root][INFO] - Eval at 827392 steps.
[2025-07-14 17:12:14,649][root][INFO] - Saved checkpoint to /home/alesr/Repositories/Omnidrones-PEG/wandb/run-20250714_170757-yvsazt1t/files/checkpoint_827392.pt
[2025-07-14 17:12:14,664][urllib3.connectionpool][DEBUG] - Starting new HTTPS connection (1): api.wandb.ai:443
[2025-07-14 17:12:14,847][urllib3.connectionpool][DEBUG] - https://api.wandb.ai:443 "POST /graphql HTTP/11" 200 None
[2025-07-14 17:13:20,835][root][INFO] - Eval at 1236992 steps.
[2025-07-14 17:14:45,591][root][INFO] - Eval at 1646592 steps.
[2025-07-14 17:15:04,704][root][INFO] - Saved checkpoint to /home/alesr/Repositories/Omnidrones-PEG/wandb/run-20250714_170757-yvsazt1t/files/checkpoint_1646592.pt
[2025-07-14 17:15:04,728][urllib3.connectionpool][DEBUG] - Starting new HTTPS connection (1): api.wandb.ai:443
[2025-07-14 17:15:04,941][urllib3.connectionpool][DEBUG] - https://api.wandb.ai:443 "POST /graphql HTTP/11" 200 None
[2025-07-14 17:16:11,879][root][INFO] - Eval at 2056192 steps.
[2025-07-14 17:16:30,183][root][INFO] - Saved best checkpoint to /home/alesr/Repositories/Omnidrones-PEG/wandb/run-20250714_170757-yvsazt1t/files/checkpoint_best.pt
[2025-07-14 17:16:30,197][urllib3.connectionpool][DEBUG] - Starting new HTTPS connection (1): api.wandb.ai:443
[2025-07-14 17:16:30,440][urllib3.connectionpool][DEBUG] - https://api.wandb.ai:443 "POST /graphql HTTP/11" 200 None
[2025-07-14 17:17:37,334][root][INFO] - Eval at 2465792 steps.
[2025-07-14 17:18:30,741][root][INFO] - Saved checkpoint to /home/alesr/Repositories/Omnidrones-PEG/wandb/run-20250714_170757-yvsazt1t/files/checkpoint_2465792.pt
[2025-07-14 17:18:30,764][urllib3.connectionpool][DEBUG] - Starting new HTTPS connection (1): api.wandb.ai:443
[2025-07-14 17:18:30,965][urllib3.connectionpool][DEBUG] - https://api.wandb.ai:443 "POST /graphql HTTP/11" 200 None
[2025-07-14 17:19:39,189][root][INFO] - Eval at 2875392 steps.
[2025-07-14 17:19:57,724][root][INFO] - Saved best checkpoint to /home/alesr/Repositories/Omnidrones-PEG/wandb/run-20250714_170757-yvsazt1t/files/checkpoint_best.pt
[2025-07-14 17:19:57,738][urllib3.connectionpool][DEBUG] - Starting new HTTPS connection (1): api.wandb.ai:443
[2025-07-14 17:19:57,922][urllib3.connectionpool][DEBUG] - https://api.wandb.ai:443 "POST /graphql HTTP/11" 200 None
[2025-07-14 17:21:04,208][root][INFO] - Eval at 3284992 steps.
[2025-07-14 17:21:24,189][root][INFO] - Saved checkpoint to /home/alesr/Repositories/Omnidrones-PEG/wandb/run-20250714_170757-yvsazt1t/files/checkpoint_3284992.pt
[2025-07-14 17:21:24,212][urllib3.connectionpool][DEBUG] - Starting new HTTPS connection (1): api.wandb.ai:443
[2025-07-14 17:21:24,418][urllib3.connectionpool][DEBUG] - https://api.wandb.ai:443 "POST /graphql HTTP/11" 200 None
[2025-07-14 17:22:33,583][root][INFO] - Eval at 3694592 steps.
[2025-07-14 17:24:03,748][root][INFO] - Eval at 4104192 steps.
[2025-07-14 17:24:21,586][root][INFO] - Saved checkpoint to /home/alesr/Repositories/Omnidrones-PEG/wandb/run-20250714_170757-yvsazt1t/files/checkpoint_4104192.pt
[2025-07-14 17:24:21,608][urllib3.connectionpool][DEBUG] - Starting new HTTPS connection (1): api.wandb.ai:443
[2025-07-14 17:24:21,813][urllib3.connectionpool][DEBUG] - https://api.wandb.ai:443 "POST /graphql HTTP/11" 200 None
[2025-07-14 17:25:26,806][root][INFO] - Eval at 4513792 steps.
[2025-07-14 17:26:49,739][root][INFO] - Eval at 4923392 steps.
[2025-07-14 17:27:42,631][root][INFO] - Saved checkpoint to /home/alesr/Repositories/Omnidrones-PEG/wandb/run-20250714_170757-yvsazt1t/files/checkpoint_4923392.pt
[2025-07-14 17:27:42,653][urllib3.connectionpool][DEBUG] - Starting new HTTPS connection (1): api.wandb.ai:443
[2025-07-14 17:27:42,834][urllib3.connectionpool][DEBUG] - https://api.wandb.ai:443 "POST /graphql HTTP/11" 200 None
[2025-07-14 17:28:50,007][root][INFO] - Eval at 5332992 steps.
[2025-07-14 17:30:13,508][root][INFO] - Eval at 5742592 steps.
[2025-07-14 17:30:31,771][root][INFO] - Saved checkpoint to /home/alesr/Repositories/Omnidrones-PEG/wandb/run-20250714_170757-yvsazt1t/files/checkpoint_5742592.pt
[2025-07-14 17:30:31,785][urllib3.connectionpool][DEBUG] - Starting new HTTPS connection (1): api.wandb.ai:443
[2025-07-14 17:30:31,986][urllib3.connectionpool][DEBUG] - https://api.wandb.ai:443 "POST /graphql HTTP/11" 200 None
[2025-07-14 17:31:36,556][root][INFO] - Eval at 6152192 steps.
[2025-07-14 17:31:54,730][root][INFO] - Saved best checkpoint to /home/alesr/Repositories/Omnidrones-PEG/wandb/run-20250714_170757-yvsazt1t/files/checkpoint_best.pt
[2025-07-14 17:31:54,745][urllib3.connectionpool][DEBUG] - Starting new HTTPS connection (1): api.wandb.ai:443
[2025-07-14 17:31:54,987][urllib3.connectionpool][DEBUG] - https://api.wandb.ai:443 "POST /graphql HTTP/11" 200 None
[2025-07-14 17:32:58,961][root][INFO] - Eval at 6561792 steps.
[2025-07-14 17:33:17,474][root][INFO] - Saved checkpoint to /home/alesr/Repositories/Omnidrones-PEG/wandb/run-20250714_170757-yvsazt1t/files/checkpoint_6561792.pt
[2025-07-14 17:33:17,497][urllib3.connectionpool][DEBUG] - Starting new HTTPS connection (1): api.wandb.ai:443
[2025-07-14 17:33:17,697][urllib3.connectionpool][DEBUG] - https://api.wandb.ai:443 "POST /graphql HTTP/11" 200 None
[2025-07-14 17:34:21,948][root][INFO] - Eval at 6971392 steps.
[2025-07-14 17:35:44,488][root][INFO] - Eval at 7380992 steps.
[2025-07-14 17:36:37,298][root][INFO] - Saved checkpoint to /home/alesr/Repositories/Omnidrones-PEG/wandb/run-20250714_170757-yvsazt1t/files/checkpoint_7380992.pt
[2025-07-14 17:36:37,322][urllib3.connectionpool][DEBUG] - Starting new HTTPS connection (1): api.wandb.ai:443
[2025-07-14 17:36:37,544][urllib3.connectionpool][DEBUG] - https://api.wandb.ai:443 "POST /graphql HTTP/11" 200 None
[2025-07-14 17:37:42,828][root][INFO] - Eval at 7790592 steps.
[2025-07-14 17:39:06,845][root][INFO] - Eval at 8200192 steps.
[2025-07-14 17:39:24,787][root][INFO] - Saved checkpoint to /home/alesr/Repositories/Omnidrones-PEG/wandb/run-20250714_170757-yvsazt1t/files/checkpoint_8200192.pt
[2025-07-14 17:39:24,809][urllib3.connectionpool][DEBUG] - Starting new HTTPS connection (1): api.wandb.ai:443
[2025-07-14 17:39:24,997][urllib3.connectionpool][DEBUG] - https://api.wandb.ai:443 "POST /graphql HTTP/11" 200 None
[2025-07-14 17:40:30,646][root][INFO] - Eval at 8609792 steps.
[2025-07-14 17:41:52,768][root][INFO] - Eval at 9019392 steps.
[2025-07-14 17:42:10,864][root][INFO] - Saved checkpoint to /home/alesr/Repositories/Omnidrones-PEG/wandb/run-20250714_170757-yvsazt1t/files/checkpoint_9019392.pt
[2025-07-14 17:42:10,886][urllib3.connectionpool][DEBUG] - Starting new HTTPS connection (1): api.wandb.ai:443
[2025-07-14 17:42:11,096][urllib3.connectionpool][DEBUG] - https://api.wandb.ai:443 "POST /graphql HTTP/11" 200 None
[2025-07-14 17:43:16,498][root][INFO] - Eval at 9428992 steps.
[2025-07-14 17:43:34,570][root][INFO] - Saved best checkpoint to /home/alesr/Repositories/Omnidrones-PEG/wandb/run-20250714_170757-yvsazt1t/files/checkpoint_best.pt
[2025-07-14 17:43:34,589][urllib3.connectionpool][DEBUG] - Starting new HTTPS connection (1): api.wandb.ai:443
[2025-07-14 17:43:34,772][urllib3.connectionpool][DEBUG] - https://api.wandb.ai:443 "POST /graphql HTTP/11" 200 None
[2025-07-14 17:44:39,483][root][INFO] - Eval at 9838592 steps.
[2025-07-14 17:45:33,039][root][INFO] - Saved checkpoint to /home/alesr/Repositories/Omnidrones-PEG/wandb/run-20250714_170757-yvsazt1t/files/checkpoint_9838592.pt
[2025-07-14 17:45:33,064][urllib3.connectionpool][DEBUG] - Starting new HTTPS connection (1): api.wandb.ai:443
[2025-07-14 17:45:33,282][urllib3.connectionpool][DEBUG] - https://api.wandb.ai:443 "POST /graphql HTTP/11" 200 None
[2025-07-14 17:46:39,083][root][INFO] - Eval at 10248192 steps.
[2025-07-14 17:48:14,369][root][INFO] - Eval at 10657792 steps.
[2025-07-14 17:48:33,498][root][INFO] - Saved checkpoint to /home/alesr/Repositories/Omnidrones-PEG/wandb/run-20250714_170757-yvsazt1t/files/checkpoint_10657792.pt
[2025-07-14 17:48:33,521][urllib3.connectionpool][DEBUG] - Starting new HTTPS connection (1): api.wandb.ai:443
[2025-07-14 17:48:33,720][urllib3.connectionpool][DEBUG] - https://api.wandb.ai:443 "POST /graphql HTTP/11" 200 None
[2025-07-14 17:49:41,649][root][INFO] - Eval at 11067392 steps.
[2025-07-14 17:50:00,269][root][INFO] - Saved best checkpoint to /home/alesr/Repositories/Omnidrones-PEG/wandb/run-20250714_170757-yvsazt1t/files/checkpoint_best.pt
[2025-07-14 17:50:00,284][urllib3.connectionpool][DEBUG] - Starting new HTTPS connection (1): api.wandb.ai:443
[2025-07-14 17:50:00,556][urllib3.connectionpool][DEBUG] - https://api.wandb.ai:443 "POST /graphql HTTP/11" 200 None
[2025-07-14 17:51:06,948][root][INFO] - Eval at 11476992 steps.
[2025-07-14 17:51:25,362][root][INFO] - Saved checkpoint to /home/alesr/Repositories/Omnidrones-PEG/wandb/run-20250714_170757-yvsazt1t/files/checkpoint_11476992.pt
[2025-07-14 17:51:25,385][urllib3.connectionpool][DEBUG] - Starting new HTTPS connection (1): api.wandb.ai:443
[2025-07-14 17:51:25,588][urllib3.connectionpool][DEBUG] - https://api.wandb.ai:443 "POST /graphql HTTP/11" 200 None
[2025-07-14 17:52:31,217][root][INFO] - Eval at 11886592 steps.
[2025-07-14 17:53:57,731][root][INFO] - Eval at 12296192 steps.
[2025-07-14 17:54:52,104][root][INFO] - Saved checkpoint to /home/alesr/Repositories/Omnidrones-PEG/wandb/run-20250714_170757-yvsazt1t/files/checkpoint_12296192.pt
[2025-07-14 17:54:52,119][urllib3.connectionpool][DEBUG] - Starting new HTTPS connection (1): api.wandb.ai:443
[2025-07-14 17:55:02,360][urllib3.connectionpool][DEBUG] - Starting new HTTPS connection (1): api.wandb.ai:443
[2025-07-14 17:55:02,582][urllib3.connectionpool][DEBUG] - https://api.wandb.ai:443 "POST /graphql HTTP/11" 200 None
[2025-07-14 17:56:09,986][root][INFO] - Eval at 12705792 steps.
[2025-07-14 17:57:34,291][root][INFO] - Eval at 13115392 steps.
[2025-07-14 17:57:52,524][root][INFO] - Saved checkpoint to /home/alesr/Repositories/Omnidrones-PEG/wandb/run-20250714_170757-yvsazt1t/files/checkpoint_13115392.pt
[2025-07-14 17:57:52,547][urllib3.connectionpool][DEBUG] - Starting new HTTPS connection (1): api.wandb.ai:443
[2025-07-14 17:57:52,730][urllib3.connectionpool][DEBUG] - https://api.wandb.ai:443 "POST /graphql HTTP/11" 200 None
[2025-07-14 17:58:57,257][root][INFO] - Eval at 13524992 steps.
[2025-07-14 18:00:20,348][root][INFO] - Eval at 13934592 steps.
[2025-07-14 18:00:39,219][root][INFO] - Saved checkpoint to /home/alesr/Repositories/Omnidrones-PEG/wandb/run-20250714_170757-yvsazt1t/files/checkpoint_13934592.pt
[2025-07-14 18:00:39,242][urllib3.connectionpool][DEBUG] - Starting new HTTPS connection (1): api.wandb.ai:443
[2025-07-14 18:00:39,422][urllib3.connectionpool][DEBUG] - https://api.wandb.ai:443 "POST /graphql HTTP/11" 200 None
[2025-07-14 18:01:44,439][root][INFO] - Eval at 14344192 steps.
[2025-07-14 18:03:08,534][root][INFO] - Eval at 14753792 steps.
[2025-07-14 18:04:05,869][root][INFO] - Saved checkpoint to /home/alesr/Repositories/Omnidrones-PEG/wandb/run-20250714_170757-yvsazt1t/files/checkpoint_14753792.pt
[2025-07-14 18:04:05,895][urllib3.connectionpool][DEBUG] - Starting new HTTPS connection (1): api.wandb.ai:443
[2025-07-14 18:04:06,135][urllib3.connectionpool][DEBUG] - https://api.wandb.ai:443 "POST /graphql HTTP/11" 200 None
[2025-07-14 18:05:12,930][root][INFO] - Eval at 15163392 steps.
[2025-07-14 18:06:38,581][root][INFO] - Eval at 15572992 steps.
[2025-07-14 18:06:58,084][root][INFO] - Saved checkpoint to /home/alesr/Repositories/Omnidrones-PEG/wandb/run-20250714_170757-yvsazt1t/files/checkpoint_15572992.pt
[2025-07-14 18:06:58,106][urllib3.connectionpool][DEBUG] - Starting new HTTPS connection (1): api.wandb.ai:443
[2025-07-14 18:06:58,291][urllib3.connectionpool][DEBUG] - https://api.wandb.ai:443 "POST /graphql HTTP/11" 200 None
[2025-07-14 18:08:04,795][root][INFO] - Eval at 15982592 steps.
[2025-07-14 18:09:28,060][root][INFO] - Eval at 16392192 steps.
[2025-07-14 18:09:46,365][root][INFO] - Saved checkpoint to /home/alesr/Repositories/Omnidrones-PEG/wandb/run-20250714_170757-yvsazt1t/files/checkpoint_16392192.pt
[2025-07-14 18:09:46,388][urllib3.connectionpool][DEBUG] - Starting new HTTPS connection (1): api.wandb.ai:443
[2025-07-14 18:09:46,587][urllib3.connectionpool][DEBUG] - https://api.wandb.ai:443 "POST /graphql HTTP/11" 200 None
[2025-07-14 18:10:53,175][root][INFO] - Eval at 16801792 steps.
[2025-07-14 18:12:17,834][root][INFO] - Eval at 17211392 steps.
[2025-07-14 18:13:14,998][root][INFO] - Saved checkpoint to /home/alesr/Repositories/Omnidrones-PEG/wandb/run-20250714_170757-yvsazt1t/files/checkpoint_17211392.pt
[2025-07-14 18:13:15,018][urllib3.connectionpool][DEBUG] - Starting new HTTPS connection (1): api.wandb.ai:443
[2025-07-14 18:13:15,219][urllib3.connectionpool][DEBUG] - https://api.wandb.ai:443 "POST /graphql HTTP/11" 200 None
[2025-07-14 18:14:31,199][root][INFO] - Eval at 17620992 steps.
[2025-07-14 18:16:00,784][root][INFO] - Eval at 18030592 steps.
[2025-07-14 18:16:19,790][root][INFO] - Saved checkpoint to /home/alesr/Repositories/Omnidrones-PEG/wandb/run-20250714_170757-yvsazt1t/files/checkpoint_18030592.pt
[2025-07-14 18:16:19,812][urllib3.connectionpool][DEBUG] - Starting new HTTPS connection (1): api.wandb.ai:443
[2025-07-14 18:16:20,023][urllib3.connectionpool][DEBUG] - https://api.wandb.ai:443 "POST /graphql HTTP/11" 200 None
[2025-07-14 18:17:27,322][root][INFO] - Eval at 18440192 steps.
[2025-07-14 18:18:54,021][root][INFO] - Eval at 18849792 steps.
[2025-07-14 18:19:13,194][root][INFO] - Saved checkpoint to /home/alesr/Repositories/Omnidrones-PEG/wandb/run-20250714_170757-yvsazt1t/files/checkpoint_18849792.pt
[2025-07-14 18:19:13,216][urllib3.connectionpool][DEBUG] - Starting new HTTPS connection (1): api.wandb.ai:443
[2025-07-14 18:19:13,431][urllib3.connectionpool][DEBUG] - https://api.wandb.ai:443 "POST /graphql HTTP/11" 200 None
[2025-07-14 18:20:19,688][root][INFO] - Eval at 19259392 steps.
[2025-07-14 18:21:45,032][root][INFO] - Eval at 19668992 steps.
[2025-07-14 18:22:38,838][root][INFO] - Saved checkpoint to /home/alesr/Repositories/Omnidrones-PEG/wandb/run-20250714_170757-yvsazt1t/files/checkpoint_19668992.pt
[2025-07-14 18:22:38,861][urllib3.connectionpool][DEBUG] - Starting new HTTPS connection (1): api.wandb.ai:443
[2025-07-14 18:22:39,049][urllib3.connectionpool][DEBUG] - https://api.wandb.ai:443 "POST /graphql HTTP/11" 200 None
[2025-07-14 18:23:34,913][root][INFO] - Final Eval at 19996672 steps.
[2025-07-14 18:24:29,312][urllib3.connectionpool][DEBUG] - Starting new HTTPS connection (1): api.wandb.ai:443
[2025-07-14 18:24:29,529][urllib3.connectionpool][DEBUG] - https://api.wandb.ai:443 "POST /graphql HTTP/11" 200 None
[2025-07-14 18:24:29,537][root][INFO] - Saved checkpoint to /home/alesr/Repositories/Omnidrones-PEG/wandb/run-20250714_170757-yvsazt1t/files/checkpoint_final.pt
