[2025-07-08 14:25:37,430][asyncio][DEBUG] - Using selector: EpollSelector
[2025-07-08 14:25:38,238][omni.kit.telemetry.impl.sentry_extension][INFO] - sentry is disabled for external build
[2025-07-08 14:25:38,239][omni.kit.telemetry.impl.sentry_extension][INFO] - sentry is disabled for external build
[2025-07-08 14:25:39,494][AutoNode][DEBUG] - Defining data type 'any' as 'Any'
[2025-07-08 14:25:39,494][AutoNode][DEBUG] - Defining data type 'bool' as 'Bool' and array 'BoolArray
[2025-07-08 14:25:39,495][AutoNode][DEBUG] - Defining data type 'bundle' as 'Bundle'
[2025-07-08 14:25:39,495][AutoNode][DEBUG] - Defining data type 'colord[3]' as 'Color3d' and array 'Color3dArray
[2025-07-08 14:25:39,495][AutoNode][DEBUG] - Defining data type 'colorf[3]' as 'Color3f' and array 'Color3fArray
[2025-07-08 14:25:39,495][AutoNode][DEBUG] - Defining data type 'colorh[3]' as 'Color3h' and array 'Color3hArray
[2025-07-08 14:25:39,495][AutoNode][DEBUG] - Defining data type 'colord[4]' as 'Color4d' and array 'Color4dArray
[2025-07-08 14:25:39,495][AutoNode][DEBUG] - Defining data type 'colorf[4]' as 'Color4f' and array 'Color4fArray
[2025-07-08 14:25:39,495][AutoNode][DEBUG] - Defining data type 'colorh[4]' as 'Color4h' and array 'Color4hArray
[2025-07-08 14:25:39,495][AutoNode][DEBUG] - Defining data type 'double' as 'Double' and array 'DoubleArray
[2025-07-08 14:25:39,495][AutoNode][DEBUG] - Defining data type 'double[2]' as 'Double2' and array 'Double2Array
[2025-07-08 14:25:39,495][AutoNode][DEBUG] - Defining data type 'double[3]' as 'Double3' and array 'Double3Array
[2025-07-08 14:25:39,495][AutoNode][DEBUG] - Defining data type 'double[4]' as 'Double4' and array 'Double4Array
[2025-07-08 14:25:39,496][AutoNode][DEBUG] - Defining data type 'execution' as 'Execution'
[2025-07-08 14:25:39,496][AutoNode][DEBUG] - Defining data type 'float' as 'Float' and array 'FloatArray
[2025-07-08 14:25:39,496][AutoNode][DEBUG] - Defining data type 'float[2]' as 'Float2' and array 'Float2Array
[2025-07-08 14:25:39,496][AutoNode][DEBUG] - Defining data type 'float[3]' as 'Float3' and array 'Float3Array
[2025-07-08 14:25:39,496][AutoNode][DEBUG] - Defining data type 'float[4]' as 'Float4' and array 'Float4Array
[2025-07-08 14:25:39,496][AutoNode][DEBUG] - Defining data type 'frame[4]' as 'Frame' and array 'FrameArray
[2025-07-08 14:25:39,496][AutoNode][DEBUG] - Defining data type 'half' as 'Half' and array 'HalfArray
[2025-07-08 14:25:39,496][AutoNode][DEBUG] - Defining data type 'half[2]' as 'Half2' and array 'Half2Array
[2025-07-08 14:25:39,496][AutoNode][DEBUG] - Defining data type 'half[3]' as 'Half3' and array 'Half3Array
[2025-07-08 14:25:39,496][AutoNode][DEBUG] - Defining data type 'half[4]' as 'Half4' and array 'Half4Array
[2025-07-08 14:25:39,496][AutoNode][DEBUG] - Defining data type 'int' as 'Int' and array 'IntArray
[2025-07-08 14:25:39,497][AutoNode][DEBUG] - Defining data type 'int[2]' as 'Int2' and array 'Int2Array
[2025-07-08 14:25:39,497][AutoNode][DEBUG] - Defining data type 'int[3]' as 'Int3' and array 'Int3Array
[2025-07-08 14:25:39,497][AutoNode][DEBUG] - Defining data type 'int[4]' as 'Int4' and array 'Int4Array
[2025-07-08 14:25:39,497][AutoNode][DEBUG] - Defining data type 'int64' as 'Int64' and array 'Int64Array
[2025-07-08 14:25:39,497][AutoNode][DEBUG] - Defining data type 'matrixd[2]' as 'Matrix2d' and array 'Matrix2dArray
[2025-07-08 14:25:39,497][AutoNode][DEBUG] - Defining data type 'matrixd[3]' as 'Matrix3d' and array 'Matrix3dArray
[2025-07-08 14:25:39,497][AutoNode][DEBUG] - Defining data type 'matrixd[4]' as 'Matrix4d' and array 'Matrix4dArray
[2025-07-08 14:25:39,497][AutoNode][DEBUG] - Defining data type 'normald[3]' as 'Normal3d' and array 'Normal3dArray
[2025-07-08 14:25:39,497][AutoNode][DEBUG] - Defining data type 'normalf[3]' as 'Normal3f' and array 'Normal3fArray
[2025-07-08 14:25:39,497][AutoNode][DEBUG] - Defining data type 'normalh[3]' as 'Normal3h' and array 'Normal3hArray
[2025-07-08 14:25:39,498][AutoNode][DEBUG] - Defining data type 'objectId' as 'ObjectId' and array 'ObjectIdArray
[2025-07-08 14:25:39,498][AutoNode][DEBUG] - Defining data type 'path' as 'Path'
[2025-07-08 14:25:39,498][AutoNode][DEBUG] - Defining data type 'pointd[3]' as 'Point3d' and array 'Point3dArray
[2025-07-08 14:25:39,498][AutoNode][DEBUG] - Defining data type 'pointf[3]' as 'Point3f' and array 'Point3fArray
[2025-07-08 14:25:39,498][AutoNode][DEBUG] - Defining data type 'pointh[3]' as 'Point3h' and array 'Point3hArray
[2025-07-08 14:25:39,498][AutoNode][DEBUG] - Defining data type 'quatd[4]' as 'Quatd' and array 'QuatdArray
[2025-07-08 14:25:39,498][AutoNode][DEBUG] - Defining data type 'quatf[4]' as 'Quatf' and array 'QuatfArray
[2025-07-08 14:25:39,498][AutoNode][DEBUG] - Defining data type 'quath[4]' as 'Quath' and array 'QuathArray
[2025-07-08 14:25:39,498][AutoNode][DEBUG] - Defining data type 'string' as 'String'
[2025-07-08 14:25:39,498][AutoNode][DEBUG] - Defining data type 'target' as 'Target'
[2025-07-08 14:25:39,498][AutoNode][DEBUG] - Defining data type 'texcoordd[2]' as 'TexCoord2d' and array 'TexCoord2dArray
[2025-07-08 14:25:39,498][AutoNode][DEBUG] - Defining data type 'texcoordf[2]' as 'TexCoord2f' and array 'TexCoord2fArray
[2025-07-08 14:25:39,499][AutoNode][DEBUG] - Defining data type 'texcoordh[2]' as 'TexCoord2h' and array 'TexCoord2hArray
[2025-07-08 14:25:39,499][AutoNode][DEBUG] - Defining data type 'texcoordd[3]' as 'TexCoord3d' and array 'TexCoord3dArray
[2025-07-08 14:25:39,499][AutoNode][DEBUG] - Defining data type 'texcoordf[3]' as 'TexCoord3f' and array 'TexCoord3fArray
[2025-07-08 14:25:39,499][AutoNode][DEBUG] - Defining data type 'texcoordh[3]' as 'TexCoord3h' and array 'TexCoord3hArray
[2025-07-08 14:25:39,499][AutoNode][DEBUG] - Defining data type 'timecode' as 'Timecode' and array 'TimecodeArray
[2025-07-08 14:25:39,499][AutoNode][DEBUG] - Defining data type 'token' as 'Token' and array 'TokenArray
[2025-07-08 14:25:39,499][AutoNode][DEBUG] - Defining data type 'uchar' as 'UChar' and array 'UCharArray
[2025-07-08 14:25:39,499][AutoNode][DEBUG] - Defining data type 'uint' as 'UInt' and array 'UIntArray
[2025-07-08 14:25:39,499][AutoNode][DEBUG] - Defining data type 'uint64' as 'UInt64' and array 'UInt64Array
[2025-07-08 14:25:39,499][AutoNode][DEBUG] - Defining data type 'vectord[3]' as 'Vector3d' and array 'Vector3dArray
[2025-07-08 14:25:39,499][AutoNode][DEBUG] - Defining data type 'vectorf[3]' as 'Vector3f' and array 'Vector3fArray
[2025-07-08 14:25:39,500][AutoNode][DEBUG] - Defining data type 'vectorh[3]' as 'Vector3h' and array 'Vector3hArray
[2025-07-08 14:25:42,496][omni.kit.profiler.window][WARNING] - remove _SpanInstance.__lt__ and use insort 'key' arg instead
[2025-07-08 14:25:46,059][git.cmd][DEBUG] - Popen(['git', 'rev-parse', '--show-toplevel'], cwd=/home/alesr/Repositories/Omnidrones-PEG, stdin=None, shell=False, universal_newlines=False)
[2025-07-08 14:25:46,195][urllib3.connectionpool][DEBUG] - Starting new HTTPS connection (1): api.wandb.ai:443
[2025-07-08 14:25:46,381][urllib3.connectionpool][DEBUG] - https://api.wandb.ai:443 "POST /graphql HTTP/11" 200 None
[2025-07-08 14:25:46,388][urllib3.connectionpool][DEBUG] - Starting new HTTPS connection (1): api.wandb.ai:443
[2025-07-08 14:25:46,585][urllib3.connectionpool][DEBUG] - https://api.wandb.ai:443 "POST /graphql HTTP/11" 200 None
[2025-07-08 14:25:46,603][git.cmd][DEBUG] - Popen(['git', 'cat-file', '--batch-check'], cwd=/home/alesr/Repositories/Omnidrones-PEG, stdin=<valid stream>, shell=False, universal_newlines=False)
[2025-07-08 14:25:51,036][root][INFO] - Reading pursuer's params from /home/alesr/Repositories/Omnidrones-PEG/omni_drones/robots/assets/usd/hummingbird.yaml.
[2025-07-08 14:25:51,057][root][INFO] - Reading evader's params from /home/alesr/Repositories/Omnidrones-PEG/omni_drones/robots/assets/usd/hummingbird.yaml.
[2025-07-08 14:25:57,737][root][INFO] - Default parameters:
Mass: [[0.6800000071525574]]
Inertia: [[0.007000000681728125, 0.007000000681728125, 0.011999999172985554]]
Thrust2Weight: [[0.8999204039573669, 0.8999204039573669, 0.8999204039573669, 0.8999204039573669]]
Force2Moment: [[62.499996185302734, 62.499996185302734, 62.499996185302734, 62.499996185302734]]
[2025-07-08 14:25:58,771][root][INFO] - Default parameters:
Mass: [[0.6800000071525574]]
Inertia: [[0.007000000681728125, 0.007000000681728125, 0.011999999172985554]]
Thrust2Weight: [[0.8999204039573669, 0.8999204039573669, 0.8999204039573669, 0.8999204039573669]]
Force2Moment: [[62.499996185302734, 62.499996185302734, 62.499996185302734, 62.499996185302734]]
[2025-07-08 14:25:58,818][root][INFO] - Setup randomization:
{'train': {'drag_coef': Uniform(low: 0.0, high: 0.12399999797344208),
           'force2moment': Uniform(low: torch.Size([1, 4]), high: torch.Size([1, 4])),
           'inertia': Uniform(low: torch.Size([1, 3]), high: torch.Size([1, 3])),
           'mass': Uniform(low: tensor([[0.1768]], device='cuda:0'), high: tensor([[1.1832]], device='cuda:0')),
           'thrust2weight': Uniform(low: torch.Size([1, 4]), high: torch.Size([1, 4]))}}
[2025-07-08 14:25:58,822][root][INFO] - Setup randomization:
{'train': {'drag_coef': Uniform(low: 0.0, high: 0.12399999797344208),
           'force2moment': Uniform(low: torch.Size([1, 4]), high: torch.Size([1, 4])),
           'inertia': Uniform(low: torch.Size([1, 3]), high: torch.Size([1, 3])),
           'mass': Uniform(low: tensor([[0.1768]], device='cuda:0'), high: tensor([[1.1832]], device='cuda:0')),
           'thrust2weight': Uniform(low: torch.Size([1, 4]), high: torch.Size([1, 4]))}}
[2025-07-08 14:25:58,937][urllib3.connectionpool][DEBUG] - Starting new HTTPS connection (1): api.wandb.ai:443
[2025-07-08 14:25:59,146][urllib3.connectionpool][DEBUG] - https://api.wandb.ai:443 "POST /graphql HTTP/11" 200 None
[2025-07-08 14:25:59,151][urllib3.connectionpool][DEBUG] - Starting new HTTPS connection (1): api.wandb.ai:443
[2025-07-08 14:25:59,325][urllib3.connectionpool][DEBUG] - https://api.wandb.ai:443 "POST /graphql HTTP/11" 200 None
[2025-07-08 14:25:59,332][urllib3.connectionpool][DEBUG] - Starting new HTTPS connection (1): api.wandb.ai:443
[2025-07-08 14:25:59,550][urllib3.connectionpool][DEBUG] - https://api.wandb.ai:443 "POST /graphql HTTP/11" 200 None
[2025-07-08 14:25:59,554][urllib3.connectionpool][DEBUG] - Starting new HTTPS connection (1): api.wandb.ai:443
[2025-07-08 14:25:59,762][urllib3.connectionpool][DEBUG] - https://api.wandb.ai:443 "POST /graphql HTTP/11" 200 None
[2025-07-08 14:25:59,767][urllib3.connectionpool][DEBUG] - Starting new HTTPS connection (1): storage.googleapis.com:443
[2025-07-08 14:25:59,932][urllib3.connectionpool][DEBUG] - https://storage.googleapis.com:443 "GET /wandb-production.appspot.com/alesr_kth/PEG/3p4nle7j/artifact/1865617320/wandb_manifest.json?X-Goog-Algorithm=GOOG4-RSA-SHA256&X-Goog-Credential=gorilla-files-url-signer-man%40wandb-production.iam.gserviceaccount.com%2F20250708%2Fauto%2Fstorage%2Fgoog4_request&X-Goog-Date=20250708T122559Z&X-Goog-Expires=3599&X-Goog-Signature=90917edda08d929c982698ac9d41cab05dc32808fd0dc52c5a7cac90663d7597642e67bc6f0593d3508c4a33b6a2ce6c81908aaf74ba412d7d663157db0a84d224fc5db4e0287bb8f855800c5306823f110dfe3276646fdf72647a4ba4a73f7b6ef8921ffa42b5c3d0f8dd2987958f8ff8f528e55ac8d4ccb42d9418142e9e8ea5388d9f84e20994e853357adbbb4aad72a6a5453c70bd947c3115876059b19972777512589acdaa301f48850e3ce50932f32c4d9619770de21cf21375dc20523afcf8f800e1931b4ab10d2f82e7f214fe365b825967fa7a2ab75ca4722ae5ca89cb6c5ca8bfae8632308c15bf50e22f2e7ad08c29fe53ef69afd0c37734f087&X-Goog-SignedHeaders=host&X-User=alesr HTTP/11" 200 343
[2025-07-08 14:25:59,983][urllib3.connectionpool][DEBUG] - Starting new HTTPS connection (1): api.wandb.ai:443
[2025-07-08 14:26:00,245][urllib3.connectionpool][DEBUG] - https://api.wandb.ai:443 "POST /graphql HTTP/11" 200 None
[2025-07-08 14:26:00,249][urllib3.connectionpool][DEBUG] - Starting new HTTPS connection (1): api.wandb.ai:443
[2025-07-08 14:26:00,431][urllib3.connectionpool][DEBUG] - https://api.wandb.ai:443 "POST /graphql HTTP/11" 200 None
[2025-07-08 14:26:00,438][urllib3.connectionpool][DEBUG] - Starting new HTTPS connection (1): api.wandb.ai:443
[2025-07-08 14:26:00,666][urllib3.connectionpool][DEBUG] - https://api.wandb.ai:443 "POST /graphql HTTP/11" 200 None
[2025-07-08 14:26:00,672][urllib3.connectionpool][DEBUG] - Starting new HTTPS connection (1): api.wandb.ai:443
[2025-07-08 14:26:00,875][urllib3.connectionpool][DEBUG] - https://api.wandb.ai:443 "POST /graphql HTTP/11" 200 None
[2025-07-08 14:26:00,879][urllib3.connectionpool][DEBUG] - Starting new HTTPS connection (1): storage.googleapis.com:443
[2025-07-08 14:26:01,091][urllib3.connectionpool][DEBUG] - https://storage.googleapis.com:443 "GET /wandb-production.appspot.com/alesr_kth/PEG/93052338/artifact/1865523328/wandb_manifest.json?X-Goog-Algorithm=GOOG4-RSA-SHA256&X-Goog-Credential=gorilla-files-url-signer-man%40wandb-production.iam.gserviceaccount.com%2F20250708%2Fauto%2Fstorage%2Fgoog4_request&X-Goog-Date=20250708T122600Z&X-Goog-Expires=3599&X-Goog-Signature=969c9e94e41f9b897ec5fa1a8057f03c2d36abe5be5d1a4c0badbc67185f576251d29cfbcf094c5ed7387d796a95cf6ca4c611914635d7cd023a7e4bb6f00856425729b525c909367d327b44f27b1d979e93212d98bbbf818ca82b842db473e49cc171e1c79055c5513bfe6f74179ef6913d9fdabc6bfb592ee0584a3441058031bfb334e2d26b1beb00c599115c9fe7f15c405dcb2f6825e1f70ed2474ccf0c71e8c1f9e61a06cfe07b3ee8cbc7c3649496c127e4a73dec937d727d15977ac8ed83b5dc899107cf2a8a9261ad2765ca2e06def027c849ac206e41d33e88e148c99fc411955f660b57c1c2fd05e5725c1eb0a73f06fe9ee07affea65dbcc664d&X-Goog-SignedHeaders=host&X-User=alesr HTTP/11" 200 343
[2025-07-08 14:26:02,242][root][INFO] - Eval at 8192 steps.
[2025-07-08 14:26:19,711][root][INFO] - Saved checkpoint to /home/alesr/Repositories/Omnidrones-PEG/wandb/run-20250708_142546-jshcjpx5/files/checkpoint_8192.pt
[2025-07-08 14:26:19,734][urllib3.connectionpool][DEBUG] - Starting new HTTPS connection (1): api.wandb.ai:443
[2025-07-08 14:26:19,913][urllib3.connectionpool][DEBUG] - https://api.wandb.ai:443 "POST /graphql HTTP/11" 200 None
[2025-07-08 14:27:13,198][root][INFO] - Eval at 417792 steps.
[2025-07-08 14:27:30,520][root][INFO] - Saved best checkpoint to /home/alesr/Repositories/Omnidrones-PEG/wandb/run-20250708_142546-jshcjpx5/files/checkpoint_best.pt
[2025-07-08 14:27:30,543][urllib3.connectionpool][DEBUG] - Starting new HTTPS connection (1): api.wandb.ai:443
[2025-07-08 14:27:30,762][urllib3.connectionpool][DEBUG] - https://api.wandb.ai:443 "POST /graphql HTTP/11" 200 None
[2025-07-08 14:28:23,524][root][INFO] - Eval at 827392 steps.
[2025-07-08 14:28:40,127][root][INFO] - Saved checkpoint to /home/alesr/Repositories/Omnidrones-PEG/wandb/run-20250708_142546-jshcjpx5/files/checkpoint_827392.pt
[2025-07-08 14:28:40,149][urllib3.connectionpool][DEBUG] - Starting new HTTPS connection (1): api.wandb.ai:443
[2025-07-08 14:28:40,342][urllib3.connectionpool][DEBUG] - https://api.wandb.ai:443 "POST /graphql HTTP/11" 200 None
[2025-07-08 14:29:34,843][root][INFO] - Eval at 1236992 steps.
[2025-07-08 14:30:50,445][root][INFO] - Eval at 1646592 steps.
[2025-07-08 14:31:08,498][root][INFO] - Saved checkpoint to /home/alesr/Repositories/Omnidrones-PEG/wandb/run-20250708_142546-jshcjpx5/files/checkpoint_1646592.pt
[2025-07-08 14:31:08,513][urllib3.connectionpool][DEBUG] - Starting new HTTPS connection (1): api.wandb.ai:443
[2025-07-08 14:31:08,696][urllib3.connectionpool][DEBUG] - https://api.wandb.ai:443 "POST /graphql HTTP/11" 200 None
[2025-07-08 14:32:03,609][root][INFO] - Eval at 2056192 steps.
