[2025-07-13 18:19:37,488][asyncio][DEBUG] - Using selector: EpollSelector
[2025-07-13 18:19:38,168][omni.kit.telemetry.impl.sentry_extension][INFO] - sentry is disabled for external build
[2025-07-13 18:19:38,169][omni.kit.telemetry.impl.sentry_extension][INFO] - sentry is disabled for external build
[2025-07-13 18:19:39,145][AutoNode][DEBUG] - Defining data type 'any' as 'Any'
[2025-07-13 18:19:39,146][AutoNode][DEBUG] - Defining data type 'bool' as 'Bool' and array 'BoolArray
[2025-07-13 18:19:39,146][AutoNode][DEBUG] - Defining data type 'bundle' as 'Bundle'
[2025-07-13 18:19:39,146][AutoNode][DEBUG] - Defining data type 'colord[3]' as 'Color3d' and array 'Color3dArray
[2025-07-13 18:19:39,146][AutoNode][DEBUG] - Defining data type 'colorf[3]' as 'Color3f' and array 'Color3fArray
[2025-07-13 18:19:39,146][AutoNode][DEBUG] - Defining data type 'colorh[3]' as 'Color3h' and array 'Color3hArray
[2025-07-13 18:19:39,146][AutoNode][DEBUG] - Defining data type 'colord[4]' as 'Color4d' and array 'Color4dArray
[2025-07-13 18:19:39,146][AutoNode][DEBUG] - Defining data type 'colorf[4]' as 'Color4f' and array 'Color4fArray
[2025-07-13 18:19:39,147][AutoNode][DEBUG] - Defining data type 'colorh[4]' as 'Color4h' and array 'Color4hArray
[2025-07-13 18:19:39,147][AutoNode][DEBUG] - Defining data type 'double' as 'Double' and array 'DoubleArray
[2025-07-13 18:19:39,147][AutoNode][DEBUG] - Defining data type 'double[2]' as 'Double2' and array 'Double2Array
[2025-07-13 18:19:39,147][AutoNode][DEBUG] - Defining data type 'double[3]' as 'Double3' and array 'Double3Array
[2025-07-13 18:19:39,147][AutoNode][DEBUG] - Defining data type 'double[4]' as 'Double4' and array 'Double4Array
[2025-07-13 18:19:39,147][AutoNode][DEBUG] - Defining data type 'execution' as 'Execution'
[2025-07-13 18:19:39,147][AutoNode][DEBUG] - Defining data type 'float' as 'Float' and array 'FloatArray
[2025-07-13 18:19:39,147][AutoNode][DEBUG] - Defining data type 'float[2]' as 'Float2' and array 'Float2Array
[2025-07-13 18:19:39,147][AutoNode][DEBUG] - Defining data type 'float[3]' as 'Float3' and array 'Float3Array
[2025-07-13 18:19:39,148][AutoNode][DEBUG] - Defining data type 'float[4]' as 'Float4' and array 'Float4Array
[2025-07-13 18:19:39,148][AutoNode][DEBUG] - Defining data type 'frame[4]' as 'Frame' and array 'FrameArray
[2025-07-13 18:19:39,148][AutoNode][DEBUG] - Defining data type 'half' as 'Half' and array 'HalfArray
[2025-07-13 18:19:39,148][AutoNode][DEBUG] - Defining data type 'half[2]' as 'Half2' and array 'Half2Array
[2025-07-13 18:19:39,148][AutoNode][DEBUG] - Defining data type 'half[3]' as 'Half3' and array 'Half3Array
[2025-07-13 18:19:39,148][AutoNode][DEBUG] - Defining data type 'half[4]' as 'Half4' and array 'Half4Array
[2025-07-13 18:19:39,148][AutoNode][DEBUG] - Defining data type 'int' as 'Int' and array 'IntArray
[2025-07-13 18:19:39,148][AutoNode][DEBUG] - Defining data type 'int[2]' as 'Int2' and array 'Int2Array
[2025-07-13 18:19:39,148][AutoNode][DEBUG] - Defining data type 'int[3]' as 'Int3' and array 'Int3Array
[2025-07-13 18:19:39,149][AutoNode][DEBUG] - Defining data type 'int[4]' as 'Int4' and array 'Int4Array
[2025-07-13 18:19:39,149][AutoNode][DEBUG] - Defining data type 'int64' as 'Int64' and array 'Int64Array
[2025-07-13 18:19:39,149][AutoNode][DEBUG] - Defining data type 'matrixd[2]' as 'Matrix2d' and array 'Matrix2dArray
[2025-07-13 18:19:39,149][AutoNode][DEBUG] - Defining data type 'matrixd[3]' as 'Matrix3d' and array 'Matrix3dArray
[2025-07-13 18:19:39,149][AutoNode][DEBUG] - Defining data type 'matrixd[4]' as 'Matrix4d' and array 'Matrix4dArray
[2025-07-13 18:19:39,149][AutoNode][DEBUG] - Defining data type 'normald[3]' as 'Normal3d' and array 'Normal3dArray
[2025-07-13 18:19:39,149][AutoNode][DEBUG] - Defining data type 'normalf[3]' as 'Normal3f' and array 'Normal3fArray
[2025-07-13 18:19:39,149][AutoNode][DEBUG] - Defining data type 'normalh[3]' as 'Normal3h' and array 'Normal3hArray
[2025-07-13 18:19:39,150][AutoNode][DEBUG] - Defining data type 'objectId' as 'ObjectId' and array 'ObjectIdArray
[2025-07-13 18:19:39,150][AutoNode][DEBUG] - Defining data type 'path' as 'Path'
[2025-07-13 18:19:39,150][AutoNode][DEBUG] - Defining data type 'pointd[3]' as 'Point3d' and array 'Point3dArray
[2025-07-13 18:19:39,150][AutoNode][DEBUG] - Defining data type 'pointf[3]' as 'Point3f' and array 'Point3fArray
[2025-07-13 18:19:39,150][AutoNode][DEBUG] - Defining data type 'pointh[3]' as 'Point3h' and array 'Point3hArray
[2025-07-13 18:19:39,150][AutoNode][DEBUG] - Defining data type 'quatd[4]' as 'Quatd' and array 'QuatdArray
[2025-07-13 18:19:39,150][AutoNode][DEBUG] - Defining data type 'quatf[4]' as 'Quatf' and array 'QuatfArray
[2025-07-13 18:19:39,150][AutoNode][DEBUG] - Defining data type 'quath[4]' as 'Quath' and array 'QuathArray
[2025-07-13 18:19:39,150][AutoNode][DEBUG] - Defining data type 'string' as 'String'
[2025-07-13 18:19:39,151][AutoNode][DEBUG] - Defining data type 'target' as 'Target'
[2025-07-13 18:19:39,151][AutoNode][DEBUG] - Defining data type 'texcoordd[2]' as 'TexCoord2d' and array 'TexCoord2dArray
[2025-07-13 18:19:39,151][AutoNode][DEBUG] - Defining data type 'texcoordf[2]' as 'TexCoord2f' and array 'TexCoord2fArray
[2025-07-13 18:19:39,151][AutoNode][DEBUG] - Defining data type 'texcoordh[2]' as 'TexCoord2h' and array 'TexCoord2hArray
[2025-07-13 18:19:39,151][AutoNode][DEBUG] - Defining data type 'texcoordd[3]' as 'TexCoord3d' and array 'TexCoord3dArray
[2025-07-13 18:19:39,151][AutoNode][DEBUG] - Defining data type 'texcoordf[3]' as 'TexCoord3f' and array 'TexCoord3fArray
[2025-07-13 18:19:39,152][AutoNode][DEBUG] - Defining data type 'texcoordh[3]' as 'TexCoord3h' and array 'TexCoord3hArray
[2025-07-13 18:19:39,152][AutoNode][DEBUG] - Defining data type 'timecode' as 'Timecode' and array 'TimecodeArray
[2025-07-13 18:19:39,152][AutoNode][DEBUG] - Defining data type 'token' as 'Token' and array 'TokenArray
[2025-07-13 18:19:39,152][AutoNode][DEBUG] - Defining data type 'uchar' as 'UChar' and array 'UCharArray
[2025-07-13 18:19:39,152][AutoNode][DEBUG] - Defining data type 'uint' as 'UInt' and array 'UIntArray
[2025-07-13 18:19:39,152][AutoNode][DEBUG] - Defining data type 'uint64' as 'UInt64' and array 'UInt64Array
[2025-07-13 18:19:39,152][AutoNode][DEBUG] - Defining data type 'vectord[3]' as 'Vector3d' and array 'Vector3dArray
[2025-07-13 18:19:39,153][AutoNode][DEBUG] - Defining data type 'vectorf[3]' as 'Vector3f' and array 'Vector3fArray
[2025-07-13 18:19:39,153][AutoNode][DEBUG] - Defining data type 'vectorh[3]' as 'Vector3h' and array 'Vector3hArray
[2025-07-13 18:19:41,989][omni.kit.profiler.window][WARNING] - remove _SpanInstance.__lt__ and use insort 'key' arg instead
[2025-07-13 18:19:45,883][git.cmd][DEBUG] - Popen(['git', 'rev-parse', '--show-toplevel'], cwd=/home/alesr/Repositories/Omnidrones-PEG, stdin=None, shell=False, universal_newlines=False)
[2025-07-13 18:19:46,051][urllib3.connectionpool][DEBUG] - Starting new HTTPS connection (1): api.wandb.ai:443
[2025-07-13 18:19:46,267][urllib3.connectionpool][DEBUG] - https://api.wandb.ai:443 "POST /graphql HTTP/11" 200 None
[2025-07-13 18:19:46,272][urllib3.connectionpool][DEBUG] - Starting new HTTPS connection (1): api.wandb.ai:443
[2025-07-13 18:19:46,447][urllib3.connectionpool][DEBUG] - https://api.wandb.ai:443 "POST /graphql HTTP/11" 200 None
[2025-07-13 18:19:46,473][git.cmd][DEBUG] - Popen(['git', 'cat-file', '--batch-check'], cwd=/home/alesr/Repositories/Omnidrones-PEG, stdin=<valid stream>, shell=False, universal_newlines=False)
[2025-07-13 18:19:51,019][root][INFO] - Reading pursuer's params from /home/alesr/Repositories/Omnidrones-PEG/omni_drones/robots/assets/usd/hummingbird.yaml.
[2025-07-13 18:19:51,034][root][INFO] - Reading evader's params from /home/alesr/Repositories/Omnidrones-PEG/omni_drones/robots/assets/usd/hummingbird.yaml.
[2025-07-13 18:19:57,443][root][INFO] - Default parameters:
Mass: [[0.6800000071525574]]
Inertia: [[0.007000000681728125, 0.007000000681728125, 0.011999999172985554]]
Thrust2Weight: [[0.8999204039573669, 0.8999204039573669, 0.8999204039573669, 0.8999204039573669]]
Force2Moment: [[62.499996185302734, 62.499996185302734, 62.499996185302734, 62.499996185302734]]
[2025-07-13 18:19:58,481][root][INFO] - Default parameters:
Mass: [[0.6800000071525574]]
Inertia: [[0.007000000681728125, 0.007000000681728125, 0.011999999172985554]]
Thrust2Weight: [[0.8999204039573669, 0.8999204039573669, 0.8999204039573669, 0.8999204039573669]]
Force2Moment: [[62.499996185302734, 62.499996185302734, 62.499996185302734, 62.499996185302734]]
[2025-07-13 18:19:59,817][root][INFO] - Eval at 8192 steps.
[2025-07-13 18:21:04,999][root][INFO] - Saved checkpoint to /home/alesr/Repositories/Omnidrones-PEG/wandb/run-20250713_181946-j5rolugl/files/checkpoint_8192.pt
[2025-07-13 18:21:05,022][urllib3.connectionpool][DEBUG] - Starting new HTTPS connection (1): api.wandb.ai:443
[2025-07-13 18:21:05,229][urllib3.connectionpool][DEBUG] - https://api.wandb.ai:443 "POST /graphql HTTP/11" 200 None
[2025-07-13 18:22:08,888][root][INFO] - Eval at 417792 steps.
[2025-07-13 18:23:28,663][root][INFO] - Eval at 827392 steps.
[2025-07-13 18:23:46,222][urllib3.connectionpool][DEBUG] - Starting new HTTPS connection (1): api.wandb.ai:443
[2025-07-13 18:23:46,424][urllib3.connectionpool][DEBUG] - https://api.wandb.ai:443 "POST /graphql HTTP/11" 200 None
[2025-07-13 18:24:42,069][root][INFO] - Eval at 1236992 steps.
[2025-07-13 18:25:01,475][urllib3.connectionpool][DEBUG] - Starting new HTTPS connection (1): api.wandb.ai:443
[2025-07-13 18:25:01,675][urllib3.connectionpool][DEBUG] - https://api.wandb.ai:443 "POST /graphql HTTP/11" 200 None
[2025-07-13 18:25:55,678][root][INFO] - Eval at 1646592 steps.
[2025-07-13 18:26:14,234][root][INFO] - Saved checkpoint to /home/alesr/Repositories/Omnidrones-PEG/wandb/run-20250713_181946-j5rolugl/files/checkpoint_1646592.pt
[2025-07-13 18:26:14,255][urllib3.connectionpool][DEBUG] - Starting new HTTPS connection (1): api.wandb.ai:443
[2025-07-13 18:26:14,461][urllib3.connectionpool][DEBUG] - https://api.wandb.ai:443 "POST /graphql HTTP/11" 200 None
[2025-07-13 18:27:07,387][root][INFO] - Eval at 2056192 steps.
[2025-07-13 18:28:19,868][root][INFO] - Eval at 2465792 steps.
[2025-07-13 18:30:16,776][root][INFO] - Eval at 2875392 steps.
[2025-07-13 18:31:30,687][root][INFO] - Eval at 3284992 steps.
[2025-07-13 18:31:50,637][root][INFO] - Saved checkpoint to /home/alesr/Repositories/Omnidrones-PEG/wandb/run-20250713_181946-j5rolugl/files/checkpoint_3284992.pt
[2025-07-13 18:31:50,659][urllib3.connectionpool][DEBUG] - Starting new HTTPS connection (1): api.wandb.ai:443
[2025-07-13 18:31:50,855][urllib3.connectionpool][DEBUG] - https://api.wandb.ai:443 "POST /graphql HTTP/11" 200 None
[2025-07-13 18:32:46,102][root][INFO] - Eval at 3694592 steps.
[2025-07-13 18:33:05,808][urllib3.connectionpool][DEBUG] - Starting new HTTPS connection (1): api.wandb.ai:443
[2025-07-13 18:33:05,999][urllib3.connectionpool][DEBUG] - https://api.wandb.ai:443 "POST /graphql HTTP/11" 200 None
[2025-07-13 18:34:01,304][root][INFO] - Eval at 4104192 steps.
[2025-07-13 18:34:20,256][urllib3.connectionpool][DEBUG] - Starting new HTTPS connection (1): api.wandb.ai:443
[2025-07-13 18:34:20,452][urllib3.connectionpool][DEBUG] - https://api.wandb.ai:443 "POST /graphql HTTP/11" 200 None
[2025-07-13 18:35:16,890][root][INFO] - Eval at 4513792 steps.
[2025-07-13 18:35:36,756][urllib3.connectionpool][DEBUG] - Starting new HTTPS connection (1): api.wandb.ai:443
[2025-07-13 18:35:36,959][urllib3.connectionpool][DEBUG] - https://api.wandb.ai:443 "POST /graphql HTTP/11" 200 None
[2025-07-13 18:36:33,436][root][INFO] - Eval at 4923392 steps.
[2025-07-13 18:37:36,686][root][INFO] - Saved checkpoint to /home/alesr/Repositories/Omnidrones-PEG/wandb/run-20250713_181946-j5rolugl/files/checkpoint_4923392.pt
[2025-07-13 18:37:36,704][urllib3.connectionpool][DEBUG] - Starting new HTTPS connection (1): api.wandb.ai:443
[2025-07-13 18:37:36,892][urllib3.connectionpool][DEBUG] - https://api.wandb.ai:443 "POST /graphql HTTP/11" 200 None
[2025-07-13 18:38:34,897][root][INFO] - Eval at 5332992 steps.
[2025-07-13 18:38:55,246][urllib3.connectionpool][DEBUG] - Starting new HTTPS connection (1): api.wandb.ai:443
[2025-07-13 18:38:55,443][urllib3.connectionpool][DEBUG] - https://api.wandb.ai:443 "POST /graphql HTTP/11" 200 None
[2025-07-13 18:39:52,799][root][INFO] - Eval at 5742592 steps.
[2025-07-13 18:41:08,883][root][INFO] - Eval at 6152192 steps.
[2025-07-13 18:42:26,606][root][INFO] - Eval at 6561792 steps.
[2025-07-13 18:42:46,149][root][INFO] - Saved checkpoint to /home/alesr/Repositories/Omnidrones-PEG/wandb/run-20250713_181946-j5rolugl/files/checkpoint_6561792.pt
[2025-07-13 18:42:46,172][urllib3.connectionpool][DEBUG] - Starting new HTTPS connection (1): api.wandb.ai:443
[2025-07-13 18:42:46,406][urllib3.connectionpool][DEBUG] - https://api.wandb.ai:443 "POST /graphql HTTP/11" 200 None
[2025-07-13 18:43:43,926][root][INFO] - Eval at 6971392 steps.
[2025-07-13 18:44:04,386][urllib3.connectionpool][DEBUG] - Starting new HTTPS connection (1): api.wandb.ai:443
[2025-07-13 18:44:04,586][urllib3.connectionpool][DEBUG] - https://api.wandb.ai:443 "POST /graphql HTTP/11" 200 None
[2025-07-13 18:45:02,329][root][INFO] - Eval at 7380992 steps.
[2025-07-13 18:46:06,351][urllib3.connectionpool][DEBUG] - Starting new HTTPS connection (1): api.wandb.ai:443
[2025-07-13 18:46:06,570][urllib3.connectionpool][DEBUG] - https://api.wandb.ai:443 "POST /graphql HTTP/11" 200 None
[2025-07-13 18:47:05,459][root][INFO] - Eval at 7790592 steps.
[2025-07-13 18:47:26,374][urllib3.connectionpool][DEBUG] - Starting new HTTPS connection (1): api.wandb.ai:443
[2025-07-13 18:47:26,568][urllib3.connectionpool][DEBUG] - https://api.wandb.ai:443 "POST /graphql HTTP/11" 200 None
[2025-07-13 18:48:24,993][root][INFO] - Eval at 8200192 steps.
[2025-07-13 18:48:45,205][root][INFO] - Saved checkpoint to /home/alesr/Repositories/Omnidrones-PEG/wandb/run-20250713_181946-j5rolugl/files/checkpoint_8200192.pt
[2025-07-13 18:48:45,227][urllib3.connectionpool][DEBUG] - Starting new HTTPS connection (1): api.wandb.ai:443
[2025-07-13 18:48:45,429][urllib3.connectionpool][DEBUG] - https://api.wandb.ai:443 "POST /graphql HTTP/11" 200 None
[2025-07-13 18:49:43,482][root][INFO] - Eval at 8609792 steps.
[2025-07-13 18:51:02,093][root][INFO] - Eval at 9019392 steps.
[2025-07-13 18:51:22,719][urllib3.connectionpool][DEBUG] - Starting new HTTPS connection (1): api.wandb.ai:443
[2025-07-13 18:51:22,907][urllib3.connectionpool][DEBUG] - https://api.wandb.ai:443 "POST /graphql HTTP/11" 200 None
[2025-07-13 18:52:20,479][root][INFO] - Eval at 9428992 steps.
[2025-07-13 18:53:39,070][root][INFO] - Eval at 9838592 steps.
[2025-07-13 18:54:43,189][root][INFO] - Saved checkpoint to /home/alesr/Repositories/Omnidrones-PEG/wandb/run-20250713_181946-j5rolugl/files/checkpoint_9838592.pt
[2025-07-13 18:54:43,216][urllib3.connectionpool][DEBUG] - Starting new HTTPS connection (1): api.wandb.ai:443
[2025-07-13 18:54:43,426][urllib3.connectionpool][DEBUG] - https://api.wandb.ai:443 "POST /graphql HTTP/11" 200 None
[2025-07-13 18:55:42,826][root][INFO] - Eval at 10248192 steps.
[2025-07-13 18:57:01,528][root][INFO] - Eval at 10657792 steps.
[2025-07-13 18:58:18,657][root][INFO] - Eval at 11067392 steps.
[2025-07-13 18:59:36,250][root][INFO] - Eval at 11476992 steps.
[2025-07-13 18:59:56,192][root][INFO] - Saved checkpoint to /home/alesr/Repositories/Omnidrones-PEG/wandb/run-20250713_181946-j5rolugl/files/checkpoint_11476992.pt
[2025-07-13 18:59:56,214][urllib3.connectionpool][DEBUG] - Starting new HTTPS connection (1): api.wandb.ai:443
[2025-07-13 18:59:56,410][urllib3.connectionpool][DEBUG] - https://api.wandb.ai:443 "POST /graphql HTTP/11" 200 None
[2025-07-13 19:00:53,444][root][INFO] - Eval at 11886592 steps.
[2025-07-13 19:02:12,828][root][INFO] - Eval at 12296192 steps.
[2025-07-13 19:04:16,215][root][INFO] - Eval at 12705792 steps.
[2025-07-13 19:04:36,794][urllib3.connectionpool][DEBUG] - Starting new HTTPS connection (1): api.wandb.ai:443
[2025-07-13 19:04:36,974][urllib3.connectionpool][DEBUG] - https://api.wandb.ai:443 "POST /graphql HTTP/11" 200 None
[2025-07-13 19:05:34,653][root][INFO] - Eval at 13115392 steps.
[2025-07-13 19:05:54,909][root][INFO] - Saved checkpoint to /home/alesr/Repositories/Omnidrones-PEG/wandb/run-20250713_181946-j5rolugl/files/checkpoint_13115392.pt
[2025-07-13 19:05:54,938][urllib3.connectionpool][DEBUG] - Starting new HTTPS connection (1): api.wandb.ai:443
[2025-07-13 19:05:55,145][urllib3.connectionpool][DEBUG] - https://api.wandb.ai:443 "POST /graphql HTTP/11" 200 None
[2025-07-13 19:06:53,277][root][INFO] - Eval at 13524992 steps.
[2025-07-13 19:07:13,945][urllib3.connectionpool][DEBUG] - Starting new HTTPS connection (1): api.wandb.ai:443
[2025-07-13 19:07:14,146][urllib3.connectionpool][DEBUG] - https://api.wandb.ai:443 "POST /graphql HTTP/11" 200 None
[2025-07-13 19:08:11,334][root][INFO] - Eval at 13934592 steps.
[2025-07-13 19:08:31,638][urllib3.connectionpool][DEBUG] - Starting new HTTPS connection (1): api.wandb.ai:443
[2025-07-13 19:08:31,825][urllib3.connectionpool][DEBUG] - https://api.wandb.ai:443 "POST /graphql HTTP/11" 200 None
[2025-07-13 19:09:29,068][root][INFO] - Eval at 14344192 steps.
[2025-07-13 19:10:47,914][root][INFO] - Eval at 14753792 steps.
[2025-07-13 19:11:51,751][root][INFO] - Saved checkpoint to /home/alesr/Repositories/Omnidrones-PEG/wandb/run-20250713_181946-j5rolugl/files/checkpoint_14753792.pt
[2025-07-13 19:11:51,775][urllib3.connectionpool][DEBUG] - Starting new HTTPS connection (1): api.wandb.ai:443
[2025-07-13 19:11:51,973][urllib3.connectionpool][DEBUG] - https://api.wandb.ai:443 "POST /graphql HTTP/11" 200 None
[2025-07-13 19:12:27,161][root][INFO] - Final Eval at 14999552 steps.
[2025-07-13 19:13:31,328][urllib3.connectionpool][DEBUG] - Starting new HTTPS connection (1): api.wandb.ai:443
[2025-07-13 19:13:31,533][urllib3.connectionpool][DEBUG] - https://api.wandb.ai:443 "POST /graphql HTTP/11" 200 None
[2025-07-13 19:13:31,541][root][INFO] - Saved checkpoint to /home/alesr/Repositories/Omnidrones-PEG/wandb/run-20250713_181946-j5rolugl/files/checkpoint_final.pt
