[2025-07-13 19:27:55,706][asyncio][DEBUG] - Using selector: EpollSelector
[2025-07-13 19:27:56,802][omni.kit.telemetry.impl.sentry_extension][INFO] - sentry is disabled for external build
[2025-07-13 19:27:56,803][omni.kit.telemetry.impl.sentry_extension][INFO] - sentry is disabled for external build
[2025-07-13 19:27:57,941][AutoNode][DEBUG] - Defining data type 'any' as 'Any'
[2025-07-13 19:27:57,941][AutoNode][DEBUG] - Defining data type 'bool' as 'Bool' and array 'BoolArray
[2025-07-13 19:27:57,941][AutoNode][DEBUG] - Defining data type 'bundle' as 'Bundle'
[2025-07-13 19:27:57,942][AutoNode][DEBUG] - Defining data type 'colord[3]' as 'Color3d' and array 'Color3dArray
[2025-07-13 19:27:57,942][AutoNode][DEBUG] - Defining data type 'colorf[3]' as 'Color3f' and array 'Color3fArray
[2025-07-13 19:27:57,942][AutoNode][DEBUG] - Defining data type 'colorh[3]' as 'Color3h' and array 'Color3hArray
[2025-07-13 19:27:57,942][AutoNode][DEBUG] - Defining data type 'colord[4]' as 'Color4d' and array 'Color4dArray
[2025-07-13 19:27:57,942][AutoNode][DEBUG] - Defining data type 'colorf[4]' as 'Color4f' and array 'Color4fArray
[2025-07-13 19:27:57,942][AutoNode][DEBUG] - Defining data type 'colorh[4]' as 'Color4h' and array 'Color4hArray
[2025-07-13 19:27:57,942][AutoNode][DEBUG] - Defining data type 'double' as 'Double' and array 'DoubleArray
[2025-07-13 19:27:57,942][AutoNode][DEBUG] - Defining data type 'double[2]' as 'Double2' and array 'Double2Array
[2025-07-13 19:27:57,943][AutoNode][DEBUG] - Defining data type 'double[3]' as 'Double3' and array 'Double3Array
[2025-07-13 19:27:57,943][AutoNode][DEBUG] - Defining data type 'double[4]' as 'Double4' and array 'Double4Array
[2025-07-13 19:27:57,943][AutoNode][DEBUG] - Defining data type 'execution' as 'Execution'
[2025-07-13 19:27:57,943][AutoNode][DEBUG] - Defining data type 'float' as 'Float' and array 'FloatArray
[2025-07-13 19:27:57,943][AutoNode][DEBUG] - Defining data type 'float[2]' as 'Float2' and array 'Float2Array
[2025-07-13 19:27:57,943][AutoNode][DEBUG] - Defining data type 'float[3]' as 'Float3' and array 'Float3Array
[2025-07-13 19:27:57,943][AutoNode][DEBUG] - Defining data type 'float[4]' as 'Float4' and array 'Float4Array
[2025-07-13 19:27:57,943][AutoNode][DEBUG] - Defining data type 'frame[4]' as 'Frame' and array 'FrameArray
[2025-07-13 19:27:57,944][AutoNode][DEBUG] - Defining data type 'half' as 'Half' and array 'HalfArray
[2025-07-13 19:27:57,944][AutoNode][DEBUG] - Defining data type 'half[2]' as 'Half2' and array 'Half2Array
[2025-07-13 19:27:57,944][AutoNode][DEBUG] - Defining data type 'half[3]' as 'Half3' and array 'Half3Array
[2025-07-13 19:27:57,944][AutoNode][DEBUG] - Defining data type 'half[4]' as 'Half4' and array 'Half4Array
[2025-07-13 19:27:57,944][AutoNode][DEBUG] - Defining data type 'int' as 'Int' and array 'IntArray
[2025-07-13 19:27:57,944][AutoNode][DEBUG] - Defining data type 'int[2]' as 'Int2' and array 'Int2Array
[2025-07-13 19:27:57,944][AutoNode][DEBUG] - Defining data type 'int[3]' as 'Int3' and array 'Int3Array
[2025-07-13 19:27:57,944][AutoNode][DEBUG] - Defining data type 'int[4]' as 'Int4' and array 'Int4Array
[2025-07-13 19:27:57,945][AutoNode][DEBUG] - Defining data type 'int64' as 'Int64' and array 'Int64Array
[2025-07-13 19:27:57,945][AutoNode][DEBUG] - Defining data type 'matrixd[2]' as 'Matrix2d' and array 'Matrix2dArray
[2025-07-13 19:27:57,945][AutoNode][DEBUG] - Defining data type 'matrixd[3]' as 'Matrix3d' and array 'Matrix3dArray
[2025-07-13 19:27:57,945][AutoNode][DEBUG] - Defining data type 'matrixd[4]' as 'Matrix4d' and array 'Matrix4dArray
[2025-07-13 19:27:57,945][AutoNode][DEBUG] - Defining data type 'normald[3]' as 'Normal3d' and array 'Normal3dArray
[2025-07-13 19:27:57,945][AutoNode][DEBUG] - Defining data type 'normalf[3]' as 'Normal3f' and array 'Normal3fArray
[2025-07-13 19:27:57,945][AutoNode][DEBUG] - Defining data type 'normalh[3]' as 'Normal3h' and array 'Normal3hArray
[2025-07-13 19:27:57,946][AutoNode][DEBUG] - Defining data type 'objectId' as 'ObjectId' and array 'ObjectIdArray
[2025-07-13 19:27:57,946][AutoNode][DEBUG] - Defining data type 'path' as 'Path'
[2025-07-13 19:27:57,946][AutoNode][DEBUG] - Defining data type 'pointd[3]' as 'Point3d' and array 'Point3dArray
[2025-07-13 19:27:57,946][AutoNode][DEBUG] - Defining data type 'pointf[3]' as 'Point3f' and array 'Point3fArray
[2025-07-13 19:27:57,946][AutoNode][DEBUG] - Defining data type 'pointh[3]' as 'Point3h' and array 'Point3hArray
[2025-07-13 19:27:57,946][AutoNode][DEBUG] - Defining data type 'quatd[4]' as 'Quatd' and array 'QuatdArray
[2025-07-13 19:27:57,946][AutoNode][DEBUG] - Defining data type 'quatf[4]' as 'Quatf' and array 'QuatfArray
[2025-07-13 19:27:57,946][AutoNode][DEBUG] - Defining data type 'quath[4]' as 'Quath' and array 'QuathArray
[2025-07-13 19:27:57,947][AutoNode][DEBUG] - Defining data type 'string' as 'String'
[2025-07-13 19:27:57,947][AutoNode][DEBUG] - Defining data type 'target' as 'Target'
[2025-07-13 19:27:57,947][AutoNode][DEBUG] - Defining data type 'texcoordd[2]' as 'TexCoord2d' and array 'TexCoord2dArray
[2025-07-13 19:27:57,947][AutoNode][DEBUG] - Defining data type 'texcoordf[2]' as 'TexCoord2f' and array 'TexCoord2fArray
[2025-07-13 19:27:57,947][AutoNode][DEBUG] - Defining data type 'texcoordh[2]' as 'TexCoord2h' and array 'TexCoord2hArray
[2025-07-13 19:27:57,947][AutoNode][DEBUG] - Defining data type 'texcoordd[3]' as 'TexCoord3d' and array 'TexCoord3dArray
[2025-07-13 19:27:57,947][AutoNode][DEBUG] - Defining data type 'texcoordf[3]' as 'TexCoord3f' and array 'TexCoord3fArray
[2025-07-13 19:27:57,947][AutoNode][DEBUG] - Defining data type 'texcoordh[3]' as 'TexCoord3h' and array 'TexCoord3hArray
[2025-07-13 19:27:57,948][AutoNode][DEBUG] - Defining data type 'timecode' as 'Timecode' and array 'TimecodeArray
[2025-07-13 19:27:57,948][AutoNode][DEBUG] - Defining data type 'token' as 'Token' and array 'TokenArray
[2025-07-13 19:27:57,948][AutoNode][DEBUG] - Defining data type 'uchar' as 'UChar' and array 'UCharArray
[2025-07-13 19:27:57,948][AutoNode][DEBUG] - Defining data type 'uint' as 'UInt' and array 'UIntArray
[2025-07-13 19:27:57,948][AutoNode][DEBUG] - Defining data type 'uint64' as 'UInt64' and array 'UInt64Array
[2025-07-13 19:27:57,948][AutoNode][DEBUG] - Defining data type 'vectord[3]' as 'Vector3d' and array 'Vector3dArray
[2025-07-13 19:27:57,948][AutoNode][DEBUG] - Defining data type 'vectorf[3]' as 'Vector3f' and array 'Vector3fArray
[2025-07-13 19:27:57,948][AutoNode][DEBUG] - Defining data type 'vectorh[3]' as 'Vector3h' and array 'Vector3hArray
[2025-07-13 19:28:00,945][omni.kit.profiler.window][WARNING] - remove _SpanInstance.__lt__ and use insort 'key' arg instead
[2025-07-13 19:28:04,977][git.cmd][DEBUG] - Popen(['git', 'rev-parse', '--show-toplevel'], cwd=/home/alesr/Repositories/Omnidrones-PEG, stdin=None, shell=False, universal_newlines=False)
[2025-07-13 19:28:05,134][urllib3.connectionpool][DEBUG] - Starting new HTTPS connection (1): api.wandb.ai:443
[2025-07-13 19:28:05,324][urllib3.connectionpool][DEBUG] - https://api.wandb.ai:443 "POST /graphql HTTP/11" 200 None
[2025-07-13 19:28:05,329][urllib3.connectionpool][DEBUG] - Starting new HTTPS connection (1): api.wandb.ai:443
[2025-07-13 19:28:05,511][urllib3.connectionpool][DEBUG] - https://api.wandb.ai:443 "POST /graphql HTTP/11" 200 None
[2025-07-13 19:28:05,530][git.cmd][DEBUG] - Popen(['git', 'cat-file', '--batch-check'], cwd=/home/alesr/Repositories/Omnidrones-PEG, stdin=<valid stream>, shell=False, universal_newlines=False)
[2025-07-13 19:28:09,936][root][INFO] - Reading pursuer's params from /home/alesr/Repositories/Omnidrones-PEG/omni_drones/robots/assets/usd/hummingbird.yaml.
[2025-07-13 19:28:09,965][root][INFO] - Reading evader's params from /home/alesr/Repositories/Omnidrones-PEG/omni_drones/robots/assets/usd/hummingbird.yaml.
[2025-07-13 19:28:16,658][root][INFO] - Default parameters:
Mass: [[0.6800000071525574]]
Inertia: [[0.007000000681728125, 0.007000000681728125, 0.011999999172985554]]
Thrust2Weight: [[0.8999204039573669, 0.8999204039573669, 0.8999204039573669, 0.8999204039573669]]
Force2Moment: [[62.499996185302734, 62.499996185302734, 62.499996185302734, 62.499996185302734]]
[2025-07-13 19:28:17,705][root][INFO] - Default parameters:
Mass: [[0.6800000071525574]]
Inertia: [[0.007000000681728125, 0.007000000681728125, 0.011999999172985554]]
Thrust2Weight: [[0.8999204039573669, 0.8999204039573669, 0.8999204039573669, 0.8999204039573669]]
Force2Moment: [[62.499996185302734, 62.499996185302734, 62.499996185302734, 62.499996185302734]]
[2025-07-13 19:28:17,744][root][INFO] - Setup randomization:
{'train': {'drag_coef': Uniform(low: 0.0, high: 0.12399999797344208),
           'force2moment': Uniform(low: torch.Size([1, 4]), high: torch.Size([1, 4])),
           'inertia': Uniform(low: torch.Size([1, 3]), high: torch.Size([1, 3])),
           'mass': Uniform(low: tensor([[0.1768]], device='cuda:0'), high: tensor([[1.1832]], device='cuda:0')),
           'thrust2weight': Uniform(low: torch.Size([1, 4]), high: torch.Size([1, 4]))}}
[2025-07-13 19:28:17,748][root][INFO] - Setup randomization:
{'train': {'drag_coef': Uniform(low: 0.0, high: 0.12399999797344208),
           'force2moment': Uniform(low: torch.Size([1, 4]), high: torch.Size([1, 4])),
           'inertia': Uniform(low: torch.Size([1, 3]), high: torch.Size([1, 3])),
           'mass': Uniform(low: tensor([[0.1768]], device='cuda:0'), high: tensor([[1.1832]], device='cuda:0')),
           'thrust2weight': Uniform(low: torch.Size([1, 4]), high: torch.Size([1, 4]))}}
[2025-07-13 19:28:18,918][root][INFO] - Eval at 8192 steps.
[2025-07-13 19:29:15,033][root][INFO] - Saved checkpoint to /home/alesr/Repositories/Omnidrones-PEG/wandb/run-20250713_192805-5z4oze24/files/checkpoint_8192.pt
[2025-07-13 19:29:15,048][urllib3.connectionpool][DEBUG] - Starting new HTTPS connection (1): api.wandb.ai:443
[2025-07-13 19:29:15,260][urllib3.connectionpool][DEBUG] - https://api.wandb.ai:443 "POST /graphql HTTP/11" 200 None
[2025-07-13 19:30:12,835][root][INFO] - Eval at 417792 steps.
[2025-07-13 19:30:24,680][root][INFO] - Saved best checkpoint to /home/alesr/Repositories/Omnidrones-PEG/wandb/run-20250713_192805-5z4oze24/files/checkpoint_best.pt
[2025-07-13 19:30:24,688][urllib3.connectionpool][DEBUG] - Starting new HTTPS connection (1): api.wandb.ai:443
[2025-07-13 19:30:24,900][urllib3.connectionpool][DEBUG] - https://api.wandb.ai:443 "POST /graphql HTTP/11" 200 None
[2025-07-13 19:31:13,786][root][INFO] - Eval at 827392 steps.
[2025-07-13 19:31:26,510][root][INFO] - Saved checkpoint to /home/alesr/Repositories/Omnidrones-PEG/wandb/run-20250713_192805-5z4oze24/files/checkpoint_827392.pt
[2025-07-13 19:31:26,519][urllib3.connectionpool][DEBUG] - Starting new HTTPS connection (1): api.wandb.ai:443
[2025-07-13 19:31:26,717][urllib3.connectionpool][DEBUG] - https://api.wandb.ai:443 "POST /graphql HTTP/11" 200 None
[2025-07-13 19:32:15,239][root][INFO] - Eval at 1236992 steps.
[2025-07-13 19:32:26,884][root][INFO] - Saved best checkpoint to /home/alesr/Repositories/Omnidrones-PEG/wandb/run-20250713_192805-5z4oze24/files/checkpoint_best.pt
[2025-07-13 19:32:26,893][urllib3.connectionpool][DEBUG] - Starting new HTTPS connection (1): api.wandb.ai:443
[2025-07-13 19:32:27,133][urllib3.connectionpool][DEBUG] - https://api.wandb.ai:443 "POST /graphql HTTP/11" 200 None
[2025-07-13 19:33:15,836][root][INFO] - Eval at 1646592 steps.
[2025-07-13 19:33:27,966][root][INFO] - Saved checkpoint to /home/alesr/Repositories/Omnidrones-PEG/wandb/run-20250713_192805-5z4oze24/files/checkpoint_1646592.pt
[2025-07-13 19:33:27,975][urllib3.connectionpool][DEBUG] - Starting new HTTPS connection (1): api.wandb.ai:443
[2025-07-13 19:33:28,176][urllib3.connectionpool][DEBUG] - https://api.wandb.ai:443 "POST /graphql HTTP/11" 200 None
[2025-07-13 19:34:17,343][root][INFO] - Eval at 2056192 steps.
[2025-07-13 19:35:17,901][root][INFO] - Eval at 2465792 steps.
[2025-07-13 19:36:03,938][root][INFO] - Saved checkpoint to /home/alesr/Repositories/Omnidrones-PEG/wandb/run-20250713_192805-5z4oze24/files/checkpoint_2465792.pt
[2025-07-13 19:36:03,951][urllib3.connectionpool][DEBUG] - Starting new HTTPS connection (1): api.wandb.ai:443
[2025-07-13 19:36:04,161][urllib3.connectionpool][DEBUG] - https://api.wandb.ai:443 "POST /graphql HTTP/11" 200 None
[2025-07-13 19:36:54,834][root][INFO] - Eval at 2875392 steps.
[2025-07-13 19:37:57,535][root][INFO] - Eval at 3284992 steps.
[2025-07-13 19:38:09,501][root][INFO] - Saved checkpoint to /home/alesr/Repositories/Omnidrones-PEG/wandb/run-20250713_192805-5z4oze24/files/checkpoint_3284992.pt
[2025-07-13 19:38:09,512][urllib3.connectionpool][DEBUG] - Starting new HTTPS connection (1): api.wandb.ai:443
[2025-07-13 19:38:09,706][urllib3.connectionpool][DEBUG] - https://api.wandb.ai:443 "POST /graphql HTTP/11" 200 None
[2025-07-13 19:38:59,677][root][INFO] - Eval at 3694592 steps.
[2025-07-13 19:40:01,554][root][INFO] - Eval at 4104192 steps.
[2025-07-13 19:40:13,869][root][INFO] - Saved checkpoint to /home/alesr/Repositories/Omnidrones-PEG/wandb/run-20250713_192805-5z4oze24/files/checkpoint_4104192.pt
[2025-07-13 19:40:13,879][urllib3.connectionpool][DEBUG] - Starting new HTTPS connection (1): api.wandb.ai:443
[2025-07-13 19:40:14,067][urllib3.connectionpool][DEBUG] - https://api.wandb.ai:443 "POST /graphql HTTP/11" 200 None
[2025-07-13 19:41:03,969][root][INFO] - Eval at 4513792 steps.
[2025-07-13 19:42:06,888][root][INFO] - Eval at 4923392 steps.
[2025-07-13 19:42:53,201][root][INFO] - Saved checkpoint to /home/alesr/Repositories/Omnidrones-PEG/wandb/run-20250713_192805-5z4oze24/files/checkpoint_4923392.pt
[2025-07-13 19:42:53,213][urllib3.connectionpool][DEBUG] - Starting new HTTPS connection (1): api.wandb.ai:443
[2025-07-13 19:42:53,423][urllib3.connectionpool][DEBUG] - https://api.wandb.ai:443 "POST /graphql HTTP/11" 200 None
[2025-07-13 19:43:44,370][root][INFO] - Eval at 5332992 steps.
[2025-07-13 19:44:47,926][root][INFO] - Eval at 5742592 steps.
[2025-07-13 19:45:00,942][root][INFO] - Saved checkpoint to /home/alesr/Repositories/Omnidrones-PEG/wandb/run-20250713_192805-5z4oze24/files/checkpoint_5742592.pt
[2025-07-13 19:45:00,950][urllib3.connectionpool][DEBUG] - Starting new HTTPS connection (1): api.wandb.ai:443
[2025-07-13 19:45:01,137][urllib3.connectionpool][DEBUG] - https://api.wandb.ai:443 "POST /graphql HTTP/11" 200 None
[2025-07-13 19:45:51,564][root][INFO] - Eval at 6152192 steps.
[2025-07-13 19:46:55,317][root][INFO] - Eval at 6561792 steps.
[2025-07-13 19:47:08,029][root][INFO] - Saved checkpoint to /home/alesr/Repositories/Omnidrones-PEG/wandb/run-20250713_192805-5z4oze24/files/checkpoint_6561792.pt
[2025-07-13 19:47:08,037][urllib3.connectionpool][DEBUG] - Starting new HTTPS connection (1): api.wandb.ai:443
[2025-07-13 19:47:08,261][urllib3.connectionpool][DEBUG] - https://api.wandb.ai:443 "POST /graphql HTTP/11" 200 None
[2025-07-13 19:47:59,537][root][INFO] - Eval at 6971392 steps.
[2025-07-13 19:49:04,256][root][INFO] - Eval at 7380992 steps.
[2025-07-13 19:49:50,636][root][INFO] - Saved checkpoint to /home/alesr/Repositories/Omnidrones-PEG/wandb/run-20250713_192805-5z4oze24/files/checkpoint_7380992.pt
[2025-07-13 19:49:50,648][urllib3.connectionpool][DEBUG] - Starting new HTTPS connection (1): api.wandb.ai:443
[2025-07-13 19:49:50,864][urllib3.connectionpool][DEBUG] - https://api.wandb.ai:443 "POST /graphql HTTP/11" 200 None
[2025-07-13 19:50:44,268][root][INFO] - Eval at 7790592 steps.
[2025-07-13 19:51:48,451][root][INFO] - Eval at 8200192 steps.
[2025-07-13 19:52:01,578][root][INFO] - Saved checkpoint to /home/alesr/Repositories/Omnidrones-PEG/wandb/run-20250713_192805-5z4oze24/files/checkpoint_8200192.pt
[2025-07-13 19:52:01,587][urllib3.connectionpool][DEBUG] - Starting new HTTPS connection (1): api.wandb.ai:443
[2025-07-13 19:52:01,779][urllib3.connectionpool][DEBUG] - https://api.wandb.ai:443 "POST /graphql HTTP/11" 200 None
[2025-07-13 19:52:52,882][root][INFO] - Eval at 8609792 steps.
[2025-07-13 19:53:57,349][root][INFO] - Eval at 9019392 steps.
[2025-07-13 19:54:09,780][root][INFO] - Saved checkpoint to /home/alesr/Repositories/Omnidrones-PEG/wandb/run-20250713_192805-5z4oze24/files/checkpoint_9019392.pt
[2025-07-13 19:54:09,789][urllib3.connectionpool][DEBUG] - Starting new HTTPS connection (1): api.wandb.ai:443
[2025-07-13 19:54:09,984][urllib3.connectionpool][DEBUG] - https://api.wandb.ai:443 "POST /graphql HTTP/11" 200 None
[2025-07-13 19:55:01,201][root][INFO] - Eval at 9428992 steps.
[2025-07-13 19:56:04,988][root][INFO] - Eval at 9838592 steps.
[2025-07-13 19:56:51,580][root][INFO] - Saved checkpoint to /home/alesr/Repositories/Omnidrones-PEG/wandb/run-20250713_192805-5z4oze24/files/checkpoint_9838592.pt
[2025-07-13 19:56:51,592][urllib3.connectionpool][DEBUG] - Starting new HTTPS connection (1): api.wandb.ai:443
[2025-07-13 19:56:51,803][urllib3.connectionpool][DEBUG] - https://api.wandb.ai:443 "POST /graphql HTTP/11" 200 None
[2025-07-13 19:57:45,002][root][INFO] - Eval at 10248192 steps.
[2025-07-13 19:58:50,153][root][INFO] - Eval at 10657792 steps.
[2025-07-13 19:59:02,865][root][INFO] - Saved checkpoint to /home/alesr/Repositories/Omnidrones-PEG/wandb/run-20250713_192805-5z4oze24/files/checkpoint_10657792.pt
[2025-07-13 19:59:02,874][urllib3.connectionpool][DEBUG] - Starting new HTTPS connection (1): api.wandb.ai:443
[2025-07-13 19:59:03,096][urllib3.connectionpool][DEBUG] - https://api.wandb.ai:443 "POST /graphql HTTP/11" 200 None
[2025-07-13 19:59:54,916][root][INFO] - Eval at 11067392 steps.
[2025-07-13 20:00:58,855][root][INFO] - Eval at 11476992 steps.
[2025-07-13 20:01:11,799][root][INFO] - Saved checkpoint to /home/alesr/Repositories/Omnidrones-PEG/wandb/run-20250713_192805-5z4oze24/files/checkpoint_11476992.pt
[2025-07-13 20:01:11,807][urllib3.connectionpool][DEBUG] - Starting new HTTPS connection (1): api.wandb.ai:443
[2025-07-13 20:01:12,021][urllib3.connectionpool][DEBUG] - https://api.wandb.ai:443 "POST /graphql HTTP/11" 200 None
[2025-07-13 20:02:03,608][root][INFO] - Eval at 11886592 steps.
[2025-07-13 20:03:09,389][root][INFO] - Eval at 12296192 steps.
[2025-07-13 20:03:56,578][root][INFO] - Saved checkpoint to /home/alesr/Repositories/Omnidrones-PEG/wandb/run-20250713_192805-5z4oze24/files/checkpoint_12296192.pt
[2025-07-13 20:03:56,590][urllib3.connectionpool][DEBUG] - Starting new HTTPS connection (1): api.wandb.ai:443
[2025-07-13 20:03:56,806][urllib3.connectionpool][DEBUG] - https://api.wandb.ai:443 "POST /graphql HTTP/11" 200 None
[2025-07-13 20:04:50,264][root][INFO] - Eval at 12705792 steps.
[2025-07-13 20:05:56,620][root][INFO] - Eval at 13115392 steps.
[2025-07-13 20:06:10,143][root][INFO] - Saved checkpoint to /home/alesr/Repositories/Omnidrones-PEG/wandb/run-20250713_192805-5z4oze24/files/checkpoint_13115392.pt
[2025-07-13 20:06:10,151][urllib3.connectionpool][DEBUG] - Starting new HTTPS connection (1): api.wandb.ai:443
[2025-07-13 20:06:10,351][urllib3.connectionpool][DEBUG] - https://api.wandb.ai:443 "POST /graphql HTTP/11" 200 None
[2025-07-13 20:07:03,726][root][INFO] - Eval at 13524992 steps.
[2025-07-13 20:08:08,854][root][INFO] - Eval at 13934592 steps.
[2025-07-13 20:08:21,896][root][INFO] - Saved checkpoint to /home/alesr/Repositories/Omnidrones-PEG/wandb/run-20250713_192805-5z4oze24/files/checkpoint_13934592.pt
[2025-07-13 20:08:21,904][urllib3.connectionpool][DEBUG] - Starting new HTTPS connection (1): api.wandb.ai:443
[2025-07-13 20:08:22,127][urllib3.connectionpool][DEBUG] - https://api.wandb.ai:443 "POST /graphql HTTP/11" 200 None
[2025-07-13 20:09:13,554][root][INFO] - Eval at 14344192 steps.
[2025-07-13 20:10:17,427][root][INFO] - Eval at 14753792 steps.
[2025-07-13 20:11:04,455][root][INFO] - Saved checkpoint to /home/alesr/Repositories/Omnidrones-PEG/wandb/run-20250713_192805-5z4oze24/files/checkpoint_14753792.pt
[2025-07-13 20:11:04,467][urllib3.connectionpool][DEBUG] - Starting new HTTPS connection (1): api.wandb.ai:443
[2025-07-13 20:11:04,676][urllib3.connectionpool][DEBUG] - https://api.wandb.ai:443 "POST /graphql HTTP/11" 200 None
[2025-07-13 20:11:57,598][root][INFO] - Eval at 15163392 steps.
[2025-07-13 20:13:03,025][root][INFO] - Eval at 15572992 steps.
[2025-07-13 20:13:16,485][root][INFO] - Saved checkpoint to /home/alesr/Repositories/Omnidrones-PEG/wandb/run-20250713_192805-5z4oze24/files/checkpoint_15572992.pt
[2025-07-13 20:13:16,494][urllib3.connectionpool][DEBUG] - Starting new HTTPS connection (1): api.wandb.ai:443
[2025-07-13 20:13:16,679][urllib3.connectionpool][DEBUG] - https://api.wandb.ai:443 "POST /graphql HTTP/11" 200 None
[2025-07-13 20:14:08,534][root][INFO] - Eval at 15982592 steps.
[2025-07-13 20:15:15,035][root][INFO] - Eval at 16392192 steps.
[2025-07-13 20:15:28,221][root][INFO] - Saved checkpoint to /home/alesr/Repositories/Omnidrones-PEG/wandb/run-20250713_192805-5z4oze24/files/checkpoint_16392192.pt
[2025-07-13 20:15:28,230][urllib3.connectionpool][DEBUG] - Starting new HTTPS connection (1): api.wandb.ai:443
[2025-07-13 20:15:28,416][urllib3.connectionpool][DEBUG] - https://api.wandb.ai:443 "POST /graphql HTTP/11" 200 None
[2025-07-13 20:16:21,385][root][INFO] - Eval at 16801792 steps.
[2025-07-13 20:17:27,497][root][INFO] - Eval at 17211392 steps.
[2025-07-13 20:18:14,668][root][INFO] - Saved checkpoint to /home/alesr/Repositories/Omnidrones-PEG/wandb/run-20250713_192805-5z4oze24/files/checkpoint_17211392.pt
[2025-07-13 20:18:14,680][urllib3.connectionpool][DEBUG] - Starting new HTTPS connection (1): api.wandb.ai:443
[2025-07-13 20:18:14,878][urllib3.connectionpool][DEBUG] - https://api.wandb.ai:443 "POST /graphql HTTP/11" 200 None
[2025-07-13 20:19:09,028][root][INFO] - Eval at 17620992 steps.
[2025-07-13 20:20:16,422][root][INFO] - Eval at 18030592 steps.
[2025-07-13 20:20:30,145][root][INFO] - Saved checkpoint to /home/alesr/Repositories/Omnidrones-PEG/wandb/run-20250713_192805-5z4oze24/files/checkpoint_18030592.pt
[2025-07-13 20:20:30,154][urllib3.connectionpool][DEBUG] - Starting new HTTPS connection (1): api.wandb.ai:443
[2025-07-13 20:20:30,353][urllib3.connectionpool][DEBUG] - https://api.wandb.ai:443 "POST /graphql HTTP/11" 200 None
[2025-07-13 20:21:24,382][root][INFO] - Eval at 18440192 steps.
[2025-07-13 20:22:31,365][root][INFO] - Eval at 18849792 steps.
[2025-07-13 20:22:44,510][root][INFO] - Saved checkpoint to /home/alesr/Repositories/Omnidrones-PEG/wandb/run-20250713_192805-5z4oze24/files/checkpoint_18849792.pt
[2025-07-13 20:22:44,518][urllib3.connectionpool][DEBUG] - Starting new HTTPS connection (1): api.wandb.ai:443
[2025-07-13 20:22:44,749][urllib3.connectionpool][DEBUG] - https://api.wandb.ai:443 "POST /graphql HTTP/11" 200 None
[2025-07-13 20:23:38,384][root][INFO] - Eval at 19259392 steps.
[2025-07-13 20:24:44,394][root][INFO] - Eval at 19668992 steps.
[2025-07-13 20:25:32,358][root][INFO] - Saved checkpoint to /home/alesr/Repositories/Omnidrones-PEG/wandb/run-20250713_192805-5z4oze24/files/checkpoint_19668992.pt
[2025-07-13 20:25:32,367][urllib3.connectionpool][DEBUG] - Starting new HTTPS connection (1): api.wandb.ai:443
[2025-07-13 20:25:32,557][urllib3.connectionpool][DEBUG] - https://api.wandb.ai:443 "POST /graphql HTTP/11" 200 None
[2025-07-13 20:26:16,304][root][INFO] - Final Eval at 19996672 steps.
[2025-07-13 20:27:04,555][urllib3.connectionpool][DEBUG] - Starting new HTTPS connection (1): api.wandb.ai:443
[2025-07-13 20:27:04,756][urllib3.connectionpool][DEBUG] - https://api.wandb.ai:443 "POST /graphql HTTP/11" 200 None
[2025-07-13 20:27:04,763][root][INFO] - Saved checkpoint to /home/alesr/Repositories/Omnidrones-PEG/wandb/run-20250713_192805-5z4oze24/files/checkpoint_final.pt
