[2025-07-07 21:13:31,859][asyncio][DEBUG] - Using selector: EpollSelector
[2025-07-07 21:13:32,496][omni.kit.telemetry.impl.sentry_extension][INFO] - sentry is disabled for external build
[2025-07-07 21:13:32,497][omni.kit.telemetry.impl.sentry_extension][INFO] - sentry is disabled for external build
[2025-07-07 21:13:33,404][AutoNode][DEBUG] - Defining data type 'any' as 'Any'
[2025-07-07 21:13:33,404][AutoNode][DEBUG] - Defining data type 'bool' as 'Bool' and array 'BoolArray
[2025-07-07 21:13:33,405][AutoNode][DEBUG] - Defining data type 'bundle' as 'Bundle'
[2025-07-07 21:13:33,405][AutoNode][DEBUG] - Defining data type 'colord[3]' as 'Color3d' and array 'Color3dArray
[2025-07-07 21:13:33,405][AutoNode][DEBUG] - Defining data type 'colorf[3]' as 'Color3f' and array 'Color3fArray
[2025-07-07 21:13:33,405][AutoNode][DEBUG] - Defining data type 'colorh[3]' as 'Color3h' and array 'Color3hArray
[2025-07-07 21:13:33,405][AutoNode][DEBUG] - Defining data type 'colord[4]' as 'Color4d' and array 'Color4dArray
[2025-07-07 21:13:33,405][AutoNode][DEBUG] - Defining data type 'colorf[4]' as 'Color4f' and array 'Color4fArray
[2025-07-07 21:13:33,405][AutoNode][DEBUG] - Defining data type 'colorh[4]' as 'Color4h' and array 'Color4hArray
[2025-07-07 21:13:33,405][AutoNode][DEBUG] - Defining data type 'double' as 'Double' and array 'DoubleArray
[2025-07-07 21:13:33,405][AutoNode][DEBUG] - Defining data type 'double[2]' as 'Double2' and array 'Double2Array
[2025-07-07 21:13:33,405][AutoNode][DEBUG] - Defining data type 'double[3]' as 'Double3' and array 'Double3Array
[2025-07-07 21:13:33,405][AutoNode][DEBUG] - Defining data type 'double[4]' as 'Double4' and array 'Double4Array
[2025-07-07 21:13:33,406][AutoNode][DEBUG] - Defining data type 'execution' as 'Execution'
[2025-07-07 21:13:33,406][AutoNode][DEBUG] - Defining data type 'float' as 'Float' and array 'FloatArray
[2025-07-07 21:13:33,406][AutoNode][DEBUG] - Defining data type 'float[2]' as 'Float2' and array 'Float2Array
[2025-07-07 21:13:33,406][AutoNode][DEBUG] - Defining data type 'float[3]' as 'Float3' and array 'Float3Array
[2025-07-07 21:13:33,406][AutoNode][DEBUG] - Defining data type 'float[4]' as 'Float4' and array 'Float4Array
[2025-07-07 21:13:33,406][AutoNode][DEBUG] - Defining data type 'frame[4]' as 'Frame' and array 'FrameArray
[2025-07-07 21:13:33,406][AutoNode][DEBUG] - Defining data type 'half' as 'Half' and array 'HalfArray
[2025-07-07 21:13:33,406][AutoNode][DEBUG] - Defining data type 'half[2]' as 'Half2' and array 'Half2Array
[2025-07-07 21:13:33,406][AutoNode][DEBUG] - Defining data type 'half[3]' as 'Half3' and array 'Half3Array
[2025-07-07 21:13:33,406][AutoNode][DEBUG] - Defining data type 'half[4]' as 'Half4' and array 'Half4Array
[2025-07-07 21:13:33,406][AutoNode][DEBUG] - Defining data type 'int' as 'Int' and array 'IntArray
[2025-07-07 21:13:33,407][AutoNode][DEBUG] - Defining data type 'int[2]' as 'Int2' and array 'Int2Array
[2025-07-07 21:13:33,407][AutoNode][DEBUG] - Defining data type 'int[3]' as 'Int3' and array 'Int3Array
[2025-07-07 21:13:33,407][AutoNode][DEBUG] - Defining data type 'int[4]' as 'Int4' and array 'Int4Array
[2025-07-07 21:13:33,407][AutoNode][DEBUG] - Defining data type 'int64' as 'Int64' and array 'Int64Array
[2025-07-07 21:13:33,407][AutoNode][DEBUG] - Defining data type 'matrixd[2]' as 'Matrix2d' and array 'Matrix2dArray
[2025-07-07 21:13:33,407][AutoNode][DEBUG] - Defining data type 'matrixd[3]' as 'Matrix3d' and array 'Matrix3dArray
[2025-07-07 21:13:33,407][AutoNode][DEBUG] - Defining data type 'matrixd[4]' as 'Matrix4d' and array 'Matrix4dArray
[2025-07-07 21:13:33,407][AutoNode][DEBUG] - Defining data type 'normald[3]' as 'Normal3d' and array 'Normal3dArray
[2025-07-07 21:13:33,407][AutoNode][DEBUG] - Defining data type 'normalf[3]' as 'Normal3f' and array 'Normal3fArray
[2025-07-07 21:13:33,407][AutoNode][DEBUG] - Defining data type 'normalh[3]' as 'Normal3h' and array 'Normal3hArray
[2025-07-07 21:13:33,407][AutoNode][DEBUG] - Defining data type 'objectId' as 'ObjectId' and array 'ObjectIdArray
[2025-07-07 21:13:33,408][AutoNode][DEBUG] - Defining data type 'path' as 'Path'
[2025-07-07 21:13:33,408][AutoNode][DEBUG] - Defining data type 'pointd[3]' as 'Point3d' and array 'Point3dArray
[2025-07-07 21:13:33,408][AutoNode][DEBUG] - Defining data type 'pointf[3]' as 'Point3f' and array 'Point3fArray
[2025-07-07 21:13:33,408][AutoNode][DEBUG] - Defining data type 'pointh[3]' as 'Point3h' and array 'Point3hArray
[2025-07-07 21:13:33,408][AutoNode][DEBUG] - Defining data type 'quatd[4]' as 'Quatd' and array 'QuatdArray
[2025-07-07 21:13:33,408][AutoNode][DEBUG] - Defining data type 'quatf[4]' as 'Quatf' and array 'QuatfArray
[2025-07-07 21:13:33,408][AutoNode][DEBUG] - Defining data type 'quath[4]' as 'Quath' and array 'QuathArray
[2025-07-07 21:13:33,408][AutoNode][DEBUG] - Defining data type 'string' as 'String'
[2025-07-07 21:13:33,408][AutoNode][DEBUG] - Defining data type 'target' as 'Target'
[2025-07-07 21:13:33,408][AutoNode][DEBUG] - Defining data type 'texcoordd[2]' as 'TexCoord2d' and array 'TexCoord2dArray
[2025-07-07 21:13:33,409][AutoNode][DEBUG] - Defining data type 'texcoordf[2]' as 'TexCoord2f' and array 'TexCoord2fArray
[2025-07-07 21:13:33,409][AutoNode][DEBUG] - Defining data type 'texcoordh[2]' as 'TexCoord2h' and array 'TexCoord2hArray
[2025-07-07 21:13:33,409][AutoNode][DEBUG] - Defining data type 'texcoordd[3]' as 'TexCoord3d' and array 'TexCoord3dArray
[2025-07-07 21:13:33,409][AutoNode][DEBUG] - Defining data type 'texcoordf[3]' as 'TexCoord3f' and array 'TexCoord3fArray
[2025-07-07 21:13:33,409][AutoNode][DEBUG] - Defining data type 'texcoordh[3]' as 'TexCoord3h' and array 'TexCoord3hArray
[2025-07-07 21:13:33,409][AutoNode][DEBUG] - Defining data type 'timecode' as 'Timecode' and array 'TimecodeArray
[2025-07-07 21:13:33,409][AutoNode][DEBUG] - Defining data type 'token' as 'Token' and array 'TokenArray
[2025-07-07 21:13:33,409][AutoNode][DEBUG] - Defining data type 'uchar' as 'UChar' and array 'UCharArray
[2025-07-07 21:13:33,409][AutoNode][DEBUG] - Defining data type 'uint' as 'UInt' and array 'UIntArray
[2025-07-07 21:13:33,409][AutoNode][DEBUG] - Defining data type 'uint64' as 'UInt64' and array 'UInt64Array
[2025-07-07 21:13:33,409][AutoNode][DEBUG] - Defining data type 'vectord[3]' as 'Vector3d' and array 'Vector3dArray
[2025-07-07 21:13:33,409][AutoNode][DEBUG] - Defining data type 'vectorf[3]' as 'Vector3f' and array 'Vector3fArray
[2025-07-07 21:13:33,410][AutoNode][DEBUG] - Defining data type 'vectorh[3]' as 'Vector3h' and array 'Vector3hArray
[2025-07-07 21:13:36,058][omni.kit.profiler.window][WARNING] - remove _SpanInstance.__lt__ and use insort 'key' arg instead
[2025-07-07 21:13:39,424][git.cmd][DEBUG] - Popen(['git', 'rev-parse', '--show-toplevel'], cwd=/home/alesr/Repositories/Omnidrones-PEG, stdin=None, shell=False, universal_newlines=False)
[2025-07-07 21:13:39,546][urllib3.connectionpool][DEBUG] - Starting new HTTPS connection (1): api.wandb.ai:443
[2025-07-07 21:13:39,724][urllib3.connectionpool][DEBUG] - https://api.wandb.ai:443 "POST /graphql HTTP/11" 200 None
[2025-07-07 21:13:39,728][urllib3.connectionpool][DEBUG] - Starting new HTTPS connection (1): api.wandb.ai:443
[2025-07-07 21:13:40,067][urllib3.connectionpool][DEBUG] - https://api.wandb.ai:443 "POST /graphql HTTP/11" 200 None
[2025-07-07 21:13:40,085][git.cmd][DEBUG] - Popen(['git', 'cat-file', '--batch-check'], cwd=/home/alesr/Repositories/Omnidrones-PEG, stdin=<valid stream>, shell=False, universal_newlines=False)
[2025-07-07 21:13:44,301][root][INFO] - Reading pursuer's params from /home/alesr/Repositories/Omnidrones-PEG/omni_drones/robots/assets/usd/hummingbird.yaml.
[2025-07-07 21:13:44,319][root][INFO] - Reading evader's params from /home/alesr/Repositories/Omnidrones-PEG/omni_drones/robots/assets/usd/hummingbird.yaml.
[2025-07-07 21:13:50,520][root][INFO] - Default parameters:
Mass: [[0.6800000071525574]]
Inertia: [[0.007000000681728125, 0.007000000681728125, 0.011999999172985554]]
Thrust2Weight: [[0.8999204039573669, 0.8999204039573669, 0.8999204039573669, 0.8999204039573669]]
Force2Moment: [[62.499996185302734, 62.499996185302734, 62.499996185302734, 62.499996185302734]]
[2025-07-07 21:13:51,464][root][INFO] - Default parameters:
Mass: [[0.6800000071525574]]
Inertia: [[0.007000000681728125, 0.007000000681728125, 0.011999999172985554]]
Thrust2Weight: [[0.8999204039573669, 0.8999204039573669, 0.8999204039573669, 0.8999204039573669]]
Force2Moment: [[62.499996185302734, 62.499996185302734, 62.499996185302734, 62.499996185302734]]
[2025-07-07 21:13:51,509][root][INFO] - Setup randomization:
{'train': {'drag_coef': Uniform(low: 0.0, high: 0.12399999797344208),
           'force2moment': Uniform(low: torch.Size([1, 4]), high: torch.Size([1, 4])),
           'inertia': Uniform(low: torch.Size([1, 3]), high: torch.Size([1, 3])),
           'mass': Uniform(low: tensor([[0.1768]], device='cuda:0'), high: tensor([[1.1832]], device='cuda:0')),
           'thrust2weight': Uniform(low: torch.Size([1, 4]), high: torch.Size([1, 4]))}}
[2025-07-07 21:13:51,513][root][INFO] - Setup randomization:
{'train': {'drag_coef': Uniform(low: 0.0, high: 0.12399999797344208),
           'force2moment': Uniform(low: torch.Size([1, 4]), high: torch.Size([1, 4])),
           'inertia': Uniform(low: torch.Size([1, 3]), high: torch.Size([1, 3])),
           'mass': Uniform(low: tensor([[0.1768]], device='cuda:0'), high: tensor([[1.1832]], device='cuda:0')),
           'thrust2weight': Uniform(low: torch.Size([1, 4]), high: torch.Size([1, 4]))}}
[2025-07-07 21:13:51,616][urllib3.connectionpool][DEBUG] - Starting new HTTPS connection (1): api.wandb.ai:443
[2025-07-07 21:13:51,815][urllib3.connectionpool][DEBUG] - https://api.wandb.ai:443 "POST /graphql HTTP/11" 200 None
[2025-07-07 21:13:51,821][urllib3.connectionpool][DEBUG] - Starting new HTTPS connection (1): api.wandb.ai:443
[2025-07-07 21:13:51,985][urllib3.connectionpool][DEBUG] - https://api.wandb.ai:443 "POST /graphql HTTP/11" 200 None
[2025-07-07 21:13:51,989][urllib3.connectionpool][DEBUG] - Starting new HTTPS connection (1): api.wandb.ai:443
[2025-07-07 21:13:52,241][urllib3.connectionpool][DEBUG] - https://api.wandb.ai:443 "POST /graphql HTTP/11" 200 None
[2025-07-07 21:13:52,246][urllib3.connectionpool][DEBUG] - Starting new HTTPS connection (1): api.wandb.ai:443
[2025-07-07 21:13:52,445][urllib3.connectionpool][DEBUG] - https://api.wandb.ai:443 "POST /graphql HTTP/11" 200 None
[2025-07-07 21:13:52,449][urllib3.connectionpool][DEBUG] - Starting new HTTPS connection (1): storage.googleapis.com:443
[2025-07-07 21:13:52,620][urllib3.connectionpool][DEBUG] - https://storage.googleapis.com:443 "GET /wandb-production.appspot.com/alesr_kth/PEG/gh1i43bi/artifact/1863519572/wandb_manifest.json?X-Goog-Algorithm=GOOG4-RSA-SHA256&X-Goog-Credential=gorilla-files-url-signer-man%40wandb-production.iam.gserviceaccount.com%2F20250707%2Fauto%2Fstorage%2Fgoog4_request&X-Goog-Date=20250707T191352Z&X-Goog-Expires=3599&X-Goog-Signature=074d6651bafc760d203a9b0e772465b12af012da34a7fb2c79f9d75d81f4caeadac93b54b86ac60c38212ad30d9c1662d3afaa0825b62c1a77f9933b450511b85d3677b58152e90ca880d4371a4ff337ee359f962d13fdb94128b35c1f2f6192bb9ba11e646416f3a2022d437f89e720dfcb0dd795a9b75cb56b60bb8222c762a12a275ff5fcbf58b51333686b2bb7b0b04a052edd3958ebda9292041929499eaa164cd4f49279443043a6c4ab37acc61f301017d7ede8be8f3540a1862da5840365c3f0760bd5414a66b1735f33402ffd73eb77abde57e9474838cd5666136c1f33e52c4665a2b9dc0bedcc7510c36433eb54d911eff8bc97e266a45b038e4d&X-Goog-SignedHeaders=host&X-User=alesr HTTP/11" 200 345
[2025-07-07 21:13:52,672][urllib3.connectionpool][DEBUG] - Starting new HTTPS connection (1): api.wandb.ai:443
[2025-07-07 21:13:52,855][urllib3.connectionpool][DEBUG] - https://api.wandb.ai:443 "POST /graphql HTTP/11" 200 None
[2025-07-07 21:13:52,859][urllib3.connectionpool][DEBUG] - Starting new HTTPS connection (1): api.wandb.ai:443
[2025-07-07 21:13:53,022][urllib3.connectionpool][DEBUG] - https://api.wandb.ai:443 "POST /graphql HTTP/11" 200 None
[2025-07-07 21:13:53,026][urllib3.connectionpool][DEBUG] - Starting new HTTPS connection (1): api.wandb.ai:443
[2025-07-07 21:13:53,301][urllib3.connectionpool][DEBUG] - https://api.wandb.ai:443 "POST /graphql HTTP/11" 200 None
[2025-07-07 21:13:53,305][urllib3.connectionpool][DEBUG] - Starting new HTTPS connection (1): api.wandb.ai:443
[2025-07-07 21:13:53,486][urllib3.connectionpool][DEBUG] - https://api.wandb.ai:443 "POST /graphql HTTP/11" 200 None
[2025-07-07 21:13:53,489][urllib3.connectionpool][DEBUG] - Starting new HTTPS connection (1): storage.googleapis.com:443
[2025-07-07 21:13:53,719][urllib3.connectionpool][DEBUG] - https://storage.googleapis.com:443 "GET /wandb-production.appspot.com/alesr_kth/PEG/mww1ihw3/artifact/1863323956/wandb_manifest.json?X-Goog-Algorithm=GOOG4-RSA-SHA256&X-Goog-Credential=gorilla-files-url-signer-man%40wandb-production.iam.gserviceaccount.com%2F20250707%2Fauto%2Fstorage%2Fgoog4_request&X-Goog-Date=20250707T191353Z&X-Goog-Expires=3599&X-Goog-Signature=53ef8371b16348ce9f7233225dfeefaad5c386b23c389500c95f69edf04bec4f87c799035f03f5c6b00587bad8313f638ff70809648022a8c31f7552387de5da156a7afbb5f986ac690e24280dc7c7b350a241f44326ca32132d4bcab19c930d78bf9f232abbacc22452b4cd8a8f3638661ebdf512b53a47b99051b8a8be20c74a2495ca9f9c47ef04f5f929acbd5412a17ed628cce25797b3b896ac73cabe046877a77fb840734c27ca642c0822b3c9dfa7852b2cf055fc90a1548809f9e55f2cb797366fc815987de179f558284566e6775e4cb04436fa68698a2a56e51ea57128114e8f57ed9e5e4526ebfa18ca3394fcd0fc98de1aae55b33d77ff0e763f&X-Goog-SignedHeaders=host&X-User=alesr HTTP/11" 200 342
[2025-07-07 21:13:53,763][urllib3.connectionpool][DEBUG] - Starting new HTTPS connection (1): api.wandb.ai:443
[2025-07-07 21:13:53,956][urllib3.connectionpool][DEBUG] - https://api.wandb.ai:443 "POST /graphql HTTP/11" 200 None
[2025-07-07 21:13:53,959][urllib3.connectionpool][DEBUG] - Starting new HTTPS connection (1): api.wandb.ai:443
[2025-07-07 21:13:54,152][urllib3.connectionpool][DEBUG] - https://api.wandb.ai:443 "POST /graphql HTTP/11" 200 None
[2025-07-07 21:13:54,155][urllib3.connectionpool][DEBUG] - Starting new HTTPS connection (1): api.wandb.ai:443
[2025-07-07 21:13:54,574][urllib3.connectionpool][DEBUG] - https://api.wandb.ai:443 "POST /graphql HTTP/11" 200 None
[2025-07-07 21:13:54,578][urllib3.connectionpool][DEBUG] - Starting new HTTPS connection (1): api.wandb.ai:443
[2025-07-07 21:13:54,757][urllib3.connectionpool][DEBUG] - https://api.wandb.ai:443 "POST /graphql HTTP/11" 200 None
[2025-07-07 21:13:54,761][urllib3.connectionpool][DEBUG] - Starting new HTTPS connection (1): storage.googleapis.com:443
[2025-07-07 21:13:54,976][urllib3.connectionpool][DEBUG] - https://storage.googleapis.com:443 "GET /wandb-production.appspot.com/alesr_kth/PEG/45tbxntw/artifact/1863475311/wandb_manifest.json?X-Goog-Algorithm=GOOG4-RSA-SHA256&X-Goog-Credential=gorilla-files-url-signer-man%40wandb-production.iam.gserviceaccount.com%2F20250707%2Fauto%2Fstorage%2Fgoog4_request&X-Goog-Date=20250707T191354Z&X-Goog-Expires=3599&X-Goog-Signature=16cd5fec0aadb95f864792394f3a34e4a345342995b4f97377f5363ae9580c86c30d128d76c043694052f0c7757a66ccbda43a1ba62c267fa2c4d12f7cf75d9eef42ba8a0b6d2a85061cf89866ef7f6552b5d6a0665394d7244554cf5c21301faa1c38358d67da13c26a9a5e448aef5d36e4a1cbad15f831e76f0093871de274286be428698c21c4136a755e4a377bf5d6caa263e74d09271441e99f8216e6f86e5012171d35445a5510dcb96572d37a53f96228ca138a4a1017022ab21c01228262b4330f088a3c240cf767a475d080dd2ecfef22302c52538afbd776d548fb4c417788b43defd07c0f8b4d44ffa9ec507152775fe4be544da0df84666aa68a&X-Goog-SignedHeaders=host&X-User=alesr HTTP/11" 200 346
[2025-07-07 21:13:56,040][root][INFO] - Eval at 8192 steps.
[2025-07-07 21:14:12,660][root][INFO] - Saved checkpoint to /home/alesr/Repositories/Omnidrones-PEG/wandb/run-20250707_211340-e8p94beh/files/checkpoint_8192.pt
[2025-07-07 21:14:12,684][urllib3.connectionpool][DEBUG] - Starting new HTTPS connection (1): api.wandb.ai:443
[2025-07-07 21:14:12,885][urllib3.connectionpool][DEBUG] - https://api.wandb.ai:443 "POST /graphql HTTP/11" 200 None
[2025-07-07 21:15:02,579][root][INFO] - Eval at 417792 steps.
[2025-07-07 21:15:18,914][root][INFO] - Saved best checkpoint to /home/alesr/Repositories/Omnidrones-PEG/wandb/run-20250707_211340-e8p94beh/files/checkpoint_best.pt
[2025-07-07 21:15:18,935][urllib3.connectionpool][DEBUG] - Starting new HTTPS connection (1): api.wandb.ai:443
[2025-07-07 21:15:19,150][urllib3.connectionpool][DEBUG] - https://api.wandb.ai:443 "POST /graphql HTTP/11" 200 None
[2025-07-07 21:16:07,433][root][INFO] - Eval at 827392 steps.
[2025-07-07 21:16:23,552][root][INFO] - Saved checkpoint to /home/alesr/Repositories/Omnidrones-PEG/wandb/run-20250707_211340-e8p94beh/files/checkpoint_827392.pt
[2025-07-07 21:16:23,573][urllib3.connectionpool][DEBUG] - Starting new HTTPS connection (1): api.wandb.ai:443
[2025-07-07 21:16:23,766][urllib3.connectionpool][DEBUG] - https://api.wandb.ai:443 "POST /graphql HTTP/11" 200 None
[2025-07-07 21:17:12,103][root][INFO] - Eval at 1236992 steps.
[2025-07-07 21:18:17,373][root][INFO] - Eval at 1646592 steps.
[2025-07-07 21:18:33,574][root][INFO] - Saved checkpoint to /home/alesr/Repositories/Omnidrones-PEG/wandb/run-20250707_211340-e8p94beh/files/checkpoint_1646592.pt
[2025-07-07 21:18:33,597][urllib3.connectionpool][DEBUG] - Starting new HTTPS connection (1): api.wandb.ai:443
[2025-07-07 21:18:33,797][urllib3.connectionpool][DEBUG] - https://api.wandb.ai:443 "POST /graphql HTTP/11" 200 None
[2025-07-07 21:19:22,448][root][INFO] - Eval at 2056192 steps.
[2025-07-07 21:20:26,887][root][INFO] - Eval at 2465792 steps.
[2025-07-07 21:20:42,801][root][INFO] - Saved checkpoint to /home/alesr/Repositories/Omnidrones-PEG/wandb/run-20250707_211340-e8p94beh/files/checkpoint_2465792.pt
[2025-07-07 21:20:42,823][urllib3.connectionpool][DEBUG] - Starting new HTTPS connection (1): api.wandb.ai:443
[2025-07-07 21:20:43,001][urllib3.connectionpool][DEBUG] - https://api.wandb.ai:443 "POST /graphql HTTP/11" 200 None
[2025-07-07 21:21:32,139][root][INFO] - Eval at 2875392 steps.
[2025-07-07 21:22:38,723][root][INFO] - Eval at 3284992 steps.
[2025-07-07 21:22:54,734][root][INFO] - Saved checkpoint to /home/alesr/Repositories/Omnidrones-PEG/wandb/run-20250707_211340-e8p94beh/files/checkpoint_3284992.pt
[2025-07-07 21:22:54,755][urllib3.connectionpool][DEBUG] - Starting new HTTPS connection (1): api.wandb.ai:443
[2025-07-07 21:22:54,940][urllib3.connectionpool][DEBUG] - https://api.wandb.ai:443 "POST /graphql HTTP/11" 200 None
[2025-07-07 21:23:43,224][root][INFO] - Eval at 3694592 steps.
[2025-07-07 21:24:48,369][root][INFO] - Eval at 4104192 steps.
[2025-07-07 21:25:04,647][root][INFO] - Saved checkpoint to /home/alesr/Repositories/Omnidrones-PEG/wandb/run-20250707_211340-e8p94beh/files/checkpoint_4104192.pt
[2025-07-07 21:25:04,669][urllib3.connectionpool][DEBUG] - Starting new HTTPS connection (1): api.wandb.ai:443
[2025-07-07 21:25:04,853][urllib3.connectionpool][DEBUG] - https://api.wandb.ai:443 "POST /graphql HTTP/11" 200 None
[2025-07-07 21:25:54,367][root][INFO] - Eval at 4513792 steps.
[2025-07-07 21:26:59,992][root][INFO] - Eval at 4923392 steps.
[2025-07-07 21:27:16,258][root][INFO] - Saved checkpoint to /home/alesr/Repositories/Omnidrones-PEG/wandb/run-20250707_211340-e8p94beh/files/checkpoint_4923392.pt
[2025-07-07 21:27:16,280][urllib3.connectionpool][DEBUG] - Starting new HTTPS connection (1): api.wandb.ai:443
[2025-07-07 21:27:16,478][urllib3.connectionpool][DEBUG] - https://api.wandb.ai:443 "POST /graphql HTTP/11" 200 None
[2025-07-07 21:28:04,914][root][INFO] - Eval at 5332992 steps.
[2025-07-07 21:29:10,106][root][INFO] - Eval at 5742592 steps.
[2025-07-07 21:29:27,015][root][INFO] - Saved checkpoint to /home/alesr/Repositories/Omnidrones-PEG/wandb/run-20250707_211340-e8p94beh/files/checkpoint_5742592.pt
[2025-07-07 21:29:27,036][urllib3.connectionpool][DEBUG] - Starting new HTTPS connection (1): api.wandb.ai:443
[2025-07-07 21:29:27,241][urllib3.connectionpool][DEBUG] - https://api.wandb.ai:443 "POST /graphql HTTP/11" 200 None
[2025-07-07 21:30:17,078][root][INFO] - Eval at 6152192 steps.
[2025-07-07 21:31:22,328][root][INFO] - Eval at 6561792 steps.
[2025-07-07 21:31:39,370][root][INFO] - Saved checkpoint to /home/alesr/Repositories/Omnidrones-PEG/wandb/run-20250707_211340-e8p94beh/files/checkpoint_6561792.pt
[2025-07-07 21:31:39,393][urllib3.connectionpool][DEBUG] - Starting new HTTPS connection (1): api.wandb.ai:443
[2025-07-07 21:31:39,584][urllib3.connectionpool][DEBUG] - https://api.wandb.ai:443 "POST /graphql HTTP/11" 200 None
[2025-07-07 21:32:27,579][root][INFO] - Eval at 6971392 steps.
[2025-07-07 21:33:32,590][root][INFO] - Eval at 7380992 steps.
[2025-07-07 21:33:48,790][root][INFO] - Saved checkpoint to /home/alesr/Repositories/Omnidrones-PEG/wandb/run-20250707_211340-e8p94beh/files/checkpoint_7380992.pt
[2025-07-07 21:33:48,813][urllib3.connectionpool][DEBUG] - Starting new HTTPS connection (1): api.wandb.ai:443
[2025-07-07 21:33:49,015][urllib3.connectionpool][DEBUG] - https://api.wandb.ai:443 "POST /graphql HTTP/11" 200 None
[2025-07-07 21:34:37,807][root][INFO] - Eval at 7790592 steps.
[2025-07-07 21:35:42,697][root][INFO] - Eval at 8200192 steps.
[2025-07-07 21:35:59,121][root][INFO] - Saved checkpoint to /home/alesr/Repositories/Omnidrones-PEG/wandb/run-20250707_211340-e8p94beh/files/checkpoint_8200192.pt
[2025-07-07 21:35:59,143][urllib3.connectionpool][DEBUG] - Starting new HTTPS connection (1): api.wandb.ai:443
[2025-07-07 21:35:59,338][urllib3.connectionpool][DEBUG] - https://api.wandb.ai:443 "POST /graphql HTTP/11" 200 None
[2025-07-07 21:36:48,644][root][INFO] - Eval at 8609792 steps.
[2025-07-07 21:37:52,684][root][INFO] - Eval at 9019392 steps.
[2025-07-07 21:38:08,727][root][INFO] - Saved checkpoint to /home/alesr/Repositories/Omnidrones-PEG/wandb/run-20250707_211340-e8p94beh/files/checkpoint_9019392.pt
[2025-07-07 21:38:08,740][urllib3.connectionpool][DEBUG] - Starting new HTTPS connection (1): api.wandb.ai:443
[2025-07-07 21:38:08,933][urllib3.connectionpool][DEBUG] - https://api.wandb.ai:443 "POST /graphql HTTP/11" 200 None
[2025-07-07 21:38:57,244][root][INFO] - Eval at 9428992 steps.
[2025-07-07 21:40:02,508][root][INFO] - Eval at 9838592 steps.
[2025-07-07 21:40:18,637][root][INFO] - Saved checkpoint to /home/alesr/Repositories/Omnidrones-PEG/wandb/run-20250707_211340-e8p94beh/files/checkpoint_9838592.pt
[2025-07-07 21:40:18,651][urllib3.connectionpool][DEBUG] - Starting new HTTPS connection (1): api.wandb.ai:443
[2025-07-07 21:40:18,868][urllib3.connectionpool][DEBUG] - https://api.wandb.ai:443 "POST /graphql HTTP/11" 200 None
[2025-07-07 21:41:06,964][root][INFO] - Eval at 10248192 steps.
[2025-07-07 21:42:11,768][root][INFO] - Eval at 10657792 steps.
[2025-07-07 21:42:27,913][root][INFO] - Saved checkpoint to /home/alesr/Repositories/Omnidrones-PEG/wandb/run-20250707_211340-e8p94beh/files/checkpoint_10657792.pt
[2025-07-07 21:42:27,935][urllib3.connectionpool][DEBUG] - Starting new HTTPS connection (1): api.wandb.ai:443
[2025-07-07 21:42:28,128][urllib3.connectionpool][DEBUG] - https://api.wandb.ai:443 "POST /graphql HTTP/11" 200 None
[2025-07-07 21:43:17,375][root][INFO] - Eval at 11067392 steps.
[2025-07-07 21:44:21,014][root][INFO] - Eval at 11476992 steps.
[2025-07-07 21:44:36,741][root][INFO] - Saved checkpoint to /home/alesr/Repositories/Omnidrones-PEG/wandb/run-20250707_211340-e8p94beh/files/checkpoint_11476992.pt
[2025-07-07 21:44:36,764][urllib3.connectionpool][DEBUG] - Starting new HTTPS connection (1): api.wandb.ai:443
[2025-07-07 21:44:36,949][urllib3.connectionpool][DEBUG] - https://api.wandb.ai:443 "POST /graphql HTTP/11" 200 None
[2025-07-07 21:45:25,332][root][INFO] - Eval at 11886592 steps.
[2025-07-07 21:46:30,889][root][INFO] - Eval at 12296192 steps.
[2025-07-07 21:46:47,049][root][INFO] - Saved checkpoint to /home/alesr/Repositories/Omnidrones-PEG/wandb/run-20250707_211340-e8p94beh/files/checkpoint_12296192.pt
[2025-07-07 21:46:47,071][urllib3.connectionpool][DEBUG] - Starting new HTTPS connection (1): api.wandb.ai:443
[2025-07-07 21:46:47,268][urllib3.connectionpool][DEBUG] - https://api.wandb.ai:443 "POST /graphql HTTP/11" 200 None
[2025-07-07 21:47:35,487][root][INFO] - Eval at 12705792 steps.
[2025-07-07 21:48:40,250][root][INFO] - Eval at 13115392 steps.
[2025-07-07 21:48:56,056][root][INFO] - Saved checkpoint to /home/alesr/Repositories/Omnidrones-PEG/wandb/run-20250707_211340-e8p94beh/files/checkpoint_13115392.pt
[2025-07-07 21:48:56,078][urllib3.connectionpool][DEBUG] - Starting new HTTPS connection (1): api.wandb.ai:443
[2025-07-07 21:48:56,251][urllib3.connectionpool][DEBUG] - https://api.wandb.ai:443 "POST /graphql HTTP/11" 200 None
[2025-07-07 21:49:44,749][root][INFO] - Eval at 13524992 steps.
[2025-07-07 21:50:48,552][root][INFO] - Eval at 13934592 steps.
[2025-07-07 21:51:05,364][root][INFO] - Saved checkpoint to /home/alesr/Repositories/Omnidrones-PEG/wandb/run-20250707_211340-e8p94beh/files/checkpoint_13934592.pt
[2025-07-07 21:51:05,386][urllib3.connectionpool][DEBUG] - Starting new HTTPS connection (1): api.wandb.ai:443
[2025-07-07 21:51:05,562][urllib3.connectionpool][DEBUG] - https://api.wandb.ai:443 "POST /graphql HTTP/11" 200 None
[2025-07-07 21:51:54,158][root][INFO] - Eval at 14344192 steps.
[2025-07-07 21:52:57,919][root][INFO] - Eval at 14753792 steps.
[2025-07-07 21:53:13,668][root][INFO] - Saved checkpoint to /home/alesr/Repositories/Omnidrones-PEG/wandb/run-20250707_211340-e8p94beh/files/checkpoint_14753792.pt
[2025-07-07 21:53:13,691][urllib3.connectionpool][DEBUG] - Starting new HTTPS connection (1): api.wandb.ai:443
[2025-07-07 21:53:13,930][urllib3.connectionpool][DEBUG] - https://api.wandb.ai:443 "POST /graphql HTTP/11" 200 None
[2025-07-07 21:54:02,399][root][INFO] - Eval at 15163392 steps.
[2025-07-07 21:55:06,648][root][INFO] - Eval at 15572992 steps.
[2025-07-07 21:55:22,552][root][INFO] - Saved checkpoint to /home/alesr/Repositories/Omnidrones-PEG/wandb/run-20250707_211340-e8p94beh/files/checkpoint_15572992.pt
[2025-07-07 21:55:22,575][urllib3.connectionpool][DEBUG] - Starting new HTTPS connection (1): api.wandb.ai:443
[2025-07-07 21:55:22,757][urllib3.connectionpool][DEBUG] - https://api.wandb.ai:443 "POST /graphql HTTP/11" 200 None
[2025-07-07 21:56:10,612][root][INFO] - Eval at 15982592 steps.
[2025-07-07 21:57:15,106][root][INFO] - Eval at 16392192 steps.
[2025-07-07 21:57:31,254][root][INFO] - Saved checkpoint to /home/alesr/Repositories/Omnidrones-PEG/wandb/run-20250707_211340-e8p94beh/files/checkpoint_16392192.pt
[2025-07-07 21:57:31,276][urllib3.connectionpool][DEBUG] - Starting new HTTPS connection (1): api.wandb.ai:443
[2025-07-07 21:57:31,468][urllib3.connectionpool][DEBUG] - https://api.wandb.ai:443 "POST /graphql HTTP/11" 200 None
[2025-07-07 21:58:20,064][root][INFO] - Eval at 16801792 steps.
[2025-07-07 21:59:24,867][root][INFO] - Eval at 17211392 steps.
[2025-07-07 21:59:41,128][root][INFO] - Saved checkpoint to /home/alesr/Repositories/Omnidrones-PEG/wandb/run-20250707_211340-e8p94beh/files/checkpoint_17211392.pt
[2025-07-07 21:59:41,150][urllib3.connectionpool][DEBUG] - Starting new HTTPS connection (1): api.wandb.ai:443
[2025-07-07 21:59:41,329][urllib3.connectionpool][DEBUG] - https://api.wandb.ai:443 "POST /graphql HTTP/11" 200 None
[2025-07-07 22:00:30,603][root][INFO] - Eval at 17620992 steps.
[2025-07-07 22:01:35,557][root][INFO] - Eval at 18030592 steps.
[2025-07-07 22:01:52,354][root][INFO] - Saved checkpoint to /home/alesr/Repositories/Omnidrones-PEG/wandb/run-20250707_211340-e8p94beh/files/checkpoint_18030592.pt
[2025-07-07 22:01:52,376][urllib3.connectionpool][DEBUG] - Starting new HTTPS connection (1): api.wandb.ai:443
[2025-07-07 22:01:52,555][urllib3.connectionpool][DEBUG] - https://api.wandb.ai:443 "POST /graphql HTTP/11" 200 None
[2025-07-07 22:02:41,321][root][INFO] - Eval at 18440192 steps.
[2025-07-07 22:03:46,378][root][INFO] - Eval at 18849792 steps.
[2025-07-07 22:04:02,685][root][INFO] - Saved checkpoint to /home/alesr/Repositories/Omnidrones-PEG/wandb/run-20250707_211340-e8p94beh/files/checkpoint_18849792.pt
[2025-07-07 22:04:02,708][urllib3.connectionpool][DEBUG] - Starting new HTTPS connection (1): api.wandb.ai:443
[2025-07-07 22:04:02,929][urllib3.connectionpool][DEBUG] - https://api.wandb.ai:443 "POST /graphql HTTP/11" 200 None
[2025-07-07 22:04:51,673][root][INFO] - Eval at 19259392 steps.
[2025-07-07 22:05:56,720][root][INFO] - Eval at 19668992 steps.
[2025-07-07 22:06:12,938][root][INFO] - Saved checkpoint to /home/alesr/Repositories/Omnidrones-PEG/wandb/run-20250707_211340-e8p94beh/files/checkpoint_19668992.pt
[2025-07-07 22:06:12,952][urllib3.connectionpool][DEBUG] - Starting new HTTPS connection (1): api.wandb.ai:443
[2025-07-07 22:06:13,147][urllib3.connectionpool][DEBUG] - https://api.wandb.ai:443 "POST /graphql HTTP/11" 200 None
[2025-07-07 22:06:51,603][root][INFO] - Final Eval at 19996672 steps.
[2025-07-07 22:07:07,490][urllib3.connectionpool][DEBUG] - Starting new HTTPS connection (1): api.wandb.ai:443
[2025-07-07 22:07:07,703][urllib3.connectionpool][DEBUG] - https://api.wandb.ai:443 "POST /graphql HTTP/11" 200 None
[2025-07-07 22:07:07,709][root][INFO] - Saved checkpoint to /home/alesr/Repositories/Omnidrones-PEG/wandb/run-20250707_211340-e8p94beh/files/checkpoint_final.pt
