[2025-07-13 12:20:34,246][asyncio][DEBUG] - Using selector: EpollSelector
[2025-07-13 12:20:35,120][omni.kit.telemetry.impl.sentry_extension][INFO] - sentry is disabled for external build
[2025-07-13 12:20:35,121][omni.kit.telemetry.impl.sentry_extension][INFO] - sentry is disabled for external build
[2025-07-13 12:20:36,180][AutoNode][DEBUG] - Defining data type 'any' as 'Any'
[2025-07-13 12:20:36,180][AutoNode][DEBUG] - Defining data type 'bool' as 'Bool' and array 'BoolArray
[2025-07-13 12:20:36,180][AutoNode][DEBUG] - Defining data type 'bundle' as 'Bundle'
[2025-07-13 12:20:36,180][AutoNode][DEBUG] - Defining data type 'colord[3]' as 'Color3d' and array 'Color3dArray
[2025-07-13 12:20:36,180][AutoNode][DEBUG] - Defining data type 'colorf[3]' as 'Color3f' and array 'Color3fArray
[2025-07-13 12:20:36,180][AutoNode][DEBUG] - Defining data type 'colorh[3]' as 'Color3h' and array 'Color3hArray
[2025-07-13 12:20:36,180][AutoNode][DEBUG] - Defining data type 'colord[4]' as 'Color4d' and array 'Color4dArray
[2025-07-13 12:20:36,180][AutoNode][DEBUG] - Defining data type 'colorf[4]' as 'Color4f' and array 'Color4fArray
[2025-07-13 12:20:36,180][AutoNode][DEBUG] - Defining data type 'colorh[4]' as 'Color4h' and array 'Color4hArray
[2025-07-13 12:20:36,180][AutoNode][DEBUG] - Defining data type 'double' as 'Double' and array 'DoubleArray
[2025-07-13 12:20:36,180][AutoNode][DEBUG] - Defining data type 'double[2]' as 'Double2' and array 'Double2Array
[2025-07-13 12:20:36,180][AutoNode][DEBUG] - Defining data type 'double[3]' as 'Double3' and array 'Double3Array
[2025-07-13 12:20:36,181][AutoNode][DEBUG] - Defining data type 'double[4]' as 'Double4' and array 'Double4Array
[2025-07-13 12:20:36,181][AutoNode][DEBUG] - Defining data type 'execution' as 'Execution'
[2025-07-13 12:20:36,181][AutoNode][DEBUG] - Defining data type 'float' as 'Float' and array 'FloatArray
[2025-07-13 12:20:36,181][AutoNode][DEBUG] - Defining data type 'float[2]' as 'Float2' and array 'Float2Array
[2025-07-13 12:20:36,181][AutoNode][DEBUG] - Defining data type 'float[3]' as 'Float3' and array 'Float3Array
[2025-07-13 12:20:36,181][AutoNode][DEBUG] - Defining data type 'float[4]' as 'Float4' and array 'Float4Array
[2025-07-13 12:20:36,181][AutoNode][DEBUG] - Defining data type 'frame[4]' as 'Frame' and array 'FrameArray
[2025-07-13 12:20:36,181][AutoNode][DEBUG] - Defining data type 'half' as 'Half' and array 'HalfArray
[2025-07-13 12:20:36,181][AutoNode][DEBUG] - Defining data type 'half[2]' as 'Half2' and array 'Half2Array
[2025-07-13 12:20:36,181][AutoNode][DEBUG] - Defining data type 'half[3]' as 'Half3' and array 'Half3Array
[2025-07-13 12:20:36,181][AutoNode][DEBUG] - Defining data type 'half[4]' as 'Half4' and array 'Half4Array
[2025-07-13 12:20:36,181][AutoNode][DEBUG] - Defining data type 'int' as 'Int' and array 'IntArray
[2025-07-13 12:20:36,181][AutoNode][DEBUG] - Defining data type 'int[2]' as 'Int2' and array 'Int2Array
[2025-07-13 12:20:36,181][AutoNode][DEBUG] - Defining data type 'int[3]' as 'Int3' and array 'Int3Array
[2025-07-13 12:20:36,181][AutoNode][DEBUG] - Defining data type 'int[4]' as 'Int4' and array 'Int4Array
[2025-07-13 12:20:36,181][AutoNode][DEBUG] - Defining data type 'int64' as 'Int64' and array 'Int64Array
[2025-07-13 12:20:36,181][AutoNode][DEBUG] - Defining data type 'matrixd[2]' as 'Matrix2d' and array 'Matrix2dArray
[2025-07-13 12:20:36,182][AutoNode][DEBUG] - Defining data type 'matrixd[3]' as 'Matrix3d' and array 'Matrix3dArray
[2025-07-13 12:20:36,182][AutoNode][DEBUG] - Defining data type 'matrixd[4]' as 'Matrix4d' and array 'Matrix4dArray
[2025-07-13 12:20:36,182][AutoNode][DEBUG] - Defining data type 'normald[3]' as 'Normal3d' and array 'Normal3dArray
[2025-07-13 12:20:36,182][AutoNode][DEBUG] - Defining data type 'normalf[3]' as 'Normal3f' and array 'Normal3fArray
[2025-07-13 12:20:36,182][AutoNode][DEBUG] - Defining data type 'normalh[3]' as 'Normal3h' and array 'Normal3hArray
[2025-07-13 12:20:36,182][AutoNode][DEBUG] - Defining data type 'objectId' as 'ObjectId' and array 'ObjectIdArray
[2025-07-13 12:20:36,182][AutoNode][DEBUG] - Defining data type 'path' as 'Path'
[2025-07-13 12:20:36,182][AutoNode][DEBUG] - Defining data type 'pointd[3]' as 'Point3d' and array 'Point3dArray
[2025-07-13 12:20:36,182][AutoNode][DEBUG] - Defining data type 'pointf[3]' as 'Point3f' and array 'Point3fArray
[2025-07-13 12:20:36,182][AutoNode][DEBUG] - Defining data type 'pointh[3]' as 'Point3h' and array 'Point3hArray
[2025-07-13 12:20:36,182][AutoNode][DEBUG] - Defining data type 'quatd[4]' as 'Quatd' and array 'QuatdArray
[2025-07-13 12:20:36,182][AutoNode][DEBUG] - Defining data type 'quatf[4]' as 'Quatf' and array 'QuatfArray
[2025-07-13 12:20:36,182][AutoNode][DEBUG] - Defining data type 'quath[4]' as 'Quath' and array 'QuathArray
[2025-07-13 12:20:36,182][AutoNode][DEBUG] - Defining data type 'string' as 'String'
[2025-07-13 12:20:36,182][AutoNode][DEBUG] - Defining data type 'target' as 'Target'
[2025-07-13 12:20:36,182][AutoNode][DEBUG] - Defining data type 'texcoordd[2]' as 'TexCoord2d' and array 'TexCoord2dArray
[2025-07-13 12:20:36,182][AutoNode][DEBUG] - Defining data type 'texcoordf[2]' as 'TexCoord2f' and array 'TexCoord2fArray
[2025-07-13 12:20:36,183][AutoNode][DEBUG] - Defining data type 'texcoordh[2]' as 'TexCoord2h' and array 'TexCoord2hArray
[2025-07-13 12:20:36,183][AutoNode][DEBUG] - Defining data type 'texcoordd[3]' as 'TexCoord3d' and array 'TexCoord3dArray
[2025-07-13 12:20:36,183][AutoNode][DEBUG] - Defining data type 'texcoordf[3]' as 'TexCoord3f' and array 'TexCoord3fArray
[2025-07-13 12:20:36,183][AutoNode][DEBUG] - Defining data type 'texcoordh[3]' as 'TexCoord3h' and array 'TexCoord3hArray
[2025-07-13 12:20:36,183][AutoNode][DEBUG] - Defining data type 'timecode' as 'Timecode' and array 'TimecodeArray
[2025-07-13 12:20:36,183][AutoNode][DEBUG] - Defining data type 'token' as 'Token' and array 'TokenArray
[2025-07-13 12:20:36,183][AutoNode][DEBUG] - Defining data type 'uchar' as 'UChar' and array 'UCharArray
[2025-07-13 12:20:36,183][AutoNode][DEBUG] - Defining data type 'uint' as 'UInt' and array 'UIntArray
[2025-07-13 12:20:36,183][AutoNode][DEBUG] - Defining data type 'uint64' as 'UInt64' and array 'UInt64Array
[2025-07-13 12:20:36,183][AutoNode][DEBUG] - Defining data type 'vectord[3]' as 'Vector3d' and array 'Vector3dArray
[2025-07-13 12:20:36,183][AutoNode][DEBUG] - Defining data type 'vectorf[3]' as 'Vector3f' and array 'Vector3fArray
[2025-07-13 12:20:36,183][AutoNode][DEBUG] - Defining data type 'vectorh[3]' as 'Vector3h' and array 'Vector3hArray
[2025-07-13 12:20:39,385][omni.kit.profiler.window][WARNING] - remove _SpanInstance.__lt__ and use insort 'key' arg instead
[2025-07-13 12:20:43,250][git.cmd][DEBUG] - Popen(['git', 'rev-parse', '--show-toplevel'], cwd=/home/alesr/Repositories/Omnidrones-PEG, stdin=None, shell=False, universal_newlines=False)
[2025-07-13 12:20:43,405][urllib3.connectionpool][DEBUG] - Starting new HTTPS connection (1): api.wandb.ai:443
[2025-07-13 12:20:43,615][urllib3.connectionpool][DEBUG] - https://api.wandb.ai:443 "POST /graphql HTTP/11" 200 None
[2025-07-13 12:20:43,619][urllib3.connectionpool][DEBUG] - Starting new HTTPS connection (1): api.wandb.ai:443
[2025-07-13 12:20:43,797][urllib3.connectionpool][DEBUG] - https://api.wandb.ai:443 "POST /graphql HTTP/11" 200 None
[2025-07-13 12:20:43,817][git.cmd][DEBUG] - Popen(['git', 'cat-file', '--batch-check'], cwd=/home/alesr/Repositories/Omnidrones-PEG, stdin=<valid stream>, shell=False, universal_newlines=False)
[2025-07-13 12:20:48,008][root][INFO] - Reading pursuer's params from /home/alesr/Repositories/Omnidrones-PEG/omni_drones/robots/assets/usd/hummingbird.yaml.
[2025-07-13 12:20:48,025][root][INFO] - Reading evader's params from /home/alesr/Repositories/Omnidrones-PEG/omni_drones/robots/assets/usd/hummingbird.yaml.
[2025-07-13 12:20:54,705][root][INFO] - Default parameters:
Mass: [[0.6800000071525574]]
Inertia: [[0.007000000681728125, 0.007000000681728125, 0.011999999172985554]]
Thrust2Weight: [[0.8999204039573669, 0.8999204039573669, 0.8999204039573669, 0.8999204039573669]]
Force2Moment: [[62.499996185302734, 62.499996185302734, 62.499996185302734, 62.499996185302734]]
[2025-07-13 12:20:55,769][root][INFO] - Default parameters:
Mass: [[0.6800000071525574]]
Inertia: [[0.007000000681728125, 0.007000000681728125, 0.011999999172985554]]
Thrust2Weight: [[0.8999204039573669, 0.8999204039573669, 0.8999204039573669, 0.8999204039573669]]
Force2Moment: [[62.499996185302734, 62.499996185302734, 62.499996185302734, 62.499996185302734]]
[2025-07-13 12:20:55,816][root][INFO] - Setup randomization:
{'train': {'drag_coef': Uniform(low: 0.0, high: 0.12399999797344208),
           'force2moment': Uniform(low: torch.Size([1, 4]), high: torch.Size([1, 4])),
           'inertia': Uniform(low: torch.Size([1, 3]), high: torch.Size([1, 3])),
           'mass': Uniform(low: tensor([[0.1768]], device='cuda:0'), high: tensor([[1.1832]], device='cuda:0')),
           'thrust2weight': Uniform(low: torch.Size([1, 4]), high: torch.Size([1, 4]))}}
[2025-07-13 12:20:55,820][root][INFO] - Setup randomization:
{'train': {'drag_coef': Uniform(low: 0.0, high: 0.12399999797344208),
           'force2moment': Uniform(low: torch.Size([1, 4]), high: torch.Size([1, 4])),
           'inertia': Uniform(low: torch.Size([1, 3]), high: torch.Size([1, 3])),
           'mass': Uniform(low: tensor([[0.1768]], device='cuda:0'), high: tensor([[1.1832]], device='cuda:0')),
           'thrust2weight': Uniform(low: torch.Size([1, 4]), high: torch.Size([1, 4]))}}
[2025-07-13 12:20:57,073][root][INFO] - Eval at 8192 steps.
[2025-07-13 12:21:49,866][root][INFO] - Saved checkpoint to /home/alesr/Repositories/Omnidrones-PEG/wandb/run-20250713_122043-qnwpl3cb/files/checkpoint_8192.pt
[2025-07-13 12:21:49,890][urllib3.connectionpool][DEBUG] - Starting new HTTPS connection (1): api.wandb.ai:443
[2025-07-13 12:21:50,078][urllib3.connectionpool][DEBUG] - https://api.wandb.ai:443 "POST /graphql HTTP/11" 200 None
[2025-07-13 12:22:47,576][root][INFO] - Eval at 417792 steps.
[2025-07-13 12:24:00,556][root][INFO] - Eval at 827392 steps.
[2025-07-13 12:24:14,231][root][INFO] - Saved checkpoint to /home/alesr/Repositories/Omnidrones-PEG/wandb/run-20250713_122043-qnwpl3cb/files/checkpoint_827392.pt
[2025-07-13 12:24:14,255][urllib3.connectionpool][DEBUG] - Starting new HTTPS connection (1): api.wandb.ai:443
[2025-07-13 12:24:14,464][urllib3.connectionpool][DEBUG] - https://api.wandb.ai:443 "POST /graphql HTTP/11" 200 None
[2025-07-13 12:25:05,709][root][INFO] - Eval at 1236992 steps.
[2025-07-13 12:25:19,334][root][INFO] - Saved best checkpoint to /home/alesr/Repositories/Omnidrones-PEG/wandb/run-20250713_122043-qnwpl3cb/files/checkpoint_best.pt
[2025-07-13 12:25:19,356][urllib3.connectionpool][DEBUG] - Starting new HTTPS connection (1): api.wandb.ai:443
[2025-07-13 12:25:19,559][urllib3.connectionpool][DEBUG] - https://api.wandb.ai:443 "POST /graphql HTTP/11" 200 None
[2025-07-13 12:26:08,954][root][INFO] - Eval at 1646592 steps.
[2025-07-13 12:26:22,097][root][INFO] - Saved checkpoint to /home/alesr/Repositories/Omnidrones-PEG/wandb/run-20250713_122043-qnwpl3cb/files/checkpoint_1646592.pt
[2025-07-13 12:26:22,111][urllib3.connectionpool][DEBUG] - Starting new HTTPS connection (1): api.wandb.ai:443
[2025-07-13 12:26:22,326][urllib3.connectionpool][DEBUG] - https://api.wandb.ai:443 "POST /graphql HTTP/11" 200 None
[2025-07-13 12:27:11,420][root][INFO] - Eval at 2056192 steps.
[2025-07-13 12:28:12,742][root][INFO] - Eval at 2465792 steps.
[2025-07-13 12:29:00,617][root][INFO] - Saved checkpoint to /home/alesr/Repositories/Omnidrones-PEG/wandb/run-20250713_122043-qnwpl3cb/files/checkpoint_2465792.pt
[2025-07-13 12:29:00,642][urllib3.connectionpool][DEBUG] - Starting new HTTPS connection (1): api.wandb.ai:443
[2025-07-13 12:29:00,839][urllib3.connectionpool][DEBUG] - https://api.wandb.ai:443 "POST /graphql HTTP/11" 200 None
[2025-07-13 12:29:52,658][root][INFO] - Eval at 2875392 steps.
[2025-07-13 12:30:57,256][root][INFO] - Eval at 3284992 steps.
[2025-07-13 12:31:10,253][root][INFO] - Saved checkpoint to /home/alesr/Repositories/Omnidrones-PEG/wandb/run-20250713_122043-qnwpl3cb/files/checkpoint_3284992.pt
[2025-07-13 12:31:10,275][urllib3.connectionpool][DEBUG] - Starting new HTTPS connection (1): api.wandb.ai:443
[2025-07-13 12:31:10,480][urllib3.connectionpool][DEBUG] - https://api.wandb.ai:443 "POST /graphql HTTP/11" 200 None
[2025-07-13 12:32:00,785][root][INFO] - Eval at 3694592 steps.
[2025-07-13 12:33:06,288][root][INFO] - Eval at 4104192 steps.
[2025-07-13 12:33:18,811][root][INFO] - Saved checkpoint to /home/alesr/Repositories/Omnidrones-PEG/wandb/run-20250713_122043-qnwpl3cb/files/checkpoint_4104192.pt
[2025-07-13 12:33:18,836][urllib3.connectionpool][DEBUG] - Starting new HTTPS connection (1): api.wandb.ai:443
[2025-07-13 12:33:19,018][urllib3.connectionpool][DEBUG] - https://api.wandb.ai:443 "POST /graphql HTTP/11" 200 None
[2025-07-13 12:34:08,292][root][INFO] - Eval at 4513792 steps.
[2025-07-13 12:35:10,033][root][INFO] - Eval at 4923392 steps.
[2025-07-13 12:35:57,457][root][INFO] - Saved checkpoint to /home/alesr/Repositories/Omnidrones-PEG/wandb/run-20250713_122043-qnwpl3cb/files/checkpoint_4923392.pt
[2025-07-13 12:35:57,482][urllib3.connectionpool][DEBUG] - Starting new HTTPS connection (1): api.wandb.ai:443
[2025-07-13 12:35:57,689][urllib3.connectionpool][DEBUG] - https://api.wandb.ai:443 "POST /graphql HTTP/11" 200 None
[2025-07-13 12:36:53,497][root][INFO] - Eval at 5332992 steps.
[2025-07-13 12:38:05,940][root][INFO] - Eval at 5742592 steps.
[2025-07-13 12:38:20,348][root][INFO] - Saved checkpoint to /home/alesr/Repositories/Omnidrones-PEG/wandb/run-20250713_122043-qnwpl3cb/files/checkpoint_5742592.pt
[2025-07-13 12:38:20,370][urllib3.connectionpool][DEBUG] - Starting new HTTPS connection (1): api.wandb.ai:443
[2025-07-13 12:38:20,567][urllib3.connectionpool][DEBUG] - https://api.wandb.ai:443 "POST /graphql HTTP/11" 200 None
[2025-07-13 12:39:16,172][root][INFO] - Eval at 6152192 steps.
[2025-07-13 12:40:25,888][root][INFO] - Eval at 6561792 steps.
[2025-07-13 12:40:40,676][root][INFO] - Saved checkpoint to /home/alesr/Repositories/Omnidrones-PEG/wandb/run-20250713_122043-qnwpl3cb/files/checkpoint_6561792.pt
[2025-07-13 12:40:40,690][urllib3.connectionpool][DEBUG] - Starting new HTTPS connection (1): api.wandb.ai:443
[2025-07-13 12:40:40,899][urllib3.connectionpool][DEBUG] - https://api.wandb.ai:443 "POST /graphql HTTP/11" 200 None
[2025-07-13 12:41:35,535][root][INFO] - Eval at 6971392 steps.
[2025-07-13 12:42:47,841][root][INFO] - Eval at 7380992 steps.
[2025-07-13 12:43:37,709][root][INFO] - Saved checkpoint to /home/alesr/Repositories/Omnidrones-PEG/wandb/run-20250713_122043-qnwpl3cb/files/checkpoint_7380992.pt
[2025-07-13 12:43:37,736][urllib3.connectionpool][DEBUG] - Starting new HTTPS connection (1): api.wandb.ai:443
[2025-07-13 12:43:37,926][urllib3.connectionpool][DEBUG] - https://api.wandb.ai:443 "POST /graphql HTTP/11" 200 None
[2025-07-13 12:44:34,959][root][INFO] - Eval at 7790592 steps.
[2025-07-13 12:45:47,558][root][INFO] - Eval at 8200192 steps.
[2025-07-13 12:46:02,799][root][INFO] - Saved checkpoint to /home/alesr/Repositories/Omnidrones-PEG/wandb/run-20250713_122043-qnwpl3cb/files/checkpoint_8200192.pt
[2025-07-13 12:46:02,822][urllib3.connectionpool][DEBUG] - Starting new HTTPS connection (1): api.wandb.ai:443
[2025-07-13 12:46:03,025][urllib3.connectionpool][DEBUG] - https://api.wandb.ai:443 "POST /graphql HTTP/11" 200 None
[2025-07-13 12:47:01,451][root][INFO] - Eval at 8609792 steps.
[2025-07-13 12:48:13,493][root][INFO] - Eval at 9019392 steps.
[2025-07-13 12:48:28,458][root][INFO] - Saved checkpoint to /home/alesr/Repositories/Omnidrones-PEG/wandb/run-20250713_122043-qnwpl3cb/files/checkpoint_9019392.pt
[2025-07-13 12:48:28,481][urllib3.connectionpool][DEBUG] - Starting new HTTPS connection (1): api.wandb.ai:443
[2025-07-13 12:48:28,682][urllib3.connectionpool][DEBUG] - https://api.wandb.ai:443 "POST /graphql HTTP/11" 200 None
[2025-07-13 12:49:24,322][root][INFO] - Eval at 9428992 steps.
[2025-07-13 12:50:35,017][root][INFO] - Eval at 9838592 steps.
[2025-07-13 12:51:27,148][root][INFO] - Saved checkpoint to /home/alesr/Repositories/Omnidrones-PEG/wandb/run-20250713_122043-qnwpl3cb/files/checkpoint_9838592.pt
[2025-07-13 12:51:27,171][urllib3.connectionpool][DEBUG] - Starting new HTTPS connection (1): api.wandb.ai:443
[2025-07-13 12:51:27,391][urllib3.connectionpool][DEBUG] - https://api.wandb.ai:443 "POST /graphql HTTP/11" 200 None
[2025-07-13 12:52:25,260][root][INFO] - Eval at 10248192 steps.
[2025-07-13 12:53:35,355][root][INFO] - Eval at 10657792 steps.
[2025-07-13 12:53:49,397][root][INFO] - Saved checkpoint to /home/alesr/Repositories/Omnidrones-PEG/wandb/run-20250713_122043-qnwpl3cb/files/checkpoint_10657792.pt
[2025-07-13 12:53:49,419][urllib3.connectionpool][DEBUG] - Starting new HTTPS connection (1): api.wandb.ai:443
[2025-07-13 12:53:49,616][urllib3.connectionpool][DEBUG] - https://api.wandb.ai:443 "POST /graphql HTTP/11" 200 None
[2025-07-13 12:54:47,105][root][INFO] - Eval at 11067392 steps.
[2025-07-13 12:55:58,201][root][INFO] - Eval at 11476992 steps.
[2025-07-13 12:56:13,877][root][INFO] - Saved checkpoint to /home/alesr/Repositories/Omnidrones-PEG/wandb/run-20250713_122043-qnwpl3cb/files/checkpoint_11476992.pt
[2025-07-13 12:56:13,900][urllib3.connectionpool][DEBUG] - Starting new HTTPS connection (1): api.wandb.ai:443
[2025-07-13 12:56:14,122][urllib3.connectionpool][DEBUG] - https://api.wandb.ai:443 "POST /graphql HTTP/11" 200 None
[2025-07-13 12:57:15,170][root][INFO] - Eval at 11886592 steps.
[2025-07-13 12:58:26,698][root][INFO] - Eval at 12296192 steps.
[2025-07-13 12:59:16,723][root][INFO] - Saved checkpoint to /home/alesr/Repositories/Omnidrones-PEG/wandb/run-20250713_122043-qnwpl3cb/files/checkpoint_12296192.pt
[2025-07-13 12:59:16,747][urllib3.connectionpool][DEBUG] - Starting new HTTPS connection (1): api.wandb.ai:443
[2025-07-13 12:59:16,945][urllib3.connectionpool][DEBUG] - https://api.wandb.ai:443 "POST /graphql HTTP/11" 200 None
[2025-07-13 13:00:16,146][root][INFO] - Eval at 12705792 steps.
[2025-07-13 13:01:25,606][root][INFO] - Eval at 13115392 steps.
[2025-07-13 13:01:39,907][root][INFO] - Saved checkpoint to /home/alesr/Repositories/Omnidrones-PEG/wandb/run-20250713_122043-qnwpl3cb/files/checkpoint_13115392.pt
[2025-07-13 13:01:39,932][urllib3.connectionpool][DEBUG] - Starting new HTTPS connection (1): api.wandb.ai:443
[2025-07-13 13:01:40,112][urllib3.connectionpool][DEBUG] - https://api.wandb.ai:443 "POST /graphql HTTP/11" 200 None
[2025-07-13 13:02:34,572][root][INFO] - Eval at 13524992 steps.
[2025-07-13 13:03:43,265][root][INFO] - Eval at 13934592 steps.
[2025-07-13 13:03:58,091][root][INFO] - Saved checkpoint to /home/alesr/Repositories/Omnidrones-PEG/wandb/run-20250713_122043-qnwpl3cb/files/checkpoint_13934592.pt
[2025-07-13 13:03:58,116][urllib3.connectionpool][DEBUG] - Starting new HTTPS connection (1): api.wandb.ai:443
[2025-07-13 13:03:58,313][urllib3.connectionpool][DEBUG] - https://api.wandb.ai:443 "POST /graphql HTTP/11" 200 None
[2025-07-13 13:04:56,814][root][INFO] - Eval at 14344192 steps.
[2025-07-13 13:06:05,356][root][INFO] - Eval at 14753792 steps.
[2025-07-13 13:06:53,431][root][INFO] - Saved checkpoint to /home/alesr/Repositories/Omnidrones-PEG/wandb/run-20250713_122043-qnwpl3cb/files/checkpoint_14753792.pt
[2025-07-13 13:06:53,457][urllib3.connectionpool][DEBUG] - Starting new HTTPS connection (1): api.wandb.ai:443
[2025-07-13 13:06:53,644][urllib3.connectionpool][DEBUG] - https://api.wandb.ai:443 "POST /graphql HTTP/11" 200 None
[2025-07-13 13:07:50,224][root][INFO] - Eval at 15163392 steps.
[2025-07-13 13:09:02,323][root][INFO] - Eval at 15572992 steps.
[2025-07-13 13:09:15,797][root][INFO] - Saved checkpoint to /home/alesr/Repositories/Omnidrones-PEG/wandb/run-20250713_122043-qnwpl3cb/files/checkpoint_15572992.pt
[2025-07-13 13:09:15,820][urllib3.connectionpool][DEBUG] - Starting new HTTPS connection (1): api.wandb.ai:443
[2025-07-13 13:09:16,003][urllib3.connectionpool][DEBUG] - https://api.wandb.ai:443 "POST /graphql HTTP/11" 200 None
[2025-07-13 13:10:08,902][root][INFO] - Eval at 15982592 steps.
[2025-07-13 13:11:15,417][root][INFO] - Eval at 16392192 steps.
[2025-07-13 13:11:28,715][root][INFO] - Saved checkpoint to /home/alesr/Repositories/Omnidrones-PEG/wandb/run-20250713_122043-qnwpl3cb/files/checkpoint_16392192.pt
[2025-07-13 13:11:28,738][urllib3.connectionpool][DEBUG] - Starting new HTTPS connection (1): api.wandb.ai:443
[2025-07-13 13:11:28,936][urllib3.connectionpool][DEBUG] - https://api.wandb.ai:443 "POST /graphql HTTP/11" 200 None
[2025-07-13 13:12:22,876][root][INFO] - Eval at 16801792 steps.
[2025-07-13 13:13:35,433][root][INFO] - Eval at 17211392 steps.
[2025-07-13 13:14:25,584][root][INFO] - Saved checkpoint to /home/alesr/Repositories/Omnidrones-PEG/wandb/run-20250713_122043-qnwpl3cb/files/checkpoint_17211392.pt
[2025-07-13 13:14:25,610][urllib3.connectionpool][DEBUG] - Starting new HTTPS connection (1): api.wandb.ai:443
[2025-07-13 13:14:25,801][urllib3.connectionpool][DEBUG] - https://api.wandb.ai:443 "POST /graphql HTTP/11" 200 None
[2025-07-13 13:15:21,101][root][INFO] - Eval at 17620992 steps.
[2025-07-13 13:16:30,989][root][INFO] - Eval at 18030592 steps.
[2025-07-13 13:16:44,898][root][INFO] - Saved checkpoint to /home/alesr/Repositories/Omnidrones-PEG/wandb/run-20250713_122043-qnwpl3cb/files/checkpoint_18030592.pt
[2025-07-13 13:16:44,920][urllib3.connectionpool][DEBUG] - Starting new HTTPS connection (1): api.wandb.ai:443
[2025-07-13 13:16:45,118][urllib3.connectionpool][DEBUG] - https://api.wandb.ai:443 "POST /graphql HTTP/11" 200 None
[2025-07-13 13:17:44,629][root][INFO] - Eval at 18440192 steps.
[2025-07-13 13:18:55,400][root][INFO] - Eval at 18849792 steps.
[2025-07-13 13:19:10,378][root][INFO] - Saved checkpoint to /home/alesr/Repositories/Omnidrones-PEG/wandb/run-20250713_122043-qnwpl3cb/files/checkpoint_18849792.pt
[2025-07-13 13:19:10,401][urllib3.connectionpool][DEBUG] - Starting new HTTPS connection (1): api.wandb.ai:443
[2025-07-13 13:19:10,604][urllib3.connectionpool][DEBUG] - https://api.wandb.ai:443 "POST /graphql HTTP/11" 200 None
[2025-07-13 13:20:05,130][root][INFO] - Eval at 19259392 steps.
[2025-07-13 13:21:13,350][root][INFO] - Eval at 19668992 steps.
[2025-07-13 13:22:02,226][root][INFO] - Saved checkpoint to /home/alesr/Repositories/Omnidrones-PEG/wandb/run-20250713_122043-qnwpl3cb/files/checkpoint_19668992.pt
[2025-07-13 13:22:02,249][urllib3.connectionpool][DEBUG] - Starting new HTTPS connection (1): api.wandb.ai:443
[2025-07-13 13:22:02,487][urllib3.connectionpool][DEBUG] - https://api.wandb.ai:443 "POST /graphql HTTP/11" 200 None
[2025-07-13 13:22:46,424][root][INFO] - Final Eval at 19996672 steps.
[2025-07-13 13:23:35,202][urllib3.connectionpool][DEBUG] - Starting new HTTPS connection (1): api.wandb.ai:443
[2025-07-13 13:23:35,402][urllib3.connectionpool][DEBUG] - https://api.wandb.ai:443 "POST /graphql HTTP/11" 200 None
[2025-07-13 13:23:35,409][root][INFO] - Saved checkpoint to /home/alesr/Repositories/Omnidrones-PEG/wandb/run-20250713_122043-qnwpl3cb/files/checkpoint_final.pt
