[2025-07-09 20:58:09,217][asyncio][DEBUG] - Using selector: EpollSelector
[2025-07-09 20:58:10,192][omni.kit.telemetry.impl.sentry_extension][INFO] - sentry is disabled for external build
[2025-07-09 20:58:10,193][omni.kit.telemetry.impl.sentry_extension][INFO] - sentry is disabled for external build
[2025-07-09 20:58:11,767][AutoNode][DEBUG] - Defining data type 'any' as 'Any'
[2025-07-09 20:58:11,767][AutoNode][DEBUG] - Defining data type 'bool' as 'Bool' and array 'BoolArray
[2025-07-09 20:58:11,767][AutoNode][DEBUG] - Defining data type 'bundle' as 'Bundle'
[2025-07-09 20:58:11,767][AutoNode][DEBUG] - Defining data type 'colord[3]' as 'Color3d' and array 'Color3dArray
[2025-07-09 20:58:11,767][AutoNode][DEBUG] - Defining data type 'colorf[3]' as 'Color3f' and array 'Color3fArray
[2025-07-09 20:58:11,767][AutoNode][DEBUG] - Defining data type 'colorh[3]' as 'Color3h' and array 'Color3hArray
[2025-07-09 20:58:11,767][AutoNode][DEBUG] - Defining data type 'colord[4]' as 'Color4d' and array 'Color4dArray
[2025-07-09 20:58:11,767][AutoNode][DEBUG] - Defining data type 'colorf[4]' as 'Color4f' and array 'Color4fArray
[2025-07-09 20:58:11,767][AutoNode][DEBUG] - Defining data type 'colorh[4]' as 'Color4h' and array 'Color4hArray
[2025-07-09 20:58:11,768][AutoNode][DEBUG] - Defining data type 'double' as 'Double' and array 'DoubleArray
[2025-07-09 20:58:11,768][AutoNode][DEBUG] - Defining data type 'double[2]' as 'Double2' and array 'Double2Array
[2025-07-09 20:58:11,768][AutoNode][DEBUG] - Defining data type 'double[3]' as 'Double3' and array 'Double3Array
[2025-07-09 20:58:11,768][AutoNode][DEBUG] - Defining data type 'double[4]' as 'Double4' and array 'Double4Array
[2025-07-09 20:58:11,768][AutoNode][DEBUG] - Defining data type 'execution' as 'Execution'
[2025-07-09 20:58:11,768][AutoNode][DEBUG] - Defining data type 'float' as 'Float' and array 'FloatArray
[2025-07-09 20:58:11,768][AutoNode][DEBUG] - Defining data type 'float[2]' as 'Float2' and array 'Float2Array
[2025-07-09 20:58:11,768][AutoNode][DEBUG] - Defining data type 'float[3]' as 'Float3' and array 'Float3Array
[2025-07-09 20:58:11,768][AutoNode][DEBUG] - Defining data type 'float[4]' as 'Float4' and array 'Float4Array
[2025-07-09 20:58:11,768][AutoNode][DEBUG] - Defining data type 'frame[4]' as 'Frame' and array 'FrameArray
[2025-07-09 20:58:11,768][AutoNode][DEBUG] - Defining data type 'half' as 'Half' and array 'HalfArray
[2025-07-09 20:58:11,768][AutoNode][DEBUG] - Defining data type 'half[2]' as 'Half2' and array 'Half2Array
[2025-07-09 20:58:11,768][AutoNode][DEBUG] - Defining data type 'half[3]' as 'Half3' and array 'Half3Array
[2025-07-09 20:58:11,768][AutoNode][DEBUG] - Defining data type 'half[4]' as 'Half4' and array 'Half4Array
[2025-07-09 20:58:11,769][AutoNode][DEBUG] - Defining data type 'int' as 'Int' and array 'IntArray
[2025-07-09 20:58:11,769][AutoNode][DEBUG] - Defining data type 'int[2]' as 'Int2' and array 'Int2Array
[2025-07-09 20:58:11,769][AutoNode][DEBUG] - Defining data type 'int[3]' as 'Int3' and array 'Int3Array
[2025-07-09 20:58:11,769][AutoNode][DEBUG] - Defining data type 'int[4]' as 'Int4' and array 'Int4Array
[2025-07-09 20:58:11,769][AutoNode][DEBUG] - Defining data type 'int64' as 'Int64' and array 'Int64Array
[2025-07-09 20:58:11,769][AutoNode][DEBUG] - Defining data type 'matrixd[2]' as 'Matrix2d' and array 'Matrix2dArray
[2025-07-09 20:58:11,769][AutoNode][DEBUG] - Defining data type 'matrixd[3]' as 'Matrix3d' and array 'Matrix3dArray
[2025-07-09 20:58:11,769][AutoNode][DEBUG] - Defining data type 'matrixd[4]' as 'Matrix4d' and array 'Matrix4dArray
[2025-07-09 20:58:11,769][AutoNode][DEBUG] - Defining data type 'normald[3]' as 'Normal3d' and array 'Normal3dArray
[2025-07-09 20:58:11,769][AutoNode][DEBUG] - Defining data type 'normalf[3]' as 'Normal3f' and array 'Normal3fArray
[2025-07-09 20:58:11,769][AutoNode][DEBUG] - Defining data type 'normalh[3]' as 'Normal3h' and array 'Normal3hArray
[2025-07-09 20:58:11,769][AutoNode][DEBUG] - Defining data type 'objectId' as 'ObjectId' and array 'ObjectIdArray
[2025-07-09 20:58:11,769][AutoNode][DEBUG] - Defining data type 'path' as 'Path'
[2025-07-09 20:58:11,769][AutoNode][DEBUG] - Defining data type 'pointd[3]' as 'Point3d' and array 'Point3dArray
[2025-07-09 20:58:11,769][AutoNode][DEBUG] - Defining data type 'pointf[3]' as 'Point3f' and array 'Point3fArray
[2025-07-09 20:58:11,770][AutoNode][DEBUG] - Defining data type 'pointh[3]' as 'Point3h' and array 'Point3hArray
[2025-07-09 20:58:11,770][AutoNode][DEBUG] - Defining data type 'quatd[4]' as 'Quatd' and array 'QuatdArray
[2025-07-09 20:58:11,770][AutoNode][DEBUG] - Defining data type 'quatf[4]' as 'Quatf' and array 'QuatfArray
[2025-07-09 20:58:11,770][AutoNode][DEBUG] - Defining data type 'quath[4]' as 'Quath' and array 'QuathArray
[2025-07-09 20:58:11,770][AutoNode][DEBUG] - Defining data type 'string' as 'String'
[2025-07-09 20:58:11,770][AutoNode][DEBUG] - Defining data type 'target' as 'Target'
[2025-07-09 20:58:11,770][AutoNode][DEBUG] - Defining data type 'texcoordd[2]' as 'TexCoord2d' and array 'TexCoord2dArray
[2025-07-09 20:58:11,770][AutoNode][DEBUG] - Defining data type 'texcoordf[2]' as 'TexCoord2f' and array 'TexCoord2fArray
[2025-07-09 20:58:11,770][AutoNode][DEBUG] - Defining data type 'texcoordh[2]' as 'TexCoord2h' and array 'TexCoord2hArray
[2025-07-09 20:58:11,770][AutoNode][DEBUG] - Defining data type 'texcoordd[3]' as 'TexCoord3d' and array 'TexCoord3dArray
[2025-07-09 20:58:11,770][AutoNode][DEBUG] - Defining data type 'texcoordf[3]' as 'TexCoord3f' and array 'TexCoord3fArray
[2025-07-09 20:58:11,770][AutoNode][DEBUG] - Defining data type 'texcoordh[3]' as 'TexCoord3h' and array 'TexCoord3hArray
[2025-07-09 20:58:11,770][AutoNode][DEBUG] - Defining data type 'timecode' as 'Timecode' and array 'TimecodeArray
[2025-07-09 20:58:11,770][AutoNode][DEBUG] - Defining data type 'token' as 'Token' and array 'TokenArray
[2025-07-09 20:58:11,770][AutoNode][DEBUG] - Defining data type 'uchar' as 'UChar' and array 'UCharArray
[2025-07-09 20:58:11,771][AutoNode][DEBUG] - Defining data type 'uint' as 'UInt' and array 'UIntArray
[2025-07-09 20:58:11,771][AutoNode][DEBUG] - Defining data type 'uint64' as 'UInt64' and array 'UInt64Array
[2025-07-09 20:58:11,771][AutoNode][DEBUG] - Defining data type 'vectord[3]' as 'Vector3d' and array 'Vector3dArray
[2025-07-09 20:58:11,771][AutoNode][DEBUG] - Defining data type 'vectorf[3]' as 'Vector3f' and array 'Vector3fArray
[2025-07-09 20:58:11,771][AutoNode][DEBUG] - Defining data type 'vectorh[3]' as 'Vector3h' and array 'Vector3hArray
[2025-07-09 20:58:15,116][omni.kit.profiler.window][WARNING] - remove _SpanInstance.__lt__ and use insort 'key' arg instead
[2025-07-09 20:58:19,329][git.cmd][DEBUG] - Popen(['git', 'rev-parse', '--show-toplevel'], cwd=/home/alesr/Repositories/Omnidrones-PEG, stdin=None, shell=False, universal_newlines=False)
[2025-07-09 20:58:19,485][urllib3.connectionpool][DEBUG] - Starting new HTTPS connection (1): api.wandb.ai:443
[2025-07-09 20:58:19,689][urllib3.connectionpool][DEBUG] - https://api.wandb.ai:443 "POST /graphql HTTP/11" 200 None
[2025-07-09 20:58:19,693][urllib3.connectionpool][DEBUG] - Starting new HTTPS connection (1): api.wandb.ai:443
[2025-07-09 20:58:19,899][urllib3.connectionpool][DEBUG] - https://api.wandb.ai:443 "POST /graphql HTTP/11" 200 None
[2025-07-09 20:58:19,926][git.cmd][DEBUG] - Popen(['git', 'cat-file', '--batch-check'], cwd=/home/alesr/Repositories/Omnidrones-PEG, stdin=<valid stream>, shell=False, universal_newlines=False)
[2025-07-09 20:58:24,484][root][INFO] - Reading pursuer's params from /home/alesr/Repositories/Omnidrones-PEG/omni_drones/robots/assets/usd/hummingbird.yaml.
[2025-07-09 20:58:24,528][root][INFO] - Reading evader's params from /home/alesr/Repositories/Omnidrones-PEG/omni_drones/robots/assets/usd/hummingbird.yaml.
[2025-07-09 20:58:31,492][root][INFO] - Default parameters:
Mass: [[0.6800000071525574]]
Inertia: [[0.007000000681728125, 0.007000000681728125, 0.011999999172985554]]
Thrust2Weight: [[0.8999204039573669, 0.8999204039573669, 0.8999204039573669, 0.8999204039573669]]
Force2Moment: [[62.499996185302734, 62.499996185302734, 62.499996185302734, 62.499996185302734]]
[2025-07-09 20:58:32,560][root][INFO] - Default parameters:
Mass: [[0.6800000071525574]]
Inertia: [[0.007000000681728125, 0.007000000681728125, 0.011999999172985554]]
Thrust2Weight: [[0.8999204039573669, 0.8999204039573669, 0.8999204039573669, 0.8999204039573669]]
Force2Moment: [[62.499996185302734, 62.499996185302734, 62.499996185302734, 62.499996185302734]]
[2025-07-09 20:58:32,621][root][INFO] - Setup randomization:
{'train': {'drag_coef': Uniform(low: 0.0, high: 0.12399999797344208),
           'force2moment': Uniform(low: torch.Size([1, 4]), high: torch.Size([1, 4])),
           'inertia': Uniform(low: torch.Size([1, 3]), high: torch.Size([1, 3])),
           'mass': Uniform(low: tensor([[0.1768]], device='cuda:0'), high: tensor([[1.1832]], device='cuda:0')),
           'thrust2weight': Uniform(low: torch.Size([1, 4]), high: torch.Size([1, 4]))}}
[2025-07-09 20:58:32,631][root][INFO] - Setup randomization:
{'train': {'drag_coef': Uniform(low: 0.0, high: 0.12399999797344208),
           'force2moment': Uniform(low: torch.Size([1, 4]), high: torch.Size([1, 4])),
           'inertia': Uniform(low: torch.Size([1, 3]), high: torch.Size([1, 3])),
           'mass': Uniform(low: tensor([[0.1768]], device='cuda:0'), high: tensor([[1.1832]], device='cuda:0')),
           'thrust2weight': Uniform(low: torch.Size([1, 4]), high: torch.Size([1, 4]))}}
[2025-07-09 20:58:34,222][root][INFO] - Eval at 8192 steps.
[2025-07-09 20:59:43,112][root][INFO] - Saved checkpoint to /home/alesr/Repositories/Omnidrones-PEG/wandb/run-20250709_205819-89t6dila/files/checkpoint_8192.pt
[2025-07-09 20:59:43,134][urllib3.connectionpool][DEBUG] - Starting new HTTPS connection (1): api.wandb.ai:443
[2025-07-09 20:59:43,323][urllib3.connectionpool][DEBUG] - https://api.wandb.ai:443 "POST /graphql HTTP/11" 200 None
[2025-07-09 21:00:54,480][root][INFO] - Eval at 417792 steps.
[2025-07-09 21:01:37,422][matplotlib.pyplot][DEBUG] - Loaded backend tkagg version 8.6.
[2025-07-09 21:02:42,074][root][INFO] - Eval at 827392 steps.
[2025-07-09 21:03:06,406][root][INFO] - Saved checkpoint to /home/alesr/Repositories/Omnidrones-PEG/wandb/run-20250709_205819-89t6dila/files/checkpoint_827392.pt
[2025-07-09 21:03:06,431][urllib3.connectionpool][DEBUG] - Starting new HTTPS connection (1): api.wandb.ai:443
[2025-07-09 21:03:06,630][urllib3.connectionpool][DEBUG] - https://api.wandb.ai:443 "POST /graphql HTTP/11" 200 None
[2025-07-09 21:04:16,352][root][INFO] - Eval at 1236992 steps.
[2025-07-09 21:05:49,544][root][INFO] - Eval at 1646592 steps.
[2025-07-09 21:06:41,154][root][INFO] - Saved checkpoint to /home/alesr/Repositories/Omnidrones-PEG/wandb/run-20250709_205819-89t6dila/files/checkpoint_1646592.pt
[2025-07-09 21:06:41,178][urllib3.connectionpool][DEBUG] - Starting new HTTPS connection (1): api.wandb.ai:443
[2025-07-09 21:06:41,401][urllib3.connectionpool][DEBUG] - https://api.wandb.ai:443 "POST /graphql HTTP/11" 200 None
[2025-07-09 21:07:43,773][root][INFO] - Eval at 2056192 steps.
[2025-07-09 21:08:03,818][root][INFO] - Saved best checkpoint to /home/alesr/Repositories/Omnidrones-PEG/wandb/run-20250709_205819-89t6dila/files/checkpoint_best.pt
[2025-07-09 21:08:03,841][urllib3.connectionpool][DEBUG] - Starting new HTTPS connection (1): api.wandb.ai:443
[2025-07-09 21:08:04,039][urllib3.connectionpool][DEBUG] - https://api.wandb.ai:443 "POST /graphql HTTP/11" 200 None
[2025-07-09 21:09:03,313][root][INFO] - Eval at 2465792 steps.
[2025-07-09 21:10:08,702][root][INFO] - Saved checkpoint to /home/alesr/Repositories/Omnidrones-PEG/wandb/run-20250709_205819-89t6dila/files/checkpoint_2465792.pt
[2025-07-09 21:10:08,724][urllib3.connectionpool][DEBUG] - Starting new HTTPS connection (1): api.wandb.ai:443
[2025-07-09 21:10:08,934][urllib3.connectionpool][DEBUG] - https://api.wandb.ai:443 "POST /graphql HTTP/11" 200 None
[2025-07-09 21:11:09,625][root][INFO] - Eval at 2875392 steps.
[2025-07-09 21:11:30,941][root][INFO] - Saved best checkpoint to /home/alesr/Repositories/Omnidrones-PEG/wandb/run-20250709_205819-89t6dila/files/checkpoint_best.pt
[2025-07-09 21:11:30,959][urllib3.connectionpool][DEBUG] - Starting new HTTPS connection (1): api.wandb.ai:443
[2025-07-09 21:11:31,152][urllib3.connectionpool][DEBUG] - https://api.wandb.ai:443 "POST /graphql HTTP/11" 200 None
[2025-07-09 21:12:32,187][root][INFO] - Eval at 3284992 steps.
[2025-07-09 21:12:52,593][root][INFO] - Saved checkpoint to /home/alesr/Repositories/Omnidrones-PEG/wandb/run-20250709_205819-89t6dila/files/checkpoint_3284992.pt
[2025-07-09 21:12:52,615][urllib3.connectionpool][DEBUG] - Starting new HTTPS connection (1): api.wandb.ai:443
[2025-07-09 21:12:52,811][urllib3.connectionpool][DEBUG] - https://api.wandb.ai:443 "POST /graphql HTTP/11" 200 None
[2025-07-09 21:13:54,635][root][INFO] - Eval at 3694592 steps.
[2025-07-09 21:15:19,589][root][INFO] - Eval at 4104192 steps.
[2025-07-09 21:15:40,383][root][INFO] - Saved checkpoint to /home/alesr/Repositories/Omnidrones-PEG/wandb/run-20250709_205819-89t6dila/files/checkpoint_4104192.pt
[2025-07-09 21:15:40,406][urllib3.connectionpool][DEBUG] - Starting new HTTPS connection (1): api.wandb.ai:443
[2025-07-09 21:15:40,625][urllib3.connectionpool][DEBUG] - https://api.wandb.ai:443 "POST /graphql HTTP/11" 200 None
[2025-07-09 21:16:41,915][root][INFO] - Eval at 4513792 steps.
[2025-07-09 21:18:04,854][root][INFO] - Eval at 4923392 steps.
[2025-07-09 21:19:10,740][root][INFO] - Saved checkpoint to /home/alesr/Repositories/Omnidrones-PEG/wandb/run-20250709_205819-89t6dila/files/checkpoint_4923392.pt
[2025-07-09 21:19:10,767][urllib3.connectionpool][DEBUG] - Starting new HTTPS connection (1): api.wandb.ai:443
[2025-07-09 21:19:10,960][urllib3.connectionpool][DEBUG] - https://api.wandb.ai:443 "POST /graphql HTTP/11" 200 None
[2025-07-09 21:20:14,077][root][INFO] - Eval at 5332992 steps.
[2025-07-09 21:21:37,437][root][INFO] - Eval at 5742592 steps.
[2025-07-09 21:21:59,357][root][INFO] - Saved checkpoint to /home/alesr/Repositories/Omnidrones-PEG/wandb/run-20250709_205819-89t6dila/files/checkpoint_5742592.pt
[2025-07-09 21:21:59,370][urllib3.connectionpool][DEBUG] - Starting new HTTPS connection (1): api.wandb.ai:443
[2025-07-09 21:21:59,557][urllib3.connectionpool][DEBUG] - https://api.wandb.ai:443 "POST /graphql HTTP/11" 200 None
[2025-07-09 21:23:01,499][root][INFO] - Eval at 6152192 steps.
[2025-07-09 21:23:22,561][root][INFO] - Saved best checkpoint to /home/alesr/Repositories/Omnidrones-PEG/wandb/run-20250709_205819-89t6dila/files/checkpoint_best.pt
[2025-07-09 21:23:22,580][urllib3.connectionpool][DEBUG] - Starting new HTTPS connection (1): api.wandb.ai:443
[2025-07-09 21:23:22,777][urllib3.connectionpool][DEBUG] - https://api.wandb.ai:443 "POST /graphql HTTP/11" 200 None
[2025-07-09 21:24:25,360][root][INFO] - Eval at 6561792 steps.
[2025-07-09 21:24:45,865][root][INFO] - Saved checkpoint to /home/alesr/Repositories/Omnidrones-PEG/wandb/run-20250709_205819-89t6dila/files/checkpoint_6561792.pt
[2025-07-09 21:24:45,881][urllib3.connectionpool][DEBUG] - Starting new HTTPS connection (1): api.wandb.ai:443
[2025-07-09 21:24:46,101][urllib3.connectionpool][DEBUG] - https://api.wandb.ai:443 "POST /graphql HTTP/11" 200 None
[2025-07-09 21:25:49,222][root][INFO] - Eval at 6971392 steps.
[2025-07-09 21:27:12,822][root][INFO] - Eval at 7380992 steps.
[2025-07-09 21:28:21,788][root][INFO] - Saved checkpoint to /home/alesr/Repositories/Omnidrones-PEG/wandb/run-20250709_205819-89t6dila/files/checkpoint_7380992.pt
[2025-07-09 21:28:21,811][urllib3.connectionpool][DEBUG] - Starting new HTTPS connection (1): api.wandb.ai:443
[2025-07-09 21:28:22,010][urllib3.connectionpool][DEBUG] - https://api.wandb.ai:443 "POST /graphql HTTP/11" 200 None
[2025-07-09 21:29:25,750][root][INFO] - Eval at 7790592 steps.
[2025-07-09 21:30:51,287][root][INFO] - Eval at 8200192 steps.
[2025-07-09 21:31:13,232][root][INFO] - Saved checkpoint to /home/alesr/Repositories/Omnidrones-PEG/wandb/run-20250709_205819-89t6dila/files/checkpoint_8200192.pt
[2025-07-09 21:31:13,255][urllib3.connectionpool][DEBUG] - Starting new HTTPS connection (1): api.wandb.ai:443
[2025-07-09 21:31:13,462][urllib3.connectionpool][DEBUG] - https://api.wandb.ai:443 "POST /graphql HTTP/11" 200 None
[2025-07-09 21:32:15,837][root][INFO] - Eval at 8609792 steps.
[2025-07-09 21:33:40,248][root][INFO] - Eval at 9019392 steps.
[2025-07-09 21:34:02,217][root][INFO] - Saved checkpoint to /home/alesr/Repositories/Omnidrones-PEG/wandb/run-20250709_205819-89t6dila/files/checkpoint_9019392.pt
[2025-07-09 21:34:02,239][urllib3.connectionpool][DEBUG] - Starting new HTTPS connection (1): api.wandb.ai:443
[2025-07-09 21:34:02,484][urllib3.connectionpool][DEBUG] - https://api.wandb.ai:443 "POST /graphql HTTP/11" 200 None
[2025-07-09 21:35:04,782][root][INFO] - Eval at 9428992 steps.
[2025-07-09 21:36:29,685][root][INFO] - Eval at 9838592 steps.
[2025-07-09 21:37:33,928][root][INFO] - Saved checkpoint to /home/alesr/Repositories/Omnidrones-PEG/wandb/run-20250709_205819-89t6dila/files/checkpoint_9838592.pt
[2025-07-09 21:37:33,944][urllib3.connectionpool][DEBUG] - Starting new HTTPS connection (1): api.wandb.ai:443
[2025-07-09 21:37:34,130][urllib3.connectionpool][DEBUG] - https://api.wandb.ai:443 "POST /graphql HTTP/11" 200 None
[2025-07-09 21:38:37,183][root][INFO] - Eval at 10248192 steps.
[2025-07-09 21:38:57,778][root][INFO] - Saved best checkpoint to /home/alesr/Repositories/Omnidrones-PEG/wandb/run-20250709_205819-89t6dila/files/checkpoint_best.pt
[2025-07-09 21:38:57,799][urllib3.connectionpool][DEBUG] - Starting new HTTPS connection (1): api.wandb.ai:443
[2025-07-09 21:38:58,017][urllib3.connectionpool][DEBUG] - https://api.wandb.ai:443 "POST /graphql HTTP/11" 200 None
[2025-07-09 21:39:59,134][root][INFO] - Eval at 10657792 steps.
[2025-07-09 21:40:20,249][root][INFO] - Saved checkpoint to /home/alesr/Repositories/Omnidrones-PEG/wandb/run-20250709_205819-89t6dila/files/checkpoint_10657792.pt
[2025-07-09 21:40:20,271][urllib3.connectionpool][DEBUG] - Starting new HTTPS connection (1): api.wandb.ai:443
[2025-07-09 21:40:20,526][urllib3.connectionpool][DEBUG] - https://api.wandb.ai:443 "POST /graphql HTTP/11" 200 None
[2025-07-09 21:41:17,962][root][INFO] - Eval at 11067392 steps.
[2025-07-09 21:42:37,328][root][INFO] - Eval at 11476992 steps.
