[2025-07-07 15:54:57,113][asyncio][DEBUG] - Using selector: EpollSelector
[2025-07-07 15:54:57,790][omni.kit.telemetry.impl.sentry_extension][INFO] - sentry is disabled for external build
[2025-07-07 15:54:57,790][omni.kit.telemetry.impl.sentry_extension][INFO] - sentry is disabled for external build
[2025-07-07 15:54:58,964][AutoNode][DEBUG] - Defining data type 'any' as 'Any'
[2025-07-07 15:54:58,964][AutoNode][DEBUG] - Defining data type 'bool' as 'Bool' and array 'BoolArray
[2025-07-07 15:54:58,965][AutoNode][DEBUG] - Defining data type 'bundle' as 'Bundle'
[2025-07-07 15:54:58,965][AutoNode][DEBUG] - Defining data type 'colord[3]' as 'Color3d' and array 'Color3dArray
[2025-07-07 15:54:58,965][AutoNode][DEBUG] - Defining data type 'colorf[3]' as 'Color3f' and array 'Color3fArray
[2025-07-07 15:54:58,965][AutoNode][DEBUG] - Defining data type 'colorh[3]' as 'Color3h' and array 'Color3hArray
[2025-07-07 15:54:58,965][AutoNode][DEBUG] - Defining data type 'colord[4]' as 'Color4d' and array 'Color4dArray
[2025-07-07 15:54:58,965][AutoNode][DEBUG] - Defining data type 'colorf[4]' as 'Color4f' and array 'Color4fArray
[2025-07-07 15:54:58,965][AutoNode][DEBUG] - Defining data type 'colorh[4]' as 'Color4h' and array 'Color4hArray
[2025-07-07 15:54:58,965][AutoNode][DEBUG] - Defining data type 'double' as 'Double' and array 'DoubleArray
[2025-07-07 15:54:58,965][AutoNode][DEBUG] - Defining data type 'double[2]' as 'Double2' and array 'Double2Array
[2025-07-07 15:54:58,965][AutoNode][DEBUG] - Defining data type 'double[3]' as 'Double3' and array 'Double3Array
[2025-07-07 15:54:58,965][AutoNode][DEBUG] - Defining data type 'double[4]' as 'Double4' and array 'Double4Array
[2025-07-07 15:54:58,965][AutoNode][DEBUG] - Defining data type 'execution' as 'Execution'
[2025-07-07 15:54:58,965][AutoNode][DEBUG] - Defining data type 'float' as 'Float' and array 'FloatArray
[2025-07-07 15:54:58,965][AutoNode][DEBUG] - Defining data type 'float[2]' as 'Float2' and array 'Float2Array
[2025-07-07 15:54:58,965][AutoNode][DEBUG] - Defining data type 'float[3]' as 'Float3' and array 'Float3Array
[2025-07-07 15:54:58,965][AutoNode][DEBUG] - Defining data type 'float[4]' as 'Float4' and array 'Float4Array
[2025-07-07 15:54:58,965][AutoNode][DEBUG] - Defining data type 'frame[4]' as 'Frame' and array 'FrameArray
[2025-07-07 15:54:58,965][AutoNode][DEBUG] - Defining data type 'half' as 'Half' and array 'HalfArray
[2025-07-07 15:54:58,965][AutoNode][DEBUG] - Defining data type 'half[2]' as 'Half2' and array 'Half2Array
[2025-07-07 15:54:58,966][AutoNode][DEBUG] - Defining data type 'half[3]' as 'Half3' and array 'Half3Array
[2025-07-07 15:54:58,966][AutoNode][DEBUG] - Defining data type 'half[4]' as 'Half4' and array 'Half4Array
[2025-07-07 15:54:58,966][AutoNode][DEBUG] - Defining data type 'int' as 'Int' and array 'IntArray
[2025-07-07 15:54:58,966][AutoNode][DEBUG] - Defining data type 'int[2]' as 'Int2' and array 'Int2Array
[2025-07-07 15:54:58,966][AutoNode][DEBUG] - Defining data type 'int[3]' as 'Int3' and array 'Int3Array
[2025-07-07 15:54:58,966][AutoNode][DEBUG] - Defining data type 'int[4]' as 'Int4' and array 'Int4Array
[2025-07-07 15:54:58,966][AutoNode][DEBUG] - Defining data type 'int64' as 'Int64' and array 'Int64Array
[2025-07-07 15:54:58,966][AutoNode][DEBUG] - Defining data type 'matrixd[2]' as 'Matrix2d' and array 'Matrix2dArray
[2025-07-07 15:54:58,966][AutoNode][DEBUG] - Defining data type 'matrixd[3]' as 'Matrix3d' and array 'Matrix3dArray
[2025-07-07 15:54:58,966][AutoNode][DEBUG] - Defining data type 'matrixd[4]' as 'Matrix4d' and array 'Matrix4dArray
[2025-07-07 15:54:58,966][AutoNode][DEBUG] - Defining data type 'normald[3]' as 'Normal3d' and array 'Normal3dArray
[2025-07-07 15:54:58,966][AutoNode][DEBUG] - Defining data type 'normalf[3]' as 'Normal3f' and array 'Normal3fArray
[2025-07-07 15:54:58,966][AutoNode][DEBUG] - Defining data type 'normalh[3]' as 'Normal3h' and array 'Normal3hArray
[2025-07-07 15:54:58,966][AutoNode][DEBUG] - Defining data type 'objectId' as 'ObjectId' and array 'ObjectIdArray
[2025-07-07 15:54:58,966][AutoNode][DEBUG] - Defining data type 'path' as 'Path'
[2025-07-07 15:54:58,966][AutoNode][DEBUG] - Defining data type 'pointd[3]' as 'Point3d' and array 'Point3dArray
[2025-07-07 15:54:58,966][AutoNode][DEBUG] - Defining data type 'pointf[3]' as 'Point3f' and array 'Point3fArray
[2025-07-07 15:54:58,966][AutoNode][DEBUG] - Defining data type 'pointh[3]' as 'Point3h' and array 'Point3hArray
[2025-07-07 15:54:58,966][AutoNode][DEBUG] - Defining data type 'quatd[4]' as 'Quatd' and array 'QuatdArray
[2025-07-07 15:54:58,966][AutoNode][DEBUG] - Defining data type 'quatf[4]' as 'Quatf' and array 'QuatfArray
[2025-07-07 15:54:58,967][AutoNode][DEBUG] - Defining data type 'quath[4]' as 'Quath' and array 'QuathArray
[2025-07-07 15:54:58,967][AutoNode][DEBUG] - Defining data type 'string' as 'String'
[2025-07-07 15:54:58,967][AutoNode][DEBUG] - Defining data type 'target' as 'Target'
[2025-07-07 15:54:58,967][AutoNode][DEBUG] - Defining data type 'texcoordd[2]' as 'TexCoord2d' and array 'TexCoord2dArray
[2025-07-07 15:54:58,967][AutoNode][DEBUG] - Defining data type 'texcoordf[2]' as 'TexCoord2f' and array 'TexCoord2fArray
[2025-07-07 15:54:58,967][AutoNode][DEBUG] - Defining data type 'texcoordh[2]' as 'TexCoord2h' and array 'TexCoord2hArray
[2025-07-07 15:54:58,967][AutoNode][DEBUG] - Defining data type 'texcoordd[3]' as 'TexCoord3d' and array 'TexCoord3dArray
[2025-07-07 15:54:58,967][AutoNode][DEBUG] - Defining data type 'texcoordf[3]' as 'TexCoord3f' and array 'TexCoord3fArray
[2025-07-07 15:54:58,967][AutoNode][DEBUG] - Defining data type 'texcoordh[3]' as 'TexCoord3h' and array 'TexCoord3hArray
[2025-07-07 15:54:58,967][AutoNode][DEBUG] - Defining data type 'timecode' as 'Timecode' and array 'TimecodeArray
[2025-07-07 15:54:58,967][AutoNode][DEBUG] - Defining data type 'token' as 'Token' and array 'TokenArray
[2025-07-07 15:54:58,967][AutoNode][DEBUG] - Defining data type 'uchar' as 'UChar' and array 'UCharArray
[2025-07-07 15:54:58,967][AutoNode][DEBUG] - Defining data type 'uint' as 'UInt' and array 'UIntArray
[2025-07-07 15:54:58,967][AutoNode][DEBUG] - Defining data type 'uint64' as 'UInt64' and array 'UInt64Array
[2025-07-07 15:54:58,967][AutoNode][DEBUG] - Defining data type 'vectord[3]' as 'Vector3d' and array 'Vector3dArray
[2025-07-07 15:54:58,967][AutoNode][DEBUG] - Defining data type 'vectorf[3]' as 'Vector3f' and array 'Vector3fArray
[2025-07-07 15:54:58,967][AutoNode][DEBUG] - Defining data type 'vectorh[3]' as 'Vector3h' and array 'Vector3hArray
[2025-07-07 15:55:01,927][omni.kit.profiler.window][WARNING] - remove _SpanInstance.__lt__ and use insort 'key' arg instead
[2025-07-07 15:55:05,663][git.cmd][DEBUG] - Popen(['git', 'rev-parse', '--show-toplevel'], cwd=/home/alesr/Repositories/Omnidrones-PEG, stdin=None, shell=False, universal_newlines=False)
[2025-07-07 15:55:05,786][urllib3.connectionpool][DEBUG] - Starting new HTTPS connection (1): api.wandb.ai:443
[2025-07-07 15:55:05,960][urllib3.connectionpool][DEBUG] - https://api.wandb.ai:443 "POST /graphql HTTP/11" 200 None
[2025-07-07 15:55:05,963][urllib3.connectionpool][DEBUG] - Starting new HTTPS connection (1): api.wandb.ai:443
[2025-07-07 15:55:06,165][urllib3.connectionpool][DEBUG] - https://api.wandb.ai:443 "POST /graphql HTTP/11" 200 None
[2025-07-07 15:55:06,184][git.cmd][DEBUG] - Popen(['git', 'cat-file', '--batch-check'], cwd=/home/alesr/Repositories/Omnidrones-PEG, stdin=<valid stream>, shell=False, universal_newlines=False)
[2025-07-07 15:55:10,305][root][INFO] - Reading pursuer's params from /home/alesr/Repositories/Omnidrones-PEG/omni_drones/robots/assets/usd/hummingbird.yaml.
[2025-07-07 15:55:10,324][root][INFO] - Reading evader's params from /home/alesr/Repositories/Omnidrones-PEG/omni_drones/robots/assets/usd/hummingbird.yaml.
[2025-07-07 15:55:17,306][root][INFO] - Default parameters:
Mass: [[0.6800000071525574]]
Inertia: [[0.007000000681728125, 0.007000000681728125, 0.011999999172985554]]
Thrust2Weight: [[0.8999204039573669, 0.8999204039573669, 0.8999204039573669, 0.8999204039573669]]
Force2Moment: [[62.499996185302734, 62.499996185302734, 62.499996185302734, 62.499996185302734]]
[2025-07-07 15:55:18,368][root][INFO] - Default parameters:
Mass: [[0.6800000071525574]]
Inertia: [[0.007000000681728125, 0.007000000681728125, 0.011999999172985554]]
Thrust2Weight: [[0.8999204039573669, 0.8999204039573669, 0.8999204039573669, 0.8999204039573669]]
Force2Moment: [[62.499996185302734, 62.499996185302734, 62.499996185302734, 62.499996185302734]]
[2025-07-07 15:55:18,420][root][INFO] - Setup randomization:
{'train': {'drag_coef': Uniform(low: 0.0, high: 0.12399999797344208),
           'force2moment': Uniform(low: torch.Size([1, 4]), high: torch.Size([1, 4])),
           'inertia': Uniform(low: torch.Size([1, 3]), high: torch.Size([1, 3])),
           'mass': Uniform(low: tensor([[0.1768]], device='cuda:0'), high: tensor([[1.1832]], device='cuda:0')),
           'thrust2weight': Uniform(low: torch.Size([1, 4]), high: torch.Size([1, 4]))}}
[2025-07-07 15:55:18,424][root][INFO] - Setup randomization:
{'train': {'drag_coef': Uniform(low: 0.0, high: 0.12399999797344208),
           'force2moment': Uniform(low: torch.Size([1, 4]), high: torch.Size([1, 4])),
           'inertia': Uniform(low: torch.Size([1, 3]), high: torch.Size([1, 3])),
           'mass': Uniform(low: tensor([[0.1768]], device='cuda:0'), high: tensor([[1.1832]], device='cuda:0')),
           'thrust2weight': Uniform(low: torch.Size([1, 4]), high: torch.Size([1, 4]))}}
[2025-07-07 15:55:19,666][root][INFO] - Eval at 8192 steps.
[2025-07-07 15:55:36,736][root][INFO] - Saved checkpoint to /home/alesr/Repositories/Omnidrones-PEG/wandb/run-20250707_155506-xtpisy0v/files/checkpoint_8192.pt
[2025-07-07 15:55:36,746][urllib3.connectionpool][DEBUG] - Starting new HTTPS connection (1): api.wandb.ai:443
[2025-07-07 15:55:36,937][urllib3.connectionpool][DEBUG] - https://api.wandb.ai:443 "POST /graphql HTTP/11" 200 None
[2025-07-07 15:56:34,476][root][INFO] - Eval at 417792 steps.
[2025-07-07 15:57:49,950][root][INFO] - Eval at 827392 steps.
[2025-07-07 15:58:08,176][root][INFO] - Saved checkpoint to /home/alesr/Repositories/Omnidrones-PEG/wandb/run-20250707_155506-xtpisy0v/files/checkpoint_827392.pt
[2025-07-07 15:58:08,201][urllib3.connectionpool][DEBUG] - Starting new HTTPS connection (1): api.wandb.ai:443
[2025-07-07 15:58:08,384][urllib3.connectionpool][DEBUG] - https://api.wandb.ai:443 "POST /graphql HTTP/11" 200 None
[2025-07-07 15:59:02,400][root][INFO] - Eval at 1236992 steps.
[2025-07-07 16:00:08,523][root][INFO] - Eval at 1646592 steps.
[2025-07-07 16:00:24,583][root][INFO] - Saved checkpoint to /home/alesr/Repositories/Omnidrones-PEG/wandb/run-20250707_155506-xtpisy0v/files/checkpoint_1646592.pt
[2025-07-07 16:00:24,605][urllib3.connectionpool][DEBUG] - Starting new HTTPS connection (1): api.wandb.ai:443
[2025-07-07 16:00:24,816][urllib3.connectionpool][DEBUG] - https://api.wandb.ai:443 "POST /graphql HTTP/11" 200 None
[2025-07-07 16:01:16,220][root][INFO] - Eval at 2056192 steps.
[2025-07-07 16:02:25,234][root][INFO] - Eval at 2465792 steps.
[2025-07-07 16:02:40,690][root][INFO] - Saved checkpoint to /home/alesr/Repositories/Omnidrones-PEG/wandb/run-20250707_155506-xtpisy0v/files/checkpoint_2465792.pt
[2025-07-07 16:02:40,712][urllib3.connectionpool][DEBUG] - Starting new HTTPS connection (1): api.wandb.ai:443
[2025-07-07 16:02:40,899][urllib3.connectionpool][DEBUG] - https://api.wandb.ai:443 "POST /graphql HTTP/11" 200 None
[2025-07-07 16:03:30,212][root][INFO] - Eval at 2875392 steps.
[2025-07-07 16:04:35,848][root][INFO] - Eval at 3284992 steps.
[2025-07-07 16:04:52,046][root][INFO] - Saved checkpoint to /home/alesr/Repositories/Omnidrones-PEG/wandb/run-20250707_155506-xtpisy0v/files/checkpoint_3284992.pt
[2025-07-07 16:04:52,062][urllib3.connectionpool][DEBUG] - Starting new HTTPS connection (1): api.wandb.ai:443
[2025-07-07 16:04:52,296][urllib3.connectionpool][DEBUG] - https://api.wandb.ai:443 "POST /graphql HTTP/11" 200 None
[2025-07-07 16:05:43,065][root][INFO] - Eval at 3694592 steps.
[2025-07-07 16:06:47,248][root][INFO] - Eval at 4104192 steps.
[2025-07-07 16:07:03,432][root][INFO] - Saved checkpoint to /home/alesr/Repositories/Omnidrones-PEG/wandb/run-20250707_155506-xtpisy0v/files/checkpoint_4104192.pt
[2025-07-07 16:07:03,456][urllib3.connectionpool][DEBUG] - Starting new HTTPS connection (1): api.wandb.ai:443
[2025-07-07 16:07:03,672][urllib3.connectionpool][DEBUG] - https://api.wandb.ai:443 "POST /graphql HTTP/11" 200 None
[2025-07-07 16:07:54,243][root][INFO] - Eval at 4513792 steps.
[2025-07-07 16:09:09,891][root][INFO] - Eval at 4923392 steps.
[2025-07-07 16:09:26,849][root][INFO] - Saved checkpoint to /home/alesr/Repositories/Omnidrones-PEG/wandb/run-20250707_155506-xtpisy0v/files/checkpoint_4923392.pt
[2025-07-07 16:09:26,873][urllib3.connectionpool][DEBUG] - Starting new HTTPS connection (1): api.wandb.ai:443
[2025-07-07 16:09:27,058][urllib3.connectionpool][DEBUG] - https://api.wandb.ai:443 "POST /graphql HTTP/11" 200 None
[2025-07-07 16:10:22,548][root][INFO] - Eval at 5332992 steps.
[2025-07-07 16:11:30,440][root][INFO] - Eval at 5742592 steps.
[2025-07-07 16:11:47,333][root][INFO] - Saved checkpoint to /home/alesr/Repositories/Omnidrones-PEG/wandb/run-20250707_155506-xtpisy0v/files/checkpoint_5742592.pt
[2025-07-07 16:11:47,355][urllib3.connectionpool][DEBUG] - Starting new HTTPS connection (1): api.wandb.ai:443
[2025-07-07 16:11:47,536][urllib3.connectionpool][DEBUG] - https://api.wandb.ai:443 "POST /graphql HTTP/11" 200 None
[2025-07-07 16:12:39,121][root][INFO] - Eval at 6152192 steps.
[2025-07-07 16:13:46,698][root][INFO] - Eval at 6561792 steps.
[2025-07-07 16:14:02,210][root][INFO] - Saved checkpoint to /home/alesr/Repositories/Omnidrones-PEG/wandb/run-20250707_155506-xtpisy0v/files/checkpoint_6561792.pt
[2025-07-07 16:14:02,233][urllib3.connectionpool][DEBUG] - Starting new HTTPS connection (1): api.wandb.ai:443
[2025-07-07 16:14:02,446][urllib3.connectionpool][DEBUG] - https://api.wandb.ai:443 "POST /graphql HTTP/11" 200 None
[2025-07-07 16:14:52,700][root][INFO] - Eval at 6971392 steps.
[2025-07-07 16:15:56,946][root][INFO] - Eval at 7380992 steps.
[2025-07-07 16:16:12,183][root][INFO] - Saved checkpoint to /home/alesr/Repositories/Omnidrones-PEG/wandb/run-20250707_155506-xtpisy0v/files/checkpoint_7380992.pt
[2025-07-07 16:16:12,205][urllib3.connectionpool][DEBUG] - Starting new HTTPS connection (1): api.wandb.ai:443
[2025-07-07 16:16:12,404][urllib3.connectionpool][DEBUG] - https://api.wandb.ai:443 "POST /graphql HTTP/11" 200 None
[2025-07-07 16:17:01,230][root][INFO] - Eval at 7790592 steps.
[2025-07-07 16:18:07,206][root][INFO] - Eval at 8200192 steps.
[2025-07-07 16:18:23,639][root][INFO] - Saved checkpoint to /home/alesr/Repositories/Omnidrones-PEG/wandb/run-20250707_155506-xtpisy0v/files/checkpoint_8200192.pt
[2025-07-07 16:18:23,662][urllib3.connectionpool][DEBUG] - Starting new HTTPS connection (1): api.wandb.ai:443
[2025-07-07 16:18:23,861][urllib3.connectionpool][DEBUG] - https://api.wandb.ai:443 "POST /graphql HTTP/11" 200 None
[2025-07-07 16:19:15,117][root][INFO] - Eval at 8609792 steps.
[2025-07-07 16:19:31,560][root][INFO] - Saved best checkpoint to /home/alesr/Repositories/Omnidrones-PEG/wandb/run-20250707_155506-xtpisy0v/files/checkpoint_best.pt
[2025-07-07 16:19:31,590][urllib3.connectionpool][DEBUG] - Starting new HTTPS connection (1): api.wandb.ai:443
[2025-07-07 16:19:31,788][urllib3.connectionpool][DEBUG] - https://api.wandb.ai:443 "POST /graphql HTTP/11" 200 None
[2025-07-07 16:20:22,108][root][INFO] - Eval at 9019392 steps.
[2025-07-07 16:20:37,778][root][INFO] - Saved checkpoint to /home/alesr/Repositories/Omnidrones-PEG/wandb/run-20250707_155506-xtpisy0v/files/checkpoint_9019392.pt
[2025-07-07 16:20:37,801][urllib3.connectionpool][DEBUG] - Starting new HTTPS connection (1): api.wandb.ai:443
[2025-07-07 16:20:37,993][urllib3.connectionpool][DEBUG] - https://api.wandb.ai:443 "POST /graphql HTTP/11" 200 None
[2025-07-07 16:21:27,847][root][INFO] - Eval at 9428992 steps.
[2025-07-07 16:22:34,560][root][INFO] - Eval at 9838592 steps.
[2025-07-07 16:22:50,304][root][INFO] - Saved checkpoint to /home/alesr/Repositories/Omnidrones-PEG/wandb/run-20250707_155506-xtpisy0v/files/checkpoint_9838592.pt
[2025-07-07 16:22:50,327][urllib3.connectionpool][DEBUG] - Starting new HTTPS connection (1): api.wandb.ai:443
[2025-07-07 16:22:50,509][urllib3.connectionpool][DEBUG] - https://api.wandb.ai:443 "POST /graphql HTTP/11" 200 None
[2025-07-07 16:23:39,490][root][INFO] - Eval at 10248192 steps.
[2025-07-07 16:24:44,295][root][INFO] - Eval at 10657792 steps.
[2025-07-07 16:25:01,148][root][INFO] - Saved checkpoint to /home/alesr/Repositories/Omnidrones-PEG/wandb/run-20250707_155506-xtpisy0v/files/checkpoint_10657792.pt
[2025-07-07 16:25:01,162][urllib3.connectionpool][DEBUG] - Starting new HTTPS connection (1): api.wandb.ai:443
[2025-07-07 16:25:01,363][urllib3.connectionpool][DEBUG] - https://api.wandb.ai:443 "POST /graphql HTTP/11" 200 None
[2025-07-07 16:25:51,765][root][INFO] - Eval at 11067392 steps.
