[2025-07-14 00:10:32,791][asyncio][DEBUG] - Using selector: EpollSelector
[2025-07-14 00:10:33,552][omni.kit.telemetry.impl.sentry_extension][INFO] - sentry is disabled for external build
[2025-07-14 00:10:33,552][omni.kit.telemetry.impl.sentry_extension][INFO] - sentry is disabled for external build
[2025-07-14 00:10:34,499][AutoNode][DEBUG] - Defining data type 'any' as 'Any'
[2025-07-14 00:10:34,499][AutoNode][DEBUG] - Defining data type 'bool' as 'Bool' and array 'BoolArray
[2025-07-14 00:10:34,499][AutoNode][DEBUG] - Defining data type 'bundle' as 'Bundle'
[2025-07-14 00:10:34,499][AutoNode][DEBUG] - Defining data type 'colord[3]' as 'Color3d' and array 'Color3dArray
[2025-07-14 00:10:34,499][AutoNode][DEBUG] - Defining data type 'colorf[3]' as 'Color3f' and array 'Color3fArray
[2025-07-14 00:10:34,499][AutoNode][DEBUG] - Defining data type 'colorh[3]' as 'Color3h' and array 'Color3hArray
[2025-07-14 00:10:34,499][AutoNode][DEBUG] - Defining data type 'colord[4]' as 'Color4d' and array 'Color4dArray
[2025-07-14 00:10:34,500][AutoNode][DEBUG] - Defining data type 'colorf[4]' as 'Color4f' and array 'Color4fArray
[2025-07-14 00:10:34,500][AutoNode][DEBUG] - Defining data type 'colorh[4]' as 'Color4h' and array 'Color4hArray
[2025-07-14 00:10:34,500][AutoNode][DEBUG] - Defining data type 'double' as 'Double' and array 'DoubleArray
[2025-07-14 00:10:34,500][AutoNode][DEBUG] - Defining data type 'double[2]' as 'Double2' and array 'Double2Array
[2025-07-14 00:10:34,500][AutoNode][DEBUG] - Defining data type 'double[3]' as 'Double3' and array 'Double3Array
[2025-07-14 00:10:34,500][AutoNode][DEBUG] - Defining data type 'double[4]' as 'Double4' and array 'Double4Array
[2025-07-14 00:10:34,500][AutoNode][DEBUG] - Defining data type 'execution' as 'Execution'
[2025-07-14 00:10:34,500][AutoNode][DEBUG] - Defining data type 'float' as 'Float' and array 'FloatArray
[2025-07-14 00:10:34,500][AutoNode][DEBUG] - Defining data type 'float[2]' as 'Float2' and array 'Float2Array
[2025-07-14 00:10:34,500][AutoNode][DEBUG] - Defining data type 'float[3]' as 'Float3' and array 'Float3Array
[2025-07-14 00:10:34,500][AutoNode][DEBUG] - Defining data type 'float[4]' as 'Float4' and array 'Float4Array
[2025-07-14 00:10:34,501][AutoNode][DEBUG] - Defining data type 'frame[4]' as 'Frame' and array 'FrameArray
[2025-07-14 00:10:34,501][AutoNode][DEBUG] - Defining data type 'half' as 'Half' and array 'HalfArray
[2025-07-14 00:10:34,501][AutoNode][DEBUG] - Defining data type 'half[2]' as 'Half2' and array 'Half2Array
[2025-07-14 00:10:34,501][AutoNode][DEBUG] - Defining data type 'half[3]' as 'Half3' and array 'Half3Array
[2025-07-14 00:10:34,501][AutoNode][DEBUG] - Defining data type 'half[4]' as 'Half4' and array 'Half4Array
[2025-07-14 00:10:34,501][AutoNode][DEBUG] - Defining data type 'int' as 'Int' and array 'IntArray
[2025-07-14 00:10:34,501][AutoNode][DEBUG] - Defining data type 'int[2]' as 'Int2' and array 'Int2Array
[2025-07-14 00:10:34,501][AutoNode][DEBUG] - Defining data type 'int[3]' as 'Int3' and array 'Int3Array
[2025-07-14 00:10:34,501][AutoNode][DEBUG] - Defining data type 'int[4]' as 'Int4' and array 'Int4Array
[2025-07-14 00:10:34,501][AutoNode][DEBUG] - Defining data type 'int64' as 'Int64' and array 'Int64Array
[2025-07-14 00:10:34,501][AutoNode][DEBUG] - Defining data type 'matrixd[2]' as 'Matrix2d' and array 'Matrix2dArray
[2025-07-14 00:10:34,502][AutoNode][DEBUG] - Defining data type 'matrixd[3]' as 'Matrix3d' and array 'Matrix3dArray
[2025-07-14 00:10:34,502][AutoNode][DEBUG] - Defining data type 'matrixd[4]' as 'Matrix4d' and array 'Matrix4dArray
[2025-07-14 00:10:34,502][AutoNode][DEBUG] - Defining data type 'normald[3]' as 'Normal3d' and array 'Normal3dArray
[2025-07-14 00:10:34,502][AutoNode][DEBUG] - Defining data type 'normalf[3]' as 'Normal3f' and array 'Normal3fArray
[2025-07-14 00:10:34,502][AutoNode][DEBUG] - Defining data type 'normalh[3]' as 'Normal3h' and array 'Normal3hArray
[2025-07-14 00:10:34,502][AutoNode][DEBUG] - Defining data type 'objectId' as 'ObjectId' and array 'ObjectIdArray
[2025-07-14 00:10:34,502][AutoNode][DEBUG] - Defining data type 'path' as 'Path'
[2025-07-14 00:10:34,502][AutoNode][DEBUG] - Defining data type 'pointd[3]' as 'Point3d' and array 'Point3dArray
[2025-07-14 00:10:34,502][AutoNode][DEBUG] - Defining data type 'pointf[3]' as 'Point3f' and array 'Point3fArray
[2025-07-14 00:10:34,502][AutoNode][DEBUG] - Defining data type 'pointh[3]' as 'Point3h' and array 'Point3hArray
[2025-07-14 00:10:34,502][AutoNode][DEBUG] - Defining data type 'quatd[4]' as 'Quatd' and array 'QuatdArray
[2025-07-14 00:10:34,503][AutoNode][DEBUG] - Defining data type 'quatf[4]' as 'Quatf' and array 'QuatfArray
[2025-07-14 00:10:34,503][AutoNode][DEBUG] - Defining data type 'quath[4]' as 'Quath' and array 'QuathArray
[2025-07-14 00:10:34,503][AutoNode][DEBUG] - Defining data type 'string' as 'String'
[2025-07-14 00:10:34,503][AutoNode][DEBUG] - Defining data type 'target' as 'Target'
[2025-07-14 00:10:34,503][AutoNode][DEBUG] - Defining data type 'texcoordd[2]' as 'TexCoord2d' and array 'TexCoord2dArray
[2025-07-14 00:10:34,503][AutoNode][DEBUG] - Defining data type 'texcoordf[2]' as 'TexCoord2f' and array 'TexCoord2fArray
[2025-07-14 00:10:34,503][AutoNode][DEBUG] - Defining data type 'texcoordh[2]' as 'TexCoord2h' and array 'TexCoord2hArray
[2025-07-14 00:10:34,503][AutoNode][DEBUG] - Defining data type 'texcoordd[3]' as 'TexCoord3d' and array 'TexCoord3dArray
[2025-07-14 00:10:34,503][AutoNode][DEBUG] - Defining data type 'texcoordf[3]' as 'TexCoord3f' and array 'TexCoord3fArray
[2025-07-14 00:10:34,503][AutoNode][DEBUG] - Defining data type 'texcoordh[3]' as 'TexCoord3h' and array 'TexCoord3hArray
[2025-07-14 00:10:34,503][AutoNode][DEBUG] - Defining data type 'timecode' as 'Timecode' and array 'TimecodeArray
[2025-07-14 00:10:34,503][AutoNode][DEBUG] - Defining data type 'token' as 'Token' and array 'TokenArray
[2025-07-14 00:10:34,504][AutoNode][DEBUG] - Defining data type 'uchar' as 'UChar' and array 'UCharArray
[2025-07-14 00:10:34,504][AutoNode][DEBUG] - Defining data type 'uint' as 'UInt' and array 'UIntArray
[2025-07-14 00:10:34,504][AutoNode][DEBUG] - Defining data type 'uint64' as 'UInt64' and array 'UInt64Array
[2025-07-14 00:10:34,504][AutoNode][DEBUG] - Defining data type 'vectord[3]' as 'Vector3d' and array 'Vector3dArray
[2025-07-14 00:10:34,504][AutoNode][DEBUG] - Defining data type 'vectorf[3]' as 'Vector3f' and array 'Vector3fArray
[2025-07-14 00:10:34,504][AutoNode][DEBUG] - Defining data type 'vectorh[3]' as 'Vector3h' and array 'Vector3hArray
[2025-07-14 00:10:37,191][omni.kit.profiler.window][WARNING] - remove _SpanInstance.__lt__ and use insort 'key' arg instead
[2025-07-14 00:10:40,721][git.cmd][DEBUG] - Popen(['git', 'rev-parse', '--show-toplevel'], cwd=/home/alesr/Repositories/Omnidrones-PEG, stdin=None, shell=False, universal_newlines=False)
[2025-07-14 00:10:40,853][urllib3.connectionpool][DEBUG] - Starting new HTTPS connection (1): api.wandb.ai:443
[2025-07-14 00:10:41,029][urllib3.connectionpool][DEBUG] - https://api.wandb.ai:443 "POST /graphql HTTP/11" 200 None
[2025-07-14 00:10:41,033][urllib3.connectionpool][DEBUG] - Starting new HTTPS connection (1): api.wandb.ai:443
[2025-07-14 00:10:41,226][urllib3.connectionpool][DEBUG] - https://api.wandb.ai:443 "POST /graphql HTTP/11" 200 None
[2025-07-14 00:10:41,245][git.cmd][DEBUG] - Popen(['git', 'cat-file', '--batch-check'], cwd=/home/alesr/Repositories/Omnidrones-PEG, stdin=<valid stream>, shell=False, universal_newlines=False)
[2025-07-14 00:10:45,217][root][INFO] - Reading pursuer's params from /home/alesr/Repositories/Omnidrones-PEG/omni_drones/robots/assets/usd/hummingbird.yaml.
[2025-07-14 00:10:45,233][root][INFO] - Reading evader's params from /home/alesr/Repositories/Omnidrones-PEG/omni_drones/robots/assets/usd/hummingbird.yaml.
[2025-07-14 00:10:51,520][root][INFO] - Default parameters:
Mass: [[0.6800000071525574]]
Inertia: [[0.007000000681728125, 0.007000000681728125, 0.011999999172985554]]
Thrust2Weight: [[0.8999204039573669, 0.8999204039573669, 0.8999204039573669, 0.8999204039573669]]
Force2Moment: [[62.499996185302734, 62.499996185302734, 62.499996185302734, 62.499996185302734]]
[2025-07-14 00:10:52,527][root][INFO] - Default parameters:
Mass: [[0.6800000071525574]]
Inertia: [[0.007000000681728125, 0.007000000681728125, 0.011999999172985554]]
Thrust2Weight: [[0.8999204039573669, 0.8999204039573669, 0.8999204039573669, 0.8999204039573669]]
Force2Moment: [[62.499996185302734, 62.499996185302734, 62.499996185302734, 62.499996185302734]]
[2025-07-14 00:10:52,658][urllib3.connectionpool][DEBUG] - Starting new HTTPS connection (1): api.wandb.ai:443
[2025-07-14 00:10:52,868][urllib3.connectionpool][DEBUG] - https://api.wandb.ai:443 "POST /graphql HTTP/11" 200 None
[2025-07-14 00:10:52,872][urllib3.connectionpool][DEBUG] - Starting new HTTPS connection (1): api.wandb.ai:443
[2025-07-14 00:10:53,044][urllib3.connectionpool][DEBUG] - https://api.wandb.ai:443 "POST /graphql HTTP/11" 200 None
[2025-07-14 00:10:53,048][urllib3.connectionpool][DEBUG] - Starting new HTTPS connection (1): api.wandb.ai:443
[2025-07-14 00:10:53,247][urllib3.connectionpool][DEBUG] - https://api.wandb.ai:443 "POST /graphql HTTP/11" 200 None
[2025-07-14 00:10:53,250][urllib3.connectionpool][DEBUG] - Starting new HTTPS connection (1): api.wandb.ai:443
[2025-07-14 00:10:53,429][urllib3.connectionpool][DEBUG] - https://api.wandb.ai:443 "POST /graphql HTTP/11" 200 None
[2025-07-14 00:10:53,432][urllib3.connectionpool][DEBUG] - Starting new HTTPS connection (1): storage.googleapis.com:443
[2025-07-14 00:10:53,612][urllib3.connectionpool][DEBUG] - https://storage.googleapis.com:443 "GET /wandb-production.appspot.com/alesr_kth/PEG/t4ncsx76/artifact/1877914737/wandb_manifest.json?X-Goog-Algorithm=GOOG4-RSA-SHA256&X-Goog-Credential=gorilla-files-url-signer-man%40wandb-production.iam.gserviceaccount.com%2F20250713%2Fauto%2Fstorage%2Fgoog4_request&X-Goog-Date=20250713T221053Z&X-Goog-Expires=3599&X-Goog-Signature=b1409dffbca55f0a8bc6dd5430f4b99ee9824c0533c82cf977b287afdd1d91f03869bf68f8b6e1c132e959b6107cc140cde26c7f47938783a36fcf296157ec60671ab9e2bb02665ac567cefed24bdd42ff5f3503508145878effae6556338410ca4177953975cca5d77de5c073d1586a8973a0e4745b1e2a2e3e30b45ce4e8d65cba1cf91cd83ef948abc93e819ddb8618d1b651ad0100e136790d92fe31fdf2ca77780bc81dda16329702e6ff6dcd5900e42f4f92d657462f215c3fd561fe5f921a8908c163794e7cf5b72addbc9d2a1d312bd2df0613dd298bbf1e5817dcda1b4b093e92e312d0cd5f1eb2251145ff50ec2b0ec625dda54665361749a724e7&X-Goog-SignedHeaders=host&X-User=alesr HTTP/11" 200 343
[2025-07-14 00:10:53,660][urllib3.connectionpool][DEBUG] - Starting new HTTPS connection (1): api.wandb.ai:443
[2025-07-14 00:10:53,854][urllib3.connectionpool][DEBUG] - https://api.wandb.ai:443 "POST /graphql HTTP/11" 200 None
[2025-07-14 00:10:53,858][urllib3.connectionpool][DEBUG] - Starting new HTTPS connection (1): api.wandb.ai:443
[2025-07-14 00:10:54,025][urllib3.connectionpool][DEBUG] - https://api.wandb.ai:443 "POST /graphql HTTP/11" 200 None
[2025-07-14 00:10:54,029][urllib3.connectionpool][DEBUG] - Starting new HTTPS connection (1): api.wandb.ai:443
[2025-07-14 00:10:54,262][urllib3.connectionpool][DEBUG] - https://api.wandb.ai:443 "POST /graphql HTTP/11" 200 None
[2025-07-14 00:10:54,266][urllib3.connectionpool][DEBUG] - Starting new HTTPS connection (1): api.wandb.ai:443
[2025-07-14 00:10:54,444][urllib3.connectionpool][DEBUG] - https://api.wandb.ai:443 "POST /graphql HTTP/11" 200 None
[2025-07-14 00:10:54,448][urllib3.connectionpool][DEBUG] - Starting new HTTPS connection (1): storage.googleapis.com:443
[2025-07-14 00:10:54,621][urllib3.connectionpool][DEBUG] - https://storage.googleapis.com:443 "GET /wandb-production.appspot.com/alesr_kth/PEG/5dyt1c2s/artifact/1877918577/wandb_manifest.json?X-Goog-Algorithm=GOOG4-RSA-SHA256&X-Goog-Credential=gorilla-files-url-signer-man%40wandb-production.iam.gserviceaccount.com%2F20250713%2Fauto%2Fstorage%2Fgoog4_request&X-Goog-Date=20250713T221054Z&X-Goog-Expires=3599&X-Goog-Signature=82944ece36a84ca16d071ea18de649f6e0ca6be72dcb3c94f3e98fa2059f36e7d7aafa74a3ba36f9daa23231c1c541a9872dcd1ff64984af7eaeb5284ee920aed1cad657a3c423cd790554b86cfa79ddfaf418b950aa7ca6ec6f9cd02a68240aa69c775ef75db169a021b2ef60f7b2eb8841ea2c7fc46d5532c3d958d531031882e4b47ad83fd090bdef1f87b5cb58c14587d0bc349c73a6f84555dd25c35d342e1661c1976df5ec821891529daa35c8024617df1a7ef63d5b90c4ed0f9942b707f5365c73f21d0928d714be103d8c5cf42ccc5ffff64ab5909ef979bc8e05ed35125ddb22bfed27cd198c7effb88d5ca61232c3df42dd5e56974a21407d4022&X-Goog-SignedHeaders=host&X-User=alesr HTTP/11" 200 343
[2025-07-14 00:10:55,980][root][INFO] - Eval at 8192 steps.
[2025-07-14 00:11:13,426][root][INFO] - Saved checkpoint to /home/alesr/Repositories/Omnidrones-PEG/wandb/run-20250714_001041-y4682yne/files/checkpoint_8192.pt
[2025-07-14 00:11:13,450][urllib3.connectionpool][DEBUG] - Starting new HTTPS connection (1): api.wandb.ai:443
[2025-07-14 00:11:13,625][urllib3.connectionpool][DEBUG] - https://api.wandb.ai:443 "POST /graphql HTTP/11" 200 None
[2025-07-14 00:11:19,502][root][INFO] - Final Eval at 49152 steps.
[2025-07-14 00:11:37,441][urllib3.connectionpool][DEBUG] - Starting new HTTPS connection (1): api.wandb.ai:443
[2025-07-14 00:11:37,658][urllib3.connectionpool][DEBUG] - https://api.wandb.ai:443 "POST /graphql HTTP/11" 200 None
[2025-07-14 00:11:37,665][root][INFO] - Saved checkpoint to /home/alesr/Repositories/Omnidrones-PEG/wandb/run-20250714_001041-y4682yne/files/checkpoint_final.pt
