[2025-07-11 17:52:23,279][asyncio][DEBUG] - Using selector: EpollSelector
[2025-07-11 17:52:24,073][omni.kit.telemetry.impl.sentry_extension][INFO] - sentry is disabled for external build
[2025-07-11 17:52:24,074][omni.kit.telemetry.impl.sentry_extension][INFO] - sentry is disabled for external build
[2025-07-11 17:52:24,828][AutoNode][DEBUG] - Defining data type 'any' as 'Any'
[2025-07-11 17:52:24,828][AutoNode][DEBUG] - Defining data type 'bool' as 'Bool' and array 'BoolArray
[2025-07-11 17:52:24,828][AutoNode][DEBUG] - Defining data type 'bundle' as 'Bundle'
[2025-07-11 17:52:24,828][AutoNode][DEBUG] - Defining data type 'colord[3]' as 'Color3d' and array 'Color3dArray
[2025-07-11 17:52:24,828][AutoNode][DEBUG] - Defining data type 'colorf[3]' as 'Color3f' and array 'Color3fArray
[2025-07-11 17:52:24,828][AutoNode][DEBUG] - Defining data type 'colorh[3]' as 'Color3h' and array 'Color3hArray
[2025-07-11 17:52:24,828][AutoNode][DEBUG] - Defining data type 'colord[4]' as 'Color4d' and array 'Color4dArray
[2025-07-11 17:52:24,828][AutoNode][DEBUG] - Defining data type 'colorf[4]' as 'Color4f' and array 'Color4fArray
[2025-07-11 17:52:24,828][AutoNode][DEBUG] - Defining data type 'colorh[4]' as 'Color4h' and array 'Color4hArray
[2025-07-11 17:52:24,828][AutoNode][DEBUG] - Defining data type 'double' as 'Double' and array 'DoubleArray
[2025-07-11 17:52:24,828][AutoNode][DEBUG] - Defining data type 'double[2]' as 'Double2' and array 'Double2Array
[2025-07-11 17:52:24,828][AutoNode][DEBUG] - Defining data type 'double[3]' as 'Double3' and array 'Double3Array
[2025-07-11 17:52:24,828][AutoNode][DEBUG] - Defining data type 'double[4]' as 'Double4' and array 'Double4Array
[2025-07-11 17:52:24,829][AutoNode][DEBUG] - Defining data type 'execution' as 'Execution'
[2025-07-11 17:52:24,829][AutoNode][DEBUG] - Defining data type 'float' as 'Float' and array 'FloatArray
[2025-07-11 17:52:24,829][AutoNode][DEBUG] - Defining data type 'float[2]' as 'Float2' and array 'Float2Array
[2025-07-11 17:52:24,829][AutoNode][DEBUG] - Defining data type 'float[3]' as 'Float3' and array 'Float3Array
[2025-07-11 17:52:24,829][AutoNode][DEBUG] - Defining data type 'float[4]' as 'Float4' and array 'Float4Array
[2025-07-11 17:52:24,829][AutoNode][DEBUG] - Defining data type 'frame[4]' as 'Frame' and array 'FrameArray
[2025-07-11 17:52:24,829][AutoNode][DEBUG] - Defining data type 'half' as 'Half' and array 'HalfArray
[2025-07-11 17:52:24,829][AutoNode][DEBUG] - Defining data type 'half[2]' as 'Half2' and array 'Half2Array
[2025-07-11 17:52:24,829][AutoNode][DEBUG] - Defining data type 'half[3]' as 'Half3' and array 'Half3Array
[2025-07-11 17:52:24,829][AutoNode][DEBUG] - Defining data type 'half[4]' as 'Half4' and array 'Half4Array
[2025-07-11 17:52:24,829][AutoNode][DEBUG] - Defining data type 'int' as 'Int' and array 'IntArray
[2025-07-11 17:52:24,829][AutoNode][DEBUG] - Defining data type 'int[2]' as 'Int2' and array 'Int2Array
[2025-07-11 17:52:24,829][AutoNode][DEBUG] - Defining data type 'int[3]' as 'Int3' and array 'Int3Array
[2025-07-11 17:52:24,829][AutoNode][DEBUG] - Defining data type 'int[4]' as 'Int4' and array 'Int4Array
[2025-07-11 17:52:24,829][AutoNode][DEBUG] - Defining data type 'int64' as 'Int64' and array 'Int64Array
[2025-07-11 17:52:24,829][AutoNode][DEBUG] - Defining data type 'matrixd[2]' as 'Matrix2d' and array 'Matrix2dArray
[2025-07-11 17:52:24,829][AutoNode][DEBUG] - Defining data type 'matrixd[3]' as 'Matrix3d' and array 'Matrix3dArray
[2025-07-11 17:52:24,829][AutoNode][DEBUG] - Defining data type 'matrixd[4]' as 'Matrix4d' and array 'Matrix4dArray
[2025-07-11 17:52:24,829][AutoNode][DEBUG] - Defining data type 'normald[3]' as 'Normal3d' and array 'Normal3dArray
[2025-07-11 17:52:24,829][AutoNode][DEBUG] - Defining data type 'normalf[3]' as 'Normal3f' and array 'Normal3fArray
[2025-07-11 17:52:24,829][AutoNode][DEBUG] - Defining data type 'normalh[3]' as 'Normal3h' and array 'Normal3hArray
[2025-07-11 17:52:24,829][AutoNode][DEBUG] - Defining data type 'objectId' as 'ObjectId' and array 'ObjectIdArray
[2025-07-11 17:52:24,829][AutoNode][DEBUG] - Defining data type 'path' as 'Path'
[2025-07-11 17:52:24,829][AutoNode][DEBUG] - Defining data type 'pointd[3]' as 'Point3d' and array 'Point3dArray
[2025-07-11 17:52:24,829][AutoNode][DEBUG] - Defining data type 'pointf[3]' as 'Point3f' and array 'Point3fArray
[2025-07-11 17:52:24,829][AutoNode][DEBUG] - Defining data type 'pointh[3]' as 'Point3h' and array 'Point3hArray
[2025-07-11 17:52:24,829][AutoNode][DEBUG] - Defining data type 'quatd[4]' as 'Quatd' and array 'QuatdArray
[2025-07-11 17:52:24,829][AutoNode][DEBUG] - Defining data type 'quatf[4]' as 'Quatf' and array 'QuatfArray
[2025-07-11 17:52:24,829][AutoNode][DEBUG] - Defining data type 'quath[4]' as 'Quath' and array 'QuathArray
[2025-07-11 17:52:24,829][AutoNode][DEBUG] - Defining data type 'string' as 'String'
[2025-07-11 17:52:24,829][AutoNode][DEBUG] - Defining data type 'target' as 'Target'
[2025-07-11 17:52:24,829][AutoNode][DEBUG] - Defining data type 'texcoordd[2]' as 'TexCoord2d' and array 'TexCoord2dArray
[2025-07-11 17:52:24,829][AutoNode][DEBUG] - Defining data type 'texcoordf[2]' as 'TexCoord2f' and array 'TexCoord2fArray
[2025-07-11 17:52:24,829][AutoNode][DEBUG] - Defining data type 'texcoordh[2]' as 'TexCoord2h' and array 'TexCoord2hArray
[2025-07-11 17:52:24,829][AutoNode][DEBUG] - Defining data type 'texcoordd[3]' as 'TexCoord3d' and array 'TexCoord3dArray
[2025-07-11 17:52:24,829][AutoNode][DEBUG] - Defining data type 'texcoordf[3]' as 'TexCoord3f' and array 'TexCoord3fArray
[2025-07-11 17:52:24,829][AutoNode][DEBUG] - Defining data type 'texcoordh[3]' as 'TexCoord3h' and array 'TexCoord3hArray
[2025-07-11 17:52:24,829][AutoNode][DEBUG] - Defining data type 'timecode' as 'Timecode' and array 'TimecodeArray
[2025-07-11 17:52:24,829][AutoNode][DEBUG] - Defining data type 'token' as 'Token' and array 'TokenArray
[2025-07-11 17:52:24,829][AutoNode][DEBUG] - Defining data type 'uchar' as 'UChar' and array 'UCharArray
[2025-07-11 17:52:24,829][AutoNode][DEBUG] - Defining data type 'uint' as 'UInt' and array 'UIntArray
[2025-07-11 17:52:24,829][AutoNode][DEBUG] - Defining data type 'uint64' as 'UInt64' and array 'UInt64Array
[2025-07-11 17:52:24,829][AutoNode][DEBUG] - Defining data type 'vectord[3]' as 'Vector3d' and array 'Vector3dArray
[2025-07-11 17:52:24,829][AutoNode][DEBUG] - Defining data type 'vectorf[3]' as 'Vector3f' and array 'Vector3fArray
[2025-07-11 17:52:24,830][AutoNode][DEBUG] - Defining data type 'vectorh[3]' as 'Vector3h' and array 'Vector3hArray
[2025-07-11 17:52:26,560][omni.kit.profiler.window][WARNING] - remove _SpanInstance.__lt__ and use insort 'key' arg instead
[2025-07-11 17:52:29,816][git.cmd][DEBUG] - Popen(['git', 'rev-parse', '--show-toplevel'], cwd=/home/alesr/Repositories/Omnidrones-PEG, stdin=None, shell=False, universal_newlines=False)
[2025-07-11 17:52:29,873][urllib3.connectionpool][DEBUG] - Starting new HTTPS connection (1): api.wandb.ai:443
[2025-07-11 17:52:30,042][urllib3.connectionpool][DEBUG] - https://api.wandb.ai:443 "POST /graphql HTTP/11" 200 None
[2025-07-11 17:52:30,044][urllib3.connectionpool][DEBUG] - Starting new HTTPS connection (1): api.wandb.ai:443
[2025-07-11 17:52:30,240][urllib3.connectionpool][DEBUG] - https://api.wandb.ai:443 "POST /graphql HTTP/11" 200 None
[2025-07-11 17:52:30,251][git.cmd][DEBUG] - Popen(['git', 'cat-file', '--batch-check'], cwd=/home/alesr/Repositories/Omnidrones-PEG, stdin=<valid stream>, shell=False, universal_newlines=False)
[2025-07-11 17:52:32,986][root][INFO] - Reading pursuer's params from /home/alesr/Repositories/Omnidrones-PEG/omni_drones/robots/assets/usd/hummingbird.yaml.
[2025-07-11 17:52:33,002][root][INFO] - Reading evader's params from /home/alesr/Repositories/Omnidrones-PEG/omni_drones/robots/assets/usd/hummingbird.yaml.
[2025-07-11 17:52:39,117][root][INFO] - Default parameters:
Mass: [[0.6800000071525574]]
Inertia: [[0.007000000681728125, 0.007000000681728125, 0.011999999172985554]]
Thrust2Weight: [[0.8999204039573669, 0.8999204039573669, 0.8999204039573669, 0.8999204039573669]]
Force2Moment: [[62.499996185302734, 62.499996185302734, 62.499996185302734, 62.499996185302734]]
[2025-07-11 17:52:39,896][root][INFO] - Default parameters:
Mass: [[0.6800000071525574]]
Inertia: [[0.007000000681728125, 0.007000000681728125, 0.011999999172985554]]
Thrust2Weight: [[0.8999204039573669, 0.8999204039573669, 0.8999204039573669, 0.8999204039573669]]
Force2Moment: [[62.499996185302734, 62.499996185302734, 62.499996185302734, 62.499996185302734]]
[2025-07-11 17:52:39,941][root][INFO] - Setup randomization:
{'train': {'drag_coef': Uniform(low: 0.0, high: 0.12399999797344208),
           'force2moment': Uniform(low: torch.Size([1, 4]), high: torch.Size([1, 4])),
           'inertia': Uniform(low: torch.Size([1, 3]), high: torch.Size([1, 3])),
           'mass': Uniform(low: tensor([[0.1768]], device='cuda:0'), high: tensor([[1.1832]], device='cuda:0')),
           'thrust2weight': Uniform(low: torch.Size([1, 4]), high: torch.Size([1, 4]))}}
[2025-07-11 17:52:39,947][root][INFO] - Setup randomization:
{'train': {'drag_coef': Uniform(low: 0.0, high: 0.12399999797344208),
           'force2moment': Uniform(low: torch.Size([1, 4]), high: torch.Size([1, 4])),
           'inertia': Uniform(low: torch.Size([1, 3]), high: torch.Size([1, 3])),
           'mass': Uniform(low: tensor([[0.1768]], device='cuda:0'), high: tensor([[1.1832]], device='cuda:0')),
           'thrust2weight': Uniform(low: torch.Size([1, 4]), high: torch.Size([1, 4]))}}
[2025-07-11 17:52:41,003][root][INFO] - Eval at 8192 steps.
[2025-07-11 17:53:46,114][root][INFO] - Saved checkpoint to /home/alesr/Repositories/Omnidrones-PEG/wandb/run-20250711_175230-p9lrqgig/files/checkpoint_8192.pt
[2025-07-11 17:53:46,135][urllib3.connectionpool][DEBUG] - Starting new HTTPS connection (1): api.wandb.ai:443
[2025-07-11 17:53:46,323][urllib3.connectionpool][DEBUG] - https://api.wandb.ai:443 "POST /graphql HTTP/11" 200 None
[2025-07-11 17:54:33,053][root][INFO] - Eval at 417792 steps.
[2025-07-11 17:55:34,867][root][INFO] - Eval at 827392 steps.
[2025-07-11 17:55:50,931][root][INFO] - Saved checkpoint to /home/alesr/Repositories/Omnidrones-PEG/wandb/run-20250711_175230-p9lrqgig/files/checkpoint_827392.pt
[2025-07-11 17:55:50,941][urllib3.connectionpool][DEBUG] - Starting new HTTPS connection (1): api.wandb.ai:443
[2025-07-11 17:55:51,140][urllib3.connectionpool][DEBUG] - https://api.wandb.ai:443 "POST /graphql HTTP/11" 200 None
[2025-07-11 17:56:37,289][root][INFO] - Eval at 1236992 steps.
[2025-07-11 17:57:40,297][root][INFO] - Eval at 1646592 steps.
[2025-07-11 17:57:55,698][root][INFO] - Saved checkpoint to /home/alesr/Repositories/Omnidrones-PEG/wandb/run-20250711_175230-p9lrqgig/files/checkpoint_1646592.pt
[2025-07-11 17:57:55,717][urllib3.connectionpool][DEBUG] - Starting new HTTPS connection (1): api.wandb.ai:443
[2025-07-11 17:57:55,910][urllib3.connectionpool][DEBUG] - https://api.wandb.ai:443 "POST /graphql HTTP/11" 200 None
[2025-07-11 17:58:42,194][root][INFO] - Eval at 2056192 steps.
[2025-07-11 17:59:44,077][root][INFO] - Eval at 2465792 steps.
[2025-07-11 18:00:48,144][root][INFO] - Saved checkpoint to /home/alesr/Repositories/Omnidrones-PEG/wandb/run-20250711_175230-p9lrqgig/files/checkpoint_2465792.pt
[2025-07-11 18:00:48,164][urllib3.connectionpool][DEBUG] - Starting new HTTPS connection (1): api.wandb.ai:443
[2025-07-11 18:00:48,355][urllib3.connectionpool][DEBUG] - https://api.wandb.ai:443 "POST /graphql HTTP/11" 200 None
[2025-07-11 18:01:35,361][root][INFO] - Eval at 2875392 steps.
[2025-07-11 18:02:37,689][root][INFO] - Eval at 3284992 steps.
[2025-07-11 18:02:53,629][root][INFO] - Saved checkpoint to /home/alesr/Repositories/Omnidrones-PEG/wandb/run-20250711_175230-p9lrqgig/files/checkpoint_3284992.pt
[2025-07-11 18:02:53,648][urllib3.connectionpool][DEBUG] - Starting new HTTPS connection (1): api.wandb.ai:443
[2025-07-11 18:02:53,878][urllib3.connectionpool][DEBUG] - https://api.wandb.ai:443 "POST /graphql HTTP/11" 200 None
[2025-07-11 18:03:40,533][root][INFO] - Eval at 3694592 steps.
[2025-07-11 18:04:42,748][root][INFO] - Eval at 4104192 steps.
[2025-07-11 18:04:58,740][root][INFO] - Saved checkpoint to /home/alesr/Repositories/Omnidrones-PEG/wandb/run-20250711_175230-p9lrqgig/files/checkpoint_4104192.pt
[2025-07-11 18:04:58,759][urllib3.connectionpool][DEBUG] - Starting new HTTPS connection (1): api.wandb.ai:443
[2025-07-11 18:04:58,952][urllib3.connectionpool][DEBUG] - https://api.wandb.ai:443 "POST /graphql HTTP/11" 200 None
[2025-07-11 18:05:44,989][root][INFO] - Eval at 4513792 steps.
[2025-07-11 18:06:47,169][root][INFO] - Eval at 4923392 steps.
[2025-07-11 18:07:50,546][root][INFO] - Saved checkpoint to /home/alesr/Repositories/Omnidrones-PEG/wandb/run-20250711_175230-p9lrqgig/files/checkpoint_4923392.pt
[2025-07-11 18:07:50,566][urllib3.connectionpool][DEBUG] - Starting new HTTPS connection (1): api.wandb.ai:443
[2025-07-11 18:07:50,754][urllib3.connectionpool][DEBUG] - https://api.wandb.ai:443 "POST /graphql HTTP/11" 200 None
[2025-07-11 18:08:37,804][root][INFO] - Eval at 5332992 steps.
[2025-07-11 18:09:40,810][root][INFO] - Eval at 5742592 steps.
[2025-07-11 18:09:56,411][root][INFO] - Saved checkpoint to /home/alesr/Repositories/Omnidrones-PEG/wandb/run-20250711_175230-p9lrqgig/files/checkpoint_5742592.pt
[2025-07-11 18:09:56,430][urllib3.connectionpool][DEBUG] - Starting new HTTPS connection (1): api.wandb.ai:443
[2025-07-11 18:09:56,624][urllib3.connectionpool][DEBUG] - https://api.wandb.ai:443 "POST /graphql HTTP/11" 200 None
[2025-07-11 18:10:43,979][root][INFO] - Eval at 6152192 steps.
[2025-07-11 18:11:47,274][root][INFO] - Eval at 6561792 steps.
[2025-07-11 18:12:03,212][root][INFO] - Saved checkpoint to /home/alesr/Repositories/Omnidrones-PEG/wandb/run-20250711_175230-p9lrqgig/files/checkpoint_6561792.pt
[2025-07-11 18:12:03,230][urllib3.connectionpool][DEBUG] - Starting new HTTPS connection (1): api.wandb.ai:443
[2025-07-11 18:12:03,426][urllib3.connectionpool][DEBUG] - https://api.wandb.ai:443 "POST /graphql HTTP/11" 200 None
[2025-07-11 18:12:50,212][root][INFO] - Eval at 6971392 steps.
[2025-07-11 18:13:52,914][root][INFO] - Eval at 7380992 steps.
[2025-07-11 18:14:56,425][root][INFO] - Saved checkpoint to /home/alesr/Repositories/Omnidrones-PEG/wandb/run-20250711_175230-p9lrqgig/files/checkpoint_7380992.pt
[2025-07-11 18:14:56,445][urllib3.connectionpool][DEBUG] - Starting new HTTPS connection (1): api.wandb.ai:443
[2025-07-11 18:14:56,671][urllib3.connectionpool][DEBUG] - https://api.wandb.ai:443 "POST /graphql HTTP/11" 200 None
[2025-07-11 18:15:44,121][root][INFO] - Eval at 7790592 steps.
[2025-07-11 18:15:59,771][root][INFO] - Saved best checkpoint to /home/alesr/Repositories/Omnidrones-PEG/wandb/run-20250711_175230-p9lrqgig/files/checkpoint_best.pt
[2025-07-11 18:15:59,790][urllib3.connectionpool][DEBUG] - Starting new HTTPS connection (1): api.wandb.ai:443
[2025-07-11 18:15:59,978][urllib3.connectionpool][DEBUG] - https://api.wandb.ai:443 "POST /graphql HTTP/11" 200 None
[2025-07-11 18:16:46,811][root][INFO] - Eval at 8200192 steps.
[2025-07-11 18:17:02,710][root][INFO] - Saved checkpoint to /home/alesr/Repositories/Omnidrones-PEG/wandb/run-20250711_175230-p9lrqgig/files/checkpoint_8200192.pt
[2025-07-11 18:17:02,729][urllib3.connectionpool][DEBUG] - Starting new HTTPS connection (1): api.wandb.ai:443
[2025-07-11 18:17:02,915][urllib3.connectionpool][DEBUG] - https://api.wandb.ai:443 "POST /graphql HTTP/11" 200 None
[2025-07-11 18:17:49,798][root][INFO] - Eval at 8609792 steps.
[2025-07-11 18:18:51,882][root][INFO] - Eval at 9019392 steps.
[2025-07-11 18:19:07,627][root][INFO] - Saved checkpoint to /home/alesr/Repositories/Omnidrones-PEG/wandb/run-20250711_175230-p9lrqgig/files/checkpoint_9019392.pt
[2025-07-11 18:19:07,646][urllib3.connectionpool][DEBUG] - Starting new HTTPS connection (1): api.wandb.ai:443
[2025-07-11 18:19:07,849][urllib3.connectionpool][DEBUG] - https://api.wandb.ai:443 "POST /graphql HTTP/11" 200 None
[2025-07-11 18:19:54,236][root][INFO] - Eval at 9428992 steps.
[2025-07-11 18:20:09,825][root][INFO] - Saved best checkpoint to /home/alesr/Repositories/Omnidrones-PEG/wandb/run-20250711_175230-p9lrqgig/files/checkpoint_best.pt
[2025-07-11 18:20:09,842][urllib3.connectionpool][DEBUG] - Starting new HTTPS connection (1): api.wandb.ai:443
[2025-07-11 18:20:10,063][urllib3.connectionpool][DEBUG] - https://api.wandb.ai:443 "POST /graphql HTTP/11" 200 None
[2025-07-11 18:20:56,891][root][INFO] - Eval at 9838592 steps.
[2025-07-11 18:22:00,206][root][INFO] - Saved checkpoint to /home/alesr/Repositories/Omnidrones-PEG/wandb/run-20250711_175230-p9lrqgig/files/checkpoint_9838592.pt
[2025-07-11 18:22:00,226][urllib3.connectionpool][DEBUG] - Starting new HTTPS connection (1): api.wandb.ai:443
[2025-07-11 18:22:00,422][urllib3.connectionpool][DEBUG] - https://api.wandb.ai:443 "POST /graphql HTTP/11" 200 None
[2025-07-11 18:22:48,052][root][INFO] - Eval at 10248192 steps.
[2025-07-11 18:23:50,916][root][INFO] - Eval at 10657792 steps.
[2025-07-11 18:24:06,449][root][INFO] - Saved checkpoint to /home/alesr/Repositories/Omnidrones-PEG/wandb/run-20250711_175230-p9lrqgig/files/checkpoint_10657792.pt
[2025-07-11 18:24:06,470][urllib3.connectionpool][DEBUG] - Starting new HTTPS connection (1): api.wandb.ai:443
[2025-07-11 18:24:06,665][urllib3.connectionpool][DEBUG] - https://api.wandb.ai:443 "POST /graphql HTTP/11" 200 None
[2025-07-11 18:24:52,947][root][INFO] - Eval at 11067392 steps.
[2025-07-11 18:25:54,426][root][INFO] - Eval at 11476992 steps.
[2025-07-11 18:26:09,872][root][INFO] - Saved checkpoint to /home/alesr/Repositories/Omnidrones-PEG/wandb/run-20250711_175230-p9lrqgig/files/checkpoint_11476992.pt
[2025-07-11 18:26:09,892][urllib3.connectionpool][DEBUG] - Starting new HTTPS connection (1): api.wandb.ai:443
[2025-07-11 18:26:10,092][urllib3.connectionpool][DEBUG] - https://api.wandb.ai:443 "POST /graphql HTTP/11" 200 None
[2025-07-11 18:26:56,168][root][INFO] - Eval at 11886592 steps.
[2025-07-11 18:27:57,805][root][INFO] - Eval at 12296192 steps.
[2025-07-11 18:29:01,398][root][INFO] - Saved checkpoint to /home/alesr/Repositories/Omnidrones-PEG/wandb/run-20250711_175230-p9lrqgig/files/checkpoint_12296192.pt
[2025-07-11 18:29:01,418][urllib3.connectionpool][DEBUG] - Starting new HTTPS connection (1): api.wandb.ai:443
[2025-07-11 18:29:01,608][urllib3.connectionpool][DEBUG] - https://api.wandb.ai:443 "POST /graphql HTTP/11" 200 None
[2025-07-11 18:29:48,995][root][INFO] - Eval at 12705792 steps.
[2025-07-11 18:30:51,323][root][INFO] - Eval at 13115392 steps.
[2025-07-11 18:31:07,029][root][INFO] - Saved checkpoint to /home/alesr/Repositories/Omnidrones-PEG/wandb/run-20250711_175230-p9lrqgig/files/checkpoint_13115392.pt
[2025-07-11 18:31:07,040][urllib3.connectionpool][DEBUG] - Starting new HTTPS connection (1): api.wandb.ai:443
[2025-07-11 18:31:07,252][urllib3.connectionpool][DEBUG] - https://api.wandb.ai:443 "POST /graphql HTTP/11" 200 None
[2025-07-11 18:31:53,391][root][INFO] - Eval at 13524992 steps.
[2025-07-11 18:32:54,825][root][INFO] - Eval at 13934592 steps.
[2025-07-11 18:33:09,952][root][INFO] - Saved checkpoint to /home/alesr/Repositories/Omnidrones-PEG/wandb/run-20250711_175230-p9lrqgig/files/checkpoint_13934592.pt
[2025-07-11 18:33:09,974][urllib3.connectionpool][DEBUG] - Starting new HTTPS connection (1): api.wandb.ai:443
[2025-07-11 18:33:10,167][urllib3.connectionpool][DEBUG] - https://api.wandb.ai:443 "POST /graphql HTTP/11" 200 None
[2025-07-11 18:33:56,477][root][INFO] - Eval at 14344192 steps.
[2025-07-11 18:34:58,137][root][INFO] - Eval at 14753792 steps.
[2025-07-11 18:36:01,768][root][INFO] - Saved checkpoint to /home/alesr/Repositories/Omnidrones-PEG/wandb/run-20250711_175230-p9lrqgig/files/checkpoint_14753792.pt
[2025-07-11 18:36:01,787][urllib3.connectionpool][DEBUG] - Starting new HTTPS connection (1): api.wandb.ai:443
[2025-07-11 18:36:01,991][urllib3.connectionpool][DEBUG] - https://api.wandb.ai:443 "POST /graphql HTTP/11" 200 None
[2025-07-11 18:36:48,345][root][INFO] - Eval at 15163392 steps.
[2025-07-11 18:37:49,795][root][INFO] - Eval at 15572992 steps.
[2025-07-11 18:38:04,891][root][INFO] - Saved checkpoint to /home/alesr/Repositories/Omnidrones-PEG/wandb/run-20250711_175230-p9lrqgig/files/checkpoint_15572992.pt
[2025-07-11 18:38:04,910][urllib3.connectionpool][DEBUG] - Starting new HTTPS connection (1): api.wandb.ai:443
[2025-07-11 18:38:05,091][urllib3.connectionpool][DEBUG] - https://api.wandb.ai:443 "POST /graphql HTTP/11" 200 None
[2025-07-11 18:38:50,577][root][INFO] - Eval at 15982592 steps.
[2025-07-11 18:39:51,275][root][INFO] - Eval at 16392192 steps.
[2025-07-11 18:40:06,473][root][INFO] - Saved checkpoint to /home/alesr/Repositories/Omnidrones-PEG/wandb/run-20250711_175230-p9lrqgig/files/checkpoint_16392192.pt
[2025-07-11 18:40:06,492][urllib3.connectionpool][DEBUG] - Starting new HTTPS connection (1): api.wandb.ai:443
[2025-07-11 18:40:06,705][urllib3.connectionpool][DEBUG] - https://api.wandb.ai:443 "POST /graphql HTTP/11" 200 None
[2025-07-11 18:40:51,670][root][INFO] - Eval at 16801792 steps.
[2025-07-11 18:41:52,133][root][INFO] - Eval at 17211392 steps.
[2025-07-11 18:42:54,530][root][INFO] - Saved checkpoint to /home/alesr/Repositories/Omnidrones-PEG/wandb/run-20250711_175230-p9lrqgig/files/checkpoint_17211392.pt
[2025-07-11 18:42:54,550][urllib3.connectionpool][DEBUG] - Starting new HTTPS connection (1): api.wandb.ai:443
[2025-07-11 18:42:54,777][urllib3.connectionpool][DEBUG] - https://api.wandb.ai:443 "POST /graphql HTTP/11" 200 None
[2025-07-11 18:43:40,805][root][INFO] - Eval at 17620992 steps.
[2025-07-11 18:43:55,908][root][INFO] - Saved best checkpoint to /home/alesr/Repositories/Omnidrones-PEG/wandb/run-20250711_175230-p9lrqgig/files/checkpoint_best.pt
[2025-07-11 18:43:55,924][urllib3.connectionpool][DEBUG] - Starting new HTTPS connection (1): api.wandb.ai:443
[2025-07-11 18:43:56,123][urllib3.connectionpool][DEBUG] - https://api.wandb.ai:443 "POST /graphql HTTP/11" 200 None
[2025-07-11 18:44:41,382][root][INFO] - Eval at 18030592 steps.
[2025-07-11 18:44:56,379][root][INFO] - Saved checkpoint to /home/alesr/Repositories/Omnidrones-PEG/wandb/run-20250711_175230-p9lrqgig/files/checkpoint_18030592.pt
[2025-07-11 18:44:56,398][urllib3.connectionpool][DEBUG] - Starting new HTTPS connection (1): api.wandb.ai:443
[2025-07-11 18:44:56,590][urllib3.connectionpool][DEBUG] - https://api.wandb.ai:443 "POST /graphql HTTP/11" 200 None
[2025-07-11 18:45:41,449][root][INFO] - Eval at 18440192 steps.
[2025-07-11 18:46:41,572][root][INFO] - Eval at 18849792 steps.
[2025-07-11 18:46:56,526][root][INFO] - Saved checkpoint to /home/alesr/Repositories/Omnidrones-PEG/wandb/run-20250711_175230-p9lrqgig/files/checkpoint_18849792.pt
[2025-07-11 18:46:56,546][urllib3.connectionpool][DEBUG] - Starting new HTTPS connection (1): api.wandb.ai:443
[2025-07-11 18:46:56,756][urllib3.connectionpool][DEBUG] - https://api.wandb.ai:443 "POST /graphql HTTP/11" 200 None
[2025-07-11 18:47:41,958][root][INFO] - Eval at 19259392 steps.
[2025-07-11 18:48:43,065][root][INFO] - Eval at 19668992 steps.
[2025-07-11 18:49:45,128][root][INFO] - Saved checkpoint to /home/alesr/Repositories/Omnidrones-PEG/wandb/run-20250711_175230-p9lrqgig/files/checkpoint_19668992.pt
[2025-07-11 18:49:45,149][urllib3.connectionpool][DEBUG] - Starting new HTTPS connection (1): api.wandb.ai:443
[2025-07-11 18:49:45,371][urllib3.connectionpool][DEBUG] - https://api.wandb.ai:443 "POST /graphql HTTP/11" 200 None
[2025-07-11 18:50:22,450][root][INFO] - Final Eval at 19996672 steps.
[2025-07-11 18:51:24,936][urllib3.connectionpool][DEBUG] - Starting new HTTPS connection (1): api.wandb.ai:443
[2025-07-11 18:51:25,160][urllib3.connectionpool][DEBUG] - https://api.wandb.ai:443 "POST /graphql HTTP/11" 200 None
[2025-07-11 18:51:25,167][root][INFO] - Saved checkpoint to /home/alesr/Repositories/Omnidrones-PEG/wandb/run-20250711_175230-p9lrqgig/files/checkpoint_final.pt
