[2025-07-10 17:06:49,042][asyncio][DEBUG] - Using selector: EpollSelector
[2025-07-10 17:06:49,852][omni.kit.telemetry.impl.sentry_extension][INFO] - sentry is disabled for external build
[2025-07-10 17:06:49,852][omni.kit.telemetry.impl.sentry_extension][INFO] - sentry is disabled for external build
[2025-07-10 17:06:50,699][AutoNode][DEBUG] - Defining data type 'any' as 'Any'
[2025-07-10 17:06:50,699][AutoNode][DEBUG] - Defining data type 'bool' as 'Bool' and array 'BoolArray
[2025-07-10 17:06:50,699][AutoNode][DEBUG] - Defining data type 'bundle' as 'Bundle'
[2025-07-10 17:06:50,699][AutoNode][DEBUG] - Defining data type 'colord[3]' as 'Color3d' and array 'Color3dArray
[2025-07-10 17:06:50,699][AutoNode][DEBUG] - Defining data type 'colorf[3]' as 'Color3f' and array 'Color3fArray
[2025-07-10 17:06:50,699][AutoNode][DEBUG] - Defining data type 'colorh[3]' as 'Color3h' and array 'Color3hArray
[2025-07-10 17:06:50,699][AutoNode][DEBUG] - Defining data type 'colord[4]' as 'Color4d' and array 'Color4dArray
[2025-07-10 17:06:50,699][AutoNode][DEBUG] - Defining data type 'colorf[4]' as 'Color4f' and array 'Color4fArray
[2025-07-10 17:06:50,699][AutoNode][DEBUG] - Defining data type 'colorh[4]' as 'Color4h' and array 'Color4hArray
[2025-07-10 17:06:50,699][AutoNode][DEBUG] - Defining data type 'double' as 'Double' and array 'DoubleArray
[2025-07-10 17:06:50,699][AutoNode][DEBUG] - Defining data type 'double[2]' as 'Double2' and array 'Double2Array
[2025-07-10 17:06:50,699][AutoNode][DEBUG] - Defining data type 'double[3]' as 'Double3' and array 'Double3Array
[2025-07-10 17:06:50,699][AutoNode][DEBUG] - Defining data type 'double[4]' as 'Double4' and array 'Double4Array
[2025-07-10 17:06:50,699][AutoNode][DEBUG] - Defining data type 'execution' as 'Execution'
[2025-07-10 17:06:50,699][AutoNode][DEBUG] - Defining data type 'float' as 'Float' and array 'FloatArray
[2025-07-10 17:06:50,699][AutoNode][DEBUG] - Defining data type 'float[2]' as 'Float2' and array 'Float2Array
[2025-07-10 17:06:50,699][AutoNode][DEBUG] - Defining data type 'float[3]' as 'Float3' and array 'Float3Array
[2025-07-10 17:06:50,699][AutoNode][DEBUG] - Defining data type 'float[4]' as 'Float4' and array 'Float4Array
[2025-07-10 17:06:50,699][AutoNode][DEBUG] - Defining data type 'frame[4]' as 'Frame' and array 'FrameArray
[2025-07-10 17:06:50,700][AutoNode][DEBUG] - Defining data type 'half' as 'Half' and array 'HalfArray
[2025-07-10 17:06:50,700][AutoNode][DEBUG] - Defining data type 'half[2]' as 'Half2' and array 'Half2Array
[2025-07-10 17:06:50,700][AutoNode][DEBUG] - Defining data type 'half[3]' as 'Half3' and array 'Half3Array
[2025-07-10 17:06:50,700][AutoNode][DEBUG] - Defining data type 'half[4]' as 'Half4' and array 'Half4Array
[2025-07-10 17:06:50,700][AutoNode][DEBUG] - Defining data type 'int' as 'Int' and array 'IntArray
[2025-07-10 17:06:50,700][AutoNode][DEBUG] - Defining data type 'int[2]' as 'Int2' and array 'Int2Array
[2025-07-10 17:06:50,700][AutoNode][DEBUG] - Defining data type 'int[3]' as 'Int3' and array 'Int3Array
[2025-07-10 17:06:50,700][AutoNode][DEBUG] - Defining data type 'int[4]' as 'Int4' and array 'Int4Array
[2025-07-10 17:06:50,700][AutoNode][DEBUG] - Defining data type 'int64' as 'Int64' and array 'Int64Array
[2025-07-10 17:06:50,700][AutoNode][DEBUG] - Defining data type 'matrixd[2]' as 'Matrix2d' and array 'Matrix2dArray
[2025-07-10 17:06:50,700][AutoNode][DEBUG] - Defining data type 'matrixd[3]' as 'Matrix3d' and array 'Matrix3dArray
[2025-07-10 17:06:50,700][AutoNode][DEBUG] - Defining data type 'matrixd[4]' as 'Matrix4d' and array 'Matrix4dArray
[2025-07-10 17:06:50,700][AutoNode][DEBUG] - Defining data type 'normald[3]' as 'Normal3d' and array 'Normal3dArray
[2025-07-10 17:06:50,700][AutoNode][DEBUG] - Defining data type 'normalf[3]' as 'Normal3f' and array 'Normal3fArray
[2025-07-10 17:06:50,700][AutoNode][DEBUG] - Defining data type 'normalh[3]' as 'Normal3h' and array 'Normal3hArray
[2025-07-10 17:06:50,700][AutoNode][DEBUG] - Defining data type 'objectId' as 'ObjectId' and array 'ObjectIdArray
[2025-07-10 17:06:50,700][AutoNode][DEBUG] - Defining data type 'path' as 'Path'
[2025-07-10 17:06:50,700][AutoNode][DEBUG] - Defining data type 'pointd[3]' as 'Point3d' and array 'Point3dArray
[2025-07-10 17:06:50,700][AutoNode][DEBUG] - Defining data type 'pointf[3]' as 'Point3f' and array 'Point3fArray
[2025-07-10 17:06:50,700][AutoNode][DEBUG] - Defining data type 'pointh[3]' as 'Point3h' and array 'Point3hArray
[2025-07-10 17:06:50,700][AutoNode][DEBUG] - Defining data type 'quatd[4]' as 'Quatd' and array 'QuatdArray
[2025-07-10 17:06:50,700][AutoNode][DEBUG] - Defining data type 'quatf[4]' as 'Quatf' and array 'QuatfArray
[2025-07-10 17:06:50,700][AutoNode][DEBUG] - Defining data type 'quath[4]' as 'Quath' and array 'QuathArray
[2025-07-10 17:06:50,700][AutoNode][DEBUG] - Defining data type 'string' as 'String'
[2025-07-10 17:06:50,700][AutoNode][DEBUG] - Defining data type 'target' as 'Target'
[2025-07-10 17:06:50,700][AutoNode][DEBUG] - Defining data type 'texcoordd[2]' as 'TexCoord2d' and array 'TexCoord2dArray
[2025-07-10 17:06:50,700][AutoNode][DEBUG] - Defining data type 'texcoordf[2]' as 'TexCoord2f' and array 'TexCoord2fArray
[2025-07-10 17:06:50,700][AutoNode][DEBUG] - Defining data type 'texcoordh[2]' as 'TexCoord2h' and array 'TexCoord2hArray
[2025-07-10 17:06:50,700][AutoNode][DEBUG] - Defining data type 'texcoordd[3]' as 'TexCoord3d' and array 'TexCoord3dArray
[2025-07-10 17:06:50,700][AutoNode][DEBUG] - Defining data type 'texcoordf[3]' as 'TexCoord3f' and array 'TexCoord3fArray
[2025-07-10 17:06:50,700][AutoNode][DEBUG] - Defining data type 'texcoordh[3]' as 'TexCoord3h' and array 'TexCoord3hArray
[2025-07-10 17:06:50,700][AutoNode][DEBUG] - Defining data type 'timecode' as 'Timecode' and array 'TimecodeArray
[2025-07-10 17:06:50,700][AutoNode][DEBUG] - Defining data type 'token' as 'Token' and array 'TokenArray
[2025-07-10 17:06:50,700][AutoNode][DEBUG] - Defining data type 'uchar' as 'UChar' and array 'UCharArray
[2025-07-10 17:06:50,700][AutoNode][DEBUG] - Defining data type 'uint' as 'UInt' and array 'UIntArray
[2025-07-10 17:06:50,700][AutoNode][DEBUG] - Defining data type 'uint64' as 'UInt64' and array 'UInt64Array
[2025-07-10 17:06:50,700][AutoNode][DEBUG] - Defining data type 'vectord[3]' as 'Vector3d' and array 'Vector3dArray
[2025-07-10 17:06:50,700][AutoNode][DEBUG] - Defining data type 'vectorf[3]' as 'Vector3f' and array 'Vector3fArray
[2025-07-10 17:06:50,700][AutoNode][DEBUG] - Defining data type 'vectorh[3]' as 'Vector3h' and array 'Vector3hArray
[2025-07-10 17:06:52,691][omni.kit.profiler.window][WARNING] - remove _SpanInstance.__lt__ and use insort 'key' arg instead
[2025-07-10 17:06:56,282][git.cmd][DEBUG] - Popen(['git', 'rev-parse', '--show-toplevel'], cwd=/home/alesr/Repositories/Omnidrones-PEG, stdin=None, shell=False, universal_newlines=False)
[2025-07-10 17:06:56,348][urllib3.connectionpool][DEBUG] - Starting new HTTPS connection (1): api.wandb.ai:443
[2025-07-10 17:06:56,525][urllib3.connectionpool][DEBUG] - https://api.wandb.ai:443 "POST /graphql HTTP/11" 200 None
[2025-07-10 17:06:56,527][urllib3.connectionpool][DEBUG] - Starting new HTTPS connection (1): api.wandb.ai:443
[2025-07-10 17:06:56,701][urllib3.connectionpool][DEBUG] - https://api.wandb.ai:443 "POST /graphql HTTP/11" 200 None
[2025-07-10 17:06:56,712][git.cmd][DEBUG] - Popen(['git', 'cat-file', '--batch-check'], cwd=/home/alesr/Repositories/Omnidrones-PEG, stdin=<valid stream>, shell=False, universal_newlines=False)
[2025-07-10 17:06:59,817][root][INFO] - Reading pursuer's params from /home/alesr/Repositories/Omnidrones-PEG/omni_drones/robots/assets/usd/hummingbird.yaml.
[2025-07-10 17:06:59,829][root][INFO] - Reading evader's params from /home/alesr/Repositories/Omnidrones-PEG/omni_drones/robots/assets/usd/hummingbird.yaml.
[2025-07-10 17:07:06,416][root][INFO] - Default parameters:
Mass: [[0.6800000071525574]]
Inertia: [[0.007000000681728125, 0.007000000681728125, 0.011999999172985554]]
Thrust2Weight: [[0.8999204039573669, 0.8999204039573669, 0.8999204039573669, 0.8999204039573669]]
Force2Moment: [[62.499996185302734, 62.499996185302734, 62.499996185302734, 62.499996185302734]]
[2025-07-10 17:07:07,242][root][INFO] - Default parameters:
Mass: [[0.6800000071525574]]
Inertia: [[0.007000000681728125, 0.007000000681728125, 0.011999999172985554]]
Thrust2Weight: [[0.8999204039573669, 0.8999204039573669, 0.8999204039573669, 0.8999204039573669]]
Force2Moment: [[62.499996185302734, 62.499996185302734, 62.499996185302734, 62.499996185302734]]
[2025-07-10 17:07:08,433][root][INFO] - Eval at 8192 steps.
[2025-07-10 17:08:13,089][root][INFO] - Saved checkpoint to /home/alesr/Repositories/Omnidrones-PEG/wandb/run-20250710_170656-599fh0h7/files/checkpoint_8192.pt
[2025-07-10 17:08:13,101][urllib3.connectionpool][DEBUG] - Starting new HTTPS connection (1): api.wandb.ai:443
[2025-07-10 17:08:13,314][urllib3.connectionpool][DEBUG] - https://api.wandb.ai:443 "POST /graphql HTTP/11" 200 None
[2025-07-10 17:09:04,656][root][INFO] - Eval at 417792 steps.
[2025-07-10 17:10:18,253][root][INFO] - Eval at 827392 steps.
[2025-07-10 17:11:33,440][root][INFO] - Eval at 1236992 steps.
[2025-07-10 17:12:35,333][root][INFO] - Eval at 1646592 steps.
[2025-07-10 17:12:51,754][root][INFO] - Saved checkpoint to /home/alesr/Repositories/Omnidrones-PEG/wandb/run-20250710_170656-599fh0h7/files/checkpoint_1646592.pt
[2025-07-10 17:12:51,773][urllib3.connectionpool][DEBUG] - Starting new HTTPS connection (1): api.wandb.ai:443
[2025-07-10 17:12:52,043][urllib3.connectionpool][DEBUG] - https://api.wandb.ai:443 "POST /graphql HTTP/11" 200 None
[2025-07-10 17:13:35,203][root][INFO] - Eval at 2056192 steps.
[2025-07-10 17:13:50,632][urllib3.connectionpool][DEBUG] - Starting new HTTPS connection (1): api.wandb.ai:443
[2025-07-10 17:13:50,822][urllib3.connectionpool][DEBUG] - https://api.wandb.ai:443 "POST /graphql HTTP/11" 200 None
[2025-07-10 17:14:35,253][root][INFO] - Eval at 2465792 steps.
[2025-07-10 17:16:19,298][root][INFO] - Eval at 2875392 steps.
[2025-07-10 17:16:34,445][urllib3.connectionpool][DEBUG] - Starting new HTTPS connection (1): api.wandb.ai:443
[2025-07-10 17:16:34,825][urllib3.connectionpool][DEBUG] - https://api.wandb.ai:443 "POST /graphql HTTP/11" 200 None
[2025-07-10 17:17:18,149][root][INFO] - Eval at 3284992 steps.
[2025-07-10 17:17:33,502][root][INFO] - Saved checkpoint to /home/alesr/Repositories/Omnidrones-PEG/wandb/run-20250710_170656-599fh0h7/files/checkpoint_3284992.pt
[2025-07-10 17:17:33,522][urllib3.connectionpool][DEBUG] - Starting new HTTPS connection (1): api.wandb.ai:443
[2025-07-10 17:17:33,726][urllib3.connectionpool][DEBUG] - https://api.wandb.ai:443 "POST /graphql HTTP/11" 200 None
[2025-07-10 17:18:16,939][root][INFO] - Eval at 3694592 steps.
[2025-07-10 17:19:15,527][root][INFO] - Eval at 4104192 steps.
[2025-07-10 17:19:30,555][urllib3.connectionpool][DEBUG] - Starting new HTTPS connection (1): api.wandb.ai:443
[2025-07-10 17:19:30,749][urllib3.connectionpool][DEBUG] - https://api.wandb.ai:443 "POST /graphql HTTP/11" 200 None
[2025-07-10 17:20:13,548][root][INFO] - Eval at 4513792 steps.
[2025-07-10 17:20:28,713][urllib3.connectionpool][DEBUG] - Starting new HTTPS connection (1): api.wandb.ai:443
[2025-07-10 17:20:28,909][urllib3.connectionpool][DEBUG] - https://api.wandb.ai:443 "POST /graphql HTTP/11" 200 None
[2025-07-10 17:21:11,510][root][INFO] - Eval at 4923392 steps.
[2025-07-10 17:22:14,754][root][INFO] - Saved checkpoint to /home/alesr/Repositories/Omnidrones-PEG/wandb/run-20250710_170656-599fh0h7/files/checkpoint_4923392.pt
[2025-07-10 17:22:14,768][urllib3.connectionpool][DEBUG] - Starting new HTTPS connection (1): api.wandb.ai:443
[2025-07-10 17:22:14,979][urllib3.connectionpool][DEBUG] - https://api.wandb.ai:443 "POST /graphql HTTP/11" 200 None
[2025-07-10 17:22:59,824][root][INFO] - Eval at 5332992 steps.
[2025-07-10 17:24:01,420][root][INFO] - Eval at 5742592 steps.
[2025-07-10 17:25:03,813][root][INFO] - Eval at 6152192 steps.
[2025-07-10 17:26:06,999][root][INFO] - Eval at 6561792 steps.
[2025-07-10 17:26:23,358][root][INFO] - Saved checkpoint to /home/alesr/Repositories/Omnidrones-PEG/wandb/run-20250710_170656-599fh0h7/files/checkpoint_6561792.pt
[2025-07-10 17:26:23,377][urllib3.connectionpool][DEBUG] - Starting new HTTPS connection (1): api.wandb.ai:443
[2025-07-10 17:26:23,562][urllib3.connectionpool][DEBUG] - https://api.wandb.ai:443 "POST /graphql HTTP/11" 200 None
[2025-07-10 17:27:10,352][root][INFO] - Eval at 6971392 steps.
[2025-07-10 17:28:16,583][root][INFO] - Eval at 7380992 steps.
[2025-07-10 17:30:00,242][root][INFO] - Eval at 7790592 steps.
[2025-07-10 17:30:54,613][root][INFO] - Eval at 8200192 steps.
[2025-07-10 17:31:08,685][root][INFO] - Saved checkpoint to /home/alesr/Repositories/Omnidrones-PEG/wandb/run-20250710_170656-599fh0h7/files/checkpoint_8200192.pt
[2025-07-10 17:31:08,704][urllib3.connectionpool][DEBUG] - Starting new HTTPS connection (1): api.wandb.ai:443
[2025-07-10 17:31:08,905][urllib3.connectionpool][DEBUG] - https://api.wandb.ai:443 "POST /graphql HTTP/11" 200 None
[2025-07-10 17:31:49,418][root][INFO] - Eval at 8609792 steps.
[2025-07-10 17:32:43,793][root][INFO] - Eval at 9019392 steps.
[2025-07-10 17:33:36,686][root][INFO] - Eval at 9428992 steps.
[2025-07-10 17:34:30,601][root][INFO] - Eval at 9838592 steps.
[2025-07-10 17:35:28,395][root][INFO] - Saved checkpoint to /home/alesr/Repositories/Omnidrones-PEG/wandb/run-20250710_170656-599fh0h7/files/checkpoint_9838592.pt
[2025-07-10 17:35:28,420][urllib3.connectionpool][DEBUG] - Starting new HTTPS connection (1): api.wandb.ai:443
[2025-07-10 17:35:28,603][urllib3.connectionpool][DEBUG] - https://api.wandb.ai:443 "POST /graphql HTTP/11" 200 None
[2025-07-10 17:36:10,011][root][INFO] - Eval at 10248192 steps.
[2025-07-10 17:37:05,210][root][INFO] - Eval at 10657792 steps.
[2025-07-10 17:38:06,645][root][INFO] - Eval at 11067392 steps.
[2025-07-10 17:39:07,396][root][INFO] - Eval at 11476992 steps.
[2025-07-10 17:39:23,755][root][INFO] - Saved checkpoint to /home/alesr/Repositories/Omnidrones-PEG/wandb/run-20250710_170656-599fh0h7/files/checkpoint_11476992.pt
[2025-07-10 17:39:23,769][urllib3.connectionpool][DEBUG] - Starting new HTTPS connection (1): api.wandb.ai:443
[2025-07-10 17:39:23,995][urllib3.connectionpool][DEBUG] - https://api.wandb.ai:443 "POST /graphql HTTP/11" 200 None
[2025-07-10 17:40:10,181][root][INFO] - Eval at 11886592 steps.
[2025-07-10 17:41:12,747][root][INFO] - Eval at 12296192 steps.
[2025-07-10 17:43:03,893][root][INFO] - Eval at 12705792 steps.
[2025-07-10 17:44:06,593][root][INFO] - Eval at 13115392 steps.
[2025-07-10 17:44:23,295][root][INFO] - Saved checkpoint to /home/alesr/Repositories/Omnidrones-PEG/wandb/run-20250710_170656-599fh0h7/files/checkpoint_13115392.pt
[2025-07-10 17:44:23,316][urllib3.connectionpool][DEBUG] - Starting new HTTPS connection (1): api.wandb.ai:443
[2025-07-10 17:44:23,508][urllib3.connectionpool][DEBUG] - https://api.wandb.ai:443 "POST /graphql HTTP/11" 200 None
[2025-07-10 17:45:10,044][root][INFO] - Eval at 13524992 steps.
[2025-07-10 17:46:11,515][root][INFO] - Eval at 13934592 steps.
[2025-07-10 17:47:14,493][root][INFO] - Eval at 14344192 steps.
[2025-07-10 17:48:17,393][root][INFO] - Eval at 14753792 steps.
[2025-07-10 17:49:20,963][root][INFO] - Saved checkpoint to /home/alesr/Repositories/Omnidrones-PEG/wandb/run-20250710_170656-599fh0h7/files/checkpoint_14753792.pt
[2025-07-10 17:49:20,983][urllib3.connectionpool][DEBUG] - Starting new HTTPS connection (1): api.wandb.ai:443
[2025-07-10 17:49:21,185][urllib3.connectionpool][DEBUG] - https://api.wandb.ai:443 "POST /graphql HTTP/11" 200 None
[2025-07-10 17:50:08,499][root][INFO] - Eval at 15163392 steps.
[2025-07-10 17:51:11,338][root][INFO] - Eval at 15572992 steps.
[2025-07-10 17:52:14,818][root][INFO] - Eval at 15982592 steps.
[2025-07-10 17:53:16,596][root][INFO] - Eval at 16392192 steps.
[2025-07-10 17:53:32,410][root][INFO] - Saved checkpoint to /home/alesr/Repositories/Omnidrones-PEG/wandb/run-20250710_170656-599fh0h7/files/checkpoint_16392192.pt
[2025-07-10 17:53:32,430][urllib3.connectionpool][DEBUG] - Starting new HTTPS connection (1): api.wandb.ai:443
[2025-07-10 17:53:32,613][urllib3.connectionpool][DEBUG] - https://api.wandb.ai:443 "POST /graphql HTTP/11" 200 None
[2025-07-10 17:54:19,643][root][INFO] - Eval at 16801792 steps.
[2025-07-10 17:55:21,672][root][INFO] - Eval at 17211392 steps.
[2025-07-10 17:57:11,945][root][INFO] - Eval at 17620992 steps.
[2025-07-10 17:58:14,165][root][INFO] - Eval at 18030592 steps.
[2025-07-10 17:58:30,047][root][INFO] - Saved checkpoint to /home/alesr/Repositories/Omnidrones-PEG/wandb/run-20250710_170656-599fh0h7/files/checkpoint_18030592.pt
[2025-07-10 17:58:30,059][urllib3.connectionpool][DEBUG] - Starting new HTTPS connection (1): api.wandb.ai:443
[2025-07-10 17:58:30,258][urllib3.connectionpool][DEBUG] - https://api.wandb.ai:443 "POST /graphql HTTP/11" 200 None
[2025-07-10 17:59:12,954][root][INFO] - Eval at 18440192 steps.
[2025-07-10 18:00:10,512][root][INFO] - Eval at 18849792 steps.
[2025-07-10 18:01:14,965][root][INFO] - Eval at 19259392 steps.
[2025-07-10 18:02:17,806][root][INFO] - Eval at 19668992 steps.
[2025-07-10 18:03:21,121][root][INFO] - Saved checkpoint to /home/alesr/Repositories/Omnidrones-PEG/wandb/run-20250710_170656-599fh0h7/files/checkpoint_19668992.pt
[2025-07-10 18:03:21,148][urllib3.connectionpool][DEBUG] - Starting new HTTPS connection (1): api.wandb.ai:443
[2025-07-10 18:03:21,346][urllib3.connectionpool][DEBUG] - https://api.wandb.ai:443 "POST /graphql HTTP/11" 200 None
[2025-07-10 18:03:59,421][root][INFO] - Final Eval at 19996672 steps.
[2025-07-10 18:05:03,101][urllib3.connectionpool][DEBUG] - Starting new HTTPS connection (1): api.wandb.ai:443
[2025-07-10 18:05:03,301][urllib3.connectionpool][DEBUG] - https://api.wandb.ai:443 "POST /graphql HTTP/11" 200 None
[2025-07-10 18:05:03,306][root][INFO] - Saved checkpoint to /home/alesr/Repositories/Omnidrones-PEG/wandb/run-20250710_170656-599fh0h7/files/checkpoint_final.pt
