[2025-07-06 18:43:53,722][asyncio][DEBUG] - Using selector: EpollSelector
[2025-07-06 18:43:54,392][omni.kit.telemetry.impl.sentry_extension][INFO] - sentry is disabled for external build
[2025-07-06 18:43:54,393][omni.kit.telemetry.impl.sentry_extension][INFO] - sentry is disabled for external build
[2025-07-06 18:43:55,324][AutoNode][DEBUG] - Defining data type 'any' as 'Any'
[2025-07-06 18:43:55,324][AutoNode][DEBUG] - Defining data type 'bool' as 'Bool' and array 'BoolArray
[2025-07-06 18:43:55,324][AutoNode][DEBUG] - Defining data type 'bundle' as 'Bundle'
[2025-07-06 18:43:55,324][AutoNode][DEBUG] - Defining data type 'colord[3]' as 'Color3d' and array 'Color3dArray
[2025-07-06 18:43:55,324][AutoNode][DEBUG] - Defining data type 'colorf[3]' as 'Color3f' and array 'Color3fArray
[2025-07-06 18:43:55,324][AutoNode][DEBUG] - Defining data type 'colorh[3]' as 'Color3h' and array 'Color3hArray
[2025-07-06 18:43:55,325][AutoNode][DEBUG] - Defining data type 'colord[4]' as 'Color4d' and array 'Color4dArray
[2025-07-06 18:43:55,325][AutoNode][DEBUG] - Defining data type 'colorf[4]' as 'Color4f' and array 'Color4fArray
[2025-07-06 18:43:55,325][AutoNode][DEBUG] - Defining data type 'colorh[4]' as 'Color4h' and array 'Color4hArray
[2025-07-06 18:43:55,325][AutoNode][DEBUG] - Defining data type 'double' as 'Double' and array 'DoubleArray
[2025-07-06 18:43:55,325][AutoNode][DEBUG] - Defining data type 'double[2]' as 'Double2' and array 'Double2Array
[2025-07-06 18:43:55,325][AutoNode][DEBUG] - Defining data type 'double[3]' as 'Double3' and array 'Double3Array
[2025-07-06 18:43:55,325][AutoNode][DEBUG] - Defining data type 'double[4]' as 'Double4' and array 'Double4Array
[2025-07-06 18:43:55,325][AutoNode][DEBUG] - Defining data type 'execution' as 'Execution'
[2025-07-06 18:43:55,325][AutoNode][DEBUG] - Defining data type 'float' as 'Float' and array 'FloatArray
[2025-07-06 18:43:55,325][AutoNode][DEBUG] - Defining data type 'float[2]' as 'Float2' and array 'Float2Array
[2025-07-06 18:43:55,326][AutoNode][DEBUG] - Defining data type 'float[3]' as 'Float3' and array 'Float3Array
[2025-07-06 18:43:55,326][AutoNode][DEBUG] - Defining data type 'float[4]' as 'Float4' and array 'Float4Array
[2025-07-06 18:43:55,326][AutoNode][DEBUG] - Defining data type 'frame[4]' as 'Frame' and array 'FrameArray
[2025-07-06 18:43:55,326][AutoNode][DEBUG] - Defining data type 'half' as 'Half' and array 'HalfArray
[2025-07-06 18:43:55,326][AutoNode][DEBUG] - Defining data type 'half[2]' as 'Half2' and array 'Half2Array
[2025-07-06 18:43:55,326][AutoNode][DEBUG] - Defining data type 'half[3]' as 'Half3' and array 'Half3Array
[2025-07-06 18:43:55,326][AutoNode][DEBUG] - Defining data type 'half[4]' as 'Half4' and array 'Half4Array
[2025-07-06 18:43:55,326][AutoNode][DEBUG] - Defining data type 'int' as 'Int' and array 'IntArray
[2025-07-06 18:43:55,326][AutoNode][DEBUG] - Defining data type 'int[2]' as 'Int2' and array 'Int2Array
[2025-07-06 18:43:55,326][AutoNode][DEBUG] - Defining data type 'int[3]' as 'Int3' and array 'Int3Array
[2025-07-06 18:43:55,326][AutoNode][DEBUG] - Defining data type 'int[4]' as 'Int4' and array 'Int4Array
[2025-07-06 18:43:55,326][AutoNode][DEBUG] - Defining data type 'int64' as 'Int64' and array 'Int64Array
[2025-07-06 18:43:55,327][AutoNode][DEBUG] - Defining data type 'matrixd[2]' as 'Matrix2d' and array 'Matrix2dArray
[2025-07-06 18:43:55,327][AutoNode][DEBUG] - Defining data type 'matrixd[3]' as 'Matrix3d' and array 'Matrix3dArray
[2025-07-06 18:43:55,327][AutoNode][DEBUG] - Defining data type 'matrixd[4]' as 'Matrix4d' and array 'Matrix4dArray
[2025-07-06 18:43:55,327][AutoNode][DEBUG] - Defining data type 'normald[3]' as 'Normal3d' and array 'Normal3dArray
[2025-07-06 18:43:55,327][AutoNode][DEBUG] - Defining data type 'normalf[3]' as 'Normal3f' and array 'Normal3fArray
[2025-07-06 18:43:55,327][AutoNode][DEBUG] - Defining data type 'normalh[3]' as 'Normal3h' and array 'Normal3hArray
[2025-07-06 18:43:55,327][AutoNode][DEBUG] - Defining data type 'objectId' as 'ObjectId' and array 'ObjectIdArray
[2025-07-06 18:43:55,327][AutoNode][DEBUG] - Defining data type 'path' as 'Path'
[2025-07-06 18:43:55,327][AutoNode][DEBUG] - Defining data type 'pointd[3]' as 'Point3d' and array 'Point3dArray
[2025-07-06 18:43:55,327][AutoNode][DEBUG] - Defining data type 'pointf[3]' as 'Point3f' and array 'Point3fArray
[2025-07-06 18:43:55,327][AutoNode][DEBUG] - Defining data type 'pointh[3]' as 'Point3h' and array 'Point3hArray
[2025-07-06 18:43:55,328][AutoNode][DEBUG] - Defining data type 'quatd[4]' as 'Quatd' and array 'QuatdArray
[2025-07-06 18:43:55,328][AutoNode][DEBUG] - Defining data type 'quatf[4]' as 'Quatf' and array 'QuatfArray
[2025-07-06 18:43:55,328][AutoNode][DEBUG] - Defining data type 'quath[4]' as 'Quath' and array 'QuathArray
[2025-07-06 18:43:55,328][AutoNode][DEBUG] - Defining data type 'string' as 'String'
[2025-07-06 18:43:55,328][AutoNode][DEBUG] - Defining data type 'target' as 'Target'
[2025-07-06 18:43:55,328][AutoNode][DEBUG] - Defining data type 'texcoordd[2]' as 'TexCoord2d' and array 'TexCoord2dArray
[2025-07-06 18:43:55,328][AutoNode][DEBUG] - Defining data type 'texcoordf[2]' as 'TexCoord2f' and array 'TexCoord2fArray
[2025-07-06 18:43:55,328][AutoNode][DEBUG] - Defining data type 'texcoordh[2]' as 'TexCoord2h' and array 'TexCoord2hArray
[2025-07-06 18:43:55,328][AutoNode][DEBUG] - Defining data type 'texcoordd[3]' as 'TexCoord3d' and array 'TexCoord3dArray
[2025-07-06 18:43:55,328][AutoNode][DEBUG] - Defining data type 'texcoordf[3]' as 'TexCoord3f' and array 'TexCoord3fArray
[2025-07-06 18:43:55,328][AutoNode][DEBUG] - Defining data type 'texcoordh[3]' as 'TexCoord3h' and array 'TexCoord3hArray
[2025-07-06 18:43:55,329][AutoNode][DEBUG] - Defining data type 'timecode' as 'Timecode' and array 'TimecodeArray
[2025-07-06 18:43:55,329][AutoNode][DEBUG] - Defining data type 'token' as 'Token' and array 'TokenArray
[2025-07-06 18:43:55,329][AutoNode][DEBUG] - Defining data type 'uchar' as 'UChar' and array 'UCharArray
[2025-07-06 18:43:55,329][AutoNode][DEBUG] - Defining data type 'uint' as 'UInt' and array 'UIntArray
[2025-07-06 18:43:55,329][AutoNode][DEBUG] - Defining data type 'uint64' as 'UInt64' and array 'UInt64Array
[2025-07-06 18:43:55,329][AutoNode][DEBUG] - Defining data type 'vectord[3]' as 'Vector3d' and array 'Vector3dArray
[2025-07-06 18:43:55,329][AutoNode][DEBUG] - Defining data type 'vectorf[3]' as 'Vector3f' and array 'Vector3fArray
[2025-07-06 18:43:55,329][AutoNode][DEBUG] - Defining data type 'vectorh[3]' as 'Vector3h' and array 'Vector3hArray
[2025-07-06 18:43:58,064][omni.kit.profiler.window][WARNING] - remove _SpanInstance.__lt__ and use insort 'key' arg instead
[2025-07-06 18:44:01,491][git.cmd][DEBUG] - Popen(['git', 'rev-parse', '--show-toplevel'], cwd=/home/alesr/Repositories/Omnidrones-PEG, stdin=None, shell=False, universal_newlines=False)
[2025-07-06 18:44:01,611][urllib3.connectionpool][DEBUG] - Starting new HTTPS connection (1): api.wandb.ai:443
[2025-07-06 18:44:01,792][urllib3.connectionpool][DEBUG] - https://api.wandb.ai:443 "POST /graphql HTTP/11" 200 None
[2025-07-06 18:44:01,796][urllib3.connectionpool][DEBUG] - Starting new HTTPS connection (1): api.wandb.ai:443
[2025-07-06 18:44:01,982][urllib3.connectionpool][DEBUG] - https://api.wandb.ai:443 "POST /graphql HTTP/11" 200 None
[2025-07-06 18:44:02,002][git.cmd][DEBUG] - Popen(['git', 'cat-file', '--batch-check'], cwd=/home/alesr/Repositories/Omnidrones-PEG, stdin=<valid stream>, shell=False, universal_newlines=False)
[2025-07-06 18:44:06,199][root][INFO] - Reading pursuer's params from /home/alesr/Repositories/Omnidrones-PEG/omni_drones/robots/assets/usd/hummingbird.yaml.
[2025-07-06 18:44:06,218][root][INFO] - Reading evader's params from /home/alesr/Repositories/Omnidrones-PEG/omni_drones/robots/assets/usd/hummingbird.yaml.
[2025-07-06 18:44:12,346][root][INFO] - Default parameters:
Mass: [[0.6800000071525574]]
Inertia: [[0.007000000681728125, 0.007000000681728125, 0.011999999172985554]]
Thrust2Weight: [[0.8999204039573669, 0.8999204039573669, 0.8999204039573669, 0.8999204039573669]]
Force2Moment: [[62.499996185302734, 62.499996185302734, 62.499996185302734, 62.499996185302734]]
[2025-07-06 18:44:13,316][root][INFO] - Default parameters:
Mass: [[0.6800000071525574]]
Inertia: [[0.007000000681728125, 0.007000000681728125, 0.011999999172985554]]
Thrust2Weight: [[0.8999204039573669, 0.8999204039573669, 0.8999204039573669, 0.8999204039573669]]
Force2Moment: [[62.499996185302734, 62.499996185302734, 62.499996185302734, 62.499996185302734]]
[2025-07-06 18:44:13,356][root][INFO] - Setup randomization:
{'train': {'drag_coef': Uniform(low: 0.0, high: 0.12399999797344208),
           'force2moment': Uniform(low: torch.Size([1, 4]), high: torch.Size([1, 4])),
           'inertia': Uniform(low: torch.Size([1, 3]), high: torch.Size([1, 3])),
           'mass': Uniform(low: tensor([[0.1768]], device='cuda:0'), high: tensor([[1.1832]], device='cuda:0')),
           'thrust2weight': Uniform(low: torch.Size([1, 4]), high: torch.Size([1, 4]))}}
[2025-07-06 18:44:13,361][root][INFO] - Setup randomization:
{'train': {'drag_coef': Uniform(low: 0.0, high: 0.12399999797344208),
           'force2moment': Uniform(low: torch.Size([1, 4]), high: torch.Size([1, 4])),
           'inertia': Uniform(low: torch.Size([1, 3]), high: torch.Size([1, 3])),
           'mass': Uniform(low: tensor([[0.1768]], device='cuda:0'), high: tensor([[1.1832]], device='cuda:0')),
           'thrust2weight': Uniform(low: torch.Size([1, 4]), high: torch.Size([1, 4]))}}
[2025-07-06 18:44:14,439][root][INFO] - Eval at 8192 steps.
[2025-07-06 18:44:29,175][root][INFO] - Saved checkpoint to /home/alesr/Repositories/Omnidrones-PEG/wandb/run-20250706_184401-17z1e78b/files/checkpoint_8192.pt
[2025-07-06 18:44:29,199][urllib3.connectionpool][DEBUG] - Starting new HTTPS connection (1): api.wandb.ai:443
[2025-07-06 18:44:29,378][urllib3.connectionpool][DEBUG] - https://api.wandb.ai:443 "POST /graphql HTTP/11" 200 None
[2025-07-06 18:45:20,534][root][INFO] - Eval at 417792 steps.
[2025-07-06 18:46:28,953][root][INFO] - Eval at 827392 steps.
[2025-07-06 18:46:44,681][root][INFO] - Saved checkpoint to /home/alesr/Repositories/Omnidrones-PEG/wandb/run-20250706_184401-17z1e78b/files/checkpoint_827392.pt
[2025-07-06 18:46:44,704][urllib3.connectionpool][DEBUG] - Starting new HTTPS connection (1): api.wandb.ai:443
[2025-07-06 18:46:44,907][urllib3.connectionpool][DEBUG] - https://api.wandb.ai:443 "POST /graphql HTTP/11" 200 None
[2025-07-06 18:47:33,292][root][INFO] - Eval at 1236992 steps.
[2025-07-06 18:48:34,248][root][INFO] - Eval at 1646592 steps.
[2025-07-06 18:48:48,821][root][INFO] - Saved checkpoint to /home/alesr/Repositories/Omnidrones-PEG/wandb/run-20250706_184401-17z1e78b/files/checkpoint_1646592.pt
[2025-07-06 18:48:48,843][urllib3.connectionpool][DEBUG] - Starting new HTTPS connection (1): api.wandb.ai:443
[2025-07-06 18:48:49,050][urllib3.connectionpool][DEBUG] - https://api.wandb.ai:443 "POST /graphql HTTP/11" 200 None
[2025-07-06 18:49:35,679][root][INFO] - Eval at 2056192 steps.
[2025-07-06 18:50:35,301][root][INFO] - Eval at 2465792 steps.
[2025-07-06 18:50:49,547][root][INFO] - Saved checkpoint to /home/alesr/Repositories/Omnidrones-PEG/wandb/run-20250706_184401-17z1e78b/files/checkpoint_2465792.pt
[2025-07-06 18:50:49,570][urllib3.connectionpool][DEBUG] - Starting new HTTPS connection (1): api.wandb.ai:443
[2025-07-06 18:50:49,749][urllib3.connectionpool][DEBUG] - https://api.wandb.ai:443 "POST /graphql HTTP/11" 200 None
[2025-07-06 18:51:35,342][root][INFO] - Eval at 2875392 steps.
[2025-07-06 18:52:33,686][root][INFO] - Eval at 3284992 steps.
[2025-07-06 18:52:47,653][root][INFO] - Saved checkpoint to /home/alesr/Repositories/Omnidrones-PEG/wandb/run-20250706_184401-17z1e78b/files/checkpoint_3284992.pt
[2025-07-06 18:52:47,669][urllib3.connectionpool][DEBUG] - Starting new HTTPS connection (1): api.wandb.ai:443
[2025-07-06 18:52:47,849][urllib3.connectionpool][DEBUG] - https://api.wandb.ai:443 "POST /graphql HTTP/11" 200 None
[2025-07-06 18:53:32,521][root][INFO] - Eval at 3694592 steps.
[2025-07-06 18:54:31,478][root][INFO] - Eval at 4104192 steps.
[2025-07-06 18:54:46,068][root][INFO] - Saved checkpoint to /home/alesr/Repositories/Omnidrones-PEG/wandb/run-20250706_184401-17z1e78b/files/checkpoint_4104192.pt
[2025-07-06 18:54:46,092][urllib3.connectionpool][DEBUG] - Starting new HTTPS connection (1): api.wandb.ai:443
[2025-07-06 18:54:46,291][urllib3.connectionpool][DEBUG] - https://api.wandb.ai:443 "POST /graphql HTTP/11" 200 None
[2025-07-06 18:55:31,350][root][INFO] - Eval at 4513792 steps.
[2025-07-06 18:56:29,890][root][INFO] - Eval at 4923392 steps.
[2025-07-06 18:56:44,345][root][INFO] - Saved checkpoint to /home/alesr/Repositories/Omnidrones-PEG/wandb/run-20250706_184401-17z1e78b/files/checkpoint_4923392.pt
[2025-07-06 18:56:44,368][urllib3.connectionpool][DEBUG] - Starting new HTTPS connection (1): api.wandb.ai:443
[2025-07-06 18:56:44,548][urllib3.connectionpool][DEBUG] - https://api.wandb.ai:443 "POST /graphql HTTP/11" 200 None
[2025-07-06 18:57:29,417][root][INFO] - Eval at 5332992 steps.
[2025-07-06 18:58:27,496][root][INFO] - Eval at 5742592 steps.
[2025-07-06 18:58:41,695][root][INFO] - Saved checkpoint to /home/alesr/Repositories/Omnidrones-PEG/wandb/run-20250706_184401-17z1e78b/files/checkpoint_5742592.pt
[2025-07-06 18:58:41,718][urllib3.connectionpool][DEBUG] - Starting new HTTPS connection (1): api.wandb.ai:443
[2025-07-06 18:58:41,898][urllib3.connectionpool][DEBUG] - https://api.wandb.ai:443 "POST /graphql HTTP/11" 200 None
[2025-07-06 18:59:26,161][root][INFO] - Eval at 6152192 steps.
[2025-07-06 19:00:23,923][root][INFO] - Eval at 6561792 steps.
[2025-07-06 19:00:38,153][root][INFO] - Saved checkpoint to /home/alesr/Repositories/Omnidrones-PEG/wandb/run-20250706_184401-17z1e78b/files/checkpoint_6561792.pt
[2025-07-06 19:00:38,175][urllib3.connectionpool][DEBUG] - Starting new HTTPS connection (1): api.wandb.ai:443
[2025-07-06 19:00:38,375][urllib3.connectionpool][DEBUG] - https://api.wandb.ai:443 "POST /graphql HTTP/11" 200 None
[2025-07-06 19:01:22,463][root][INFO] - Eval at 6971392 steps.
[2025-07-06 19:02:20,197][root][INFO] - Eval at 7380992 steps.
[2025-07-06 19:02:34,337][root][INFO] - Saved checkpoint to /home/alesr/Repositories/Omnidrones-PEG/wandb/run-20250706_184401-17z1e78b/files/checkpoint_7380992.pt
[2025-07-06 19:02:34,359][urllib3.connectionpool][DEBUG] - Starting new HTTPS connection (1): api.wandb.ai:443
[2025-07-06 19:02:34,553][urllib3.connectionpool][DEBUG] - https://api.wandb.ai:443 "POST /graphql HTTP/11" 200 None
[2025-07-06 19:03:19,258][root][INFO] - Eval at 7790592 steps.
[2025-07-06 19:04:18,449][root][INFO] - Eval at 8200192 steps.
[2025-07-06 19:04:32,234][root][INFO] - Saved checkpoint to /home/alesr/Repositories/Omnidrones-PEG/wandb/run-20250706_184401-17z1e78b/files/checkpoint_8200192.pt
[2025-07-06 19:04:32,256][urllib3.connectionpool][DEBUG] - Starting new HTTPS connection (1): api.wandb.ai:443
[2025-07-06 19:04:32,435][urllib3.connectionpool][DEBUG] - https://api.wandb.ai:443 "POST /graphql HTTP/11" 200 None
[2025-07-06 19:05:17,911][root][INFO] - Eval at 8609792 steps.
[2025-07-06 19:05:32,296][root][INFO] - Saved best checkpoint to /home/alesr/Repositories/Omnidrones-PEG/wandb/run-20250706_184401-17z1e78b/files/checkpoint_best.pt
[2025-07-06 19:05:32,319][urllib3.connectionpool][DEBUG] - Starting new HTTPS connection (1): api.wandb.ai:443
[2025-07-06 19:05:32,499][urllib3.connectionpool][DEBUG] - https://api.wandb.ai:443 "POST /graphql HTTP/11" 200 None
[2025-07-06 19:06:17,203][root][INFO] - Eval at 9019392 steps.
[2025-07-06 19:06:31,286][root][INFO] - Saved checkpoint to /home/alesr/Repositories/Omnidrones-PEG/wandb/run-20250706_184401-17z1e78b/files/checkpoint_9019392.pt
[2025-07-06 19:06:31,308][urllib3.connectionpool][DEBUG] - Starting new HTTPS connection (1): api.wandb.ai:443
[2025-07-06 19:06:31,488][urllib3.connectionpool][DEBUG] - https://api.wandb.ai:443 "POST /graphql HTTP/11" 200 None
[2025-07-06 19:07:15,889][root][INFO] - Eval at 9428992 steps.
[2025-07-06 19:08:14,649][root][INFO] - Eval at 9838592 steps.
[2025-07-06 19:08:29,152][root][INFO] - Saved checkpoint to /home/alesr/Repositories/Omnidrones-PEG/wandb/run-20250706_184401-17z1e78b/files/checkpoint_9838592.pt
[2025-07-06 19:08:29,174][urllib3.connectionpool][DEBUG] - Starting new HTTPS connection (1): api.wandb.ai:443
[2025-07-06 19:08:29,399][urllib3.connectionpool][DEBUG] - https://api.wandb.ai:443 "POST /graphql HTTP/11" 200 None
[2025-07-06 19:09:14,086][root][INFO] - Eval at 10248192 steps.
[2025-07-06 19:10:13,438][root][INFO] - Eval at 10657792 steps.
[2025-07-06 19:10:27,362][root][INFO] - Saved checkpoint to /home/alesr/Repositories/Omnidrones-PEG/wandb/run-20250706_184401-17z1e78b/files/checkpoint_10657792.pt
[2025-07-06 19:10:27,384][urllib3.connectionpool][DEBUG] - Starting new HTTPS connection (1): api.wandb.ai:443
[2025-07-06 19:10:27,560][urllib3.connectionpool][DEBUG] - https://api.wandb.ai:443 "POST /graphql HTTP/11" 200 None
[2025-07-06 19:11:12,449][root][INFO] - Eval at 11067392 steps.
[2025-07-06 19:12:11,383][root][INFO] - Eval at 11476992 steps.
[2025-07-06 19:12:24,984][root][INFO] - Saved checkpoint to /home/alesr/Repositories/Omnidrones-PEG/wandb/run-20250706_184401-17z1e78b/files/checkpoint_11476992.pt
[2025-07-06 19:12:25,007][urllib3.connectionpool][DEBUG] - Starting new HTTPS connection (1): api.wandb.ai:443
[2025-07-06 19:12:25,215][urllib3.connectionpool][DEBUG] - https://api.wandb.ai:443 "POST /graphql HTTP/11" 200 None
[2025-07-06 19:13:09,722][root][INFO] - Eval at 11886592 steps.
[2025-07-06 19:14:08,448][root][INFO] - Eval at 12296192 steps.
[2025-07-06 19:14:22,474][root][INFO] - Saved checkpoint to /home/alesr/Repositories/Omnidrones-PEG/wandb/run-20250706_184401-17z1e78b/files/checkpoint_12296192.pt
[2025-07-06 19:14:22,496][urllib3.connectionpool][DEBUG] - Starting new HTTPS connection (1): api.wandb.ai:443
[2025-07-06 19:14:22,673][urllib3.connectionpool][DEBUG] - https://api.wandb.ai:443 "POST /graphql HTTP/11" 200 None
[2025-07-06 19:15:05,997][root][INFO] - Eval at 12705792 steps.
[2025-07-06 19:16:03,864][root][INFO] - Eval at 13115392 steps.
[2025-07-06 19:16:17,224][root][INFO] - Saved checkpoint to /home/alesr/Repositories/Omnidrones-PEG/wandb/run-20250706_184401-17z1e78b/files/checkpoint_13115392.pt
[2025-07-06 19:16:17,246][urllib3.connectionpool][DEBUG] - Starting new HTTPS connection (1): api.wandb.ai:443
[2025-07-06 19:16:17,428][urllib3.connectionpool][DEBUG] - https://api.wandb.ai:443 "POST /graphql HTTP/11" 200 None
[2025-07-06 19:17:01,372][root][INFO] - Eval at 13524992 steps.
[2025-07-06 19:17:58,807][root][INFO] - Eval at 13934592 steps.
[2025-07-06 19:18:13,195][root][INFO] - Saved checkpoint to /home/alesr/Repositories/Omnidrones-PEG/wandb/run-20250706_184401-17z1e78b/files/checkpoint_13934592.pt
[2025-07-06 19:18:13,218][urllib3.connectionpool][DEBUG] - Starting new HTTPS connection (1): api.wandb.ai:443
[2025-07-06 19:18:13,420][urllib3.connectionpool][DEBUG] - https://api.wandb.ai:443 "POST /graphql HTTP/11" 200 None
[2025-07-06 19:18:57,792][root][INFO] - Eval at 14344192 steps.
[2025-07-06 19:19:55,864][root][INFO] - Eval at 14753792 steps.
[2025-07-06 19:20:10,105][root][INFO] - Saved checkpoint to /home/alesr/Repositories/Omnidrones-PEG/wandb/run-20250706_184401-17z1e78b/files/checkpoint_14753792.pt
[2025-07-06 19:20:10,128][urllib3.connectionpool][DEBUG] - Starting new HTTPS connection (1): api.wandb.ai:443
[2025-07-06 19:20:10,321][urllib3.connectionpool][DEBUG] - https://api.wandb.ai:443 "POST /graphql HTTP/11" 200 None
[2025-07-06 19:20:53,930][root][INFO] - Eval at 15163392 steps.
[2025-07-06 19:21:51,139][root][INFO] - Eval at 15572992 steps.
[2025-07-06 19:22:04,715][root][INFO] - Saved checkpoint to /home/alesr/Repositories/Omnidrones-PEG/wandb/run-20250706_184401-17z1e78b/files/checkpoint_15572992.pt
[2025-07-06 19:22:04,736][urllib3.connectionpool][DEBUG] - Starting new HTTPS connection (1): api.wandb.ai:443
[2025-07-06 19:22:04,938][urllib3.connectionpool][DEBUG] - https://api.wandb.ai:443 "POST /graphql HTTP/11" 200 None
[2025-07-06 19:22:48,388][root][INFO] - Eval at 15982592 steps.
[2025-07-06 19:23:44,934][root][INFO] - Eval at 16392192 steps.
[2025-07-06 19:23:58,629][root][INFO] - Saved checkpoint to /home/alesr/Repositories/Omnidrones-PEG/wandb/run-20250706_184401-17z1e78b/files/checkpoint_16392192.pt
[2025-07-06 19:23:58,643][urllib3.connectionpool][DEBUG] - Starting new HTTPS connection (1): api.wandb.ai:443
[2025-07-06 19:23:58,824][urllib3.connectionpool][DEBUG] - https://api.wandb.ai:443 "POST /graphql HTTP/11" 200 None
[2025-07-06 19:24:42,317][root][INFO] - Eval at 16801792 steps.
[2025-07-06 19:25:40,171][root][INFO] - Eval at 17211392 steps.
[2025-07-06 19:25:53,959][root][INFO] - Saved checkpoint to /home/alesr/Repositories/Omnidrones-PEG/wandb/run-20250706_184401-17z1e78b/files/checkpoint_17211392.pt
[2025-07-06 19:25:53,981][urllib3.connectionpool][DEBUG] - Starting new HTTPS connection (1): api.wandb.ai:443
[2025-07-06 19:25:54,180][urllib3.connectionpool][DEBUG] - https://api.wandb.ai:443 "POST /graphql HTTP/11" 200 None
[2025-07-06 19:26:37,253][root][INFO] - Eval at 17620992 steps.
[2025-07-06 19:26:51,360][root][INFO] - Saved best checkpoint to /home/alesr/Repositories/Omnidrones-PEG/wandb/run-20250706_184401-17z1e78b/files/checkpoint_best.pt
[2025-07-06 19:26:51,376][urllib3.connectionpool][DEBUG] - Starting new HTTPS connection (1): api.wandb.ai:443
[2025-07-06 19:26:51,580][urllib3.connectionpool][DEBUG] - https://api.wandb.ai:443 "POST /graphql HTTP/11" 200 None
[2025-07-06 19:27:35,095][root][INFO] - Eval at 18030592 steps.
[2025-07-06 19:27:49,083][root][INFO] - Saved checkpoint to /home/alesr/Repositories/Omnidrones-PEG/wandb/run-20250706_184401-17z1e78b/files/checkpoint_18030592.pt
[2025-07-06 19:27:49,106][urllib3.connectionpool][DEBUG] - Starting new HTTPS connection (1): api.wandb.ai:443
[2025-07-06 19:27:49,301][urllib3.connectionpool][DEBUG] - https://api.wandb.ai:443 "POST /graphql HTTP/11" 200 None
[2025-07-06 19:28:33,603][root][INFO] - Eval at 18440192 steps.
[2025-07-06 19:29:30,107][root][INFO] - Eval at 18849792 steps.
[2025-07-06 19:29:43,800][root][INFO] - Saved checkpoint to /home/alesr/Repositories/Omnidrones-PEG/wandb/run-20250706_184401-17z1e78b/files/checkpoint_18849792.pt
[2025-07-06 19:29:43,822][urllib3.connectionpool][DEBUG] - Starting new HTTPS connection (1): api.wandb.ai:443
[2025-07-06 19:29:44,019][urllib3.connectionpool][DEBUG] - https://api.wandb.ai:443 "POST /graphql HTTP/11" 200 None
[2025-07-06 19:30:27,561][root][INFO] - Eval at 19259392 steps.
[2025-07-06 19:30:40,870][root][INFO] - Saved best checkpoint to /home/alesr/Repositories/Omnidrones-PEG/wandb/run-20250706_184401-17z1e78b/files/checkpoint_best.pt
[2025-07-06 19:30:40,888][urllib3.connectionpool][DEBUG] - Starting new HTTPS connection (1): api.wandb.ai:443
[2025-07-06 19:30:41,071][urllib3.connectionpool][DEBUG] - https://api.wandb.ai:443 "POST /graphql HTTP/11" 200 None
[2025-07-06 19:31:24,364][root][INFO] - Eval at 19668992 steps.
[2025-07-06 19:31:37,509][root][INFO] - Saved checkpoint to /home/alesr/Repositories/Omnidrones-PEG/wandb/run-20250706_184401-17z1e78b/files/checkpoint_19668992.pt
[2025-07-06 19:31:37,531][urllib3.connectionpool][DEBUG] - Starting new HTTPS connection (1): api.wandb.ai:443
[2025-07-06 19:31:37,724][urllib3.connectionpool][DEBUG] - https://api.wandb.ai:443 "POST /graphql HTTP/11" 200 None
[2025-07-06 19:32:13,366][root][INFO] - Final Eval at 19996672 steps.
[2025-07-06 19:32:26,531][urllib3.connectionpool][DEBUG] - Starting new HTTPS connection (1): api.wandb.ai:443
[2025-07-06 19:32:26,736][urllib3.connectionpool][DEBUG] - https://api.wandb.ai:443 "POST /graphql HTTP/11" 200 None
[2025-07-06 19:32:26,742][root][INFO] - Saved checkpoint to /home/alesr/Repositories/Omnidrones-PEG/wandb/run-20250706_184401-17z1e78b/files/checkpoint_final.pt
