[2025-07-08 14:43:43,107][asyncio][DEBUG] - Using selector: EpollSelector
[2025-07-08 14:43:43,973][omni.kit.telemetry.impl.sentry_extension][INFO] - sentry is disabled for external build
[2025-07-08 14:43:43,973][omni.kit.telemetry.impl.sentry_extension][INFO] - sentry is disabled for external build
[2025-07-08 14:43:44,959][AutoNode][DEBUG] - Defining data type 'any' as 'Any'
[2025-07-08 14:43:44,960][AutoNode][DEBUG] - Defining data type 'bool' as 'Bool' and array 'BoolArray
[2025-07-08 14:43:44,960][AutoNode][DEBUG] - Defining data type 'bundle' as 'Bundle'
[2025-07-08 14:43:44,960][AutoNode][DEBUG] - Defining data type 'colord[3]' as 'Color3d' and array 'Color3dArray
[2025-07-08 14:43:44,960][AutoNode][DEBUG] - Defining data type 'colorf[3]' as 'Color3f' and array 'Color3fArray
[2025-07-08 14:43:44,960][AutoNode][DEBUG] - Defining data type 'colorh[3]' as 'Color3h' and array 'Color3hArray
[2025-07-08 14:43:44,960][AutoNode][DEBUG] - Defining data type 'colord[4]' as 'Color4d' and array 'Color4dArray
[2025-07-08 14:43:44,960][AutoNode][DEBUG] - Defining data type 'colorf[4]' as 'Color4f' and array 'Color4fArray
[2025-07-08 14:43:44,960][AutoNode][DEBUG] - Defining data type 'colorh[4]' as 'Color4h' and array 'Color4hArray
[2025-07-08 14:43:44,960][AutoNode][DEBUG] - Defining data type 'double' as 'Double' and array 'DoubleArray
[2025-07-08 14:43:44,960][AutoNode][DEBUG] - Defining data type 'double[2]' as 'Double2' and array 'Double2Array
[2025-07-08 14:43:44,960][AutoNode][DEBUG] - Defining data type 'double[3]' as 'Double3' and array 'Double3Array
[2025-07-08 14:43:44,960][AutoNode][DEBUG] - Defining data type 'double[4]' as 'Double4' and array 'Double4Array
[2025-07-08 14:43:44,960][AutoNode][DEBUG] - Defining data type 'execution' as 'Execution'
[2025-07-08 14:43:44,960][AutoNode][DEBUG] - Defining data type 'float' as 'Float' and array 'FloatArray
[2025-07-08 14:43:44,960][AutoNode][DEBUG] - Defining data type 'float[2]' as 'Float2' and array 'Float2Array
[2025-07-08 14:43:44,960][AutoNode][DEBUG] - Defining data type 'float[3]' as 'Float3' and array 'Float3Array
[2025-07-08 14:43:44,960][AutoNode][DEBUG] - Defining data type 'float[4]' as 'Float4' and array 'Float4Array
[2025-07-08 14:43:44,961][AutoNode][DEBUG] - Defining data type 'frame[4]' as 'Frame' and array 'FrameArray
[2025-07-08 14:43:44,961][AutoNode][DEBUG] - Defining data type 'half' as 'Half' and array 'HalfArray
[2025-07-08 14:43:44,961][AutoNode][DEBUG] - Defining data type 'half[2]' as 'Half2' and array 'Half2Array
[2025-07-08 14:43:44,961][AutoNode][DEBUG] - Defining data type 'half[3]' as 'Half3' and array 'Half3Array
[2025-07-08 14:43:44,961][AutoNode][DEBUG] - Defining data type 'half[4]' as 'Half4' and array 'Half4Array
[2025-07-08 14:43:44,961][AutoNode][DEBUG] - Defining data type 'int' as 'Int' and array 'IntArray
[2025-07-08 14:43:44,961][AutoNode][DEBUG] - Defining data type 'int[2]' as 'Int2' and array 'Int2Array
[2025-07-08 14:43:44,961][AutoNode][DEBUG] - Defining data type 'int[3]' as 'Int3' and array 'Int3Array
[2025-07-08 14:43:44,961][AutoNode][DEBUG] - Defining data type 'int[4]' as 'Int4' and array 'Int4Array
[2025-07-08 14:43:44,961][AutoNode][DEBUG] - Defining data type 'int64' as 'Int64' and array 'Int64Array
[2025-07-08 14:43:44,961][AutoNode][DEBUG] - Defining data type 'matrixd[2]' as 'Matrix2d' and array 'Matrix2dArray
[2025-07-08 14:43:44,961][AutoNode][DEBUG] - Defining data type 'matrixd[3]' as 'Matrix3d' and array 'Matrix3dArray
[2025-07-08 14:43:44,961][AutoNode][DEBUG] - Defining data type 'matrixd[4]' as 'Matrix4d' and array 'Matrix4dArray
[2025-07-08 14:43:44,961][AutoNode][DEBUG] - Defining data type 'normald[3]' as 'Normal3d' and array 'Normal3dArray
[2025-07-08 14:43:44,961][AutoNode][DEBUG] - Defining data type 'normalf[3]' as 'Normal3f' and array 'Normal3fArray
[2025-07-08 14:43:44,961][AutoNode][DEBUG] - Defining data type 'normalh[3]' as 'Normal3h' and array 'Normal3hArray
[2025-07-08 14:43:44,961][AutoNode][DEBUG] - Defining data type 'objectId' as 'ObjectId' and array 'ObjectIdArray
[2025-07-08 14:43:44,961][AutoNode][DEBUG] - Defining data type 'path' as 'Path'
[2025-07-08 14:43:44,961][AutoNode][DEBUG] - Defining data type 'pointd[3]' as 'Point3d' and array 'Point3dArray
[2025-07-08 14:43:44,962][AutoNode][DEBUG] - Defining data type 'pointf[3]' as 'Point3f' and array 'Point3fArray
[2025-07-08 14:43:44,962][AutoNode][DEBUG] - Defining data type 'pointh[3]' as 'Point3h' and array 'Point3hArray
[2025-07-08 14:43:44,962][AutoNode][DEBUG] - Defining data type 'quatd[4]' as 'Quatd' and array 'QuatdArray
[2025-07-08 14:43:44,962][AutoNode][DEBUG] - Defining data type 'quatf[4]' as 'Quatf' and array 'QuatfArray
[2025-07-08 14:43:44,962][AutoNode][DEBUG] - Defining data type 'quath[4]' as 'Quath' and array 'QuathArray
[2025-07-08 14:43:44,962][AutoNode][DEBUG] - Defining data type 'string' as 'String'
[2025-07-08 14:43:44,962][AutoNode][DEBUG] - Defining data type 'target' as 'Target'
[2025-07-08 14:43:44,962][AutoNode][DEBUG] - Defining data type 'texcoordd[2]' as 'TexCoord2d' and array 'TexCoord2dArray
[2025-07-08 14:43:44,962][AutoNode][DEBUG] - Defining data type 'texcoordf[2]' as 'TexCoord2f' and array 'TexCoord2fArray
[2025-07-08 14:43:44,962][AutoNode][DEBUG] - Defining data type 'texcoordh[2]' as 'TexCoord2h' and array 'TexCoord2hArray
[2025-07-08 14:43:44,962][AutoNode][DEBUG] - Defining data type 'texcoordd[3]' as 'TexCoord3d' and array 'TexCoord3dArray
[2025-07-08 14:43:44,962][AutoNode][DEBUG] - Defining data type 'texcoordf[3]' as 'TexCoord3f' and array 'TexCoord3fArray
[2025-07-08 14:43:44,962][AutoNode][DEBUG] - Defining data type 'texcoordh[3]' as 'TexCoord3h' and array 'TexCoord3hArray
[2025-07-08 14:43:44,962][AutoNode][DEBUG] - Defining data type 'timecode' as 'Timecode' and array 'TimecodeArray
[2025-07-08 14:43:44,962][AutoNode][DEBUG] - Defining data type 'token' as 'Token' and array 'TokenArray
[2025-07-08 14:43:44,962][AutoNode][DEBUG] - Defining data type 'uchar' as 'UChar' and array 'UCharArray
[2025-07-08 14:43:44,962][AutoNode][DEBUG] - Defining data type 'uint' as 'UInt' and array 'UIntArray
[2025-07-08 14:43:44,962][AutoNode][DEBUG] - Defining data type 'uint64' as 'UInt64' and array 'UInt64Array
[2025-07-08 14:43:44,962][AutoNode][DEBUG] - Defining data type 'vectord[3]' as 'Vector3d' and array 'Vector3dArray
[2025-07-08 14:43:44,963][AutoNode][DEBUG] - Defining data type 'vectorf[3]' as 'Vector3f' and array 'Vector3fArray
[2025-07-08 14:43:44,963][AutoNode][DEBUG] - Defining data type 'vectorh[3]' as 'Vector3h' and array 'Vector3hArray
[2025-07-08 14:43:48,312][omni.kit.profiler.window][WARNING] - remove _SpanInstance.__lt__ and use insort 'key' arg instead
[2025-07-08 14:43:52,355][git.cmd][DEBUG] - Popen(['git', 'rev-parse', '--show-toplevel'], cwd=/home/alesr/Repositories/Omnidrones-PEG, stdin=None, shell=False, universal_newlines=False)
[2025-07-08 14:43:52,505][urllib3.connectionpool][DEBUG] - Starting new HTTPS connection (1): api.wandb.ai:443
[2025-07-08 14:43:52,678][urllib3.connectionpool][DEBUG] - https://api.wandb.ai:443 "POST /graphql HTTP/11" 200 None
[2025-07-08 14:43:52,682][urllib3.connectionpool][DEBUG] - Starting new HTTPS connection (1): api.wandb.ai:443
[2025-07-08 14:43:52,884][urllib3.connectionpool][DEBUG] - https://api.wandb.ai:443 "POST /graphql HTTP/11" 200 None
[2025-07-08 14:43:52,901][git.cmd][DEBUG] - Popen(['git', 'cat-file', '--batch-check'], cwd=/home/alesr/Repositories/Omnidrones-PEG, stdin=<valid stream>, shell=False, universal_newlines=False)
[2025-07-08 14:43:57,591][root][INFO] - Reading pursuer's params from /home/alesr/Repositories/Omnidrones-PEG/omni_drones/robots/assets/usd/hummingbird.yaml.
[2025-07-08 14:43:57,609][root][INFO] - Reading evader's params from /home/alesr/Repositories/Omnidrones-PEG/omni_drones/robots/assets/usd/hummingbird.yaml.
[2025-07-08 14:44:04,579][root][INFO] - Default parameters:
Mass: [[0.6800000071525574]]
Inertia: [[0.007000000681728125, 0.007000000681728125, 0.011999999172985554]]
Thrust2Weight: [[0.8999204039573669, 0.8999204039573669, 0.8999204039573669, 0.8999204039573669]]
Force2Moment: [[62.499996185302734, 62.499996185302734, 62.499996185302734, 62.499996185302734]]
[2025-07-08 14:44:05,761][root][INFO] - Default parameters:
Mass: [[0.6800000071525574]]
Inertia: [[0.007000000681728125, 0.007000000681728125, 0.011999999172985554]]
Thrust2Weight: [[0.8999204039573669, 0.8999204039573669, 0.8999204039573669, 0.8999204039573669]]
Force2Moment: [[62.499996185302734, 62.499996185302734, 62.499996185302734, 62.499996185302734]]
[2025-07-08 14:44:05,906][urllib3.connectionpool][DEBUG] - Starting new HTTPS connection (1): api.wandb.ai:443
[2025-07-08 14:44:06,105][urllib3.connectionpool][DEBUG] - https://api.wandb.ai:443 "POST /graphql HTTP/11" 200 None
[2025-07-08 14:44:06,114][urllib3.connectionpool][DEBUG] - Starting new HTTPS connection (1): api.wandb.ai:443
[2025-07-08 14:44:06,289][urllib3.connectionpool][DEBUG] - https://api.wandb.ai:443 "POST /graphql HTTP/11" 200 None
[2025-07-08 14:44:06,293][urllib3.connectionpool][DEBUG] - Starting new HTTPS connection (1): api.wandb.ai:443
[2025-07-08 14:44:06,523][urllib3.connectionpool][DEBUG] - https://api.wandb.ai:443 "POST /graphql HTTP/11" 200 None
[2025-07-08 14:44:06,527][urllib3.connectionpool][DEBUG] - Starting new HTTPS connection (1): api.wandb.ai:443
[2025-07-08 14:44:06,739][urllib3.connectionpool][DEBUG] - https://api.wandb.ai:443 "POST /graphql HTTP/11" 200 None
[2025-07-08 14:44:06,743][urllib3.connectionpool][DEBUG] - Starting new HTTPS connection (1): storage.googleapis.com:443
[2025-07-08 14:44:06,941][urllib3.connectionpool][DEBUG] - https://storage.googleapis.com:443 "GET /wandb-production.appspot.com/alesr_kth/PEG/2au9bit1/artifact/1865462638/wandb_manifest.json?X-Goog-Algorithm=GOOG4-RSA-SHA256&X-Goog-Credential=gorilla-files-url-signer-man%40wandb-production.iam.gserviceaccount.com%2F20250708%2Fauto%2Fstorage%2Fgoog4_request&X-Goog-Date=20250708T124406Z&X-Goog-Expires=3599&X-Goog-Signature=7fd7e701cb41f88ee85bd54014d7edaa62abec6908e8d90274f325d403ebcdd9a342a30c5712ded84c668462bac391191d7f40abcf8af741346107c5c1f0edfef45665d9929bf85c3bf3d0b58fb69f64ad13dea5f7fa8502ca8e70e7d289e1766596690f52ca47471b9d5c4f31576188b008114c1160deab2737c49cca5aaf21eb532754a519e5acb3ed3dfb6012cbc8f1878593aec61ab2da4a444310d955cb4aac661d1d8458a9943e2d8ae45b2119e9c8a01a5f36992f906326e9f4a15b20e80d222ab318f95078a7896ebcf85ac464173b5c0e66793507d595fe00c5e32c41da42a441716fd5f99da0ff61833257d95710f5e6e68c9b973236212e685eaa&X-Goog-SignedHeaders=host&X-User=alesr HTTP/11" 200 343
[2025-07-08 14:44:06,973][urllib3.connectionpool][DEBUG] - Starting new HTTPS connection (1): api.wandb.ai:443
[2025-07-08 14:44:07,185][urllib3.connectionpool][DEBUG] - https://api.wandb.ai:443 "GET /artifactsV2/default/alesr_kth/QXJ0aWZhY3Q6MTg2NTQ2MjYzOA%3D%3D/d5b8c6443c1539a17264050a255d1398 HTTP/11" 307 None
[2025-07-08 14:44:07,188][urllib3.connectionpool][DEBUG] - Starting new HTTPS connection (1): storage.googleapis.com:443
[2025-07-08 14:44:07,455][urllib3.connectionpool][DEBUG] - https://storage.googleapis.com:443 "GET /wandb-artifacts-prod/wandb_artifacts/681716695/1865462638/d5b8c6443c1539a17264050a255d1398?X-Goog-Algorithm=GOOG4-RSA-SHA256&X-Goog-Credential=gorilla-files-url-signer-man%40wandb-production.iam.gserviceaccount.com%2F20250708%2Fauto%2Fstorage%2Fgoog4_request&X-Goog-Date=20250708T124407Z&X-Goog-Expires=3599&X-Goog-Signature=7f5a992c896dbfffafcdd9dd882872ab2b69617089651e919ada9f1944bf3556f59c81b4a2cb14052c743a3cb622fce4f250a4f91b62af92cd0037a35d99488c583fe32f2b63062493d77edee6fd8dffa6dc6ac0979c6fece5686b67c824ecb97a684a47abd482efcbffeeb8f12a3a37b470b9095d23a6f9426a2ddc8300105945ec08b27777aaa538ad320e1228c00c5c026b2ea14525bc6d22d47019c09beea916d574ac951e791afd90fd1a09d666644cb96a78a29793f0f2872ea396195b03988e86b138bc74082e052ccf6c72ce60438b5708ec799646cb7bc85d5353e9e57ee6204845a1586aa0805295d87d013b60af569a86bad6be192166aa3c9ac8&X-Goog-SignedHeaders=host&X-User=alesr&response-content-disposition=attachment HTTP/11" 200 1160454
[2025-07-08 14:44:08,376][urllib3.connectionpool][DEBUG] - Starting new HTTPS connection (1): api.wandb.ai:443
[2025-07-08 14:44:08,580][urllib3.connectionpool][DEBUG] - https://api.wandb.ai:443 "POST /graphql HTTP/11" 200 None
[2025-07-08 14:44:08,584][urllib3.connectionpool][DEBUG] - Starting new HTTPS connection (1): api.wandb.ai:443
[2025-07-08 14:44:08,755][urllib3.connectionpool][DEBUG] - https://api.wandb.ai:443 "POST /graphql HTTP/11" 200 None
[2025-07-08 14:44:08,759][urllib3.connectionpool][DEBUG] - Starting new HTTPS connection (1): api.wandb.ai:443
[2025-07-08 14:44:09,015][urllib3.connectionpool][DEBUG] - https://api.wandb.ai:443 "POST /graphql HTTP/11" 200 None
[2025-07-08 14:44:09,021][urllib3.connectionpool][DEBUG] - Starting new HTTPS connection (1): api.wandb.ai:443
[2025-07-08 14:44:09,209][urllib3.connectionpool][DEBUG] - https://api.wandb.ai:443 "POST /graphql HTTP/11" 200 None
[2025-07-08 14:44:09,214][urllib3.connectionpool][DEBUG] - Starting new HTTPS connection (1): storage.googleapis.com:443
[2025-07-08 14:44:09,412][urllib3.connectionpool][DEBUG] - https://storage.googleapis.com:443 "GET /wandb-production.appspot.com/alesr_kth/PEG/cd255sek/artifact/1865574617/wandb_manifest.json?X-Goog-Algorithm=GOOG4-RSA-SHA256&X-Goog-Credential=gorilla-files-url-signer-man%40wandb-production.iam.gserviceaccount.com%2F20250708%2Fauto%2Fstorage%2Fgoog4_request&X-Goog-Date=20250708T124409Z&X-Goog-Expires=3599&X-Goog-Signature=91b21dd7d43748cc8426ca6818d7add498b8562ba25c6bea9bb69650862d5d4a2262a6d5a5e2825a7718275bdc2caf3ddb0b747e64c6aa7bf603791339156f441eb1d97e8283b352fdc3b3c839bfef7a237cd53666689ab32298ad152cdcf73fdb461b6262c3b98f7bff8d09efed8f84ae9414bf2c1120e6915a24d2ed5b4c2bd4e15d4ed9e319a7e674740fef5aba925f473521da03bc70c92cf876c5cead4abcfbc3f98f15d8bd03bfa0ef6cdac22679b4489d5b6846c2db739c4a304380d4a37a855cad4e5a722374180087c6a03479346626089fbf89ba7c8b2b68c68182edac2d4bef2c24b843bdba19131cade37ddd26f7e1b53d8610ba8122387455d8&X-Goog-SignedHeaders=host&X-User=alesr HTTP/11" 200 343
[2025-07-08 14:44:10,942][root][INFO] - Eval at 8192 steps.
[2025-07-08 14:44:35,691][matplotlib.pyplot][DEBUG] - Loaded backend tkagg version 8.6.
