[2025-05-29 18:56:33,164][asyncio][DEBUG] - Using selector: EpollSelector
[2025-05-29 18:56:33,887][omni.kit.telemetry.impl.sentry_extension][INFO] - sentry is disabled for external build
[2025-05-29 18:56:33,888][omni.kit.telemetry.impl.sentry_extension][INFO] - sentry is disabled for external build
[2025-05-29 18:56:35,011][AutoNode][DEBUG] - Defining data type 'any' as 'Any'
[2025-05-29 18:56:35,012][AutoNode][DEBUG] - Defining data type 'bool' as 'Bool' and array 'BoolArray
[2025-05-29 18:56:35,012][AutoNode][DEBUG] - Defining data type 'bundle' as 'Bundle'
[2025-05-29 18:56:35,012][AutoNode][DEBUG] - Defining data type 'colord[3]' as 'Color3d' and array 'Color3dArray
[2025-05-29 18:56:35,012][AutoNode][DEBUG] - Defining data type 'colorf[3]' as 'Color3f' and array 'Color3fArray
[2025-05-29 18:56:35,012][AutoNode][DEBUG] - Defining data type 'colorh[3]' as 'Color3h' and array 'Color3hArray
[2025-05-29 18:56:35,013][AutoNode][DEBUG] - Defining data type 'colord[4]' as 'Color4d' and array 'Color4dArray
[2025-05-29 18:56:35,013][AutoNode][DEBUG] - Defining data type 'colorf[4]' as 'Color4f' and array 'Color4fArray
[2025-05-29 18:56:35,013][AutoNode][DEBUG] - Defining data type 'colorh[4]' as 'Color4h' and array 'Color4hArray
[2025-05-29 18:56:35,013][AutoNode][DEBUG] - Defining data type 'double' as 'Double' and array 'DoubleArray
[2025-05-29 18:56:35,013][AutoNode][DEBUG] - Defining data type 'double[2]' as 'Double2' and array 'Double2Array
[2025-05-29 18:56:35,014][AutoNode][DEBUG] - Defining data type 'double[3]' as 'Double3' and array 'Double3Array
[2025-05-29 18:56:35,014][AutoNode][DEBUG] - Defining data type 'double[4]' as 'Double4' and array 'Double4Array
[2025-05-29 18:56:35,014][AutoNode][DEBUG] - Defining data type 'execution' as 'Execution'
[2025-05-29 18:56:35,014][AutoNode][DEBUG] - Defining data type 'float' as 'Float' and array 'FloatArray
[2025-05-29 18:56:35,014][AutoNode][DEBUG] - Defining data type 'float[2]' as 'Float2' and array 'Float2Array
[2025-05-29 18:56:35,015][AutoNode][DEBUG] - Defining data type 'float[3]' as 'Float3' and array 'Float3Array
[2025-05-29 18:56:35,015][AutoNode][DEBUG] - Defining data type 'float[4]' as 'Float4' and array 'Float4Array
[2025-05-29 18:56:35,015][AutoNode][DEBUG] - Defining data type 'frame[4]' as 'Frame' and array 'FrameArray
[2025-05-29 18:56:35,015][AutoNode][DEBUG] - Defining data type 'half' as 'Half' and array 'HalfArray
[2025-05-29 18:56:35,015][AutoNode][DEBUG] - Defining data type 'half[2]' as 'Half2' and array 'Half2Array
[2025-05-29 18:56:35,016][AutoNode][DEBUG] - Defining data type 'half[3]' as 'Half3' and array 'Half3Array
[2025-05-29 18:56:35,016][AutoNode][DEBUG] - Defining data type 'half[4]' as 'Half4' and array 'Half4Array
[2025-05-29 18:56:35,016][AutoNode][DEBUG] - Defining data type 'int' as 'Int' and array 'IntArray
[2025-05-29 18:56:35,016][AutoNode][DEBUG] - Defining data type 'int[2]' as 'Int2' and array 'Int2Array
[2025-05-29 18:56:35,017][AutoNode][DEBUG] - Defining data type 'int[3]' as 'Int3' and array 'Int3Array
[2025-05-29 18:56:35,017][AutoNode][DEBUG] - Defining data type 'int[4]' as 'Int4' and array 'Int4Array
[2025-05-29 18:56:35,017][AutoNode][DEBUG] - Defining data type 'int64' as 'Int64' and array 'Int64Array
[2025-05-29 18:56:35,017][AutoNode][DEBUG] - Defining data type 'matrixd[2]' as 'Matrix2d' and array 'Matrix2dArray
[2025-05-29 18:56:35,017][AutoNode][DEBUG] - Defining data type 'matrixd[3]' as 'Matrix3d' and array 'Matrix3dArray
[2025-05-29 18:56:35,017][AutoNode][DEBUG] - Defining data type 'matrixd[4]' as 'Matrix4d' and array 'Matrix4dArray
[2025-05-29 18:56:35,018][AutoNode][DEBUG] - Defining data type 'normald[3]' as 'Normal3d' and array 'Normal3dArray
[2025-05-29 18:56:35,018][AutoNode][DEBUG] - Defining data type 'normalf[3]' as 'Normal3f' and array 'Normal3fArray
[2025-05-29 18:56:35,018][AutoNode][DEBUG] - Defining data type 'normalh[3]' as 'Normal3h' and array 'Normal3hArray
[2025-05-29 18:56:35,018][AutoNode][DEBUG] - Defining data type 'objectId' as 'ObjectId' and array 'ObjectIdArray
[2025-05-29 18:56:35,018][AutoNode][DEBUG] - Defining data type 'path' as 'Path'
[2025-05-29 18:56:35,018][AutoNode][DEBUG] - Defining data type 'pointd[3]' as 'Point3d' and array 'Point3dArray
[2025-05-29 18:56:35,018][AutoNode][DEBUG] - Defining data type 'pointf[3]' as 'Point3f' and array 'Point3fArray
[2025-05-29 18:56:35,019][AutoNode][DEBUG] - Defining data type 'pointh[3]' as 'Point3h' and array 'Point3hArray
[2025-05-29 18:56:35,019][AutoNode][DEBUG] - Defining data type 'quatd[4]' as 'Quatd' and array 'QuatdArray
[2025-05-29 18:56:35,019][AutoNode][DEBUG] - Defining data type 'quatf[4]' as 'Quatf' and array 'QuatfArray
[2025-05-29 18:56:35,019][AutoNode][DEBUG] - Defining data type 'quath[4]' as 'Quath' and array 'QuathArray
[2025-05-29 18:56:35,019][AutoNode][DEBUG] - Defining data type 'string' as 'String'
[2025-05-29 18:56:35,019][AutoNode][DEBUG] - Defining data type 'target' as 'Target'
[2025-05-29 18:56:35,019][AutoNode][DEBUG] - Defining data type 'texcoordd[2]' as 'TexCoord2d' and array 'TexCoord2dArray
[2025-05-29 18:56:35,020][AutoNode][DEBUG] - Defining data type 'texcoordf[2]' as 'TexCoord2f' and array 'TexCoord2fArray
[2025-05-29 18:56:35,020][AutoNode][DEBUG] - Defining data type 'texcoordh[2]' as 'TexCoord2h' and array 'TexCoord2hArray
[2025-05-29 18:56:35,020][AutoNode][DEBUG] - Defining data type 'texcoordd[3]' as 'TexCoord3d' and array 'TexCoord3dArray
[2025-05-29 18:56:35,020][AutoNode][DEBUG] - Defining data type 'texcoordf[3]' as 'TexCoord3f' and array 'TexCoord3fArray
[2025-05-29 18:56:35,020][AutoNode][DEBUG] - Defining data type 'texcoordh[3]' as 'TexCoord3h' and array 'TexCoord3hArray
[2025-05-29 18:56:35,020][AutoNode][DEBUG] - Defining data type 'timecode' as 'Timecode' and array 'TimecodeArray
[2025-05-29 18:56:35,021][AutoNode][DEBUG] - Defining data type 'token' as 'Token' and array 'TokenArray
[2025-05-29 18:56:35,021][AutoNode][DEBUG] - Defining data type 'uchar' as 'UChar' and array 'UCharArray
[2025-05-29 18:56:35,021][AutoNode][DEBUG] - Defining data type 'uint' as 'UInt' and array 'UIntArray
[2025-05-29 18:56:35,021][AutoNode][DEBUG] - Defining data type 'uint64' as 'UInt64' and array 'UInt64Array
[2025-05-29 18:56:35,021][AutoNode][DEBUG] - Defining data type 'vectord[3]' as 'Vector3d' and array 'Vector3dArray
[2025-05-29 18:56:35,021][AutoNode][DEBUG] - Defining data type 'vectorf[3]' as 'Vector3f' and array 'Vector3fArray
[2025-05-29 18:56:35,021][AutoNode][DEBUG] - Defining data type 'vectorh[3]' as 'Vector3h' and array 'Vector3hArray
[2025-05-29 18:56:38,094][omni.kit.profiler.window][WARNING] - remove _SpanInstance.__lt__ and use insort 'key' arg instead
[2025-05-29 18:56:42,186][git.cmd][DEBUG] - Popen(['git', 'rev-parse', '--show-toplevel'], cwd=/home/alesr/Repositories/Omnidrones-PEG, stdin=None, shell=False, universal_newlines=False)
[2025-05-29 18:56:42,344][urllib3.connectionpool][DEBUG] - Starting new HTTPS connection (1): api.wandb.ai:443
[2025-05-29 18:56:42,490][urllib3.connectionpool][DEBUG] - https://api.wandb.ai:443 "POST /graphql HTTP/11" 200 None
[2025-05-29 18:56:42,496][urllib3.connectionpool][DEBUG] - Starting new HTTPS connection (1): api.wandb.ai:443
[2025-05-29 18:56:42,652][urllib3.connectionpool][DEBUG] - https://api.wandb.ai:443 "POST /graphql HTTP/11" 200 None
[2025-05-29 18:56:42,667][git.cmd][DEBUG] - Popen(['git', 'cat-file', '--batch-check'], cwd=/home/alesr/Repositories/Omnidrones-PEG, stdin=<valid stream>, shell=False, universal_newlines=False)
[2025-05-29 18:56:47,609][root][INFO] - Reading pursuer's params from /home/alesr/Repositories/Omnidrones-PEG/omni_drones/robots/assets/usd/hummingbird.yaml.
[2025-05-29 18:56:47,632][root][INFO] - Reading evader's params from /home/alesr/Repositories/Omnidrones-PEG/omni_drones/robots/assets/usd/hummingbird.yaml.
[2025-05-29 18:56:54,143][root][INFO] - Default parameters:
Mass: [[0.6800000071525574]]
Inertia: [[0.007000000681728125, 0.007000000681728125, 0.011999999172985554]]
Thrust2Weight: [[0.8999204039573669, 0.8999204039573669, 0.8999204039573669, 0.8999204039573669]]
Force2Moment: [[62.499996185302734, 62.499996185302734, 62.499996185302734, 62.499996185302734]]
[2025-05-29 18:56:55,312][root][INFO] - Default parameters:
Mass: [[0.6800000071525574]]
Inertia: [[0.007000000681728125, 0.007000000681728125, 0.011999999172985554]]
Thrust2Weight: [[0.8999204039573669, 0.8999204039573669, 0.8999204039573669, 0.8999204039573669]]
Force2Moment: [[62.499996185302734, 62.499996185302734, 62.499996185302734, 62.499996185302734]]
[2025-05-29 18:56:55,448][urllib3.connectionpool][DEBUG] - Starting new HTTPS connection (1): api.wandb.ai:443
[2025-05-29 18:56:55,623][urllib3.connectionpool][DEBUG] - https://api.wandb.ai:443 "POST /graphql HTTP/11" 200 None
[2025-05-29 18:56:55,627][urllib3.connectionpool][DEBUG] - Starting new HTTPS connection (1): api.wandb.ai:443
[2025-05-29 18:56:55,798][urllib3.connectionpool][DEBUG] - https://api.wandb.ai:443 "POST /graphql HTTP/11" 200 None
[2025-05-29 18:56:55,804][urllib3.connectionpool][DEBUG] - Starting new HTTPS connection (1): api.wandb.ai:443
[2025-05-29 18:56:56,057][urllib3.connectionpool][DEBUG] - https://api.wandb.ai:443 "POST /graphql HTTP/11" 200 None
[2025-05-29 18:56:56,061][urllib3.connectionpool][DEBUG] - Starting new HTTPS connection (1): api.wandb.ai:443
[2025-05-29 18:56:56,238][urllib3.connectionpool][DEBUG] - https://api.wandb.ai:443 "POST /graphql HTTP/11" 200 None
[2025-05-29 18:56:56,242][urllib3.connectionpool][DEBUG] - Starting new HTTPS connection (1): storage.googleapis.com:443
[2025-05-29 18:56:56,464][urllib3.connectionpool][DEBUG] - https://storage.googleapis.com:443 "GET /wandb-production.appspot.com/alesr_kth/PEG/3ypqgj2m/artifact/1772032093/wandb_manifest.json?X-Goog-Algorithm=GOOG4-RSA-SHA256&X-Goog-Credential=gorilla-files-url-signer-man%40wandb-production.iam.gserviceaccount.com%2F20250529%2Fauto%2Fstorage%2Fgoog4_request&X-Goog-Date=20250529T165656Z&X-Goog-Expires=3599&X-Goog-Signature=9ca5c2c07a87b56beba802f80eb7f241922dea94afdd7afed501a67e5df9d23bee4468340adb150de29dffaf57ee7569360f92028450547e503c8d4c04d574b7aba18371c4a93751837d8f71c80d01317c821891de3322a8bdbcb146d618c806a0edf43bc7627c16dddc9bcecb65c24cc2107dd3497ab7199b0f86d808255049a85a243182e053663656d04fdf04594fc72ae46973f226f7a5770b6d2806234137c8e9b3a31f61b0d544f6a8c69d4876aac7e29d1703b8a921211dc7632af9a4f9552592071cc51469002121e2db0a98b831678fda8e0b3d2effd8a05f0bd09a064d15e33b17047db6a11b23214904598ad216b25f6b4203c3e6c82887ada9c4&X-Goog-SignedHeaders=host&X-User=alesr HTTP/11" 200 343
[2025-05-29 18:56:57,692][root][INFO] - Eval at 8192 steps.
[2025-05-29 18:57:39,881][root][INFO] - Saved checkpoint to /home/alesr/Repositories/Omnidrones-PEG/wandb/run-20250529_185642-0yn13xap/files/checkpoint_8192.pt
[2025-05-29 18:57:39,905][urllib3.connectionpool][DEBUG] - Starting new HTTPS connection (1): api.wandb.ai:443
[2025-05-29 18:57:40,090][urllib3.connectionpool][DEBUG] - https://api.wandb.ai:443 "POST /graphql HTTP/11" 200 None
[2025-05-29 18:58:39,865][root][INFO] - Eval at 417792 steps.
[2025-05-29 18:59:53,552][root][INFO] - Eval at 827392 steps.
[2025-05-29 19:00:09,723][root][INFO] - Saved checkpoint to /home/alesr/Repositories/Omnidrones-PEG/wandb/run-20250529_185642-0yn13xap/files/checkpoint_827392.pt
[2025-05-29 19:00:09,747][urllib3.connectionpool][DEBUG] - Starting new HTTPS connection (1): api.wandb.ai:443
[2025-05-29 19:00:09,948][urllib3.connectionpool][DEBUG] - https://api.wandb.ai:443 "POST /graphql HTTP/11" 200 None
[2025-05-29 19:01:07,330][root][INFO] - Eval at 1236992 steps.
[2025-05-29 19:02:19,588][root][INFO] - Eval at 1646592 steps.
[2025-05-29 19:02:59,003][root][INFO] - Saved checkpoint to /home/alesr/Repositories/Omnidrones-PEG/wandb/run-20250529_185642-0yn13xap/files/checkpoint_1646592.pt
[2025-05-29 19:02:59,025][urllib3.connectionpool][DEBUG] - Starting new HTTPS connection (1): api.wandb.ai:443
[2025-05-29 19:02:59,210][urllib3.connectionpool][DEBUG] - https://api.wandb.ai:443 "POST /graphql HTTP/11" 200 None
[2025-05-29 19:03:59,850][root][INFO] - Eval at 2056192 steps.
[2025-05-29 19:05:16,459][root][INFO] - Eval at 2465792 steps.
[2025-05-29 19:05:32,672][root][INFO] - Saved checkpoint to /home/alesr/Repositories/Omnidrones-PEG/wandb/run-20250529_185642-0yn13xap/files/checkpoint_2465792.pt
[2025-05-29 19:05:32,695][urllib3.connectionpool][DEBUG] - Starting new HTTPS connection (1): api.wandb.ai:443
[2025-05-29 19:05:32,875][urllib3.connectionpool][DEBUG] - https://api.wandb.ai:443 "POST /graphql HTTP/11" 200 None
[2025-05-29 19:06:33,135][root][INFO] - Eval at 2875392 steps.
[2025-05-29 19:07:46,390][root][INFO] - Eval at 3284992 steps.
[2025-05-29 19:08:27,656][root][INFO] - Saved checkpoint to /home/alesr/Repositories/Omnidrones-PEG/wandb/run-20250529_185642-0yn13xap/files/checkpoint_3284992.pt
[2025-05-29 19:08:27,681][urllib3.connectionpool][DEBUG] - Starting new HTTPS connection (1): api.wandb.ai:443
[2025-05-29 19:08:27,871][urllib3.connectionpool][DEBUG] - https://api.wandb.ai:443 "POST /graphql HTTP/11" 200 None
[2025-05-29 19:09:30,322][root][INFO] - Eval at 3694592 steps.
[2025-05-29 19:10:47,055][root][INFO] - Eval at 4104192 steps.
[2025-05-29 19:11:00,726][root][INFO] - Saved checkpoint to /home/alesr/Repositories/Omnidrones-PEG/wandb/run-20250529_185642-0yn13xap/files/checkpoint_4104192.pt
[2025-05-29 19:11:00,741][urllib3.connectionpool][DEBUG] - Starting new HTTPS connection (1): api.wandb.ai:443
[2025-05-29 19:11:00,908][urllib3.connectionpool][DEBUG] - https://api.wandb.ai:443 "POST /graphql HTTP/11" 200 None
[2025-05-29 19:11:57,358][root][INFO] - Eval at 4513792 steps.
