[2025-07-14 20:47:31,581][asyncio][DEBUG] - Using selector: EpollSelector
[2025-07-14 20:47:32,306][omni.kit.telemetry.impl.sentry_extension][INFO] - sentry is disabled for external build
[2025-07-14 20:47:32,307][omni.kit.telemetry.impl.sentry_extension][INFO] - sentry is disabled for external build
[2025-07-14 20:47:33,262][AutoNode][DEBUG] - Defining data type 'any' as 'Any'
[2025-07-14 20:47:33,262][AutoNode][DEBUG] - Defining data type 'bool' as 'Bool' and array 'BoolArray
[2025-07-14 20:47:33,263][AutoNode][DEBUG] - Defining data type 'bundle' as 'Bundle'
[2025-07-14 20:47:33,263][AutoNode][DEBUG] - Defining data type 'colord[3]' as 'Color3d' and array 'Color3dArray
[2025-07-14 20:47:33,263][AutoNode][DEBUG] - Defining data type 'colorf[3]' as 'Color3f' and array 'Color3fArray
[2025-07-14 20:47:33,263][AutoNode][DEBUG] - Defining data type 'colorh[3]' as 'Color3h' and array 'Color3hArray
[2025-07-14 20:47:33,263][AutoNode][DEBUG] - Defining data type 'colord[4]' as 'Color4d' and array 'Color4dArray
[2025-07-14 20:47:33,263][AutoNode][DEBUG] - Defining data type 'colorf[4]' as 'Color4f' and array 'Color4fArray
[2025-07-14 20:47:33,263][AutoNode][DEBUG] - Defining data type 'colorh[4]' as 'Color4h' and array 'Color4hArray
[2025-07-14 20:47:33,263][AutoNode][DEBUG] - Defining data type 'double' as 'Double' and array 'DoubleArray
[2025-07-14 20:47:33,263][AutoNode][DEBUG] - Defining data type 'double[2]' as 'Double2' and array 'Double2Array
[2025-07-14 20:47:33,263][AutoNode][DEBUG] - Defining data type 'double[3]' as 'Double3' and array 'Double3Array
[2025-07-14 20:47:33,263][AutoNode][DEBUG] - Defining data type 'double[4]' as 'Double4' and array 'Double4Array
[2025-07-14 20:47:33,264][AutoNode][DEBUG] - Defining data type 'execution' as 'Execution'
[2025-07-14 20:47:33,264][AutoNode][DEBUG] - Defining data type 'float' as 'Float' and array 'FloatArray
[2025-07-14 20:47:33,264][AutoNode][DEBUG] - Defining data type 'float[2]' as 'Float2' and array 'Float2Array
[2025-07-14 20:47:33,264][AutoNode][DEBUG] - Defining data type 'float[3]' as 'Float3' and array 'Float3Array
[2025-07-14 20:47:33,264][AutoNode][DEBUG] - Defining data type 'float[4]' as 'Float4' and array 'Float4Array
[2025-07-14 20:47:33,264][AutoNode][DEBUG] - Defining data type 'frame[4]' as 'Frame' and array 'FrameArray
[2025-07-14 20:47:33,264][AutoNode][DEBUG] - Defining data type 'half' as 'Half' and array 'HalfArray
[2025-07-14 20:47:33,264][AutoNode][DEBUG] - Defining data type 'half[2]' as 'Half2' and array 'Half2Array
[2025-07-14 20:47:33,264][AutoNode][DEBUG] - Defining data type 'half[3]' as 'Half3' and array 'Half3Array
[2025-07-14 20:47:33,264][AutoNode][DEBUG] - Defining data type 'half[4]' as 'Half4' and array 'Half4Array
[2025-07-14 20:47:33,264][AutoNode][DEBUG] - Defining data type 'int' as 'Int' and array 'IntArray
[2025-07-14 20:47:33,264][AutoNode][DEBUG] - Defining data type 'int[2]' as 'Int2' and array 'Int2Array
[2025-07-14 20:47:33,265][AutoNode][DEBUG] - Defining data type 'int[3]' as 'Int3' and array 'Int3Array
[2025-07-14 20:47:33,265][AutoNode][DEBUG] - Defining data type 'int[4]' as 'Int4' and array 'Int4Array
[2025-07-14 20:47:33,265][AutoNode][DEBUG] - Defining data type 'int64' as 'Int64' and array 'Int64Array
[2025-07-14 20:47:33,265][AutoNode][DEBUG] - Defining data type 'matrixd[2]' as 'Matrix2d' and array 'Matrix2dArray
[2025-07-14 20:47:33,265][AutoNode][DEBUG] - Defining data type 'matrixd[3]' as 'Matrix3d' and array 'Matrix3dArray
[2025-07-14 20:47:33,265][AutoNode][DEBUG] - Defining data type 'matrixd[4]' as 'Matrix4d' and array 'Matrix4dArray
[2025-07-14 20:47:33,265][AutoNode][DEBUG] - Defining data type 'normald[3]' as 'Normal3d' and array 'Normal3dArray
[2025-07-14 20:47:33,265][AutoNode][DEBUG] - Defining data type 'normalf[3]' as 'Normal3f' and array 'Normal3fArray
[2025-07-14 20:47:33,265][AutoNode][DEBUG] - Defining data type 'normalh[3]' as 'Normal3h' and array 'Normal3hArray
[2025-07-14 20:47:33,265][AutoNode][DEBUG] - Defining data type 'objectId' as 'ObjectId' and array 'ObjectIdArray
[2025-07-14 20:47:33,266][AutoNode][DEBUG] - Defining data type 'path' as 'Path'
[2025-07-14 20:47:33,266][AutoNode][DEBUG] - Defining data type 'pointd[3]' as 'Point3d' and array 'Point3dArray
[2025-07-14 20:47:33,266][AutoNode][DEBUG] - Defining data type 'pointf[3]' as 'Point3f' and array 'Point3fArray
[2025-07-14 20:47:33,266][AutoNode][DEBUG] - Defining data type 'pointh[3]' as 'Point3h' and array 'Point3hArray
[2025-07-14 20:47:33,266][AutoNode][DEBUG] - Defining data type 'quatd[4]' as 'Quatd' and array 'QuatdArray
[2025-07-14 20:47:33,266][AutoNode][DEBUG] - Defining data type 'quatf[4]' as 'Quatf' and array 'QuatfArray
[2025-07-14 20:47:33,266][AutoNode][DEBUG] - Defining data type 'quath[4]' as 'Quath' and array 'QuathArray
[2025-07-14 20:47:33,266][AutoNode][DEBUG] - Defining data type 'string' as 'String'
[2025-07-14 20:47:33,266][AutoNode][DEBUG] - Defining data type 'target' as 'Target'
[2025-07-14 20:47:33,266][AutoNode][DEBUG] - Defining data type 'texcoordd[2]' as 'TexCoord2d' and array 'TexCoord2dArray
[2025-07-14 20:47:33,267][AutoNode][DEBUG] - Defining data type 'texcoordf[2]' as 'TexCoord2f' and array 'TexCoord2fArray
[2025-07-14 20:47:33,267][AutoNode][DEBUG] - Defining data type 'texcoordh[2]' as 'TexCoord2h' and array 'TexCoord2hArray
[2025-07-14 20:47:33,267][AutoNode][DEBUG] - Defining data type 'texcoordd[3]' as 'TexCoord3d' and array 'TexCoord3dArray
[2025-07-14 20:47:33,267][AutoNode][DEBUG] - Defining data type 'texcoordf[3]' as 'TexCoord3f' and array 'TexCoord3fArray
[2025-07-14 20:47:33,267][AutoNode][DEBUG] - Defining data type 'texcoordh[3]' as 'TexCoord3h' and array 'TexCoord3hArray
[2025-07-14 20:47:33,267][AutoNode][DEBUG] - Defining data type 'timecode' as 'Timecode' and array 'TimecodeArray
[2025-07-14 20:47:33,267][AutoNode][DEBUG] - Defining data type 'token' as 'Token' and array 'TokenArray
[2025-07-14 20:47:33,267][AutoNode][DEBUG] - Defining data type 'uchar' as 'UChar' and array 'UCharArray
[2025-07-14 20:47:33,267][AutoNode][DEBUG] - Defining data type 'uint' as 'UInt' and array 'UIntArray
[2025-07-14 20:47:33,267][AutoNode][DEBUG] - Defining data type 'uint64' as 'UInt64' and array 'UInt64Array
[2025-07-14 20:47:33,267][AutoNode][DEBUG] - Defining data type 'vectord[3]' as 'Vector3d' and array 'Vector3dArray
[2025-07-14 20:47:33,268][AutoNode][DEBUG] - Defining data type 'vectorf[3]' as 'Vector3f' and array 'Vector3fArray
[2025-07-14 20:47:33,268][AutoNode][DEBUG] - Defining data type 'vectorh[3]' as 'Vector3h' and array 'Vector3hArray
[2025-07-14 20:47:36,031][omni.kit.profiler.window][WARNING] - remove _SpanInstance.__lt__ and use insort 'key' arg instead
[2025-07-14 20:47:39,417][git.cmd][DEBUG] - Popen(['git', 'rev-parse', '--show-toplevel'], cwd=/home/alesr/Repositories/Omnidrones-PEG, stdin=None, shell=False, universal_newlines=False)
[2025-07-14 20:47:39,547][urllib3.connectionpool][DEBUG] - Starting new HTTPS connection (1): api.wandb.ai:443
[2025-07-14 20:47:39,719][urllib3.connectionpool][DEBUG] - https://api.wandb.ai:443 "POST /graphql HTTP/11" 200 None
[2025-07-14 20:47:39,723][urllib3.connectionpool][DEBUG] - Starting new HTTPS connection (1): api.wandb.ai:443
[2025-07-14 20:47:39,905][urllib3.connectionpool][DEBUG] - https://api.wandb.ai:443 "POST /graphql HTTP/11" 200 None
[2025-07-14 20:47:39,923][git.cmd][DEBUG] - Popen(['git', 'cat-file', '--batch-check'], cwd=/home/alesr/Repositories/Omnidrones-PEG, stdin=<valid stream>, shell=False, universal_newlines=False)
[2025-07-14 20:47:44,092][root][INFO] - Reading pursuer's params from /home/alesr/Repositories/Omnidrones-PEG/omni_drones/robots/assets/usd/hummingbird.yaml.
[2025-07-14 20:47:44,108][root][INFO] - Reading evader's params from /home/alesr/Repositories/Omnidrones-PEG/omni_drones/robots/assets/usd/hummingbird.yaml.
[2025-07-14 20:47:50,280][root][INFO] - Default parameters:
Mass: [[0.6800000071525574]]
Inertia: [[0.007000000681728125, 0.007000000681728125, 0.011999999172985554]]
Thrust2Weight: [[0.8999204039573669, 0.8999204039573669, 0.8999204039573669, 0.8999204039573669]]
Force2Moment: [[62.499996185302734, 62.499996185302734, 62.499996185302734, 62.499996185302734]]
[2025-07-14 20:47:51,274][root][INFO] - Default parameters:
Mass: [[0.6800000071525574]]
Inertia: [[0.007000000681728125, 0.007000000681728125, 0.011999999172985554]]
Thrust2Weight: [[0.8999204039573669, 0.8999204039573669, 0.8999204039573669, 0.8999204039573669]]
Force2Moment: [[62.499996185302734, 62.499996185302734, 62.499996185302734, 62.499996185302734]]
[2025-07-14 20:47:51,312][root][INFO] - Setup randomization:
{'train': {'drag_coef': Uniform(low: 0.0, high: 0.12399999797344208),
           'force2moment': Uniform(low: torch.Size([1, 4]), high: torch.Size([1, 4])),
           'inertia': Uniform(low: torch.Size([1, 3]), high: torch.Size([1, 3])),
           'mass': Uniform(low: tensor([[0.1768]], device='cuda:0'), high: tensor([[1.1832]], device='cuda:0')),
           'thrust2weight': Uniform(low: torch.Size([1, 4]), high: torch.Size([1, 4]))}}
[2025-07-14 20:47:51,316][root][INFO] - Setup randomization:
{'train': {'drag_coef': Uniform(low: 0.0, high: 0.12399999797344208),
           'force2moment': Uniform(low: torch.Size([1, 4]), high: torch.Size([1, 4])),
           'inertia': Uniform(low: torch.Size([1, 3]), high: torch.Size([1, 3])),
           'mass': Uniform(low: tensor([[0.1768]], device='cuda:0'), high: tensor([[1.1832]], device='cuda:0')),
           'thrust2weight': Uniform(low: torch.Size([1, 4]), high: torch.Size([1, 4]))}}
[2025-07-14 20:47:52,445][root][INFO] - Eval at 8192 steps.
[2025-07-14 20:48:41,815][root][INFO] - Saved checkpoint to /home/alesr/Repositories/Omnidrones-PEG/wandb/run-20250714_204739-noxrd30u/files/checkpoint_8192.pt
[2025-07-14 20:48:41,827][urllib3.connectionpool][DEBUG] - Starting new HTTPS connection (1): api.wandb.ai:443
[2025-07-14 20:48:42,026][urllib3.connectionpool][DEBUG] - https://api.wandb.ai:443 "POST /graphql HTTP/11" 200 None
[2025-07-14 20:49:33,047][root][INFO] - Eval at 417792 steps.
[2025-07-14 20:49:44,470][root][INFO] - Saved best checkpoint to /home/alesr/Repositories/Omnidrones-PEG/wandb/run-20250714_204739-noxrd30u/files/checkpoint_best.pt
[2025-07-14 20:49:44,479][urllib3.connectionpool][DEBUG] - Starting new HTTPS connection (1): api.wandb.ai:443
[2025-07-14 20:49:44,676][urllib3.connectionpool][DEBUG] - https://api.wandb.ai:443 "POST /graphql HTTP/11" 200 None
[2025-07-14 20:50:32,242][root][INFO] - Eval at 827392 steps.
[2025-07-14 20:50:44,154][root][INFO] - Saved checkpoint to /home/alesr/Repositories/Omnidrones-PEG/wandb/run-20250714_204739-noxrd30u/files/checkpoint_827392.pt
[2025-07-14 20:50:44,162][urllib3.connectionpool][DEBUG] - Starting new HTTPS connection (1): api.wandb.ai:443
[2025-07-14 20:50:44,362][urllib3.connectionpool][DEBUG] - https://api.wandb.ai:443 "POST /graphql HTTP/11" 200 None
[2025-07-14 20:51:31,100][root][INFO] - Eval at 1236992 steps.
[2025-07-14 20:51:42,433][root][INFO] - Saved best checkpoint to /home/alesr/Repositories/Omnidrones-PEG/wandb/run-20250714_204739-noxrd30u/files/checkpoint_best.pt
[2025-07-14 20:51:42,446][urllib3.connectionpool][DEBUG] - Starting new HTTPS connection (1): api.wandb.ai:443
[2025-07-14 20:51:42,692][urllib3.connectionpool][DEBUG] - https://api.wandb.ai:443 "POST /graphql HTTP/11" 200 None
[2025-07-14 20:52:28,600][root][INFO] - Eval at 1646592 steps.
[2025-07-14 20:52:40,281][root][INFO] - Saved checkpoint to /home/alesr/Repositories/Omnidrones-PEG/wandb/run-20250714_204739-noxrd30u/files/checkpoint_1646592.pt
[2025-07-14 20:52:40,297][urllib3.connectionpool][DEBUG] - Starting new HTTPS connection (1): api.wandb.ai:443
[2025-07-14 20:52:40,529][urllib3.connectionpool][DEBUG] - https://api.wandb.ai:443 "POST /graphql HTTP/11" 200 None
[2025-07-14 20:53:27,022][root][INFO] - Eval at 2056192 steps.
[2025-07-14 20:54:24,759][root][INFO] - Eval at 2465792 steps.
[2025-07-14 20:55:09,760][root][INFO] - Saved checkpoint to /home/alesr/Repositories/Omnidrones-PEG/wandb/run-20250714_204739-noxrd30u/files/checkpoint_2465792.pt
[2025-07-14 20:55:09,771][urllib3.connectionpool][DEBUG] - Starting new HTTPS connection (1): api.wandb.ai:443
[2025-07-14 20:55:09,990][urllib3.connectionpool][DEBUG] - https://api.wandb.ai:443 "POST /graphql HTTP/11" 200 None
[2025-07-14 20:55:58,753][root][INFO] - Eval at 2875392 steps.
[2025-07-14 20:56:58,199][root][INFO] - Eval at 3284992 steps.
[2025-07-14 20:57:09,640][root][INFO] - Saved checkpoint to /home/alesr/Repositories/Omnidrones-PEG/wandb/run-20250714_204739-noxrd30u/files/checkpoint_3284992.pt
[2025-07-14 20:57:09,648][urllib3.connectionpool][DEBUG] - Starting new HTTPS connection (1): api.wandb.ai:443
[2025-07-14 20:57:09,835][urllib3.connectionpool][DEBUG] - https://api.wandb.ai:443 "POST /graphql HTTP/11" 200 None
[2025-07-14 20:57:56,569][root][INFO] - Eval at 3694592 steps.
[2025-07-14 20:58:55,401][root][INFO] - Eval at 4104192 steps.
[2025-07-14 20:59:07,297][root][INFO] - Saved checkpoint to /home/alesr/Repositories/Omnidrones-PEG/wandb/run-20250714_204739-noxrd30u/files/checkpoint_4104192.pt
[2025-07-14 20:59:07,306][urllib3.connectionpool][DEBUG] - Starting new HTTPS connection (1): api.wandb.ai:443
[2025-07-14 20:59:07,508][urllib3.connectionpool][DEBUG] - https://api.wandb.ai:443 "POST /graphql HTTP/11" 200 None
[2025-07-14 20:59:55,294][root][INFO] - Eval at 4513792 steps.
[2025-07-14 21:00:55,576][root][INFO] - Eval at 4923392 steps.
[2025-07-14 21:01:40,847][root][INFO] - Saved checkpoint to /home/alesr/Repositories/Omnidrones-PEG/wandb/run-20250714_204739-noxrd30u/files/checkpoint_4923392.pt
[2025-07-14 21:01:40,863][urllib3.connectionpool][DEBUG] - Starting new HTTPS connection (1): api.wandb.ai:443
[2025-07-14 21:01:41,071][urllib3.connectionpool][DEBUG] - https://api.wandb.ai:443 "POST /graphql HTTP/11" 200 None
[2025-07-14 21:02:29,732][root][INFO] - Eval at 5332992 steps.
[2025-07-14 21:03:29,994][root][INFO] - Eval at 5742592 steps.
[2025-07-14 21:03:42,183][root][INFO] - Saved checkpoint to /home/alesr/Repositories/Omnidrones-PEG/wandb/run-20250714_204739-noxrd30u/files/checkpoint_5742592.pt
[2025-07-14 21:03:42,191][urllib3.connectionpool][DEBUG] - Starting new HTTPS connection (1): api.wandb.ai:443
[2025-07-14 21:03:42,397][urllib3.connectionpool][DEBUG] - https://api.wandb.ai:443 "POST /graphql HTTP/11" 200 None
[2025-07-14 21:04:30,622][root][INFO] - Eval at 6152192 steps.
[2025-07-14 21:05:31,502][root][INFO] - Eval at 6561792 steps.
[2025-07-14 21:05:44,128][root][INFO] - Saved checkpoint to /home/alesr/Repositories/Omnidrones-PEG/wandb/run-20250714_204739-noxrd30u/files/checkpoint_6561792.pt
[2025-07-14 21:05:44,144][urllib3.connectionpool][DEBUG] - Starting new HTTPS connection (1): api.wandb.ai:443
[2025-07-14 21:05:44,369][urllib3.connectionpool][DEBUG] - https://api.wandb.ai:443 "POST /graphql HTTP/11" 200 None
[2025-07-14 21:06:32,598][root][INFO] - Eval at 6971392 steps.
[2025-07-14 21:07:33,256][root][INFO] - Eval at 7380992 steps.
[2025-07-14 21:08:19,027][root][INFO] - Saved checkpoint to /home/alesr/Repositories/Omnidrones-PEG/wandb/run-20250714_204739-noxrd30u/files/checkpoint_7380992.pt
[2025-07-14 21:08:19,045][urllib3.connectionpool][DEBUG] - Starting new HTTPS connection (1): api.wandb.ai:443
[2025-07-14 21:08:19,255][urllib3.connectionpool][DEBUG] - https://api.wandb.ai:443 "POST /graphql HTTP/11" 200 None
[2025-07-14 21:09:09,580][root][INFO] - Eval at 7790592 steps.
[2025-07-14 21:10:10,403][root][INFO] - Eval at 8200192 steps.
[2025-07-14 21:10:22,915][root][INFO] - Saved checkpoint to /home/alesr/Repositories/Omnidrones-PEG/wandb/run-20250714_204739-noxrd30u/files/checkpoint_8200192.pt
[2025-07-14 21:10:22,931][urllib3.connectionpool][DEBUG] - Starting new HTTPS connection (1): api.wandb.ai:443
[2025-07-14 21:10:23,127][urllib3.connectionpool][DEBUG] - https://api.wandb.ai:443 "POST /graphql HTTP/11" 200 None
[2025-07-14 21:11:11,790][root][INFO] - Eval at 8609792 steps.
[2025-07-14 21:12:12,318][root][INFO] - Eval at 9019392 steps.
[2025-07-14 21:12:24,439][root][INFO] - Saved checkpoint to /home/alesr/Repositories/Omnidrones-PEG/wandb/run-20250714_204739-noxrd30u/files/checkpoint_9019392.pt
[2025-07-14 21:12:24,447][urllib3.connectionpool][DEBUG] - Starting new HTTPS connection (1): api.wandb.ai:443
[2025-07-14 21:12:24,633][urllib3.connectionpool][DEBUG] - https://api.wandb.ai:443 "POST /graphql HTTP/11" 200 None
[2025-07-14 21:13:13,020][root][INFO] - Eval at 9428992 steps.
[2025-07-14 21:14:14,789][root][INFO] - Eval at 9838592 steps.
[2025-07-14 21:15:01,030][root][INFO] - Saved checkpoint to /home/alesr/Repositories/Omnidrones-PEG/wandb/run-20250714_204739-noxrd30u/files/checkpoint_9838592.pt
[2025-07-14 21:15:01,048][urllib3.connectionpool][DEBUG] - Starting new HTTPS connection (1): api.wandb.ai:443
[2025-07-14 21:15:01,245][urllib3.connectionpool][DEBUG] - https://api.wandb.ai:443 "POST /graphql HTTP/11" 200 None
[2025-07-14 21:15:51,729][root][INFO] - Eval at 10248192 steps.
[2025-07-14 21:16:55,081][root][INFO] - Eval at 10657792 steps.
[2025-07-14 21:17:07,528][root][INFO] - Saved checkpoint to /home/alesr/Repositories/Omnidrones-PEG/wandb/run-20250714_204739-noxrd30u/files/checkpoint_10657792.pt
[2025-07-14 21:17:07,543][urllib3.connectionpool][DEBUG] - Starting new HTTPS connection (1): api.wandb.ai:443
[2025-07-14 21:17:07,740][urllib3.connectionpool][DEBUG] - https://api.wandb.ai:443 "POST /graphql HTTP/11" 200 None
[2025-07-14 21:17:57,581][root][INFO] - Eval at 11067392 steps.
[2025-07-14 21:19:00,007][root][INFO] - Eval at 11476992 steps.
[2025-07-14 21:19:12,693][root][INFO] - Saved checkpoint to /home/alesr/Repositories/Omnidrones-PEG/wandb/run-20250714_204739-noxrd30u/files/checkpoint_11476992.pt
[2025-07-14 21:19:12,709][urllib3.connectionpool][DEBUG] - Starting new HTTPS connection (1): api.wandb.ai:443
[2025-07-14 21:19:12,931][urllib3.connectionpool][DEBUG] - https://api.wandb.ai:443 "POST /graphql HTTP/11" 200 None
[2025-07-14 21:20:02,729][root][INFO] - Eval at 11886592 steps.
[2025-07-14 21:21:05,428][root][INFO] - Eval at 12296192 steps.
[2025-07-14 21:21:51,809][root][INFO] - Saved checkpoint to /home/alesr/Repositories/Omnidrones-PEG/wandb/run-20250714_204739-noxrd30u/files/checkpoint_12296192.pt
[2025-07-14 21:21:51,826][urllib3.connectionpool][DEBUG] - Starting new HTTPS connection (1): api.wandb.ai:443
[2025-07-14 21:21:52,016][urllib3.connectionpool][DEBUG] - https://api.wandb.ai:443 "POST /graphql HTTP/11" 200 None
[2025-07-14 21:22:42,940][root][INFO] - Eval at 12705792 steps.
[2025-07-14 21:23:46,751][root][INFO] - Eval at 13115392 steps.
[2025-07-14 21:23:59,530][root][INFO] - Saved checkpoint to /home/alesr/Repositories/Omnidrones-PEG/wandb/run-20250714_204739-noxrd30u/files/checkpoint_13115392.pt
[2025-07-14 21:23:59,547][urllib3.connectionpool][DEBUG] - Starting new HTTPS connection (1): api.wandb.ai:443
[2025-07-14 21:23:59,737][urllib3.connectionpool][DEBUG] - https://api.wandb.ai:443 "POST /graphql HTTP/11" 200 None
[2025-07-14 21:24:50,755][root][INFO] - Eval at 13524992 steps.
[2025-07-14 21:25:53,238][root][INFO] - Eval at 13934592 steps.
[2025-07-14 21:26:06,268][root][INFO] - Saved checkpoint to /home/alesr/Repositories/Omnidrones-PEG/wandb/run-20250714_204739-noxrd30u/files/checkpoint_13934592.pt
[2025-07-14 21:26:06,284][urllib3.connectionpool][DEBUG] - Starting new HTTPS connection (1): api.wandb.ai:443
[2025-07-14 21:26:06,483][urllib3.connectionpool][DEBUG] - https://api.wandb.ai:443 "POST /graphql HTTP/11" 200 None
[2025-07-14 21:26:56,441][root][INFO] - Eval at 14344192 steps.
[2025-07-14 21:27:58,644][root][INFO] - Eval at 14753792 steps.
[2025-07-14 21:28:45,205][root][INFO] - Saved checkpoint to /home/alesr/Repositories/Omnidrones-PEG/wandb/run-20250714_204739-noxrd30u/files/checkpoint_14753792.pt
[2025-07-14 21:28:45,222][urllib3.connectionpool][DEBUG] - Starting new HTTPS connection (1): api.wandb.ai:443
[2025-07-14 21:28:45,406][urllib3.connectionpool][DEBUG] - https://api.wandb.ai:443 "POST /graphql HTTP/11" 200 None
[2025-07-14 21:29:36,312][root][INFO] - Eval at 15163392 steps.
[2025-07-14 21:30:39,855][root][INFO] - Eval at 15572992 steps.
[2025-07-14 21:30:52,428][root][INFO] - Saved checkpoint to /home/alesr/Repositories/Omnidrones-PEG/wandb/run-20250714_204739-noxrd30u/files/checkpoint_15572992.pt
[2025-07-14 21:30:52,436][urllib3.connectionpool][DEBUG] - Starting new HTTPS connection (1): api.wandb.ai:443
[2025-07-14 21:30:52,752][urllib3.connectionpool][DEBUG] - https://api.wandb.ai:443 "POST /graphql HTTP/11" 200 None
[2025-07-14 21:31:43,424][root][INFO] - Eval at 15982592 steps.
[2025-07-14 21:32:47,204][root][INFO] - Eval at 16392192 steps.
[2025-07-14 21:32:59,978][root][INFO] - Saved checkpoint to /home/alesr/Repositories/Omnidrones-PEG/wandb/run-20250714_204739-noxrd30u/files/checkpoint_16392192.pt
[2025-07-14 21:32:59,994][urllib3.connectionpool][DEBUG] - Starting new HTTPS connection (1): api.wandb.ai:443
[2025-07-14 21:33:00,214][urllib3.connectionpool][DEBUG] - https://api.wandb.ai:443 "POST /graphql HTTP/11" 200 None
[2025-07-14 21:33:50,814][root][INFO] - Eval at 16801792 steps.
[2025-07-14 21:34:53,718][root][INFO] - Eval at 17211392 steps.
[2025-07-14 21:35:40,118][root][INFO] - Saved checkpoint to /home/alesr/Repositories/Omnidrones-PEG/wandb/run-20250714_204739-noxrd30u/files/checkpoint_17211392.pt
[2025-07-14 21:35:40,132][urllib3.connectionpool][DEBUG] - Starting new HTTPS connection (1): api.wandb.ai:443
[2025-07-14 21:35:40,330][urllib3.connectionpool][DEBUG] - https://api.wandb.ai:443 "POST /graphql HTTP/11" 200 None
[2025-07-14 21:36:32,470][root][INFO] - Eval at 17620992 steps.
[2025-07-14 21:37:35,981][root][INFO] - Eval at 18030592 steps.
[2025-07-14 21:37:48,820][root][INFO] - Saved checkpoint to /home/alesr/Repositories/Omnidrones-PEG/wandb/run-20250714_204739-noxrd30u/files/checkpoint_18030592.pt
[2025-07-14 21:37:48,828][urllib3.connectionpool][DEBUG] - Starting new HTTPS connection (1): api.wandb.ai:443
[2025-07-14 21:37:49,026][urllib3.connectionpool][DEBUG] - https://api.wandb.ai:443 "POST /graphql HTTP/11" 200 None
[2025-07-14 21:38:39,326][root][INFO] - Eval at 18440192 steps.
[2025-07-14 21:39:42,430][root][INFO] - Eval at 18849792 steps.
[2025-07-14 21:39:55,150][root][INFO] - Saved checkpoint to /home/alesr/Repositories/Omnidrones-PEG/wandb/run-20250714_204739-noxrd30u/files/checkpoint_18849792.pt
[2025-07-14 21:39:55,158][urllib3.connectionpool][DEBUG] - Starting new HTTPS connection (1): api.wandb.ai:443
[2025-07-14 21:39:55,360][urllib3.connectionpool][DEBUG] - https://api.wandb.ai:443 "POST /graphql HTTP/11" 200 None
[2025-07-14 21:40:45,764][root][INFO] - Eval at 19259392 steps.
[2025-07-14 21:41:49,224][root][INFO] - Eval at 19668992 steps.
[2025-07-14 21:42:35,950][root][INFO] - Saved checkpoint to /home/alesr/Repositories/Omnidrones-PEG/wandb/run-20250714_204739-noxrd30u/files/checkpoint_19668992.pt
[2025-07-14 21:42:35,967][urllib3.connectionpool][DEBUG] - Starting new HTTPS connection (1): api.wandb.ai:443
[2025-07-14 21:42:36,869][urllib3.connectionpool][DEBUG] - https://api.wandb.ai:443 "POST /graphql HTTP/11" 200 None
[2025-07-14 21:43:18,217][root][INFO] - Final Eval at 19996672 steps.
[2025-07-14 21:44:05,444][urllib3.connectionpool][DEBUG] - Starting new HTTPS connection (1): api.wandb.ai:443
[2025-07-14 21:44:05,644][urllib3.connectionpool][DEBUG] - https://api.wandb.ai:443 "POST /graphql HTTP/11" 200 None
[2025-07-14 21:44:05,655][root][INFO] - Saved checkpoint to /home/alesr/Repositories/Omnidrones-PEG/wandb/run-20250714_204739-noxrd30u/files/checkpoint_final.pt
