[2025-07-14 20:22:12,602][asyncio][DEBUG] - Using selector: EpollSelector
[2025-07-14 20:22:13,493][omni.kit.telemetry.impl.sentry_extension][INFO] - sentry is disabled for external build
[2025-07-14 20:22:13,494][omni.kit.telemetry.impl.sentry_extension][INFO] - sentry is disabled for external build
[2025-07-14 20:22:14,735][AutoNode][DEBUG] - Defining data type 'any' as 'Any'
[2025-07-14 20:22:14,735][AutoNode][DEBUG] - Defining data type 'bool' as 'Bool' and array 'BoolArray
[2025-07-14 20:22:14,735][AutoNode][DEBUG] - Defining data type 'bundle' as 'Bundle'
[2025-07-14 20:22:14,736][AutoNode][DEBUG] - Defining data type 'colord[3]' as 'Color3d' and array 'Color3dArray
[2025-07-14 20:22:14,736][AutoNode][DEBUG] - Defining data type 'colorf[3]' as 'Color3f' and array 'Color3fArray
[2025-07-14 20:22:14,736][AutoNode][DEBUG] - Defining data type 'colorh[3]' as 'Color3h' and array 'Color3hArray
[2025-07-14 20:22:14,736][AutoNode][DEBUG] - Defining data type 'colord[4]' as 'Color4d' and array 'Color4dArray
[2025-07-14 20:22:14,736][AutoNode][DEBUG] - Defining data type 'colorf[4]' as 'Color4f' and array 'Color4fArray
[2025-07-14 20:22:14,736][AutoNode][DEBUG] - Defining data type 'colorh[4]' as 'Color4h' and array 'Color4hArray
[2025-07-14 20:22:14,737][AutoNode][DEBUG] - Defining data type 'double' as 'Double' and array 'DoubleArray
[2025-07-14 20:22:14,737][AutoNode][DEBUG] - Defining data type 'double[2]' as 'Double2' and array 'Double2Array
[2025-07-14 20:22:14,737][AutoNode][DEBUG] - Defining data type 'double[3]' as 'Double3' and array 'Double3Array
[2025-07-14 20:22:14,737][AutoNode][DEBUG] - Defining data type 'double[4]' as 'Double4' and array 'Double4Array
[2025-07-14 20:22:14,737][AutoNode][DEBUG] - Defining data type 'execution' as 'Execution'
[2025-07-14 20:22:14,737][AutoNode][DEBUG] - Defining data type 'float' as 'Float' and array 'FloatArray
[2025-07-14 20:22:14,738][AutoNode][DEBUG] - Defining data type 'float[2]' as 'Float2' and array 'Float2Array
[2025-07-14 20:22:14,738][AutoNode][DEBUG] - Defining data type 'float[3]' as 'Float3' and array 'Float3Array
[2025-07-14 20:22:14,738][AutoNode][DEBUG] - Defining data type 'float[4]' as 'Float4' and array 'Float4Array
[2025-07-14 20:22:14,738][AutoNode][DEBUG] - Defining data type 'frame[4]' as 'Frame' and array 'FrameArray
[2025-07-14 20:22:14,738][AutoNode][DEBUG] - Defining data type 'half' as 'Half' and array 'HalfArray
[2025-07-14 20:22:14,738][AutoNode][DEBUG] - Defining data type 'half[2]' as 'Half2' and array 'Half2Array
[2025-07-14 20:22:14,739][AutoNode][DEBUG] - Defining data type 'half[3]' as 'Half3' and array 'Half3Array
[2025-07-14 20:22:14,739][AutoNode][DEBUG] - Defining data type 'half[4]' as 'Half4' and array 'Half4Array
[2025-07-14 20:22:14,739][AutoNode][DEBUG] - Defining data type 'int' as 'Int' and array 'IntArray
[2025-07-14 20:22:14,739][AutoNode][DEBUG] - Defining data type 'int[2]' as 'Int2' and array 'Int2Array
[2025-07-14 20:22:14,739][AutoNode][DEBUG] - Defining data type 'int[3]' as 'Int3' and array 'Int3Array
[2025-07-14 20:22:14,739][AutoNode][DEBUG] - Defining data type 'int[4]' as 'Int4' and array 'Int4Array
[2025-07-14 20:22:14,740][AutoNode][DEBUG] - Defining data type 'int64' as 'Int64' and array 'Int64Array
[2025-07-14 20:22:14,740][AutoNode][DEBUG] - Defining data type 'matrixd[2]' as 'Matrix2d' and array 'Matrix2dArray
[2025-07-14 20:22:14,740][AutoNode][DEBUG] - Defining data type 'matrixd[3]' as 'Matrix3d' and array 'Matrix3dArray
[2025-07-14 20:22:14,740][AutoNode][DEBUG] - Defining data type 'matrixd[4]' as 'Matrix4d' and array 'Matrix4dArray
[2025-07-14 20:22:14,740][AutoNode][DEBUG] - Defining data type 'normald[3]' as 'Normal3d' and array 'Normal3dArray
[2025-07-14 20:22:14,741][AutoNode][DEBUG] - Defining data type 'normalf[3]' as 'Normal3f' and array 'Normal3fArray
[2025-07-14 20:22:14,741][AutoNode][DEBUG] - Defining data type 'normalh[3]' as 'Normal3h' and array 'Normal3hArray
[2025-07-14 20:22:14,741][AutoNode][DEBUG] - Defining data type 'objectId' as 'ObjectId' and array 'ObjectIdArray
[2025-07-14 20:22:14,741][AutoNode][DEBUG] - Defining data type 'path' as 'Path'
[2025-07-14 20:22:14,741][AutoNode][DEBUG] - Defining data type 'pointd[3]' as 'Point3d' and array 'Point3dArray
[2025-07-14 20:22:14,741][AutoNode][DEBUG] - Defining data type 'pointf[3]' as 'Point3f' and array 'Point3fArray
[2025-07-14 20:22:14,742][AutoNode][DEBUG] - Defining data type 'pointh[3]' as 'Point3h' and array 'Point3hArray
[2025-07-14 20:22:14,742][AutoNode][DEBUG] - Defining data type 'quatd[4]' as 'Quatd' and array 'QuatdArray
[2025-07-14 20:22:14,742][AutoNode][DEBUG] - Defining data type 'quatf[4]' as 'Quatf' and array 'QuatfArray
[2025-07-14 20:22:14,742][AutoNode][DEBUG] - Defining data type 'quath[4]' as 'Quath' and array 'QuathArray
[2025-07-14 20:22:14,742][AutoNode][DEBUG] - Defining data type 'string' as 'String'
[2025-07-14 20:22:14,742][AutoNode][DEBUG] - Defining data type 'target' as 'Target'
[2025-07-14 20:22:14,742][AutoNode][DEBUG] - Defining data type 'texcoordd[2]' as 'TexCoord2d' and array 'TexCoord2dArray
[2025-07-14 20:22:14,743][AutoNode][DEBUG] - Defining data type 'texcoordf[2]' as 'TexCoord2f' and array 'TexCoord2fArray
[2025-07-14 20:22:14,743][AutoNode][DEBUG] - Defining data type 'texcoordh[2]' as 'TexCoord2h' and array 'TexCoord2hArray
[2025-07-14 20:22:14,743][AutoNode][DEBUG] - Defining data type 'texcoordd[3]' as 'TexCoord3d' and array 'TexCoord3dArray
[2025-07-14 20:22:14,743][AutoNode][DEBUG] - Defining data type 'texcoordf[3]' as 'TexCoord3f' and array 'TexCoord3fArray
[2025-07-14 20:22:14,743][AutoNode][DEBUG] - Defining data type 'texcoordh[3]' as 'TexCoord3h' and array 'TexCoord3hArray
[2025-07-14 20:22:14,743][AutoNode][DEBUG] - Defining data type 'timecode' as 'Timecode' and array 'TimecodeArray
[2025-07-14 20:22:14,743][AutoNode][DEBUG] - Defining data type 'token' as 'Token' and array 'TokenArray
[2025-07-14 20:22:14,743][AutoNode][DEBUG] - Defining data type 'uchar' as 'UChar' and array 'UCharArray
[2025-07-14 20:22:14,744][AutoNode][DEBUG] - Defining data type 'uint' as 'UInt' and array 'UIntArray
[2025-07-14 20:22:14,744][AutoNode][DEBUG] - Defining data type 'uint64' as 'UInt64' and array 'UInt64Array
[2025-07-14 20:22:14,744][AutoNode][DEBUG] - Defining data type 'vectord[3]' as 'Vector3d' and array 'Vector3dArray
[2025-07-14 20:22:14,744][AutoNode][DEBUG] - Defining data type 'vectorf[3]' as 'Vector3f' and array 'Vector3fArray
[2025-07-14 20:22:14,744][AutoNode][DEBUG] - Defining data type 'vectorh[3]' as 'Vector3h' and array 'Vector3hArray
[2025-07-14 20:22:17,452][omni.kit.profiler.window][WARNING] - remove _SpanInstance.__lt__ and use insort 'key' arg instead
[2025-07-14 20:22:21,141][git.cmd][DEBUG] - Popen(['git', 'rev-parse', '--show-toplevel'], cwd=/home/alesr/Repositories/Omnidrones-PEG, stdin=None, shell=False, universal_newlines=False)
[2025-07-14 20:22:21,278][urllib3.connectionpool][DEBUG] - Starting new HTTPS connection (1): api.wandb.ai:443
[2025-07-14 20:22:21,454][urllib3.connectionpool][DEBUG] - https://api.wandb.ai:443 "POST /graphql HTTP/11" 200 None
[2025-07-14 20:22:21,459][urllib3.connectionpool][DEBUG] - Starting new HTTPS connection (1): api.wandb.ai:443
[2025-07-14 20:22:21,636][urllib3.connectionpool][DEBUG] - https://api.wandb.ai:443 "POST /graphql HTTP/11" 200 None
[2025-07-14 20:22:21,663][git.cmd][DEBUG] - Popen(['git', 'cat-file', '--batch-check'], cwd=/home/alesr/Repositories/Omnidrones-PEG, stdin=<valid stream>, shell=False, universal_newlines=False)
[2025-07-14 20:22:26,099][root][INFO] - Reading pursuer's params from /home/alesr/Repositories/Omnidrones-PEG/omni_drones/robots/assets/usd/hummingbird.yaml.
[2025-07-14 20:22:26,114][root][INFO] - Reading evader's params from /home/alesr/Repositories/Omnidrones-PEG/omni_drones/robots/assets/usd/hummingbird.yaml.
[2025-07-14 20:22:32,586][root][INFO] - Default parameters:
Mass: [[0.6800000071525574]]
Inertia: [[0.007000000681728125, 0.007000000681728125, 0.011999999172985554]]
Thrust2Weight: [[0.8999204039573669, 0.8999204039573669, 0.8999204039573669, 0.8999204039573669]]
Force2Moment: [[62.499996185302734, 62.499996185302734, 62.499996185302734, 62.499996185302734]]
[2025-07-14 20:22:33,600][root][INFO] - Default parameters:
Mass: [[0.6800000071525574]]
Inertia: [[0.007000000681728125, 0.007000000681728125, 0.011999999172985554]]
Thrust2Weight: [[0.8999204039573669, 0.8999204039573669, 0.8999204039573669, 0.8999204039573669]]
Force2Moment: [[62.499996185302734, 62.499996185302734, 62.499996185302734, 62.499996185302734]]
[2025-07-14 20:22:33,747][urllib3.connectionpool][DEBUG] - Starting new HTTPS connection (1): api.wandb.ai:443
[2025-07-14 20:22:33,937][urllib3.connectionpool][DEBUG] - https://api.wandb.ai:443 "POST /graphql HTTP/11" 200 None
[2025-07-14 20:22:33,941][urllib3.connectionpool][DEBUG] - Starting new HTTPS connection (1): api.wandb.ai:443
[2025-07-14 20:22:34,123][urllib3.connectionpool][DEBUG] - https://api.wandb.ai:443 "POST /graphql HTTP/11" 200 None
[2025-07-14 20:22:34,128][urllib3.connectionpool][DEBUG] - Starting new HTTPS connection (1): api.wandb.ai:443
[2025-07-14 20:22:34,390][urllib3.connectionpool][DEBUG] - https://api.wandb.ai:443 "POST /graphql HTTP/11" 200 None
[2025-07-14 20:22:34,394][urllib3.connectionpool][DEBUG] - Starting new HTTPS connection (1): api.wandb.ai:443
[2025-07-14 20:22:34,584][urllib3.connectionpool][DEBUG] - https://api.wandb.ai:443 "POST /graphql HTTP/11" 200 None
[2025-07-14 20:22:34,588][urllib3.connectionpool][DEBUG] - Starting new HTTPS connection (1): storage.googleapis.com:443
[2025-07-14 20:22:34,875][urllib3.connectionpool][DEBUG] - https://storage.googleapis.com:443 "GET /wandb-production.appspot.com/alesr_kth/PEG/1xnyr1iv/artifact/1879685818/wandb_manifest.json?X-Goog-Algorithm=GOOG4-RSA-SHA256&X-Goog-Credential=gorilla-files-url-signer-man%40wandb-production.iam.gserviceaccount.com%2F20250714%2Fauto%2Fstorage%2Fgoog4_request&X-Goog-Date=20250714T182234Z&X-Goog-Expires=3599&X-Goog-Signature=45923aa72a0c234393ba3ce60a483a74f8f0fd3beb2bf84cd8e42fd92d1a67245a74de975ea8600d3a92759f7b58d44f75c35832f443ea93fd25d0b816c68797b5e83eaed9652a0e1384c05f8d3882902b76b05c025d4e72403ccd4584c3f1b142d8a71827e23f30dbc3ae0f6f0de4e4c96264ee7fb0d24838e0ee47d418010f37810ca7d0683e0523221e9dbed56f3e2f4836c138071a45586d51febf32e9177b223813c2a0f17bdb41e708ff610395fc868175677d55026ae792a9afbf8be5b2afd4d2c5e896cdf96d064e6a7fbc9d105842af9f2bdae71b446519211449a469688684bb45a54f0284e5ef9e0b70a42742ce70422aa3d414d0ddc275fe8527&X-Goog-SignedHeaders=host&X-User=alesr HTTP/11" 200 343
[2025-07-14 20:22:36,048][root][INFO] - Eval at 8192 steps.
[2025-07-14 20:23:27,790][root][INFO] - Saved checkpoint to /home/alesr/Repositories/Omnidrones-PEG/wandb/run-20250714_202221-vsn405eg/files/checkpoint_8192.pt
[2025-07-14 20:23:27,814][urllib3.connectionpool][DEBUG] - Starting new HTTPS connection (1): api.wandb.ai:443
[2025-07-14 20:23:28,021][urllib3.connectionpool][DEBUG] - https://api.wandb.ai:443 "POST /graphql HTTP/11" 200 None
[2025-07-14 20:24:20,844][root][INFO] - Eval at 417792 steps.
[2025-07-14 20:24:34,675][urllib3.connectionpool][DEBUG] - Starting new HTTPS connection (1): api.wandb.ai:443
[2025-07-14 20:24:34,881][urllib3.connectionpool][DEBUG] - https://api.wandb.ai:443 "POST /graphql HTTP/11" 200 None
[2025-07-14 20:25:31,350][root][INFO] - Eval at 827392 steps.
[2025-07-14 20:25:47,950][urllib3.connectionpool][DEBUG] - Starting new HTTPS connection (1): api.wandb.ai:443
[2025-07-14 20:25:48,140][urllib3.connectionpool][DEBUG] - https://api.wandb.ai:443 "POST /graphql HTTP/11" 200 None
[2025-07-14 20:26:45,678][root][INFO] - Eval at 1236992 steps.
[2025-07-14 20:27:01,270][urllib3.connectionpool][DEBUG] - Starting new HTTPS connection (1): api.wandb.ai:443
[2025-07-14 20:27:01,489][urllib3.connectionpool][DEBUG] - https://api.wandb.ai:443 "POST /graphql HTTP/11" 200 None
[2025-07-14 20:27:58,467][root][INFO] - Eval at 1646592 steps.
[2025-07-14 20:28:14,363][root][INFO] - Saved checkpoint to /home/alesr/Repositories/Omnidrones-PEG/wandb/run-20250714_202221-vsn405eg/files/checkpoint_1646592.pt
[2025-07-14 20:28:14,378][urllib3.connectionpool][DEBUG] - Starting new HTTPS connection (1): api.wandb.ai:443
[2025-07-14 20:28:14,574][urllib3.connectionpool][DEBUG] - https://api.wandb.ai:443 "POST /graphql HTTP/11" 200 None
[2025-07-14 20:29:11,755][root][INFO] - Eval at 2056192 steps.
[2025-07-14 20:29:28,042][urllib3.connectionpool][DEBUG] - Starting new HTTPS connection (1): api.wandb.ai:443
[2025-07-14 20:29:28,266][urllib3.connectionpool][DEBUG] - https://api.wandb.ai:443 "POST /graphql HTTP/11" 200 None
[2025-07-14 20:30:27,229][root][INFO] - Eval at 2465792 steps.
[2025-07-14 20:32:17,540][root][INFO] - Eval at 2875392 steps.
[2025-07-14 20:32:33,894][urllib3.connectionpool][DEBUG] - Starting new HTTPS connection (1): api.wandb.ai:443
[2025-07-14 20:32:34,085][urllib3.connectionpool][DEBUG] - https://api.wandb.ai:443 "POST /graphql HTTP/11" 200 None
[2025-07-14 20:33:32,433][root][INFO] - Eval at 3284992 steps.
[2025-07-14 20:33:48,540][root][INFO] - Saved checkpoint to /home/alesr/Repositories/Omnidrones-PEG/wandb/run-20250714_202221-vsn405eg/files/checkpoint_3284992.pt
[2025-07-14 20:33:48,562][urllib3.connectionpool][DEBUG] - Starting new HTTPS connection (1): api.wandb.ai:443
[2025-07-14 20:33:48,775][urllib3.connectionpool][DEBUG] - https://api.wandb.ai:443 "POST /graphql HTTP/11" 200 None
[2025-07-14 20:34:49,671][root][INFO] - Eval at 3694592 steps.
[2025-07-14 20:35:07,005][root][INFO] - Early stopping: evader_caught ≥ 0.95 3× in a row.
[2025-07-14 20:35:07,024][urllib3.connectionpool][DEBUG] - Starting new HTTPS connection (1): api.wandb.ai:443
[2025-07-14 20:35:07,247][urllib3.connectionpool][DEBUG] - https://api.wandb.ai:443 "POST /graphql HTTP/11" 200 None
[2025-07-14 20:35:07,261][root][INFO] - Final Eval at 3694592 steps.
[2025-07-14 20:35:59,563][urllib3.connectionpool][DEBUG] - Starting new HTTPS connection (1): api.wandb.ai:443
[2025-07-14 20:35:59,772][urllib3.connectionpool][DEBUG] - https://api.wandb.ai:443 "POST /graphql HTTP/11" 200 None
[2025-07-14 20:35:59,779][root][INFO] - Saved checkpoint to /home/alesr/Repositories/Omnidrones-PEG/wandb/run-20250714_202221-vsn405eg/files/checkpoint_final.pt
