[2025-07-06 20:41:12,179][asyncio][DEBUG] - Using selector: EpollSelector
[2025-07-06 20:41:12,816][omni.kit.telemetry.impl.sentry_extension][INFO] - sentry is disabled for external build
[2025-07-06 20:41:12,817][omni.kit.telemetry.impl.sentry_extension][INFO] - sentry is disabled for external build
[2025-07-06 20:41:13,712][AutoNode][DEBUG] - Defining data type 'any' as 'Any'
[2025-07-06 20:41:13,712][AutoNode][DEBUG] - Defining data type 'bool' as 'Bool' and array 'BoolArray
[2025-07-06 20:41:13,713][AutoNode][DEBUG] - Defining data type 'bundle' as 'Bundle'
[2025-07-06 20:41:13,713][AutoNode][DEBUG] - Defining data type 'colord[3]' as 'Color3d' and array 'Color3dArray
[2025-07-06 20:41:13,713][AutoNode][DEBUG] - Defining data type 'colorf[3]' as 'Color3f' and array 'Color3fArray
[2025-07-06 20:41:13,713][AutoNode][DEBUG] - Defining data type 'colorh[3]' as 'Color3h' and array 'Color3hArray
[2025-07-06 20:41:13,713][AutoNode][DEBUG] - Defining data type 'colord[4]' as 'Color4d' and array 'Color4dArray
[2025-07-06 20:41:13,713][AutoNode][DEBUG] - Defining data type 'colorf[4]' as 'Color4f' and array 'Color4fArray
[2025-07-06 20:41:13,713][AutoNode][DEBUG] - Defining data type 'colorh[4]' as 'Color4h' and array 'Color4hArray
[2025-07-06 20:41:13,713][AutoNode][DEBUG] - Defining data type 'double' as 'Double' and array 'DoubleArray
[2025-07-06 20:41:13,713][AutoNode][DEBUG] - Defining data type 'double[2]' as 'Double2' and array 'Double2Array
[2025-07-06 20:41:13,713][AutoNode][DEBUG] - Defining data type 'double[3]' as 'Double3' and array 'Double3Array
[2025-07-06 20:41:13,713][AutoNode][DEBUG] - Defining data type 'double[4]' as 'Double4' and array 'Double4Array
[2025-07-06 20:41:13,714][AutoNode][DEBUG] - Defining data type 'execution' as 'Execution'
[2025-07-06 20:41:13,714][AutoNode][DEBUG] - Defining data type 'float' as 'Float' and array 'FloatArray
[2025-07-06 20:41:13,714][AutoNode][DEBUG] - Defining data type 'float[2]' as 'Float2' and array 'Float2Array
[2025-07-06 20:41:13,714][AutoNode][DEBUG] - Defining data type 'float[3]' as 'Float3' and array 'Float3Array
[2025-07-06 20:41:13,714][AutoNode][DEBUG] - Defining data type 'float[4]' as 'Float4' and array 'Float4Array
[2025-07-06 20:41:13,714][AutoNode][DEBUG] - Defining data type 'frame[4]' as 'Frame' and array 'FrameArray
[2025-07-06 20:41:13,714][AutoNode][DEBUG] - Defining data type 'half' as 'Half' and array 'HalfArray
[2025-07-06 20:41:13,714][AutoNode][DEBUG] - Defining data type 'half[2]' as 'Half2' and array 'Half2Array
[2025-07-06 20:41:13,714][AutoNode][DEBUG] - Defining data type 'half[3]' as 'Half3' and array 'Half3Array
[2025-07-06 20:41:13,714][AutoNode][DEBUG] - Defining data type 'half[4]' as 'Half4' and array 'Half4Array
[2025-07-06 20:41:13,714][AutoNode][DEBUG] - Defining data type 'int' as 'Int' and array 'IntArray
[2025-07-06 20:41:13,714][AutoNode][DEBUG] - Defining data type 'int[2]' as 'Int2' and array 'Int2Array
[2025-07-06 20:41:13,714][AutoNode][DEBUG] - Defining data type 'int[3]' as 'Int3' and array 'Int3Array
[2025-07-06 20:41:13,715][AutoNode][DEBUG] - Defining data type 'int[4]' as 'Int4' and array 'Int4Array
[2025-07-06 20:41:13,715][AutoNode][DEBUG] - Defining data type 'int64' as 'Int64' and array 'Int64Array
[2025-07-06 20:41:13,715][AutoNode][DEBUG] - Defining data type 'matrixd[2]' as 'Matrix2d' and array 'Matrix2dArray
[2025-07-06 20:41:13,715][AutoNode][DEBUG] - Defining data type 'matrixd[3]' as 'Matrix3d' and array 'Matrix3dArray
[2025-07-06 20:41:13,715][AutoNode][DEBUG] - Defining data type 'matrixd[4]' as 'Matrix4d' and array 'Matrix4dArray
[2025-07-06 20:41:13,715][AutoNode][DEBUG] - Defining data type 'normald[3]' as 'Normal3d' and array 'Normal3dArray
[2025-07-06 20:41:13,715][AutoNode][DEBUG] - Defining data type 'normalf[3]' as 'Normal3f' and array 'Normal3fArray
[2025-07-06 20:41:13,715][AutoNode][DEBUG] - Defining data type 'normalh[3]' as 'Normal3h' and array 'Normal3hArray
[2025-07-06 20:41:13,715][AutoNode][DEBUG] - Defining data type 'objectId' as 'ObjectId' and array 'ObjectIdArray
[2025-07-06 20:41:13,715][AutoNode][DEBUG] - Defining data type 'path' as 'Path'
[2025-07-06 20:41:13,715][AutoNode][DEBUG] - Defining data type 'pointd[3]' as 'Point3d' and array 'Point3dArray
[2025-07-06 20:41:13,715][AutoNode][DEBUG] - Defining data type 'pointf[3]' as 'Point3f' and array 'Point3fArray
[2025-07-06 20:41:13,716][AutoNode][DEBUG] - Defining data type 'pointh[3]' as 'Point3h' and array 'Point3hArray
[2025-07-06 20:41:13,716][AutoNode][DEBUG] - Defining data type 'quatd[4]' as 'Quatd' and array 'QuatdArray
[2025-07-06 20:41:13,716][AutoNode][DEBUG] - Defining data type 'quatf[4]' as 'Quatf' and array 'QuatfArray
[2025-07-06 20:41:13,716][AutoNode][DEBUG] - Defining data type 'quath[4]' as 'Quath' and array 'QuathArray
[2025-07-06 20:41:13,716][AutoNode][DEBUG] - Defining data type 'string' as 'String'
[2025-07-06 20:41:13,716][AutoNode][DEBUG] - Defining data type 'target' as 'Target'
[2025-07-06 20:41:13,716][AutoNode][DEBUG] - Defining data type 'texcoordd[2]' as 'TexCoord2d' and array 'TexCoord2dArray
[2025-07-06 20:41:13,716][AutoNode][DEBUG] - Defining data type 'texcoordf[2]' as 'TexCoord2f' and array 'TexCoord2fArray
[2025-07-06 20:41:13,716][AutoNode][DEBUG] - Defining data type 'texcoordh[2]' as 'TexCoord2h' and array 'TexCoord2hArray
[2025-07-06 20:41:13,716][AutoNode][DEBUG] - Defining data type 'texcoordd[3]' as 'TexCoord3d' and array 'TexCoord3dArray
[2025-07-06 20:41:13,716][AutoNode][DEBUG] - Defining data type 'texcoordf[3]' as 'TexCoord3f' and array 'TexCoord3fArray
[2025-07-06 20:41:13,716][AutoNode][DEBUG] - Defining data type 'texcoordh[3]' as 'TexCoord3h' and array 'TexCoord3hArray
[2025-07-06 20:41:13,717][AutoNode][DEBUG] - Defining data type 'timecode' as 'Timecode' and array 'TimecodeArray
[2025-07-06 20:41:13,717][AutoNode][DEBUG] - Defining data type 'token' as 'Token' and array 'TokenArray
[2025-07-06 20:41:13,717][AutoNode][DEBUG] - Defining data type 'uchar' as 'UChar' and array 'UCharArray
[2025-07-06 20:41:13,717][AutoNode][DEBUG] - Defining data type 'uint' as 'UInt' and array 'UIntArray
[2025-07-06 20:41:13,717][AutoNode][DEBUG] - Defining data type 'uint64' as 'UInt64' and array 'UInt64Array
[2025-07-06 20:41:13,717][AutoNode][DEBUG] - Defining data type 'vectord[3]' as 'Vector3d' and array 'Vector3dArray
[2025-07-06 20:41:13,717][AutoNode][DEBUG] - Defining data type 'vectorf[3]' as 'Vector3f' and array 'Vector3fArray
[2025-07-06 20:41:13,717][AutoNode][DEBUG] - Defining data type 'vectorh[3]' as 'Vector3h' and array 'Vector3hArray
[2025-07-06 20:41:16,392][omni.kit.profiler.window][WARNING] - remove _SpanInstance.__lt__ and use insort 'key' arg instead
[2025-07-06 20:41:19,758][git.cmd][DEBUG] - Popen(['git', 'rev-parse', '--show-toplevel'], cwd=/home/alesr/Repositories/Omnidrones-PEG, stdin=None, shell=False, universal_newlines=False)
[2025-07-06 20:41:19,889][urllib3.connectionpool][DEBUG] - Starting new HTTPS connection (1): api.wandb.ai:443
[2025-07-06 20:41:20,063][urllib3.connectionpool][DEBUG] - https://api.wandb.ai:443 "POST /graphql HTTP/11" 200 None
[2025-07-06 20:41:20,066][urllib3.connectionpool][DEBUG] - Starting new HTTPS connection (1): api.wandb.ai:443
[2025-07-06 20:41:20,240][urllib3.connectionpool][DEBUG] - https://api.wandb.ai:443 "POST /graphql HTTP/11" 200 None
[2025-07-06 20:41:20,261][git.cmd][DEBUG] - Popen(['git', 'cat-file', '--batch-check'], cwd=/home/alesr/Repositories/Omnidrones-PEG, stdin=<valid stream>, shell=False, universal_newlines=False)
[2025-07-06 20:41:23,925][root][INFO] - Reading pursuer's params from /home/alesr/Repositories/Omnidrones-PEG/omni_drones/robots/assets/usd/hummingbird.yaml.
[2025-07-06 20:41:23,938][root][INFO] - Reading evader's params from /home/alesr/Repositories/Omnidrones-PEG/omni_drones/robots/assets/usd/hummingbird.yaml.
[2025-07-06 20:41:30,024][root][INFO] - Default parameters:
Mass: [[0.6800000071525574]]
Inertia: [[0.007000000681728125, 0.007000000681728125, 0.011999999172985554]]
Thrust2Weight: [[0.8999204039573669, 0.8999204039573669, 0.8999204039573669, 0.8999204039573669]]
Force2Moment: [[62.499996185302734, 62.499996185302734, 62.499996185302734, 62.499996185302734]]
[2025-07-06 20:41:30,978][root][INFO] - Default parameters:
Mass: [[0.6800000071525574]]
Inertia: [[0.007000000681728125, 0.007000000681728125, 0.011999999172985554]]
Thrust2Weight: [[0.8999204039573669, 0.8999204039573669, 0.8999204039573669, 0.8999204039573669]]
Force2Moment: [[62.499996185302734, 62.499996185302734, 62.499996185302734, 62.499996185302734]]
[2025-07-06 20:41:31,100][urllib3.connectionpool][DEBUG] - Starting new HTTPS connection (1): api.wandb.ai:443
[2025-07-06 20:41:31,290][urllib3.connectionpool][DEBUG] - https://api.wandb.ai:443 "POST /graphql HTTP/11" 200 None
[2025-07-06 20:41:31,295][urllib3.connectionpool][DEBUG] - Starting new HTTPS connection (1): api.wandb.ai:443
[2025-07-06 20:41:31,468][urllib3.connectionpool][DEBUG] - https://api.wandb.ai:443 "POST /graphql HTTP/11" 200 None
[2025-07-06 20:41:31,473][urllib3.connectionpool][DEBUG] - Starting new HTTPS connection (1): api.wandb.ai:443
[2025-07-06 20:41:31,683][urllib3.connectionpool][DEBUG] - https://api.wandb.ai:443 "POST /graphql HTTP/11" 200 None
[2025-07-06 20:41:31,687][urllib3.connectionpool][DEBUG] - Starting new HTTPS connection (1): api.wandb.ai:443
[2025-07-06 20:41:31,902][urllib3.connectionpool][DEBUG] - https://api.wandb.ai:443 "POST /graphql HTTP/11" 200 None
[2025-07-06 20:41:31,906][urllib3.connectionpool][DEBUG] - Starting new HTTPS connection (1): storage.googleapis.com:443
[2025-07-06 20:41:32,100][urllib3.connectionpool][DEBUG] - https://storage.googleapis.com:443 "GET /wandb-production.appspot.com/alesr_kth/PEG/pmn2qz7o/artifact/1861443767/wandb_manifest.json?X-Goog-Algorithm=GOOG4-RSA-SHA256&X-Goog-Credential=gorilla-files-url-signer-man%40wandb-production.iam.gserviceaccount.com%2F20250706%2Fauto%2Fstorage%2Fgoog4_request&X-Goog-Date=20250706T184131Z&X-Goog-Expires=3599&X-Goog-Signature=b9e23cad848c71a5deaf0a58b62b1be4e2a906a11fcbdcec023f65ebec61ecd61bfb6c222f8ace00f120e45b2688415728972147232895e36b7614761812ffad141fce686e3208dc26caeee47d86017954ff5efad241e89aaf7ab253bdea27fbde467fcd21b619ce4f709acf2c1f7749fbc18d66cf0bd8dd50e8b45101a5a4358073c32531d53b4ddcbe439a47dd4d226b6747a4572f7c3357fb81b809b132c43a964e9a1c13c7c26b85424c7b34e3f14cd56212139257ae5ca6fc722145938c68b7a3c20f7e63c06d06fd2ad86ce7fd89d0e1f4497698087313c2d307b92067a97c9cb45e22047ac8866f2536fb3617ef81cc48587671e7421f564d04f4671f&X-Goog-SignedHeaders=host&X-User=alesr HTTP/11" 200 342
[2025-07-06 20:41:32,147][urllib3.connectionpool][DEBUG] - Starting new HTTPS connection (1): api.wandb.ai:443
[2025-07-06 20:41:32,343][urllib3.connectionpool][DEBUG] - https://api.wandb.ai:443 "POST /graphql HTTP/11" 200 None
[2025-07-06 20:41:32,346][urllib3.connectionpool][DEBUG] - Starting new HTTPS connection (1): api.wandb.ai:443
[2025-07-06 20:41:32,516][urllib3.connectionpool][DEBUG] - https://api.wandb.ai:443 "POST /graphql HTTP/11" 200 None
[2025-07-06 20:41:32,520][urllib3.connectionpool][DEBUG] - Starting new HTTPS connection (1): api.wandb.ai:443
[2025-07-06 20:41:32,749][urllib3.connectionpool][DEBUG] - https://api.wandb.ai:443 "POST /graphql HTTP/11" 200 None
[2025-07-06 20:41:32,752][urllib3.connectionpool][DEBUG] - Starting new HTTPS connection (1): api.wandb.ai:443
[2025-07-06 20:41:32,950][urllib3.connectionpool][DEBUG] - https://api.wandb.ai:443 "POST /graphql HTTP/11" 200 None
[2025-07-06 20:41:32,954][urllib3.connectionpool][DEBUG] - Starting new HTTPS connection (1): storage.googleapis.com:443
[2025-07-06 20:41:33,141][urllib3.connectionpool][DEBUG] - https://storage.googleapis.com:443 "GET /wandb-production.appspot.com/alesr_kth/PEG/17z1e78b/artifact/1861430401/wandb_manifest.json?X-Goog-Algorithm=GOOG4-RSA-SHA256&X-Goog-Credential=gorilla-files-url-signer-man%40wandb-production.iam.gserviceaccount.com%2F20250706%2Fauto%2Fstorage%2Fgoog4_request&X-Goog-Date=20250706T184132Z&X-Goog-Expires=3599&X-Goog-Signature=01e56b62aa360772cf98e0c214b7a2f3c5be813af9f31ce7610e18c3ba94728fbba1a482625f94ee8c31399ec8e92d4532fd98fa980c2ba07c2c53f160573f2493562edb9ee183627635e0cea660e983d0cb226ca2a4b20fca2d2fb835e2362df2db9e5a86996562c5dcbc43ca06bfe9a21a8c75ef4c7714173e11f82f578373f780a321381206303f8e9da7c525d7d7836b263e1228b160fa3df5f1973c22a98ed402b8749699094dfc359978fb6e4a338d3d4ce0c7ad6ac5f14c3008286f51e924c5dc20c4f42aed4f259a5e1bc61a1178ff92880366b7e731902d1761ee1a35ffd6f4f468a5d93ee12be3a2bfb5ded6a9ab14a148e34f38e3731942413c4e&X-Goog-SignedHeaders=host&X-User=alesr HTTP/11" 200 346
[2025-07-06 20:41:33,191][urllib3.connectionpool][DEBUG] - Starting new HTTPS connection (1): api.wandb.ai:443
[2025-07-06 20:41:33,442][urllib3.connectionpool][DEBUG] - https://api.wandb.ai:443 "POST /graphql HTTP/11" 200 None
[2025-07-06 20:41:33,445][urllib3.connectionpool][DEBUG] - Starting new HTTPS connection (1): api.wandb.ai:443
[2025-07-06 20:41:33,620][urllib3.connectionpool][DEBUG] - https://api.wandb.ai:443 "POST /graphql HTTP/11" 200 None
[2025-07-06 20:41:33,624][urllib3.connectionpool][DEBUG] - Starting new HTTPS connection (1): api.wandb.ai:443
[2025-07-06 20:41:33,828][urllib3.connectionpool][DEBUG] - https://api.wandb.ai:443 "POST /graphql HTTP/11" 200 None
[2025-07-06 20:41:33,831][urllib3.connectionpool][DEBUG] - Starting new HTTPS connection (1): api.wandb.ai:443
[2025-07-06 20:41:34,017][urllib3.connectionpool][DEBUG] - https://api.wandb.ai:443 "POST /graphql HTTP/11" 200 None
[2025-07-06 20:41:34,020][urllib3.connectionpool][DEBUG] - Starting new HTTPS connection (1): storage.googleapis.com:443
[2025-07-06 20:41:34,218][urllib3.connectionpool][DEBUG] - https://storage.googleapis.com:443 "GET /wandb-production.appspot.com/alesr_kth/PEG/17z1e78b/artifact/1861430401/wandb_manifest.json?X-Goog-Algorithm=GOOG4-RSA-SHA256&X-Goog-Credential=gorilla-files-url-signer-man%40wandb-production.iam.gserviceaccount.com%2F20250706%2Fauto%2Fstorage%2Fgoog4_request&X-Goog-Date=20250706T184133Z&X-Goog-Expires=3599&X-Goog-Signature=28f0fe786eb8f78a874ab0bfbc140594548d06d2bd32fc3ebf88bb7e957a25f840e92156260e0a93e602e08d6641604f3dde274858f097e56e738b1660c7f5acaabbe45abbb66a5de9b2f80e5289a0901002de03af746fd3387c53487b0a90091cfe3320f6007b05edf0851dc4b5c3d7f80be58dcb872a99cc45d7be19e967396561d8411dedf3f1c086e1b94b2c3ecf2861e290485d5a7ecc06366968da5dfe2aa43b2fbdf7b22a5ccf73bd4a1782b0553174a6ab5d84dde80a757332c0977d2a6a51819546aae8205099770f867f636c064dac8c74861c92154b25f5646438aadfe1c421356234e2afc4679064b53554af67be5dc6ca2e8d967f1be30e9e8a&X-Goog-SignedHeaders=host&X-User=alesr HTTP/11" 200 346
[2025-07-06 20:41:35,343][root][INFO] - Eval at 8192 steps.
[2025-07-06 20:41:55,680][root][INFO] - Saved checkpoint to /home/alesr/Repositories/Omnidrones-PEG/wandb/run-20250706_204120-pqk6qg8b/files/checkpoint_8192.pt
[2025-07-06 20:41:55,703][urllib3.connectionpool][DEBUG] - Starting new HTTPS connection (1): api.wandb.ai:443
[2025-07-06 20:41:55,891][urllib3.connectionpool][DEBUG] - https://api.wandb.ai:443 "POST /graphql HTTP/11" 200 None
[2025-07-06 20:42:54,402][root][INFO] - Eval at 417792 steps.
[2025-07-06 20:44:11,009][root][INFO] - Eval at 827392 steps.
[2025-07-06 20:44:31,892][urllib3.connectionpool][DEBUG] - Starting new HTTPS connection (1): api.wandb.ai:443
[2025-07-06 20:44:32,092][urllib3.connectionpool][DEBUG] - https://api.wandb.ai:443 "POST /graphql HTTP/11" 200 None
[2025-07-06 20:45:29,054][root][INFO] - Eval at 1236992 steps.
[2025-07-06 20:46:47,904][root][INFO] - Eval at 1646592 steps.
[2025-07-06 20:47:08,270][root][INFO] - Saved checkpoint to /home/alesr/Repositories/Omnidrones-PEG/wandb/run-20250706_204120-pqk6qg8b/files/checkpoint_1646592.pt
[2025-07-06 20:47:08,292][urllib3.connectionpool][DEBUG] - Starting new HTTPS connection (1): api.wandb.ai:443
[2025-07-06 20:47:08,491][urllib3.connectionpool][DEBUG] - https://api.wandb.ai:443 "POST /graphql HTTP/11" 200 None
[2025-07-06 20:48:05,383][root][INFO] - Eval at 2056192 steps.
[2025-07-06 20:49:23,899][root][INFO] - Eval at 2465792 steps.
[2025-07-06 20:49:43,973][root][INFO] - Early stopping: evader_caught ≥ 0.98 3× in a row.
[2025-07-06 20:49:43,980][root][INFO] - Final Eval at 2465792 steps.
[2025-07-06 20:50:04,466][urllib3.connectionpool][DEBUG] - Starting new HTTPS connection (1): api.wandb.ai:443
[2025-07-06 20:50:04,665][urllib3.connectionpool][DEBUG] - https://api.wandb.ai:443 "POST /graphql HTTP/11" 200 None
[2025-07-06 20:50:04,670][root][INFO] - Saved checkpoint to /home/alesr/Repositories/Omnidrones-PEG/wandb/run-20250706_204120-pqk6qg8b/files/checkpoint_final.pt
