[2025-07-07 14:11:01,179][asyncio][DEBUG] - Using selector: EpollSelector
[2025-07-07 14:11:01,869][omni.kit.telemetry.impl.sentry_extension][INFO] - sentry is disabled for external build
[2025-07-07 14:11:01,870][omni.kit.telemetry.impl.sentry_extension][INFO] - sentry is disabled for external build
[2025-07-07 14:11:03,313][AutoNode][DEBUG] - Defining data type 'any' as 'Any'
[2025-07-07 14:11:03,313][AutoNode][DEBUG] - Defining data type 'bool' as 'Bool' and array 'BoolArray
[2025-07-07 14:11:03,313][AutoNode][DEBUG] - Defining data type 'bundle' as 'Bundle'
[2025-07-07 14:11:03,314][AutoNode][DEBUG] - Defining data type 'colord[3]' as 'Color3d' and array 'Color3dArray
[2025-07-07 14:11:03,314][AutoNode][DEBUG] - Defining data type 'colorf[3]' as 'Color3f' and array 'Color3fArray
[2025-07-07 14:11:03,314][AutoNode][DEBUG] - Defining data type 'colorh[3]' as 'Color3h' and array 'Color3hArray
[2025-07-07 14:11:03,314][AutoNode][DEBUG] - Defining data type 'colord[4]' as 'Color4d' and array 'Color4dArray
[2025-07-07 14:11:03,314][AutoNode][DEBUG] - Defining data type 'colorf[4]' as 'Color4f' and array 'Color4fArray
[2025-07-07 14:11:03,314][AutoNode][DEBUG] - Defining data type 'colorh[4]' as 'Color4h' and array 'Color4hArray
[2025-07-07 14:11:03,314][AutoNode][DEBUG] - Defining data type 'double' as 'Double' and array 'DoubleArray
[2025-07-07 14:11:03,314][AutoNode][DEBUG] - Defining data type 'double[2]' as 'Double2' and array 'Double2Array
[2025-07-07 14:11:03,314][AutoNode][DEBUG] - Defining data type 'double[3]' as 'Double3' and array 'Double3Array
[2025-07-07 14:11:03,314][AutoNode][DEBUG] - Defining data type 'double[4]' as 'Double4' and array 'Double4Array
[2025-07-07 14:11:03,314][AutoNode][DEBUG] - Defining data type 'execution' as 'Execution'
[2025-07-07 14:11:03,314][AutoNode][DEBUG] - Defining data type 'float' as 'Float' and array 'FloatArray
[2025-07-07 14:11:03,314][AutoNode][DEBUG] - Defining data type 'float[2]' as 'Float2' and array 'Float2Array
[2025-07-07 14:11:03,315][AutoNode][DEBUG] - Defining data type 'float[3]' as 'Float3' and array 'Float3Array
[2025-07-07 14:11:03,315][AutoNode][DEBUG] - Defining data type 'float[4]' as 'Float4' and array 'Float4Array
[2025-07-07 14:11:03,315][AutoNode][DEBUG] - Defining data type 'frame[4]' as 'Frame' and array 'FrameArray
[2025-07-07 14:11:03,315][AutoNode][DEBUG] - Defining data type 'half' as 'Half' and array 'HalfArray
[2025-07-07 14:11:03,315][AutoNode][DEBUG] - Defining data type 'half[2]' as 'Half2' and array 'Half2Array
[2025-07-07 14:11:03,315][AutoNode][DEBUG] - Defining data type 'half[3]' as 'Half3' and array 'Half3Array
[2025-07-07 14:11:03,315][AutoNode][DEBUG] - Defining data type 'half[4]' as 'Half4' and array 'Half4Array
[2025-07-07 14:11:03,315][AutoNode][DEBUG] - Defining data type 'int' as 'Int' and array 'IntArray
[2025-07-07 14:11:03,315][AutoNode][DEBUG] - Defining data type 'int[2]' as 'Int2' and array 'Int2Array
[2025-07-07 14:11:03,315][AutoNode][DEBUG] - Defining data type 'int[3]' as 'Int3' and array 'Int3Array
[2025-07-07 14:11:03,315][AutoNode][DEBUG] - Defining data type 'int[4]' as 'Int4' and array 'Int4Array
[2025-07-07 14:11:03,315][AutoNode][DEBUG] - Defining data type 'int64' as 'Int64' and array 'Int64Array
[2025-07-07 14:11:03,315][AutoNode][DEBUG] - Defining data type 'matrixd[2]' as 'Matrix2d' and array 'Matrix2dArray
[2025-07-07 14:11:03,316][AutoNode][DEBUG] - Defining data type 'matrixd[3]' as 'Matrix3d' and array 'Matrix3dArray
[2025-07-07 14:11:03,316][AutoNode][DEBUG] - Defining data type 'matrixd[4]' as 'Matrix4d' and array 'Matrix4dArray
[2025-07-07 14:11:03,316][AutoNode][DEBUG] - Defining data type 'normald[3]' as 'Normal3d' and array 'Normal3dArray
[2025-07-07 14:11:03,316][AutoNode][DEBUG] - Defining data type 'normalf[3]' as 'Normal3f' and array 'Normal3fArray
[2025-07-07 14:11:03,316][AutoNode][DEBUG] - Defining data type 'normalh[3]' as 'Normal3h' and array 'Normal3hArray
[2025-07-07 14:11:03,316][AutoNode][DEBUG] - Defining data type 'objectId' as 'ObjectId' and array 'ObjectIdArray
[2025-07-07 14:11:03,316][AutoNode][DEBUG] - Defining data type 'path' as 'Path'
[2025-07-07 14:11:03,316][AutoNode][DEBUG] - Defining data type 'pointd[3]' as 'Point3d' and array 'Point3dArray
[2025-07-07 14:11:03,316][AutoNode][DEBUG] - Defining data type 'pointf[3]' as 'Point3f' and array 'Point3fArray
[2025-07-07 14:11:03,316][AutoNode][DEBUG] - Defining data type 'pointh[3]' as 'Point3h' and array 'Point3hArray
[2025-07-07 14:11:03,316][AutoNode][DEBUG] - Defining data type 'quatd[4]' as 'Quatd' and array 'QuatdArray
[2025-07-07 14:11:03,316][AutoNode][DEBUG] - Defining data type 'quatf[4]' as 'Quatf' and array 'QuatfArray
[2025-07-07 14:11:03,316][AutoNode][DEBUG] - Defining data type 'quath[4]' as 'Quath' and array 'QuathArray
[2025-07-07 14:11:03,316][AutoNode][DEBUG] - Defining data type 'string' as 'String'
[2025-07-07 14:11:03,317][AutoNode][DEBUG] - Defining data type 'target' as 'Target'
[2025-07-07 14:11:03,317][AutoNode][DEBUG] - Defining data type 'texcoordd[2]' as 'TexCoord2d' and array 'TexCoord2dArray
[2025-07-07 14:11:03,317][AutoNode][DEBUG] - Defining data type 'texcoordf[2]' as 'TexCoord2f' and array 'TexCoord2fArray
[2025-07-07 14:11:03,317][AutoNode][DEBUG] - Defining data type 'texcoordh[2]' as 'TexCoord2h' and array 'TexCoord2hArray
[2025-07-07 14:11:03,317][AutoNode][DEBUG] - Defining data type 'texcoordd[3]' as 'TexCoord3d' and array 'TexCoord3dArray
[2025-07-07 14:11:03,317][AutoNode][DEBUG] - Defining data type 'texcoordf[3]' as 'TexCoord3f' and array 'TexCoord3fArray
[2025-07-07 14:11:03,317][AutoNode][DEBUG] - Defining data type 'texcoordh[3]' as 'TexCoord3h' and array 'TexCoord3hArray
[2025-07-07 14:11:03,317][AutoNode][DEBUG] - Defining data type 'timecode' as 'Timecode' and array 'TimecodeArray
[2025-07-07 14:11:03,317][AutoNode][DEBUG] - Defining data type 'token' as 'Token' and array 'TokenArray
[2025-07-07 14:11:03,317][AutoNode][DEBUG] - Defining data type 'uchar' as 'UChar' and array 'UCharArray
[2025-07-07 14:11:03,317][AutoNode][DEBUG] - Defining data type 'uint' as 'UInt' and array 'UIntArray
[2025-07-07 14:11:03,317][AutoNode][DEBUG] - Defining data type 'uint64' as 'UInt64' and array 'UInt64Array
[2025-07-07 14:11:03,317][AutoNode][DEBUG] - Defining data type 'vectord[3]' as 'Vector3d' and array 'Vector3dArray
[2025-07-07 14:11:03,317][AutoNode][DEBUG] - Defining data type 'vectorf[3]' as 'Vector3f' and array 'Vector3fArray
[2025-07-07 14:11:03,318][AutoNode][DEBUG] - Defining data type 'vectorh[3]' as 'Vector3h' and array 'Vector3hArray
[2025-07-07 14:11:06,273][omni.kit.profiler.window][WARNING] - remove _SpanInstance.__lt__ and use insort 'key' arg instead
[2025-07-07 14:11:10,075][git.cmd][DEBUG] - Popen(['git', 'rev-parse', '--show-toplevel'], cwd=/home/alesr/Repositories/Omnidrones-PEG, stdin=None, shell=False, universal_newlines=False)
[2025-07-07 14:11:10,197][urllib3.connectionpool][DEBUG] - Starting new HTTPS connection (1): api.wandb.ai:443
[2025-07-07 14:11:10,371][urllib3.connectionpool][DEBUG] - https://api.wandb.ai:443 "POST /graphql HTTP/11" 200 None
[2025-07-07 14:11:10,376][urllib3.connectionpool][DEBUG] - Starting new HTTPS connection (1): api.wandb.ai:443
[2025-07-07 14:11:10,546][urllib3.connectionpool][DEBUG] - https://api.wandb.ai:443 "POST /graphql HTTP/11" 200 None
[2025-07-07 14:11:10,566][git.cmd][DEBUG] - Popen(['git', 'cat-file', '--batch-check'], cwd=/home/alesr/Repositories/Omnidrones-PEG, stdin=<valid stream>, shell=False, universal_newlines=False)
[2025-07-07 14:11:14,727][root][INFO] - Reading pursuer's params from /home/alesr/Repositories/Omnidrones-PEG/omni_drones/robots/assets/usd/hummingbird.yaml.
[2025-07-07 14:11:14,747][root][INFO] - Reading evader's params from /home/alesr/Repositories/Omnidrones-PEG/omni_drones/robots/assets/usd/hummingbird.yaml.
[2025-07-07 14:11:21,617][root][INFO] - Default parameters:
Mass: [[0.6800000071525574]]
Inertia: [[0.007000000681728125, 0.007000000681728125, 0.011999999172985554]]
Thrust2Weight: [[0.8999204039573669, 0.8999204039573669, 0.8999204039573669, 0.8999204039573669]]
Force2Moment: [[62.499996185302734, 62.499996185302734, 62.499996185302734, 62.499996185302734]]
[2025-07-07 14:11:22,698][root][INFO] - Default parameters:
Mass: [[0.6800000071525574]]
Inertia: [[0.007000000681728125, 0.007000000681728125, 0.011999999172985554]]
Thrust2Weight: [[0.8999204039573669, 0.8999204039573669, 0.8999204039573669, 0.8999204039573669]]
Force2Moment: [[62.499996185302734, 62.499996185302734, 62.499996185302734, 62.499996185302734]]
[2025-07-07 14:11:22,754][root][INFO] - Setup randomization:
{'train': {'drag_coef': Uniform(low: 0.0, high: 0.12399999797344208),
           'force2moment': Uniform(low: torch.Size([1, 4]), high: torch.Size([1, 4])),
           'inertia': Uniform(low: torch.Size([1, 3]), high: torch.Size([1, 3])),
           'mass': Uniform(low: tensor([[0.1768]], device='cuda:0'), high: tensor([[1.1832]], device='cuda:0')),
           'thrust2weight': Uniform(low: torch.Size([1, 4]), high: torch.Size([1, 4]))}}
[2025-07-07 14:11:22,759][root][INFO] - Setup randomization:
{'train': {'drag_coef': Uniform(low: 0.0, high: 0.12399999797344208),
           'force2moment': Uniform(low: torch.Size([1, 4]), high: torch.Size([1, 4])),
           'inertia': Uniform(low: torch.Size([1, 3]), high: torch.Size([1, 3])),
           'mass': Uniform(low: tensor([[0.1768]], device='cuda:0'), high: tensor([[1.1832]], device='cuda:0')),
           'thrust2weight': Uniform(low: torch.Size([1, 4]), high: torch.Size([1, 4]))}}
[2025-07-07 14:11:23,905][root][INFO] - Eval at 8192 steps.
[2025-07-07 14:11:38,989][root][INFO] - Saved checkpoint to /home/alesr/Repositories/Omnidrones-PEG/wandb/run-20250707_141110-gyu5mgcf/files/checkpoint_8192.pt
[2025-07-07 14:11:39,006][urllib3.connectionpool][DEBUG] - Starting new HTTPS connection (1): api.wandb.ai:443
[2025-07-07 14:11:39,184][urllib3.connectionpool][DEBUG] - https://api.wandb.ai:443 "POST /graphql HTTP/11" 200 None
[2025-07-07 14:12:35,719][root][INFO] - Eval at 417792 steps.
[2025-07-07 14:13:52,632][root][INFO] - Eval at 827392 steps.
[2025-07-07 14:14:11,488][root][INFO] - Saved checkpoint to /home/alesr/Repositories/Omnidrones-PEG/wandb/run-20250707_141110-gyu5mgcf/files/checkpoint_827392.pt
[2025-07-07 14:14:11,513][urllib3.connectionpool][DEBUG] - Starting new HTTPS connection (1): api.wandb.ai:443
[2025-07-07 14:14:11,699][urllib3.connectionpool][DEBUG] - https://api.wandb.ai:443 "POST /graphql HTTP/11" 200 None
[2025-07-07 14:15:08,199][root][INFO] - Eval at 1236992 steps.
[2025-07-07 14:16:17,433][root][INFO] - Eval at 1646592 steps.
[2025-07-07 14:16:33,296][root][INFO] - Saved checkpoint to /home/alesr/Repositories/Omnidrones-PEG/wandb/run-20250707_141110-gyu5mgcf/files/checkpoint_1646592.pt
[2025-07-07 14:16:33,311][urllib3.connectionpool][DEBUG] - Starting new HTTPS connection (1): api.wandb.ai:443
[2025-07-07 14:16:33,488][urllib3.connectionpool][DEBUG] - https://api.wandb.ai:443 "POST /graphql HTTP/11" 200 None
[2025-07-07 14:17:24,722][root][INFO] - Eval at 2056192 steps.
[2025-07-07 14:18:29,292][root][INFO] - Eval at 2465792 steps.
[2025-07-07 14:18:44,247][root][INFO] - Saved checkpoint to /home/alesr/Repositories/Omnidrones-PEG/wandb/run-20250707_141110-gyu5mgcf/files/checkpoint_2465792.pt
[2025-07-07 14:18:44,270][urllib3.connectionpool][DEBUG] - Starting new HTTPS connection (1): api.wandb.ai:443
[2025-07-07 14:18:44,474][urllib3.connectionpool][DEBUG] - https://api.wandb.ai:443 "POST /graphql HTTP/11" 200 None
[2025-07-07 14:19:33,026][root][INFO] - Eval at 2875392 steps.
[2025-07-07 14:20:35,505][root][INFO] - Eval at 3284992 steps.
[2025-07-07 14:20:50,514][root][INFO] - Saved checkpoint to /home/alesr/Repositories/Omnidrones-PEG/wandb/run-20250707_141110-gyu5mgcf/files/checkpoint_3284992.pt
[2025-07-07 14:20:50,537][urllib3.connectionpool][DEBUG] - Starting new HTTPS connection (1): api.wandb.ai:443
[2025-07-07 14:20:50,743][urllib3.connectionpool][DEBUG] - https://api.wandb.ai:443 "POST /graphql HTTP/11" 200 None
[2025-07-07 14:21:40,674][root][INFO] - Eval at 3694592 steps.
[2025-07-07 14:22:44,692][root][INFO] - Eval at 4104192 steps.
[2025-07-07 14:23:00,644][root][INFO] - Saved checkpoint to /home/alesr/Repositories/Omnidrones-PEG/wandb/run-20250707_141110-gyu5mgcf/files/checkpoint_4104192.pt
[2025-07-07 14:23:00,667][urllib3.connectionpool][DEBUG] - Starting new HTTPS connection (1): api.wandb.ai:443
[2025-07-07 14:23:00,845][urllib3.connectionpool][DEBUG] - https://api.wandb.ai:443 "POST /graphql HTTP/11" 200 None
[2025-07-07 14:23:50,891][root][INFO] - Eval at 4513792 steps.
[2025-07-07 14:25:00,353][root][INFO] - Eval at 4923392 steps.
[2025-07-07 14:25:16,604][root][INFO] - Saved checkpoint to /home/alesr/Repositories/Omnidrones-PEG/wandb/run-20250707_141110-gyu5mgcf/files/checkpoint_4923392.pt
[2025-07-07 14:25:16,630][urllib3.connectionpool][DEBUG] - Starting new HTTPS connection (1): api.wandb.ai:443
[2025-07-07 14:25:16,819][urllib3.connectionpool][DEBUG] - https://api.wandb.ai:443 "POST /graphql HTTP/11" 200 None
[2025-07-07 14:26:08,999][root][INFO] - Eval at 5332992 steps.
[2025-07-07 14:27:20,267][root][INFO] - Eval at 5742592 steps.
[2025-07-07 14:27:39,510][root][INFO] - Saved checkpoint to /home/alesr/Repositories/Omnidrones-PEG/wandb/run-20250707_141110-gyu5mgcf/files/checkpoint_5742592.pt
[2025-07-07 14:27:39,533][urllib3.connectionpool][DEBUG] - Starting new HTTPS connection (1): api.wandb.ai:443
[2025-07-07 14:27:39,721][urllib3.connectionpool][DEBUG] - https://api.wandb.ai:443 "POST /graphql HTTP/11" 200 None
[2025-07-07 14:28:34,868][root][INFO] - Eval at 6152192 steps.
[2025-07-07 14:29:48,642][root][INFO] - Eval at 6561792 steps.
[2025-07-07 14:30:06,499][root][INFO] - Saved checkpoint to /home/alesr/Repositories/Omnidrones-PEG/wandb/run-20250707_141110-gyu5mgcf/files/checkpoint_6561792.pt
[2025-07-07 14:30:06,521][urllib3.connectionpool][DEBUG] - Starting new HTTPS connection (1): api.wandb.ai:443
[2025-07-07 14:30:06,714][urllib3.connectionpool][DEBUG] - https://api.wandb.ai:443 "POST /graphql HTTP/11" 200 None
[2025-07-07 14:31:03,115][root][INFO] - Eval at 6971392 steps.
[2025-07-07 14:32:17,188][root][INFO] - Eval at 7380992 steps.
[2025-07-07 14:32:35,181][root][INFO] - Saved checkpoint to /home/alesr/Repositories/Omnidrones-PEG/wandb/run-20250707_141110-gyu5mgcf/files/checkpoint_7380992.pt
[2025-07-07 14:32:35,207][urllib3.connectionpool][DEBUG] - Starting new HTTPS connection (1): api.wandb.ai:443
[2025-07-07 14:32:35,405][urllib3.connectionpool][DEBUG] - https://api.wandb.ai:443 "POST /graphql HTTP/11" 200 None
[2025-07-07 14:33:32,124][root][INFO] - Eval at 7790592 steps.
[2025-07-07 14:34:45,800][root][INFO] - Eval at 8200192 steps.
[2025-07-07 14:35:03,719][root][INFO] - Saved checkpoint to /home/alesr/Repositories/Omnidrones-PEG/wandb/run-20250707_141110-gyu5mgcf/files/checkpoint_8200192.pt
[2025-07-07 14:35:03,737][urllib3.connectionpool][DEBUG] - Starting new HTTPS connection (1): api.wandb.ai:443
[2025-07-07 14:35:03,924][urllib3.connectionpool][DEBUG] - https://api.wandb.ai:443 "POST /graphql HTTP/11" 200 None
[2025-07-07 14:35:57,855][root][INFO] - Eval at 8609792 steps.
[2025-07-07 14:37:09,574][root][INFO] - Eval at 9019392 steps.
[2025-07-07 14:37:26,629][root][INFO] - Saved checkpoint to /home/alesr/Repositories/Omnidrones-PEG/wandb/run-20250707_141110-gyu5mgcf/files/checkpoint_9019392.pt
[2025-07-07 14:37:26,652][urllib3.connectionpool][DEBUG] - Starting new HTTPS connection (1): api.wandb.ai:443
[2025-07-07 14:37:26,845][urllib3.connectionpool][DEBUG] - https://api.wandb.ai:443 "POST /graphql HTTP/11" 200 None
[2025-07-07 14:38:21,558][root][INFO] - Eval at 9428992 steps.
[2025-07-07 14:39:31,029][root][INFO] - Eval at 9838592 steps.
[2025-07-07 14:39:46,836][root][INFO] - Saved checkpoint to /home/alesr/Repositories/Omnidrones-PEG/wandb/run-20250707_141110-gyu5mgcf/files/checkpoint_9838592.pt
[2025-07-07 14:39:46,858][urllib3.connectionpool][DEBUG] - Starting new HTTPS connection (1): api.wandb.ai:443
[2025-07-07 14:39:47,063][urllib3.connectionpool][DEBUG] - https://api.wandb.ai:443 "POST /graphql HTTP/11" 200 None
[2025-07-07 14:40:39,425][root][INFO] - Eval at 10248192 steps.
[2025-07-07 14:40:55,489][root][INFO] - Saved best checkpoint to /home/alesr/Repositories/Omnidrones-PEG/wandb/run-20250707_141110-gyu5mgcf/files/checkpoint_best.pt
[2025-07-07 14:40:55,513][urllib3.connectionpool][DEBUG] - Starting new HTTPS connection (1): api.wandb.ai:443
[2025-07-07 14:40:55,719][urllib3.connectionpool][DEBUG] - https://api.wandb.ai:443 "POST /graphql HTTP/11" 200 None
[2025-07-07 14:41:55,351][root][INFO] - Eval at 10657792 steps.
[2025-07-07 14:42:11,430][root][INFO] - Saved checkpoint to /home/alesr/Repositories/Omnidrones-PEG/wandb/run-20250707_141110-gyu5mgcf/files/checkpoint_10657792.pt
[2025-07-07 14:42:11,453][urllib3.connectionpool][DEBUG] - Starting new HTTPS connection (1): api.wandb.ai:443
[2025-07-07 14:42:11,649][urllib3.connectionpool][DEBUG] - https://api.wandb.ai:443 "POST /graphql HTTP/11" 200 None
[2025-07-07 14:43:01,775][root][INFO] - Eval at 11067392 steps.
[2025-07-07 14:44:08,219][root][INFO] - Eval at 11476992 steps.
[2025-07-07 14:44:24,766][root][INFO] - Saved checkpoint to /home/alesr/Repositories/Omnidrones-PEG/wandb/run-20250707_141110-gyu5mgcf/files/checkpoint_11476992.pt
[2025-07-07 14:44:24,784][urllib3.connectionpool][DEBUG] - Starting new HTTPS connection (1): api.wandb.ai:443
[2025-07-07 14:44:24,964][urllib3.connectionpool][DEBUG] - https://api.wandb.ai:443 "POST /graphql HTTP/11" 200 None
[2025-07-07 14:45:17,863][root][INFO] - Eval at 11886592 steps.
[2025-07-07 14:46:25,881][root][INFO] - Eval at 12296192 steps.
[2025-07-07 14:46:42,061][root][INFO] - Saved checkpoint to /home/alesr/Repositories/Omnidrones-PEG/wandb/run-20250707_141110-gyu5mgcf/files/checkpoint_12296192.pt
[2025-07-07 14:46:42,084][urllib3.connectionpool][DEBUG] - Starting new HTTPS connection (1): api.wandb.ai:443
[2025-07-07 14:46:42,283][urllib3.connectionpool][DEBUG] - https://api.wandb.ai:443 "POST /graphql HTTP/11" 200 None
[2025-07-07 14:47:35,503][root][INFO] - Eval at 12705792 steps.
[2025-07-07 14:48:44,876][root][INFO] - Eval at 13115392 steps.
[2025-07-07 14:49:01,693][root][INFO] - Saved checkpoint to /home/alesr/Repositories/Omnidrones-PEG/wandb/run-20250707_141110-gyu5mgcf/files/checkpoint_13115392.pt
[2025-07-07 14:49:01,715][urllib3.connectionpool][DEBUG] - Starting new HTTPS connection (1): api.wandb.ai:443
[2025-07-07 14:49:01,893][urllib3.connectionpool][DEBUG] - https://api.wandb.ai:443 "POST /graphql HTTP/11" 200 None
[2025-07-07 14:49:50,302][root][INFO] - Eval at 13524992 steps.
[2025-07-07 14:50:03,912][root][INFO] - Saved best checkpoint to /home/alesr/Repositories/Omnidrones-PEG/wandb/run-20250707_141110-gyu5mgcf/files/checkpoint_best.pt
[2025-07-07 14:50:03,927][urllib3.connectionpool][DEBUG] - Starting new HTTPS connection (1): api.wandb.ai:443
[2025-07-07 14:50:04,106][urllib3.connectionpool][DEBUG] - https://api.wandb.ai:443 "POST /graphql HTTP/11" 200 None
[2025-07-07 14:50:47,532][root][INFO] - Eval at 13934592 steps.
[2025-07-07 14:51:00,527][root][INFO] - Saved checkpoint to /home/alesr/Repositories/Omnidrones-PEG/wandb/run-20250707_141110-gyu5mgcf/files/checkpoint_13934592.pt
[2025-07-07 14:51:00,550][urllib3.connectionpool][DEBUG] - Starting new HTTPS connection (1): api.wandb.ai:443
[2025-07-07 14:51:00,744][urllib3.connectionpool][DEBUG] - https://api.wandb.ai:443 "POST /graphql HTTP/11" 200 None
[2025-07-07 14:51:44,677][root][INFO] - Eval at 14344192 steps.
[2025-07-07 14:52:41,358][root][INFO] - Eval at 14753792 steps.
[2025-07-07 14:52:54,940][root][INFO] - Saved checkpoint to /home/alesr/Repositories/Omnidrones-PEG/wandb/run-20250707_141110-gyu5mgcf/files/checkpoint_14753792.pt
[2025-07-07 14:52:54,954][urllib3.connectionpool][DEBUG] - Starting new HTTPS connection (1): api.wandb.ai:443
[2025-07-07 14:52:55,173][urllib3.connectionpool][DEBUG] - https://api.wandb.ai:443 "POST /graphql HTTP/11" 200 None
[2025-07-07 14:53:39,134][root][INFO] - Eval at 15163392 steps.
[2025-07-07 14:54:34,729][root][INFO] - Eval at 15572992 steps.
[2025-07-07 14:54:48,241][root][INFO] - Saved checkpoint to /home/alesr/Repositories/Omnidrones-PEG/wandb/run-20250707_141110-gyu5mgcf/files/checkpoint_15572992.pt
[2025-07-07 14:54:48,264][urllib3.connectionpool][DEBUG] - Starting new HTTPS connection (1): api.wandb.ai:443
[2025-07-07 14:54:48,443][urllib3.connectionpool][DEBUG] - https://api.wandb.ai:443 "POST /graphql HTTP/11" 200 None
[2025-07-07 14:55:35,152][root][INFO] - Eval at 15982592 steps.
[2025-07-07 14:56:33,511][root][INFO] - Eval at 16392192 steps.
[2025-07-07 14:56:47,089][root][INFO] - Saved checkpoint to /home/alesr/Repositories/Omnidrones-PEG/wandb/run-20250707_141110-gyu5mgcf/files/checkpoint_16392192.pt
[2025-07-07 14:56:47,114][urllib3.connectionpool][DEBUG] - Starting new HTTPS connection (1): api.wandb.ai:443
[2025-07-07 14:56:47,336][urllib3.connectionpool][DEBUG] - https://api.wandb.ai:443 "POST /graphql HTTP/11" 200 None
[2025-07-07 14:57:33,043][root][INFO] - Eval at 16801792 steps.
[2025-07-07 14:57:47,330][root][INFO] - Saved best checkpoint to /home/alesr/Repositories/Omnidrones-PEG/wandb/run-20250707_141110-gyu5mgcf/files/checkpoint_best.pt
[2025-07-07 14:57:47,349][urllib3.connectionpool][DEBUG] - Starting new HTTPS connection (1): api.wandb.ai:443
[2025-07-07 14:57:47,554][urllib3.connectionpool][DEBUG] - https://api.wandb.ai:443 "POST /graphql HTTP/11" 200 None
[2025-07-07 14:58:33,647][root][INFO] - Eval at 17211392 steps.
[2025-07-07 14:58:46,910][root][INFO] - Saved checkpoint to /home/alesr/Repositories/Omnidrones-PEG/wandb/run-20250707_141110-gyu5mgcf/files/checkpoint_17211392.pt
[2025-07-07 14:58:46,932][urllib3.connectionpool][DEBUG] - Starting new HTTPS connection (1): api.wandb.ai:443
[2025-07-07 14:58:47,161][urllib3.connectionpool][DEBUG] - https://api.wandb.ai:443 "POST /graphql HTTP/11" 200 None
[2025-07-07 14:59:32,125][root][INFO] - Eval at 17620992 steps.
[2025-07-07 15:00:31,657][root][INFO] - Eval at 18030592 steps.
[2025-07-07 15:00:45,489][root][INFO] - Saved checkpoint to /home/alesr/Repositories/Omnidrones-PEG/wandb/run-20250707_141110-gyu5mgcf/files/checkpoint_18030592.pt
[2025-07-07 15:00:45,516][urllib3.connectionpool][DEBUG] - Starting new HTTPS connection (1): api.wandb.ai:443
[2025-07-07 15:00:45,703][urllib3.connectionpool][DEBUG] - https://api.wandb.ai:443 "POST /graphql HTTP/11" 200 None
[2025-07-07 15:01:32,214][root][INFO] - Eval at 18440192 steps.
[2025-07-07 15:02:30,906][root][INFO] - Eval at 18849792 steps.
[2025-07-07 15:02:45,602][root][INFO] - Saved checkpoint to /home/alesr/Repositories/Omnidrones-PEG/wandb/run-20250707_141110-gyu5mgcf/files/checkpoint_18849792.pt
[2025-07-07 15:02:45,625][urllib3.connectionpool][DEBUG] - Starting new HTTPS connection (1): api.wandb.ai:443
[2025-07-07 15:02:45,799][urllib3.connectionpool][DEBUG] - https://api.wandb.ai:443 "POST /graphql HTTP/11" 200 None
[2025-07-07 15:03:32,061][root][INFO] - Eval at 19259392 steps.
[2025-07-07 15:04:30,917][root][INFO] - Eval at 19668992 steps.
[2025-07-07 15:04:45,426][root][INFO] - Saved checkpoint to /home/alesr/Repositories/Omnidrones-PEG/wandb/run-20250707_141110-gyu5mgcf/files/checkpoint_19668992.pt
[2025-07-07 15:04:45,449][urllib3.connectionpool][DEBUG] - Starting new HTTPS connection (1): api.wandb.ai:443
[2025-07-07 15:04:45,649][urllib3.connectionpool][DEBUG] - https://api.wandb.ai:443 "POST /graphql HTTP/11" 200 None
[2025-07-07 15:05:23,026][root][INFO] - Final Eval at 19996672 steps.
[2025-07-07 15:05:37,083][urllib3.connectionpool][DEBUG] - Starting new HTTPS connection (1): api.wandb.ai:443
[2025-07-07 15:05:37,293][urllib3.connectionpool][DEBUG] - https://api.wandb.ai:443 "POST /graphql HTTP/11" 200 None
[2025-07-07 15:05:37,298][root][INFO] - Saved checkpoint to /home/alesr/Repositories/Omnidrones-PEG/wandb/run-20250707_141110-gyu5mgcf/files/checkpoint_final.pt
