[2025-07-08 15:30:14,898][asyncio][DEBUG] - Using selector: EpollSelector
[2025-07-08 15:30:15,669][omni.kit.telemetry.impl.sentry_extension][INFO] - sentry is disabled for external build
[2025-07-08 15:30:15,670][omni.kit.telemetry.impl.sentry_extension][INFO] - sentry is disabled for external build
[2025-07-08 15:30:16,725][AutoNode][DEBUG] - Defining data type 'any' as 'Any'
[2025-07-08 15:30:16,726][AutoNode][DEBUG] - Defining data type 'bool' as 'Bool' and array 'BoolArray
[2025-07-08 15:30:16,726][AutoNode][DEBUG] - Defining data type 'bundle' as 'Bundle'
[2025-07-08 15:30:16,726][AutoNode][DEBUG] - Defining data type 'colord[3]' as 'Color3d' and array 'Color3dArray
[2025-07-08 15:30:16,726][AutoNode][DEBUG] - Defining data type 'colorf[3]' as 'Color3f' and array 'Color3fArray
[2025-07-08 15:30:16,726][AutoNode][DEBUG] - Defining data type 'colorh[3]' as 'Color3h' and array 'Color3hArray
[2025-07-08 15:30:16,726][AutoNode][DEBUG] - Defining data type 'colord[4]' as 'Color4d' and array 'Color4dArray
[2025-07-08 15:30:16,726][AutoNode][DEBUG] - Defining data type 'colorf[4]' as 'Color4f' and array 'Color4fArray
[2025-07-08 15:30:16,726][AutoNode][DEBUG] - Defining data type 'colorh[4]' as 'Color4h' and array 'Color4hArray
[2025-07-08 15:30:16,727][AutoNode][DEBUG] - Defining data type 'double' as 'Double' and array 'DoubleArray
[2025-07-08 15:30:16,727][AutoNode][DEBUG] - Defining data type 'double[2]' as 'Double2' and array 'Double2Array
[2025-07-08 15:30:16,727][AutoNode][DEBUG] - Defining data type 'double[3]' as 'Double3' and array 'Double3Array
[2025-07-08 15:30:16,727][AutoNode][DEBUG] - Defining data type 'double[4]' as 'Double4' and array 'Double4Array
[2025-07-08 15:30:16,727][AutoNode][DEBUG] - Defining data type 'execution' as 'Execution'
[2025-07-08 15:30:16,727][AutoNode][DEBUG] - Defining data type 'float' as 'Float' and array 'FloatArray
[2025-07-08 15:30:16,727][AutoNode][DEBUG] - Defining data type 'float[2]' as 'Float2' and array 'Float2Array
[2025-07-08 15:30:16,727][AutoNode][DEBUG] - Defining data type 'float[3]' as 'Float3' and array 'Float3Array
[2025-07-08 15:30:16,727][AutoNode][DEBUG] - Defining data type 'float[4]' as 'Float4' and array 'Float4Array
[2025-07-08 15:30:16,727][AutoNode][DEBUG] - Defining data type 'frame[4]' as 'Frame' and array 'FrameArray
[2025-07-08 15:30:16,727][AutoNode][DEBUG] - Defining data type 'half' as 'Half' and array 'HalfArray
[2025-07-08 15:30:16,727][AutoNode][DEBUG] - Defining data type 'half[2]' as 'Half2' and array 'Half2Array
[2025-07-08 15:30:16,728][AutoNode][DEBUG] - Defining data type 'half[3]' as 'Half3' and array 'Half3Array
[2025-07-08 15:30:16,728][AutoNode][DEBUG] - Defining data type 'half[4]' as 'Half4' and array 'Half4Array
[2025-07-08 15:30:16,728][AutoNode][DEBUG] - Defining data type 'int' as 'Int' and array 'IntArray
[2025-07-08 15:30:16,728][AutoNode][DEBUG] - Defining data type 'int[2]' as 'Int2' and array 'Int2Array
[2025-07-08 15:30:16,728][AutoNode][DEBUG] - Defining data type 'int[3]' as 'Int3' and array 'Int3Array
[2025-07-08 15:30:16,728][AutoNode][DEBUG] - Defining data type 'int[4]' as 'Int4' and array 'Int4Array
[2025-07-08 15:30:16,728][AutoNode][DEBUG] - Defining data type 'int64' as 'Int64' and array 'Int64Array
[2025-07-08 15:30:16,728][AutoNode][DEBUG] - Defining data type 'matrixd[2]' as 'Matrix2d' and array 'Matrix2dArray
[2025-07-08 15:30:16,728][AutoNode][DEBUG] - Defining data type 'matrixd[3]' as 'Matrix3d' and array 'Matrix3dArray
[2025-07-08 15:30:16,728][AutoNode][DEBUG] - Defining data type 'matrixd[4]' as 'Matrix4d' and array 'Matrix4dArray
[2025-07-08 15:30:16,728][AutoNode][DEBUG] - Defining data type 'normald[3]' as 'Normal3d' and array 'Normal3dArray
[2025-07-08 15:30:16,728][AutoNode][DEBUG] - Defining data type 'normalf[3]' as 'Normal3f' and array 'Normal3fArray
[2025-07-08 15:30:16,729][AutoNode][DEBUG] - Defining data type 'normalh[3]' as 'Normal3h' and array 'Normal3hArray
[2025-07-08 15:30:16,729][AutoNode][DEBUG] - Defining data type 'objectId' as 'ObjectId' and array 'ObjectIdArray
[2025-07-08 15:30:16,729][AutoNode][DEBUG] - Defining data type 'path' as 'Path'
[2025-07-08 15:30:16,729][AutoNode][DEBUG] - Defining data type 'pointd[3]' as 'Point3d' and array 'Point3dArray
[2025-07-08 15:30:16,729][AutoNode][DEBUG] - Defining data type 'pointf[3]' as 'Point3f' and array 'Point3fArray
[2025-07-08 15:30:16,729][AutoNode][DEBUG] - Defining data type 'pointh[3]' as 'Point3h' and array 'Point3hArray
[2025-07-08 15:30:16,729][AutoNode][DEBUG] - Defining data type 'quatd[4]' as 'Quatd' and array 'QuatdArray
[2025-07-08 15:30:16,729][AutoNode][DEBUG] - Defining data type 'quatf[4]' as 'Quatf' and array 'QuatfArray
[2025-07-08 15:30:16,729][AutoNode][DEBUG] - Defining data type 'quath[4]' as 'Quath' and array 'QuathArray
[2025-07-08 15:30:16,729][AutoNode][DEBUG] - Defining data type 'string' as 'String'
[2025-07-08 15:30:16,729][AutoNode][DEBUG] - Defining data type 'target' as 'Target'
[2025-07-08 15:30:16,730][AutoNode][DEBUG] - Defining data type 'texcoordd[2]' as 'TexCoord2d' and array 'TexCoord2dArray
[2025-07-08 15:30:16,730][AutoNode][DEBUG] - Defining data type 'texcoordf[2]' as 'TexCoord2f' and array 'TexCoord2fArray
[2025-07-08 15:30:16,730][AutoNode][DEBUG] - Defining data type 'texcoordh[2]' as 'TexCoord2h' and array 'TexCoord2hArray
[2025-07-08 15:30:16,730][AutoNode][DEBUG] - Defining data type 'texcoordd[3]' as 'TexCoord3d' and array 'TexCoord3dArray
[2025-07-08 15:30:16,730][AutoNode][DEBUG] - Defining data type 'texcoordf[3]' as 'TexCoord3f' and array 'TexCoord3fArray
[2025-07-08 15:30:16,730][AutoNode][DEBUG] - Defining data type 'texcoordh[3]' as 'TexCoord3h' and array 'TexCoord3hArray
[2025-07-08 15:30:16,730][AutoNode][DEBUG] - Defining data type 'timecode' as 'Timecode' and array 'TimecodeArray
[2025-07-08 15:30:16,730][AutoNode][DEBUG] - Defining data type 'token' as 'Token' and array 'TokenArray
[2025-07-08 15:30:16,730][AutoNode][DEBUG] - Defining data type 'uchar' as 'UChar' and array 'UCharArray
[2025-07-08 15:30:16,730][AutoNode][DEBUG] - Defining data type 'uint' as 'UInt' and array 'UIntArray
[2025-07-08 15:30:16,730][AutoNode][DEBUG] - Defining data type 'uint64' as 'UInt64' and array 'UInt64Array
[2025-07-08 15:30:16,730][AutoNode][DEBUG] - Defining data type 'vectord[3]' as 'Vector3d' and array 'Vector3dArray
[2025-07-08 15:30:16,730][AutoNode][DEBUG] - Defining data type 'vectorf[3]' as 'Vector3f' and array 'Vector3fArray
[2025-07-08 15:30:16,731][AutoNode][DEBUG] - Defining data type 'vectorh[3]' as 'Vector3h' and array 'Vector3hArray
[2025-07-08 15:30:19,591][omni.kit.profiler.window][WARNING] - remove _SpanInstance.__lt__ and use insort 'key' arg instead
[2025-07-08 15:30:23,232][git.cmd][DEBUG] - Popen(['git', 'rev-parse', '--show-toplevel'], cwd=/home/alesr/Repositories/Omnidrones-PEG, stdin=None, shell=False, universal_newlines=False)
[2025-07-08 15:30:23,374][urllib3.connectionpool][DEBUG] - Starting new HTTPS connection (1): api.wandb.ai:443
[2025-07-08 15:30:23,562][urllib3.connectionpool][DEBUG] - https://api.wandb.ai:443 "POST /graphql HTTP/11" 200 None
[2025-07-08 15:30:23,566][urllib3.connectionpool][DEBUG] - Starting new HTTPS connection (1): api.wandb.ai:443
[2025-07-08 15:30:23,768][urllib3.connectionpool][DEBUG] - https://api.wandb.ai:443 "POST /graphql HTTP/11" 200 None
[2025-07-08 15:30:23,792][git.cmd][DEBUG] - Popen(['git', 'cat-file', '--batch-check'], cwd=/home/alesr/Repositories/Omnidrones-PEG, stdin=<valid stream>, shell=False, universal_newlines=False)
[2025-07-08 15:30:27,874][root][INFO] - Reading pursuer's params from /home/alesr/Repositories/Omnidrones-PEG/omni_drones/robots/assets/usd/hummingbird.yaml.
[2025-07-08 15:30:27,892][root][INFO] - Reading evader's params from /home/alesr/Repositories/Omnidrones-PEG/omni_drones/robots/assets/usd/hummingbird.yaml.
[2025-07-08 15:30:35,016][root][INFO] - Default parameters:
Mass: [[0.6800000071525574]]
Inertia: [[0.007000000681728125, 0.007000000681728125, 0.011999999172985554]]
Thrust2Weight: [[0.8999204039573669, 0.8999204039573669, 0.8999204039573669, 0.8999204039573669]]
Force2Moment: [[62.499996185302734, 62.499996185302734, 62.499996185302734, 62.499996185302734]]
[2025-07-08 15:30:36,161][root][INFO] - Default parameters:
Mass: [[0.6800000071525574]]
Inertia: [[0.007000000681728125, 0.007000000681728125, 0.011999999172985554]]
Thrust2Weight: [[0.8999204039573669, 0.8999204039573669, 0.8999204039573669, 0.8999204039573669]]
Force2Moment: [[62.499996185302734, 62.499996185302734, 62.499996185302734, 62.499996185302734]]
[2025-07-08 15:30:36,305][urllib3.connectionpool][DEBUG] - Starting new HTTPS connection (1): api.wandb.ai:443
[2025-07-08 15:30:36,493][urllib3.connectionpool][DEBUG] - https://api.wandb.ai:443 "POST /graphql HTTP/11" 200 None
[2025-07-08 15:30:36,497][urllib3.connectionpool][DEBUG] - Starting new HTTPS connection (1): api.wandb.ai:443
[2025-07-08 15:30:36,666][urllib3.connectionpool][DEBUG] - https://api.wandb.ai:443 "POST /graphql HTTP/11" 200 None
[2025-07-08 15:30:36,672][urllib3.connectionpool][DEBUG] - Starting new HTTPS connection (1): api.wandb.ai:443
[2025-07-08 15:30:36,999][urllib3.connectionpool][DEBUG] - https://api.wandb.ai:443 "POST /graphql HTTP/11" 200 None
[2025-07-08 15:30:37,004][urllib3.connectionpool][DEBUG] - Starting new HTTPS connection (1): api.wandb.ai:443
[2025-07-08 15:30:37,197][urllib3.connectionpool][DEBUG] - https://api.wandb.ai:443 "POST /graphql HTTP/11" 200 None
[2025-07-08 15:30:37,202][urllib3.connectionpool][DEBUG] - Starting new HTTPS connection (1): storage.googleapis.com:443
[2025-07-08 15:30:37,401][urllib3.connectionpool][DEBUG] - https://storage.googleapis.com:443 "GET /wandb-production.appspot.com/alesr_kth/PEG/a0lblyta/artifact/1865706192/wandb_manifest.json?X-Goog-Algorithm=GOOG4-RSA-SHA256&X-Goog-Credential=gorilla-files-url-signer-man%40wandb-production.iam.gserviceaccount.com%2F20250708%2Fauto%2Fstorage%2Fgoog4_request&X-Goog-Date=20250708T133037Z&X-Goog-Expires=3599&X-Goog-Signature=86caf34a3c317e9880abc78ad5c6ee46443a8468db8a695218b5788664a11ec580ccb08c473b3fcca1b9be6e8ef464c122d4d5351c3c9caab638aff73c6d284fcebec5382eb714ffb935a4ed860623df044622a8e406a941605361c32a63f952521f144119ddc0333bbc76c45c9edcc185d708cac3212ae1d6641b8048d130777cddb81550b80e111013bcef746d998e35236cb0ac207d47af4beeb6a498691df46cb23fa223c0a0fbce0697b9d0cdf9871f7821b9f3a29629cdcc32b6d2591db93897e2707da77adb1755792bfe7972fad037e8e7eba9218ce88a0260f5b0c401d5cff850eb0f7d6bb6067f9f222fcc52ac8a893bb8eeceb488b45756c51e99&X-Goog-SignedHeaders=host&X-User=alesr HTTP/11" 200 343
[2025-07-08 15:30:37,452][urllib3.connectionpool][DEBUG] - Starting new HTTPS connection (1): api.wandb.ai:443
[2025-07-08 15:30:37,654][urllib3.connectionpool][DEBUG] - https://api.wandb.ai:443 "POST /graphql HTTP/11" 200 None
[2025-07-08 15:30:37,657][urllib3.connectionpool][DEBUG] - Starting new HTTPS connection (1): api.wandb.ai:443
[2025-07-08 15:30:37,838][urllib3.connectionpool][DEBUG] - https://api.wandb.ai:443 "POST /graphql HTTP/11" 200 None
[2025-07-08 15:30:37,843][urllib3.connectionpool][DEBUG] - Starting new HTTPS connection (1): api.wandb.ai:443
[2025-07-08 15:30:38,060][urllib3.connectionpool][DEBUG] - https://api.wandb.ai:443 "POST /graphql HTTP/11" 200 None
[2025-07-08 15:30:38,064][urllib3.connectionpool][DEBUG] - Starting new HTTPS connection (1): api.wandb.ai:443
[2025-07-08 15:30:38,264][urllib3.connectionpool][DEBUG] - https://api.wandb.ai:443 "POST /graphql HTTP/11" 200 None
[2025-07-08 15:30:38,268][urllib3.connectionpool][DEBUG] - Starting new HTTPS connection (1): storage.googleapis.com:443
[2025-07-08 15:30:38,461][urllib3.connectionpool][DEBUG] - https://storage.googleapis.com:443 "GET /wandb-production.appspot.com/alesr_kth/PEG/umf248e9/artifact/1865711711/wandb_manifest.json?X-Goog-Algorithm=GOOG4-RSA-SHA256&X-Goog-Credential=gorilla-files-url-signer-man%40wandb-production.iam.gserviceaccount.com%2F20250708%2Fauto%2Fstorage%2Fgoog4_request&X-Goog-Date=20250708T133038Z&X-Goog-Expires=3599&X-Goog-Signature=b23331b191eaa79dd538af0e37f1e436a54d9726eda7a96a8687bbf8eb15dc8f44246853ab1f83617433c3cdd21680c88e91c0599d3c0f6b0032a146a57182b53a2a8ba04f3cbf4382f10c4071758551bc9879e70e79a110a51b5416de5b6a2aab52851a2263717e3203497cee73d9231d85dd859485aa5b31915b472fcb911ecca50abff980946231fe9257f5b8722c7df6c2d37f742c71ba823afc03692243713f5a2077d650234d525fb38b9f6a163e72f1de86c42b989e6c58001d19c045df0d63a0521879fd9805c4d5ee130acaf364a2d376823a58a5622a0c20794a6b75907cbb4e309c855a4f19375c0f58090256fd30e55fce42aeab83969397cf9b&X-Goog-SignedHeaders=host&X-User=alesr HTTP/11" 200 343
[2025-07-08 15:30:39,848][root][INFO] - Eval at 8192 steps.
[2025-07-08 15:31:01,109][root][INFO] - Saved checkpoint to /home/alesr/Repositories/Omnidrones-PEG/wandb/run-20250708_153023-ew0b4ura/files/checkpoint_8192.pt
[2025-07-08 15:31:01,132][urllib3.connectionpool][DEBUG] - Starting new HTTPS connection (1): api.wandb.ai:443
[2025-07-08 15:31:01,310][urllib3.connectionpool][DEBUG] - https://api.wandb.ai:443 "POST /graphql HTTP/11" 200 None
[2025-07-08 15:31:07,067][root][INFO] - Final Eval at 49152 steps.
[2025-07-08 15:31:29,690][urllib3.connectionpool][DEBUG] - Starting new HTTPS connection (1): api.wandb.ai:443
[2025-07-08 15:31:29,876][urllib3.connectionpool][DEBUG] - https://api.wandb.ai:443 "POST /graphql HTTP/11" 200 None
[2025-07-08 15:31:29,882][root][INFO] - Saved checkpoint to /home/alesr/Repositories/Omnidrones-PEG/wandb/run-20250708_153023-ew0b4ura/files/checkpoint_final.pt
