[2025-07-10 16:12:51,779][asyncio][DEBUG] - Using selector: EpollSelector
[2025-07-10 16:12:52,429][omni.kit.telemetry.impl.sentry_extension][INFO] - sentry is disabled for external build
[2025-07-10 16:12:52,429][omni.kit.telemetry.impl.sentry_extension][INFO] - sentry is disabled for external build
[2025-07-10 16:12:53,247][AutoNode][DEBUG] - Defining data type 'any' as 'Any'
[2025-07-10 16:12:53,247][AutoNode][DEBUG] - Defining data type 'bool' as 'Bool' and array 'BoolArray
[2025-07-10 16:12:53,247][AutoNode][DEBUG] - Defining data type 'bundle' as 'Bundle'
[2025-07-10 16:12:53,247][AutoNode][DEBUG] - Defining data type 'colord[3]' as 'Color3d' and array 'Color3dArray
[2025-07-10 16:12:53,247][AutoNode][DEBUG] - Defining data type 'colorf[3]' as 'Color3f' and array 'Color3fArray
[2025-07-10 16:12:53,247][AutoNode][DEBUG] - Defining data type 'colorh[3]' as 'Color3h' and array 'Color3hArray
[2025-07-10 16:12:53,247][AutoNode][DEBUG] - Defining data type 'colord[4]' as 'Color4d' and array 'Color4dArray
[2025-07-10 16:12:53,247][AutoNode][DEBUG] - Defining data type 'colorf[4]' as 'Color4f' and array 'Color4fArray
[2025-07-10 16:12:53,247][AutoNode][DEBUG] - Defining data type 'colorh[4]' as 'Color4h' and array 'Color4hArray
[2025-07-10 16:12:53,247][AutoNode][DEBUG] - Defining data type 'double' as 'Double' and array 'DoubleArray
[2025-07-10 16:12:53,247][AutoNode][DEBUG] - Defining data type 'double[2]' as 'Double2' and array 'Double2Array
[2025-07-10 16:12:53,247][AutoNode][DEBUG] - Defining data type 'double[3]' as 'Double3' and array 'Double3Array
[2025-07-10 16:12:53,247][AutoNode][DEBUG] - Defining data type 'double[4]' as 'Double4' and array 'Double4Array
[2025-07-10 16:12:53,247][AutoNode][DEBUG] - Defining data type 'execution' as 'Execution'
[2025-07-10 16:12:53,247][AutoNode][DEBUG] - Defining data type 'float' as 'Float' and array 'FloatArray
[2025-07-10 16:12:53,247][AutoNode][DEBUG] - Defining data type 'float[2]' as 'Float2' and array 'Float2Array
[2025-07-10 16:12:53,247][AutoNode][DEBUG] - Defining data type 'float[3]' as 'Float3' and array 'Float3Array
[2025-07-10 16:12:53,247][AutoNode][DEBUG] - Defining data type 'float[4]' as 'Float4' and array 'Float4Array
[2025-07-10 16:12:53,247][AutoNode][DEBUG] - Defining data type 'frame[4]' as 'Frame' and array 'FrameArray
[2025-07-10 16:12:53,247][AutoNode][DEBUG] - Defining data type 'half' as 'Half' and array 'HalfArray
[2025-07-10 16:12:53,247][AutoNode][DEBUG] - Defining data type 'half[2]' as 'Half2' and array 'Half2Array
[2025-07-10 16:12:53,247][AutoNode][DEBUG] - Defining data type 'half[3]' as 'Half3' and array 'Half3Array
[2025-07-10 16:12:53,247][AutoNode][DEBUG] - Defining data type 'half[4]' as 'Half4' and array 'Half4Array
[2025-07-10 16:12:53,247][AutoNode][DEBUG] - Defining data type 'int' as 'Int' and array 'IntArray
[2025-07-10 16:12:53,247][AutoNode][DEBUG] - Defining data type 'int[2]' as 'Int2' and array 'Int2Array
[2025-07-10 16:12:53,247][AutoNode][DEBUG] - Defining data type 'int[3]' as 'Int3' and array 'Int3Array
[2025-07-10 16:12:53,247][AutoNode][DEBUG] - Defining data type 'int[4]' as 'Int4' and array 'Int4Array
[2025-07-10 16:12:53,247][AutoNode][DEBUG] - Defining data type 'int64' as 'Int64' and array 'Int64Array
[2025-07-10 16:12:53,247][AutoNode][DEBUG] - Defining data type 'matrixd[2]' as 'Matrix2d' and array 'Matrix2dArray
[2025-07-10 16:12:53,247][AutoNode][DEBUG] - Defining data type 'matrixd[3]' as 'Matrix3d' and array 'Matrix3dArray
[2025-07-10 16:12:53,247][AutoNode][DEBUG] - Defining data type 'matrixd[4]' as 'Matrix4d' and array 'Matrix4dArray
[2025-07-10 16:12:53,247][AutoNode][DEBUG] - Defining data type 'normald[3]' as 'Normal3d' and array 'Normal3dArray
[2025-07-10 16:12:53,247][AutoNode][DEBUG] - Defining data type 'normalf[3]' as 'Normal3f' and array 'Normal3fArray
[2025-07-10 16:12:53,247][AutoNode][DEBUG] - Defining data type 'normalh[3]' as 'Normal3h' and array 'Normal3hArray
[2025-07-10 16:12:53,247][AutoNode][DEBUG] - Defining data type 'objectId' as 'ObjectId' and array 'ObjectIdArray
[2025-07-10 16:12:53,247][AutoNode][DEBUG] - Defining data type 'path' as 'Path'
[2025-07-10 16:12:53,247][AutoNode][DEBUG] - Defining data type 'pointd[3]' as 'Point3d' and array 'Point3dArray
[2025-07-10 16:12:53,247][AutoNode][DEBUG] - Defining data type 'pointf[3]' as 'Point3f' and array 'Point3fArray
[2025-07-10 16:12:53,247][AutoNode][DEBUG] - Defining data type 'pointh[3]' as 'Point3h' and array 'Point3hArray
[2025-07-10 16:12:53,247][AutoNode][DEBUG] - Defining data type 'quatd[4]' as 'Quatd' and array 'QuatdArray
[2025-07-10 16:12:53,247][AutoNode][DEBUG] - Defining data type 'quatf[4]' as 'Quatf' and array 'QuatfArray
[2025-07-10 16:12:53,247][AutoNode][DEBUG] - Defining data type 'quath[4]' as 'Quath' and array 'QuathArray
[2025-07-10 16:12:53,248][AutoNode][DEBUG] - Defining data type 'string' as 'String'
[2025-07-10 16:12:53,248][AutoNode][DEBUG] - Defining data type 'target' as 'Target'
[2025-07-10 16:12:53,248][AutoNode][DEBUG] - Defining data type 'texcoordd[2]' as 'TexCoord2d' and array 'TexCoord2dArray
[2025-07-10 16:12:53,248][AutoNode][DEBUG] - Defining data type 'texcoordf[2]' as 'TexCoord2f' and array 'TexCoord2fArray
[2025-07-10 16:12:53,248][AutoNode][DEBUG] - Defining data type 'texcoordh[2]' as 'TexCoord2h' and array 'TexCoord2hArray
[2025-07-10 16:12:53,248][AutoNode][DEBUG] - Defining data type 'texcoordd[3]' as 'TexCoord3d' and array 'TexCoord3dArray
[2025-07-10 16:12:53,248][AutoNode][DEBUG] - Defining data type 'texcoordf[3]' as 'TexCoord3f' and array 'TexCoord3fArray
[2025-07-10 16:12:53,248][AutoNode][DEBUG] - Defining data type 'texcoordh[3]' as 'TexCoord3h' and array 'TexCoord3hArray
[2025-07-10 16:12:53,248][AutoNode][DEBUG] - Defining data type 'timecode' as 'Timecode' and array 'TimecodeArray
[2025-07-10 16:12:53,248][AutoNode][DEBUG] - Defining data type 'token' as 'Token' and array 'TokenArray
[2025-07-10 16:12:53,248][AutoNode][DEBUG] - Defining data type 'uchar' as 'UChar' and array 'UCharArray
[2025-07-10 16:12:53,248][AutoNode][DEBUG] - Defining data type 'uint' as 'UInt' and array 'UIntArray
[2025-07-10 16:12:53,248][AutoNode][DEBUG] - Defining data type 'uint64' as 'UInt64' and array 'UInt64Array
[2025-07-10 16:12:53,248][AutoNode][DEBUG] - Defining data type 'vectord[3]' as 'Vector3d' and array 'Vector3dArray
[2025-07-10 16:12:53,248][AutoNode][DEBUG] - Defining data type 'vectorf[3]' as 'Vector3f' and array 'Vector3fArray
[2025-07-10 16:12:53,248][AutoNode][DEBUG] - Defining data type 'vectorh[3]' as 'Vector3h' and array 'Vector3hArray
[2025-07-10 16:12:55,058][omni.kit.profiler.window][WARNING] - remove _SpanInstance.__lt__ and use insort 'key' arg instead
[2025-07-10 16:12:58,302][git.cmd][DEBUG] - Popen(['git', 'rev-parse', '--show-toplevel'], cwd=/home/alesr/Repositories/Omnidrones-PEG, stdin=None, shell=False, universal_newlines=False)
[2025-07-10 16:12:58,374][urllib3.connectionpool][DEBUG] - Starting new HTTPS connection (1): api.wandb.ai:443
[2025-07-10 16:12:58,551][urllib3.connectionpool][DEBUG] - https://api.wandb.ai:443 "POST /graphql HTTP/11" 200 None
[2025-07-10 16:12:58,553][urllib3.connectionpool][DEBUG] - Starting new HTTPS connection (1): api.wandb.ai:443
[2025-07-10 16:12:58,760][urllib3.connectionpool][DEBUG] - https://api.wandb.ai:443 "POST /graphql HTTP/11" 200 None
[2025-07-10 16:12:58,771][git.cmd][DEBUG] - Popen(['git', 'cat-file', '--batch-check'], cwd=/home/alesr/Repositories/Omnidrones-PEG, stdin=<valid stream>, shell=False, universal_newlines=False)
[2025-07-10 16:13:01,676][root][INFO] - Reading pursuer's params from /home/alesr/Repositories/Omnidrones-PEG/omni_drones/robots/assets/usd/hummingbird.yaml.
[2025-07-10 16:13:01,685][root][INFO] - Reading evader's params from /home/alesr/Repositories/Omnidrones-PEG/omni_drones/robots/assets/usd/hummingbird.yaml.
[2025-07-10 16:13:07,730][root][INFO] - Default parameters:
Mass: [[0.6800000071525574]]
Inertia: [[0.007000000681728125, 0.007000000681728125, 0.011999999172985554]]
Thrust2Weight: [[0.8999204039573669, 0.8999204039573669, 0.8999204039573669, 0.8999204039573669]]
Force2Moment: [[62.499996185302734, 62.499996185302734, 62.499996185302734, 62.499996185302734]]
[2025-07-10 16:13:08,508][root][INFO] - Default parameters:
Mass: [[0.6800000071525574]]
Inertia: [[0.007000000681728125, 0.007000000681728125, 0.011999999172985554]]
Thrust2Weight: [[0.8999204039573669, 0.8999204039573669, 0.8999204039573669, 0.8999204039573669]]
Force2Moment: [[62.499996185302734, 62.499996185302734, 62.499996185302734, 62.499996185302734]]
[2025-07-10 16:13:09,659][root][INFO] - Eval at 8192 steps.
[2025-07-10 16:14:12,253][root][INFO] - Saved checkpoint to /home/alesr/Repositories/Omnidrones-PEG/wandb/run-20250710_161258-rk1vfbma/files/checkpoint_8192.pt
[2025-07-10 16:14:12,265][urllib3.connectionpool][DEBUG] - Starting new HTTPS connection (1): api.wandb.ai:443
[2025-07-10 16:14:12,484][urllib3.connectionpool][DEBUG] - https://api.wandb.ai:443 "POST /graphql HTTP/11" 200 None
[2025-07-10 16:14:56,490][root][INFO] - Eval at 417792 steps.
[2025-07-10 16:15:09,869][urllib3.connectionpool][DEBUG] - Starting new HTTPS connection (1): api.wandb.ai:443
[2025-07-10 16:15:10,066][urllib3.connectionpool][DEBUG] - https://api.wandb.ai:443 "POST /graphql HTTP/11" 200 None
[2025-07-10 16:15:51,720][root][INFO] - Eval at 827392 steps.
[2025-07-10 16:16:06,150][urllib3.connectionpool][DEBUG] - Starting new HTTPS connection (1): api.wandb.ai:443
[2025-07-10 16:16:06,360][urllib3.connectionpool][DEBUG] - https://api.wandb.ai:443 "POST /graphql HTTP/11" 200 None
[2025-07-10 16:16:47,426][root][INFO] - Eval at 1236992 steps.
[2025-07-10 16:17:00,974][urllib3.connectionpool][DEBUG] - Starting new HTTPS connection (1): api.wandb.ai:443
[2025-07-10 16:17:01,189][urllib3.connectionpool][DEBUG] - https://api.wandb.ai:443 "POST /graphql HTTP/11" 200 None
[2025-07-10 16:17:42,636][root][INFO] - Eval at 1646592 steps.
[2025-07-10 16:17:58,093][root][INFO] - Saved checkpoint to /home/alesr/Repositories/Omnidrones-PEG/wandb/run-20250710_161258-rk1vfbma/files/checkpoint_1646592.pt
[2025-07-10 16:17:58,106][urllib3.connectionpool][DEBUG] - Starting new HTTPS connection (1): api.wandb.ai:443
[2025-07-10 16:17:58,326][urllib3.connectionpool][DEBUG] - https://api.wandb.ai:443 "POST /graphql HTTP/11" 200 None
[2025-07-10 16:18:45,787][root][INFO] - Eval at 2056192 steps.
[2025-07-10 16:19:45,990][root][INFO] - Eval at 2465792 steps.
[2025-07-10 16:20:47,766][urllib3.connectionpool][DEBUG] - Starting new HTTPS connection (1): api.wandb.ai:443
[2025-07-10 16:20:47,946][urllib3.connectionpool][DEBUG] - https://api.wandb.ai:443 "POST /graphql HTTP/11" 200 None
[2025-07-10 16:21:28,949][root][INFO] - Eval at 2875392 steps.
[2025-07-10 16:22:21,664][root][INFO] - Eval at 3284992 steps.
[2025-07-10 16:22:34,616][root][INFO] - Saved checkpoint to /home/alesr/Repositories/Omnidrones-PEG/wandb/run-20250710_161258-rk1vfbma/files/checkpoint_3284992.pt
[2025-07-10 16:22:34,635][urllib3.connectionpool][DEBUG] - Starting new HTTPS connection (1): api.wandb.ai:443
[2025-07-10 16:22:34,852][urllib3.connectionpool][DEBUG] - https://api.wandb.ai:443 "POST /graphql HTTP/11" 200 None
[2025-07-10 16:23:14,556][root][INFO] - Eval at 3694592 steps.
[2025-07-10 16:24:08,226][root][INFO] - Eval at 4104192 steps.
[2025-07-10 16:25:01,051][root][INFO] - Eval at 4513792 steps.
[2025-07-10 16:25:55,768][root][INFO] - Eval at 4923392 steps.
[2025-07-10 16:26:53,967][root][INFO] - Saved checkpoint to /home/alesr/Repositories/Omnidrones-PEG/wandb/run-20250710_161258-rk1vfbma/files/checkpoint_4923392.pt
[2025-07-10 16:26:53,987][urllib3.connectionpool][DEBUG] - Starting new HTTPS connection (1): api.wandb.ai:443
[2025-07-10 16:26:54,194][urllib3.connectionpool][DEBUG] - https://api.wandb.ai:443 "POST /graphql HTTP/11" 200 None
[2025-07-10 16:27:35,103][root][INFO] - Eval at 5332992 steps.
[2025-07-10 16:28:29,000][root][INFO] - Eval at 5742592 steps.
[2025-07-10 16:29:22,124][root][INFO] - Eval at 6152192 steps.
[2025-07-10 16:30:14,901][root][INFO] - Eval at 6561792 steps.
[2025-07-10 16:30:28,627][root][INFO] - Saved checkpoint to /home/alesr/Repositories/Omnidrones-PEG/wandb/run-20250710_161258-rk1vfbma/files/checkpoint_6561792.pt
[2025-07-10 16:30:28,638][urllib3.connectionpool][DEBUG] - Starting new HTTPS connection (1): api.wandb.ai:443
[2025-07-10 16:30:28,859][urllib3.connectionpool][DEBUG] - https://api.wandb.ai:443 "POST /graphql HTTP/11" 200 None
[2025-07-10 16:31:07,296][root][INFO] - Eval at 6971392 steps.
[2025-07-10 16:31:57,956][root][INFO] - Eval at 7380992 steps.
[2025-07-10 16:33:33,972][root][INFO] - Eval at 7790592 steps.
[2025-07-10 16:34:25,467][root][INFO] - Eval at 8200192 steps.
[2025-07-10 16:34:38,512][root][INFO] - Saved checkpoint to /home/alesr/Repositories/Omnidrones-PEG/wandb/run-20250710_161258-rk1vfbma/files/checkpoint_8200192.pt
[2025-07-10 16:34:38,532][urllib3.connectionpool][DEBUG] - Starting new HTTPS connection (1): api.wandb.ai:443
[2025-07-10 16:34:38,717][urllib3.connectionpool][DEBUG] - https://api.wandb.ai:443 "POST /graphql HTTP/11" 200 None
[2025-07-10 16:35:16,868][root][INFO] - Eval at 8609792 steps.
[2025-07-10 16:36:10,275][root][INFO] - Eval at 9019392 steps.
[2025-07-10 16:37:03,211][root][INFO] - Eval at 9428992 steps.
[2025-07-10 16:37:55,459][root][INFO] - Eval at 9838592 steps.
[2025-07-10 16:38:54,211][root][INFO] - Saved checkpoint to /home/alesr/Repositories/Omnidrones-PEG/wandb/run-20250710_161258-rk1vfbma/files/checkpoint_9838592.pt
[2025-07-10 16:38:54,226][urllib3.connectionpool][DEBUG] - Starting new HTTPS connection (1): api.wandb.ai:443
[2025-07-10 16:38:54,430][urllib3.connectionpool][DEBUG] - https://api.wandb.ai:443 "POST /graphql HTTP/11" 200 None
[2025-07-10 16:39:36,933][root][INFO] - Eval at 10248192 steps.
[2025-07-10 16:40:29,312][root][INFO] - Eval at 10657792 steps.
[2025-07-10 16:41:20,647][root][INFO] - Eval at 11067392 steps.
[2025-07-10 16:42:19,793][root][INFO] - Eval at 11476992 steps.
[2025-07-10 16:42:35,162][root][INFO] - Saved checkpoint to /home/alesr/Repositories/Omnidrones-PEG/wandb/run-20250710_161258-rk1vfbma/files/checkpoint_11476992.pt
[2025-07-10 16:42:35,174][urllib3.connectionpool][DEBUG] - Starting new HTTPS connection (1): api.wandb.ai:443
[2025-07-10 16:42:35,374][urllib3.connectionpool][DEBUG] - https://api.wandb.ai:443 "POST /graphql HTTP/11" 200 None
[2025-07-10 16:43:16,913][root][INFO] - Eval at 11886592 steps.
[2025-07-10 16:44:09,912][root][INFO] - Eval at 12296192 steps.
[2025-07-10 16:45:55,144][root][INFO] - Eval at 12705792 steps.
[2025-07-10 16:46:54,021][root][INFO] - Eval at 13115392 steps.
[2025-07-10 16:47:08,385][root][INFO] - Saved checkpoint to /home/alesr/Repositories/Omnidrones-PEG/wandb/run-20250710_161258-rk1vfbma/files/checkpoint_13115392.pt
[2025-07-10 16:47:08,396][urllib3.connectionpool][DEBUG] - Starting new HTTPS connection (1): api.wandb.ai:443
[2025-07-10 16:47:08,614][urllib3.connectionpool][DEBUG] - https://api.wandb.ai:443 "POST /graphql HTTP/11" 200 None
[2025-07-10 16:47:50,896][root][INFO] - Eval at 13524992 steps.
[2025-07-10 16:48:45,608][root][INFO] - Eval at 13934592 steps.
[2025-07-10 16:49:41,593][root][INFO] - Eval at 14344192 steps.
[2025-07-10 16:50:36,580][root][INFO] - Eval at 14753792 steps.
[2025-07-10 16:51:37,547][root][INFO] - Saved checkpoint to /home/alesr/Repositories/Omnidrones-PEG/wandb/run-20250710_161258-rk1vfbma/files/checkpoint_14753792.pt
[2025-07-10 16:51:37,566][urllib3.connectionpool][DEBUG] - Starting new HTTPS connection (1): api.wandb.ai:443
[2025-07-10 16:51:37,778][urllib3.connectionpool][DEBUG] - https://api.wandb.ai:443 "POST /graphql HTTP/11" 200 None
[2025-07-10 16:52:18,626][root][INFO] - Eval at 15163392 steps.
[2025-07-10 16:53:17,055][root][INFO] - Eval at 15572992 steps.
[2025-07-10 16:54:15,883][root][INFO] - Eval at 15982592 steps.
[2025-07-10 16:55:15,085][root][INFO] - Eval at 16392192 steps.
[2025-07-10 16:55:29,820][root][INFO] - Saved checkpoint to /home/alesr/Repositories/Omnidrones-PEG/wandb/run-20250710_161258-rk1vfbma/files/checkpoint_16392192.pt
[2025-07-10 16:55:29,840][urllib3.connectionpool][DEBUG] - Starting new HTTPS connection (1): api.wandb.ai:443
[2025-07-10 16:55:30,021][urllib3.connectionpool][DEBUG] - https://api.wandb.ai:443 "POST /graphql HTTP/11" 200 None
[2025-07-10 16:56:13,445][root][INFO] - Eval at 16801792 steps.
[2025-07-10 16:57:12,586][root][INFO] - Eval at 17211392 steps.
[2025-07-10 16:58:57,960][root][INFO] - Eval at 17620992 steps.
[2025-07-10 16:59:56,207][root][INFO] - Eval at 18030592 steps.
[2025-07-10 17:00:11,058][root][INFO] - Saved checkpoint to /home/alesr/Repositories/Omnidrones-PEG/wandb/run-20250710_161258-rk1vfbma/files/checkpoint_18030592.pt
[2025-07-10 17:00:11,076][urllib3.connectionpool][DEBUG] - Starting new HTTPS connection (1): api.wandb.ai:443
[2025-07-10 17:00:11,275][urllib3.connectionpool][DEBUG] - https://api.wandb.ai:443 "POST /graphql HTTP/11" 200 None
[2025-07-10 17:00:54,359][root][INFO] - Eval at 18440192 steps.
[2025-07-10 17:01:52,213][root][INFO] - Eval at 18849792 steps.
[2025-07-10 17:02:51,575][root][INFO] - Eval at 19259392 steps.
[2025-07-10 17:03:49,747][root][INFO] - Eval at 19668992 steps.
[2025-07-10 17:04:51,554][root][INFO] - Saved checkpoint to /home/alesr/Repositories/Omnidrones-PEG/wandb/run-20250710_161258-rk1vfbma/files/checkpoint_19668992.pt
[2025-07-10 17:04:51,574][urllib3.connectionpool][DEBUG] - Starting new HTTPS connection (1): api.wandb.ai:443
[2025-07-10 17:04:51,781][urllib3.connectionpool][DEBUG] - https://api.wandb.ai:443 "POST /graphql HTTP/11" 200 None
[2025-07-10 17:05:27,636][root][INFO] - Final Eval at 19996672 steps.
[2025-07-10 17:06:29,400][urllib3.connectionpool][DEBUG] - Starting new HTTPS connection (1): api.wandb.ai:443
[2025-07-10 17:06:29,616][urllib3.connectionpool][DEBUG] - https://api.wandb.ai:443 "POST /graphql HTTP/11" 200 None
[2025-07-10 17:06:29,621][root][INFO] - Saved checkpoint to /home/alesr/Repositories/Omnidrones-PEG/wandb/run-20250710_161258-rk1vfbma/files/checkpoint_final.pt
