[2025-07-07 17:49:33,682][asyncio][DEBUG] - Using selector: EpollSelector
[2025-07-07 17:49:34,409][omni.kit.telemetry.impl.sentry_extension][INFO] - sentry is disabled for external build
[2025-07-07 17:49:34,410][omni.kit.telemetry.impl.sentry_extension][INFO] - sentry is disabled for external build
[2025-07-07 17:49:35,262][AutoNode][DEBUG] - Defining data type 'any' as 'Any'
[2025-07-07 17:49:35,262][AutoNode][DEBUG] - Defining data type 'bool' as 'Bool' and array 'BoolArray
[2025-07-07 17:49:35,262][AutoNode][DEBUG] - Defining data type 'bundle' as 'Bundle'
[2025-07-07 17:49:35,262][AutoNode][DEBUG] - Defining data type 'colord[3]' as 'Color3d' and array 'Color3dArray
[2025-07-07 17:49:35,262][AutoNode][DEBUG] - Defining data type 'colorf[3]' as 'Color3f' and array 'Color3fArray
[2025-07-07 17:49:35,262][AutoNode][DEBUG] - Defining data type 'colorh[3]' as 'Color3h' and array 'Color3hArray
[2025-07-07 17:49:35,262][AutoNode][DEBUG] - Defining data type 'colord[4]' as 'Color4d' and array 'Color4dArray
[2025-07-07 17:49:35,263][AutoNode][DEBUG] - Defining data type 'colorf[4]' as 'Color4f' and array 'Color4fArray
[2025-07-07 17:49:35,263][AutoNode][DEBUG] - Defining data type 'colorh[4]' as 'Color4h' and array 'Color4hArray
[2025-07-07 17:49:35,263][AutoNode][DEBUG] - Defining data type 'double' as 'Double' and array 'DoubleArray
[2025-07-07 17:49:35,263][AutoNode][DEBUG] - Defining data type 'double[2]' as 'Double2' and array 'Double2Array
[2025-07-07 17:49:35,263][AutoNode][DEBUG] - Defining data type 'double[3]' as 'Double3' and array 'Double3Array
[2025-07-07 17:49:35,263][AutoNode][DEBUG] - Defining data type 'double[4]' as 'Double4' and array 'Double4Array
[2025-07-07 17:49:35,263][AutoNode][DEBUG] - Defining data type 'execution' as 'Execution'
[2025-07-07 17:49:35,263][AutoNode][DEBUG] - Defining data type 'float' as 'Float' and array 'FloatArray
[2025-07-07 17:49:35,263][AutoNode][DEBUG] - Defining data type 'float[2]' as 'Float2' and array 'Float2Array
[2025-07-07 17:49:35,263][AutoNode][DEBUG] - Defining data type 'float[3]' as 'Float3' and array 'Float3Array
[2025-07-07 17:49:35,263][AutoNode][DEBUG] - Defining data type 'float[4]' as 'Float4' and array 'Float4Array
[2025-07-07 17:49:35,264][AutoNode][DEBUG] - Defining data type 'frame[4]' as 'Frame' and array 'FrameArray
[2025-07-07 17:49:35,264][AutoNode][DEBUG] - Defining data type 'half' as 'Half' and array 'HalfArray
[2025-07-07 17:49:35,264][AutoNode][DEBUG] - Defining data type 'half[2]' as 'Half2' and array 'Half2Array
[2025-07-07 17:49:35,264][AutoNode][DEBUG] - Defining data type 'half[3]' as 'Half3' and array 'Half3Array
[2025-07-07 17:49:35,264][AutoNode][DEBUG] - Defining data type 'half[4]' as 'Half4' and array 'Half4Array
[2025-07-07 17:49:35,264][AutoNode][DEBUG] - Defining data type 'int' as 'Int' and array 'IntArray
[2025-07-07 17:49:35,264][AutoNode][DEBUG] - Defining data type 'int[2]' as 'Int2' and array 'Int2Array
[2025-07-07 17:49:35,264][AutoNode][DEBUG] - Defining data type 'int[3]' as 'Int3' and array 'Int3Array
[2025-07-07 17:49:35,264][AutoNode][DEBUG] - Defining data type 'int[4]' as 'Int4' and array 'Int4Array
[2025-07-07 17:49:35,264][AutoNode][DEBUG] - Defining data type 'int64' as 'Int64' and array 'Int64Array
[2025-07-07 17:49:35,264][AutoNode][DEBUG] - Defining data type 'matrixd[2]' as 'Matrix2d' and array 'Matrix2dArray
[2025-07-07 17:49:35,265][AutoNode][DEBUG] - Defining data type 'matrixd[3]' as 'Matrix3d' and array 'Matrix3dArray
[2025-07-07 17:49:35,265][AutoNode][DEBUG] - Defining data type 'matrixd[4]' as 'Matrix4d' and array 'Matrix4dArray
[2025-07-07 17:49:35,265][AutoNode][DEBUG] - Defining data type 'normald[3]' as 'Normal3d' and array 'Normal3dArray
[2025-07-07 17:49:35,265][AutoNode][DEBUG] - Defining data type 'normalf[3]' as 'Normal3f' and array 'Normal3fArray
[2025-07-07 17:49:35,265][AutoNode][DEBUG] - Defining data type 'normalh[3]' as 'Normal3h' and array 'Normal3hArray
[2025-07-07 17:49:35,265][AutoNode][DEBUG] - Defining data type 'objectId' as 'ObjectId' and array 'ObjectIdArray
[2025-07-07 17:49:35,265][AutoNode][DEBUG] - Defining data type 'path' as 'Path'
[2025-07-07 17:49:35,265][AutoNode][DEBUG] - Defining data type 'pointd[3]' as 'Point3d' and array 'Point3dArray
[2025-07-07 17:49:35,265][AutoNode][DEBUG] - Defining data type 'pointf[3]' as 'Point3f' and array 'Point3fArray
[2025-07-07 17:49:35,265][AutoNode][DEBUG] - Defining data type 'pointh[3]' as 'Point3h' and array 'Point3hArray
[2025-07-07 17:49:35,266][AutoNode][DEBUG] - Defining data type 'quatd[4]' as 'Quatd' and array 'QuatdArray
[2025-07-07 17:49:35,266][AutoNode][DEBUG] - Defining data type 'quatf[4]' as 'Quatf' and array 'QuatfArray
[2025-07-07 17:49:35,266][AutoNode][DEBUG] - Defining data type 'quath[4]' as 'Quath' and array 'QuathArray
[2025-07-07 17:49:35,266][AutoNode][DEBUG] - Defining data type 'string' as 'String'
[2025-07-07 17:49:35,266][AutoNode][DEBUG] - Defining data type 'target' as 'Target'
[2025-07-07 17:49:35,266][AutoNode][DEBUG] - Defining data type 'texcoordd[2]' as 'TexCoord2d' and array 'TexCoord2dArray
[2025-07-07 17:49:35,266][AutoNode][DEBUG] - Defining data type 'texcoordf[2]' as 'TexCoord2f' and array 'TexCoord2fArray
[2025-07-07 17:49:35,266][AutoNode][DEBUG] - Defining data type 'texcoordh[2]' as 'TexCoord2h' and array 'TexCoord2hArray
[2025-07-07 17:49:35,266][AutoNode][DEBUG] - Defining data type 'texcoordd[3]' as 'TexCoord3d' and array 'TexCoord3dArray
[2025-07-07 17:49:35,266][AutoNode][DEBUG] - Defining data type 'texcoordf[3]' as 'TexCoord3f' and array 'TexCoord3fArray
[2025-07-07 17:49:35,267][AutoNode][DEBUG] - Defining data type 'texcoordh[3]' as 'TexCoord3h' and array 'TexCoord3hArray
[2025-07-07 17:49:35,267][AutoNode][DEBUG] - Defining data type 'timecode' as 'Timecode' and array 'TimecodeArray
[2025-07-07 17:49:35,267][AutoNode][DEBUG] - Defining data type 'token' as 'Token' and array 'TokenArray
[2025-07-07 17:49:35,267][AutoNode][DEBUG] - Defining data type 'uchar' as 'UChar' and array 'UCharArray
[2025-07-07 17:49:35,267][AutoNode][DEBUG] - Defining data type 'uint' as 'UInt' and array 'UIntArray
[2025-07-07 17:49:35,267][AutoNode][DEBUG] - Defining data type 'uint64' as 'UInt64' and array 'UInt64Array
[2025-07-07 17:49:35,267][AutoNode][DEBUG] - Defining data type 'vectord[3]' as 'Vector3d' and array 'Vector3dArray
[2025-07-07 17:49:35,267][AutoNode][DEBUG] - Defining data type 'vectorf[3]' as 'Vector3f' and array 'Vector3fArray
[2025-07-07 17:49:35,267][AutoNode][DEBUG] - Defining data type 'vectorh[3]' as 'Vector3h' and array 'Vector3hArray
[2025-07-07 17:49:38,021][omni.kit.profiler.window][WARNING] - remove _SpanInstance.__lt__ and use insort 'key' arg instead
[2025-07-07 17:49:41,421][git.cmd][DEBUG] - Popen(['git', 'rev-parse', '--show-toplevel'], cwd=/home/alesr/Repositories/Omnidrones-PEG, stdin=None, shell=False, universal_newlines=False)
[2025-07-07 17:49:41,552][urllib3.connectionpool][DEBUG] - Starting new HTTPS connection (1): api.wandb.ai:443
[2025-07-07 17:49:41,728][urllib3.connectionpool][DEBUG] - https://api.wandb.ai:443 "POST /graphql HTTP/11" 200 None
[2025-07-07 17:49:41,732][urllib3.connectionpool][DEBUG] - Starting new HTTPS connection (1): api.wandb.ai:443
[2025-07-07 17:49:41,944][urllib3.connectionpool][DEBUG] - https://api.wandb.ai:443 "POST /graphql HTTP/11" 200 None
[2025-07-07 17:49:41,961][git.cmd][DEBUG] - Popen(['git', 'cat-file', '--batch-check'], cwd=/home/alesr/Repositories/Omnidrones-PEG, stdin=<valid stream>, shell=False, universal_newlines=False)
[2025-07-07 17:49:45,911][root][INFO] - Reading pursuer's params from /home/alesr/Repositories/Omnidrones-PEG/omni_drones/robots/assets/usd/hummingbird.yaml.
[2025-07-07 17:49:45,929][root][INFO] - Reading evader's params from /home/alesr/Repositories/Omnidrones-PEG/omni_drones/robots/assets/usd/hummingbird.yaml.
[2025-07-07 17:49:52,228][root][INFO] - Default parameters:
Mass: [[0.6800000071525574]]
Inertia: [[0.007000000681728125, 0.007000000681728125, 0.011999999172985554]]
Thrust2Weight: [[0.8999204039573669, 0.8999204039573669, 0.8999204039573669, 0.8999204039573669]]
Force2Moment: [[62.499996185302734, 62.499996185302734, 62.499996185302734, 62.499996185302734]]
[2025-07-07 17:49:53,203][root][INFO] - Default parameters:
Mass: [[0.6800000071525574]]
Inertia: [[0.007000000681728125, 0.007000000681728125, 0.011999999172985554]]
Thrust2Weight: [[0.8999204039573669, 0.8999204039573669, 0.8999204039573669, 0.8999204039573669]]
Force2Moment: [[62.499996185302734, 62.499996185302734, 62.499996185302734, 62.499996185302734]]
[2025-07-07 17:49:53,247][root][INFO] - Setup randomization:
{'train': {'drag_coef': Uniform(low: 0.0, high: 0.12399999797344208),
           'force2moment': Uniform(low: torch.Size([1, 4]), high: torch.Size([1, 4])),
           'inertia': Uniform(low: torch.Size([1, 3]), high: torch.Size([1, 3])),
           'mass': Uniform(low: tensor([[0.1768]], device='cuda:0'), high: tensor([[1.1832]], device='cuda:0')),
           'thrust2weight': Uniform(low: torch.Size([1, 4]), high: torch.Size([1, 4]))}}
[2025-07-07 17:49:53,251][root][INFO] - Setup randomization:
{'train': {'drag_coef': Uniform(low: 0.0, high: 0.12399999797344208),
           'force2moment': Uniform(low: torch.Size([1, 4]), high: torch.Size([1, 4])),
           'inertia': Uniform(low: torch.Size([1, 3]), high: torch.Size([1, 3])),
           'mass': Uniform(low: tensor([[0.1768]], device='cuda:0'), high: tensor([[1.1832]], device='cuda:0')),
           'thrust2weight': Uniform(low: torch.Size([1, 4]), high: torch.Size([1, 4]))}}
[2025-07-07 17:49:54,340][root][INFO] - Eval at 8192 steps.
[2025-07-07 17:50:08,468][root][INFO] - Saved checkpoint to /home/alesr/Repositories/Omnidrones-PEG/wandb/run-20250707_174941-i1qug26d/files/checkpoint_8192.pt
[2025-07-07 17:50:08,478][urllib3.connectionpool][DEBUG] - Starting new HTTPS connection (1): api.wandb.ai:443
[2025-07-07 17:50:08,723][urllib3.connectionpool][DEBUG] - https://api.wandb.ai:443 "POST /graphql HTTP/11" 200 None
[2025-07-07 17:51:00,244][root][INFO] - Eval at 417792 steps.
[2025-07-07 17:52:11,272][root][INFO] - Eval at 827392 steps.
[2025-07-07 17:52:28,176][root][INFO] - Saved checkpoint to /home/alesr/Repositories/Omnidrones-PEG/wandb/run-20250707_174941-i1qug26d/files/checkpoint_827392.pt
[2025-07-07 17:52:28,184][urllib3.connectionpool][DEBUG] - Starting new HTTPS connection (1): api.wandb.ai:443
[2025-07-07 17:52:28,413][urllib3.connectionpool][DEBUG] - https://api.wandb.ai:443 "POST /graphql HTTP/11" 200 None
[2025-07-07 17:53:20,778][root][INFO] - Eval at 1236992 steps.
[2025-07-07 17:54:28,536][root][INFO] - Eval at 1646592 steps.
[2025-07-07 17:54:44,092][root][INFO] - Saved checkpoint to /home/alesr/Repositories/Omnidrones-PEG/wandb/run-20250707_174941-i1qug26d/files/checkpoint_1646592.pt
[2025-07-07 17:54:44,101][urllib3.connectionpool][DEBUG] - Starting new HTTPS connection (1): api.wandb.ai:443
[2025-07-07 17:54:44,312][urllib3.connectionpool][DEBUG] - https://api.wandb.ai:443 "POST /graphql HTTP/11" 200 None
[2025-07-07 17:55:31,603][root][INFO] - Eval at 2056192 steps.
[2025-07-07 17:56:31,878][root][INFO] - Eval at 2465792 steps.
[2025-07-07 17:56:46,261][root][INFO] - Saved checkpoint to /home/alesr/Repositories/Omnidrones-PEG/wandb/run-20250707_174941-i1qug26d/files/checkpoint_2465792.pt
[2025-07-07 17:56:46,268][urllib3.connectionpool][DEBUG] - Starting new HTTPS connection (1): api.wandb.ai:443
[2025-07-07 17:56:46,483][urllib3.connectionpool][DEBUG] - https://api.wandb.ai:443 "POST /graphql HTTP/11" 200 None
[2025-07-07 17:57:31,257][root][INFO] - Eval at 2875392 steps.
[2025-07-07 17:58:29,969][root][INFO] - Eval at 3284992 steps.
[2025-07-07 17:58:43,624][root][INFO] - Saved checkpoint to /home/alesr/Repositories/Omnidrones-PEG/wandb/run-20250707_174941-i1qug26d/files/checkpoint_3284992.pt
[2025-07-07 17:58:43,632][urllib3.connectionpool][DEBUG] - Starting new HTTPS connection (1): api.wandb.ai:443
[2025-07-07 17:58:43,844][urllib3.connectionpool][DEBUG] - https://api.wandb.ai:443 "POST /graphql HTTP/11" 200 None
[2025-07-07 17:59:29,432][root][INFO] - Eval at 3694592 steps.
[2025-07-07 18:00:28,710][root][INFO] - Eval at 4104192 steps.
[2025-07-07 18:00:43,139][root][INFO] - Saved checkpoint to /home/alesr/Repositories/Omnidrones-PEG/wandb/run-20250707_174941-i1qug26d/files/checkpoint_4104192.pt
[2025-07-07 18:00:43,147][urllib3.connectionpool][DEBUG] - Starting new HTTPS connection (1): api.wandb.ai:443
[2025-07-07 18:00:43,357][urllib3.connectionpool][DEBUG] - https://api.wandb.ai:443 "POST /graphql HTTP/11" 200 None
[2025-07-07 18:01:29,520][root][INFO] - Eval at 4513792 steps.
[2025-07-07 18:02:31,245][root][INFO] - Eval at 4923392 steps.
[2025-07-07 18:02:45,267][root][INFO] - Saved checkpoint to /home/alesr/Repositories/Omnidrones-PEG/wandb/run-20250707_174941-i1qug26d/files/checkpoint_4923392.pt
[2025-07-07 18:02:45,274][urllib3.connectionpool][DEBUG] - Starting new HTTPS connection (1): api.wandb.ai:443
[2025-07-07 18:02:45,460][urllib3.connectionpool][DEBUG] - https://api.wandb.ai:443 "POST /graphql HTTP/11" 200 None
[2025-07-07 18:03:31,507][root][INFO] - Eval at 5332992 steps.
[2025-07-07 18:04:30,923][root][INFO] - Eval at 5742592 steps.
[2025-07-07 18:04:45,487][root][INFO] - Saved checkpoint to /home/alesr/Repositories/Omnidrones-PEG/wandb/run-20250707_174941-i1qug26d/files/checkpoint_5742592.pt
[2025-07-07 18:04:45,494][urllib3.connectionpool][DEBUG] - Starting new HTTPS connection (1): api.wandb.ai:443
[2025-07-07 18:04:45,697][urllib3.connectionpool][DEBUG] - https://api.wandb.ai:443 "POST /graphql HTTP/11" 200 None
[2025-07-07 18:05:30,938][root][INFO] - Eval at 6152192 steps.
[2025-07-07 18:06:29,970][root][INFO] - Eval at 6561792 steps.
[2025-07-07 18:06:44,384][root][INFO] - Saved checkpoint to /home/alesr/Repositories/Omnidrones-PEG/wandb/run-20250707_174941-i1qug26d/files/checkpoint_6561792.pt
[2025-07-07 18:06:44,391][urllib3.connectionpool][DEBUG] - Starting new HTTPS connection (1): api.wandb.ai:443
[2025-07-07 18:06:44,624][urllib3.connectionpool][DEBUG] - https://api.wandb.ai:443 "POST /graphql HTTP/11" 200 None
[2025-07-07 18:07:29,400][root][INFO] - Eval at 6971392 steps.
[2025-07-07 18:08:28,756][root][INFO] - Eval at 7380992 steps.
[2025-07-07 18:08:43,547][root][INFO] - Saved checkpoint to /home/alesr/Repositories/Omnidrones-PEG/wandb/run-20250707_174941-i1qug26d/files/checkpoint_7380992.pt
[2025-07-07 18:08:43,555][urllib3.connectionpool][DEBUG] - Starting new HTTPS connection (1): api.wandb.ai:443
[2025-07-07 18:08:43,744][urllib3.connectionpool][DEBUG] - https://api.wandb.ai:443 "POST /graphql HTTP/11" 200 None
[2025-07-07 18:09:31,789][root][INFO] - Eval at 7790592 steps.
[2025-07-07 18:10:31,545][root][INFO] - Eval at 8200192 steps.
[2025-07-07 18:10:45,186][root][INFO] - Saved checkpoint to /home/alesr/Repositories/Omnidrones-PEG/wandb/run-20250707_174941-i1qug26d/files/checkpoint_8200192.pt
[2025-07-07 18:10:45,194][urllib3.connectionpool][DEBUG] - Starting new HTTPS connection (1): api.wandb.ai:443
[2025-07-07 18:10:45,373][urllib3.connectionpool][DEBUG] - https://api.wandb.ai:443 "POST /graphql HTTP/11" 200 None
[2025-07-07 18:11:31,091][root][INFO] - Eval at 8609792 steps.
[2025-07-07 18:12:30,974][root][INFO] - Eval at 9019392 steps.
[2025-07-07 18:12:44,517][root][INFO] - Saved checkpoint to /home/alesr/Repositories/Omnidrones-PEG/wandb/run-20250707_174941-i1qug26d/files/checkpoint_9019392.pt
[2025-07-07 18:12:44,524][urllib3.connectionpool][DEBUG] - Starting new HTTPS connection (1): api.wandb.ai:443
[2025-07-07 18:12:44,703][urllib3.connectionpool][DEBUG] - https://api.wandb.ai:443 "POST /graphql HTTP/11" 200 None
[2025-07-07 18:13:29,230][root][INFO] - Eval at 9428992 steps.
[2025-07-07 18:14:27,988][root][INFO] - Eval at 9838592 steps.
[2025-07-07 18:14:41,980][root][INFO] - Saved checkpoint to /home/alesr/Repositories/Omnidrones-PEG/wandb/run-20250707_174941-i1qug26d/files/checkpoint_9838592.pt
[2025-07-07 18:14:41,989][urllib3.connectionpool][DEBUG] - Starting new HTTPS connection (1): api.wandb.ai:443
[2025-07-07 18:14:42,224][urllib3.connectionpool][DEBUG] - https://api.wandb.ai:443 "POST /graphql HTTP/11" 200 None
[2025-07-07 18:15:25,660][root][INFO] - Eval at 10248192 steps.
[2025-07-07 18:15:39,371][root][INFO] - Saved best checkpoint to /home/alesr/Repositories/Omnidrones-PEG/wandb/run-20250707_174941-i1qug26d/files/checkpoint_best.pt
[2025-07-07 18:15:39,378][urllib3.connectionpool][DEBUG] - Starting new HTTPS connection (1): api.wandb.ai:443
[2025-07-07 18:15:39,587][urllib3.connectionpool][DEBUG] - https://api.wandb.ai:443 "POST /graphql HTTP/11" 200 None
[2025-07-07 18:16:24,479][root][INFO] - Eval at 10657792 steps.
[2025-07-07 18:16:38,735][root][INFO] - Saved checkpoint to /home/alesr/Repositories/Omnidrones-PEG/wandb/run-20250707_174941-i1qug26d/files/checkpoint_10657792.pt
[2025-07-07 18:16:38,743][urllib3.connectionpool][DEBUG] - Starting new HTTPS connection (1): api.wandb.ai:443
[2025-07-07 18:16:38,954][urllib3.connectionpool][DEBUG] - https://api.wandb.ai:443 "POST /graphql HTTP/11" 200 None
[2025-07-07 18:17:24,154][root][INFO] - Eval at 11067392 steps.
[2025-07-07 18:18:21,097][root][INFO] - Eval at 11476992 steps.
[2025-07-07 18:18:35,766][root][INFO] - Saved checkpoint to /home/alesr/Repositories/Omnidrones-PEG/wandb/run-20250707_174941-i1qug26d/files/checkpoint_11476992.pt
[2025-07-07 18:18:35,775][urllib3.connectionpool][DEBUG] - Starting new HTTPS connection (1): api.wandb.ai:443
[2025-07-07 18:18:35,970][urllib3.connectionpool][DEBUG] - https://api.wandb.ai:443 "POST /graphql HTTP/11" 200 None
[2025-07-07 18:19:20,291][root][INFO] - Eval at 11886592 steps.
[2025-07-07 18:20:17,870][root][INFO] - Eval at 12296192 steps.
[2025-07-07 18:20:32,754][root][INFO] - Saved checkpoint to /home/alesr/Repositories/Omnidrones-PEG/wandb/run-20250707_174941-i1qug26d/files/checkpoint_12296192.pt
[2025-07-07 18:20:32,763][urllib3.connectionpool][DEBUG] - Starting new HTTPS connection (1): api.wandb.ai:443
[2025-07-07 18:20:32,955][urllib3.connectionpool][DEBUG] - https://api.wandb.ai:443 "POST /graphql HTTP/11" 200 None
[2025-07-07 18:21:15,124][root][INFO] - Eval at 12705792 steps.
[2025-07-07 18:22:09,656][root][INFO] - Eval at 13115392 steps.
[2025-07-07 18:22:23,151][root][INFO] - Saved checkpoint to /home/alesr/Repositories/Omnidrones-PEG/wandb/run-20250707_174941-i1qug26d/files/checkpoint_13115392.pt
[2025-07-07 18:22:23,159][urllib3.connectionpool][DEBUG] - Starting new HTTPS connection (1): api.wandb.ai:443
[2025-07-07 18:22:23,363][urllib3.connectionpool][DEBUG] - https://api.wandb.ai:443 "POST /graphql HTTP/11" 200 None
[2025-07-07 18:23:05,944][root][INFO] - Eval at 13524992 steps.
[2025-07-07 18:23:19,099][root][INFO] - Saved best checkpoint to /home/alesr/Repositories/Omnidrones-PEG/wandb/run-20250707_174941-i1qug26d/files/checkpoint_best.pt
[2025-07-07 18:23:19,106][urllib3.connectionpool][DEBUG] - Starting new HTTPS connection (1): api.wandb.ai:443
[2025-07-07 18:23:19,283][urllib3.connectionpool][DEBUG] - https://api.wandb.ai:443 "POST /graphql HTTP/11" 200 None
[2025-07-07 18:24:02,687][root][INFO] - Eval at 13934592 steps.
[2025-07-07 18:24:16,058][root][INFO] - Saved checkpoint to /home/alesr/Repositories/Omnidrones-PEG/wandb/run-20250707_174941-i1qug26d/files/checkpoint_13934592.pt
[2025-07-07 18:24:16,066][urllib3.connectionpool][DEBUG] - Starting new HTTPS connection (1): api.wandb.ai:443
[2025-07-07 18:24:16,265][urllib3.connectionpool][DEBUG] - https://api.wandb.ai:443 "POST /graphql HTTP/11" 200 None
[2025-07-07 18:24:59,156][root][INFO] - Eval at 14344192 steps.
[2025-07-07 18:25:55,639][root][INFO] - Eval at 14753792 steps.
[2025-07-07 18:26:09,318][root][INFO] - Saved checkpoint to /home/alesr/Repositories/Omnidrones-PEG/wandb/run-20250707_174941-i1qug26d/files/checkpoint_14753792.pt
[2025-07-07 18:26:09,327][urllib3.connectionpool][DEBUG] - Starting new HTTPS connection (1): api.wandb.ai:443
[2025-07-07 18:26:09,546][urllib3.connectionpool][DEBUG] - https://api.wandb.ai:443 "POST /graphql HTTP/11" 200 None
[2025-07-07 18:26:51,795][root][INFO] - Eval at 15163392 steps.
[2025-07-07 18:27:48,481][root][INFO] - Eval at 15572992 steps.
[2025-07-07 18:28:02,687][root][INFO] - Saved checkpoint to /home/alesr/Repositories/Omnidrones-PEG/wandb/run-20250707_174941-i1qug26d/files/checkpoint_15572992.pt
[2025-07-07 18:28:02,695][urllib3.connectionpool][DEBUG] - Starting new HTTPS connection (1): api.wandb.ai:443
[2025-07-07 18:28:02,894][urllib3.connectionpool][DEBUG] - https://api.wandb.ai:443 "POST /graphql HTTP/11" 200 None
[2025-07-07 18:28:46,368][root][INFO] - Eval at 15982592 steps.
[2025-07-07 18:29:41,837][root][INFO] - Eval at 16392192 steps.
[2025-07-07 18:29:55,000][root][INFO] - Saved checkpoint to /home/alesr/Repositories/Omnidrones-PEG/wandb/run-20250707_174941-i1qug26d/files/checkpoint_16392192.pt
[2025-07-07 18:29:55,008][urllib3.connectionpool][DEBUG] - Starting new HTTPS connection (1): api.wandb.ai:443
[2025-07-07 18:29:55,229][urllib3.connectionpool][DEBUG] - https://api.wandb.ai:443 "POST /graphql HTTP/11" 200 None
[2025-07-07 18:30:37,745][root][INFO] - Eval at 16801792 steps.
[2025-07-07 18:30:50,544][root][INFO] - Saved best checkpoint to /home/alesr/Repositories/Omnidrones-PEG/wandb/run-20250707_174941-i1qug26d/files/checkpoint_best.pt
[2025-07-07 18:30:50,551][urllib3.connectionpool][DEBUG] - Starting new HTTPS connection (1): api.wandb.ai:443
[2025-07-07 18:30:50,761][urllib3.connectionpool][DEBUG] - https://api.wandb.ai:443 "POST /graphql HTTP/11" 200 None
[2025-07-07 18:31:33,546][root][INFO] - Eval at 17211392 steps.
[2025-07-07 18:31:46,130][root][INFO] - Saved checkpoint to /home/alesr/Repositories/Omnidrones-PEG/wandb/run-20250707_174941-i1qug26d/files/checkpoint_17211392.pt
[2025-07-07 18:31:46,138][urllib3.connectionpool][DEBUG] - Starting new HTTPS connection (1): api.wandb.ai:443
[2025-07-07 18:31:46,348][urllib3.connectionpool][DEBUG] - https://api.wandb.ai:443 "POST /graphql HTTP/11" 200 None
[2025-07-07 18:32:28,933][root][INFO] - Eval at 17620992 steps.
[2025-07-07 18:33:25,480][root][INFO] - Eval at 18030592 steps.
[2025-07-07 18:33:38,408][root][INFO] - Saved checkpoint to /home/alesr/Repositories/Omnidrones-PEG/wandb/run-20250707_174941-i1qug26d/files/checkpoint_18030592.pt
[2025-07-07 18:33:38,415][urllib3.connectionpool][DEBUG] - Starting new HTTPS connection (1): api.wandb.ai:443
[2025-07-07 18:33:38,595][urllib3.connectionpool][DEBUG] - https://api.wandb.ai:443 "POST /graphql HTTP/11" 200 None
[2025-07-07 18:34:20,282][root][INFO] - Eval at 18440192 steps.
[2025-07-07 18:35:15,791][root][INFO] - Eval at 18849792 steps.
[2025-07-07 18:35:28,816][root][INFO] - Saved checkpoint to /home/alesr/Repositories/Omnidrones-PEG/wandb/run-20250707_174941-i1qug26d/files/checkpoint_18849792.pt
[2025-07-07 18:35:28,823][urllib3.connectionpool][DEBUG] - Starting new HTTPS connection (1): api.wandb.ai:443
[2025-07-07 18:35:29,010][urllib3.connectionpool][DEBUG] - https://api.wandb.ai:443 "POST /graphql HTTP/11" 200 None
[2025-07-07 18:36:11,196][root][INFO] - Eval at 19259392 steps.
[2025-07-07 18:37:07,718][root][INFO] - Eval at 19668992 steps.
[2025-07-07 18:37:20,897][root][INFO] - Saved checkpoint to /home/alesr/Repositories/Omnidrones-PEG/wandb/run-20250707_174941-i1qug26d/files/checkpoint_19668992.pt
[2025-07-07 18:37:20,904][urllib3.connectionpool][DEBUG] - Starting new HTTPS connection (1): api.wandb.ai:443
[2025-07-07 18:37:21,143][urllib3.connectionpool][DEBUG] - https://api.wandb.ai:443 "POST /graphql HTTP/11" 200 None
[2025-07-07 18:37:55,868][root][INFO] - Final Eval at 19996672 steps.
[2025-07-07 18:38:08,779][urllib3.connectionpool][DEBUG] - Starting new HTTPS connection (1): api.wandb.ai:443
[2025-07-07 18:38:08,966][urllib3.connectionpool][DEBUG] - https://api.wandb.ai:443 "POST /graphql HTTP/11" 200 None
[2025-07-07 18:38:08,972][root][INFO] - Saved checkpoint to /home/alesr/Repositories/Omnidrones-PEG/wandb/run-20250707_174941-i1qug26d/files/checkpoint_final.pt
