[2025-07-05 19:08:18,100][asyncio][DEBUG] - Using selector: EpollSelector
[2025-07-05 19:08:18,833][omni.kit.telemetry.impl.sentry_extension][INFO] - sentry is disabled for external build
[2025-07-05 19:08:18,834][omni.kit.telemetry.impl.sentry_extension][INFO] - sentry is disabled for external build
[2025-07-05 19:08:19,847][AutoNode][DEBUG] - Defining data type 'any' as 'Any'
[2025-07-05 19:08:19,847][AutoNode][DEBUG] - Defining data type 'bool' as 'Bool' and array 'BoolArray
[2025-07-05 19:08:19,847][AutoNode][DEBUG] - Defining data type 'bundle' as 'Bundle'
[2025-07-05 19:08:19,848][AutoNode][DEBUG] - Defining data type 'colord[3]' as 'Color3d' and array 'Color3dArray
[2025-07-05 19:08:19,848][AutoNode][DEBUG] - Defining data type 'colorf[3]' as 'Color3f' and array 'Color3fArray
[2025-07-05 19:08:19,848][AutoNode][DEBUG] - Defining data type 'colorh[3]' as 'Color3h' and array 'Color3hArray
[2025-07-05 19:08:19,848][AutoNode][DEBUG] - Defining data type 'colord[4]' as 'Color4d' and array 'Color4dArray
[2025-07-05 19:08:19,848][AutoNode][DEBUG] - Defining data type 'colorf[4]' as 'Color4f' and array 'Color4fArray
[2025-07-05 19:08:19,848][AutoNode][DEBUG] - Defining data type 'colorh[4]' as 'Color4h' and array 'Color4hArray
[2025-07-05 19:08:19,848][AutoNode][DEBUG] - Defining data type 'double' as 'Double' and array 'DoubleArray
[2025-07-05 19:08:19,848][AutoNode][DEBUG] - Defining data type 'double[2]' as 'Double2' and array 'Double2Array
[2025-07-05 19:08:19,848][AutoNode][DEBUG] - Defining data type 'double[3]' as 'Double3' and array 'Double3Array
[2025-07-05 19:08:19,848][AutoNode][DEBUG] - Defining data type 'double[4]' as 'Double4' and array 'Double4Array
[2025-07-05 19:08:19,848][AutoNode][DEBUG] - Defining data type 'execution' as 'Execution'
[2025-07-05 19:08:19,848][AutoNode][DEBUG] - Defining data type 'float' as 'Float' and array 'FloatArray
[2025-07-05 19:08:19,848][AutoNode][DEBUG] - Defining data type 'float[2]' as 'Float2' and array 'Float2Array
[2025-07-05 19:08:19,848][AutoNode][DEBUG] - Defining data type 'float[3]' as 'Float3' and array 'Float3Array
[2025-07-05 19:08:19,848][AutoNode][DEBUG] - Defining data type 'float[4]' as 'Float4' and array 'Float4Array
[2025-07-05 19:08:19,848][AutoNode][DEBUG] - Defining data type 'frame[4]' as 'Frame' and array 'FrameArray
[2025-07-05 19:08:19,849][AutoNode][DEBUG] - Defining data type 'half' as 'Half' and array 'HalfArray
[2025-07-05 19:08:19,849][AutoNode][DEBUG] - Defining data type 'half[2]' as 'Half2' and array 'Half2Array
[2025-07-05 19:08:19,849][AutoNode][DEBUG] - Defining data type 'half[3]' as 'Half3' and array 'Half3Array
[2025-07-05 19:08:19,849][AutoNode][DEBUG] - Defining data type 'half[4]' as 'Half4' and array 'Half4Array
[2025-07-05 19:08:19,849][AutoNode][DEBUG] - Defining data type 'int' as 'Int' and array 'IntArray
[2025-07-05 19:08:19,849][AutoNode][DEBUG] - Defining data type 'int[2]' as 'Int2' and array 'Int2Array
[2025-07-05 19:08:19,849][AutoNode][DEBUG] - Defining data type 'int[3]' as 'Int3' and array 'Int3Array
[2025-07-05 19:08:19,849][AutoNode][DEBUG] - Defining data type 'int[4]' as 'Int4' and array 'Int4Array
[2025-07-05 19:08:19,849][AutoNode][DEBUG] - Defining data type 'int64' as 'Int64' and array 'Int64Array
[2025-07-05 19:08:19,849][AutoNode][DEBUG] - Defining data type 'matrixd[2]' as 'Matrix2d' and array 'Matrix2dArray
[2025-07-05 19:08:19,849][AutoNode][DEBUG] - Defining data type 'matrixd[3]' as 'Matrix3d' and array 'Matrix3dArray
[2025-07-05 19:08:19,849][AutoNode][DEBUG] - Defining data type 'matrixd[4]' as 'Matrix4d' and array 'Matrix4dArray
[2025-07-05 19:08:19,849][AutoNode][DEBUG] - Defining data type 'normald[3]' as 'Normal3d' and array 'Normal3dArray
[2025-07-05 19:08:19,849][AutoNode][DEBUG] - Defining data type 'normalf[3]' as 'Normal3f' and array 'Normal3fArray
[2025-07-05 19:08:19,849][AutoNode][DEBUG] - Defining data type 'normalh[3]' as 'Normal3h' and array 'Normal3hArray
[2025-07-05 19:08:19,849][AutoNode][DEBUG] - Defining data type 'objectId' as 'ObjectId' and array 'ObjectIdArray
[2025-07-05 19:08:19,849][AutoNode][DEBUG] - Defining data type 'path' as 'Path'
[2025-07-05 19:08:19,849][AutoNode][DEBUG] - Defining data type 'pointd[3]' as 'Point3d' and array 'Point3dArray
[2025-07-05 19:08:19,850][AutoNode][DEBUG] - Defining data type 'pointf[3]' as 'Point3f' and array 'Point3fArray
[2025-07-05 19:08:19,850][AutoNode][DEBUG] - Defining data type 'pointh[3]' as 'Point3h' and array 'Point3hArray
[2025-07-05 19:08:19,850][AutoNode][DEBUG] - Defining data type 'quatd[4]' as 'Quatd' and array 'QuatdArray
[2025-07-05 19:08:19,850][AutoNode][DEBUG] - Defining data type 'quatf[4]' as 'Quatf' and array 'QuatfArray
[2025-07-05 19:08:19,850][AutoNode][DEBUG] - Defining data type 'quath[4]' as 'Quath' and array 'QuathArray
[2025-07-05 19:08:19,850][AutoNode][DEBUG] - Defining data type 'string' as 'String'
[2025-07-05 19:08:19,850][AutoNode][DEBUG] - Defining data type 'target' as 'Target'
[2025-07-05 19:08:19,850][AutoNode][DEBUG] - Defining data type 'texcoordd[2]' as 'TexCoord2d' and array 'TexCoord2dArray
[2025-07-05 19:08:19,850][AutoNode][DEBUG] - Defining data type 'texcoordf[2]' as 'TexCoord2f' and array 'TexCoord2fArray
[2025-07-05 19:08:19,850][AutoNode][DEBUG] - Defining data type 'texcoordh[2]' as 'TexCoord2h' and array 'TexCoord2hArray
[2025-07-05 19:08:19,850][AutoNode][DEBUG] - Defining data type 'texcoordd[3]' as 'TexCoord3d' and array 'TexCoord3dArray
[2025-07-05 19:08:19,850][AutoNode][DEBUG] - Defining data type 'texcoordf[3]' as 'TexCoord3f' and array 'TexCoord3fArray
[2025-07-05 19:08:19,850][AutoNode][DEBUG] - Defining data type 'texcoordh[3]' as 'TexCoord3h' and array 'TexCoord3hArray
[2025-07-05 19:08:19,850][AutoNode][DEBUG] - Defining data type 'timecode' as 'Timecode' and array 'TimecodeArray
[2025-07-05 19:08:19,850][AutoNode][DEBUG] - Defining data type 'token' as 'Token' and array 'TokenArray
[2025-07-05 19:08:19,850][AutoNode][DEBUG] - Defining data type 'uchar' as 'UChar' and array 'UCharArray
[2025-07-05 19:08:19,850][AutoNode][DEBUG] - Defining data type 'uint' as 'UInt' and array 'UIntArray
[2025-07-05 19:08:19,851][AutoNode][DEBUG] - Defining data type 'uint64' as 'UInt64' and array 'UInt64Array
[2025-07-05 19:08:19,851][AutoNode][DEBUG] - Defining data type 'vectord[3]' as 'Vector3d' and array 'Vector3dArray
[2025-07-05 19:08:19,851][AutoNode][DEBUG] - Defining data type 'vectorf[3]' as 'Vector3f' and array 'Vector3fArray
[2025-07-05 19:08:19,851][AutoNode][DEBUG] - Defining data type 'vectorh[3]' as 'Vector3h' and array 'Vector3hArray
[2025-07-05 19:08:22,526][omni.kit.profiler.window][WARNING] - remove _SpanInstance.__lt__ and use insort 'key' arg instead
[2025-07-05 19:08:26,126][git.cmd][DEBUG] - Popen(['git', 'rev-parse', '--show-toplevel'], cwd=/home/alesr/Repositories/Omnidrones-PEG, stdin=None, shell=False, universal_newlines=False)
[2025-07-05 19:08:26,246][urllib3.connectionpool][DEBUG] - Starting new HTTPS connection (1): api.wandb.ai:443
[2025-07-05 19:08:26,424][urllib3.connectionpool][DEBUG] - https://api.wandb.ai:443 "POST /graphql HTTP/11" 200 None
[2025-07-05 19:08:26,428][urllib3.connectionpool][DEBUG] - Starting new HTTPS connection (1): api.wandb.ai:443
[2025-07-05 19:08:26,608][urllib3.connectionpool][DEBUG] - https://api.wandb.ai:443 "POST /graphql HTTP/11" 200 None
[2025-07-05 19:08:26,627][git.cmd][DEBUG] - Popen(['git', 'cat-file', '--batch-check'], cwd=/home/alesr/Repositories/Omnidrones-PEG, stdin=<valid stream>, shell=False, universal_newlines=False)
[2025-07-05 19:08:30,591][root][INFO] - Reading pursuer's params from /home/alesr/Repositories/Omnidrones-PEG/omni_drones/robots/assets/usd/hummingbird.yaml.
[2025-07-05 19:08:30,624][root][INFO] - Reading evader's params from /home/alesr/Repositories/Omnidrones-PEG/omni_drones/robots/assets/usd/hummingbird.yaml.
[2025-07-05 19:08:37,119][root][INFO] - Default parameters:
Mass: [[0.6800000071525574]]
Inertia: [[0.007000000681728125, 0.007000000681728125, 0.011999999172985554]]
Thrust2Weight: [[0.8999204039573669, 0.8999204039573669, 0.8999204039573669, 0.8999204039573669]]
Force2Moment: [[62.499996185302734, 62.499996185302734, 62.499996185302734, 62.499996185302734]]
[2025-07-05 19:08:38,153][root][INFO] - Default parameters:
Mass: [[0.6800000071525574]]
Inertia: [[0.007000000681728125, 0.007000000681728125, 0.011999999172985554]]
Thrust2Weight: [[0.8999204039573669, 0.8999204039573669, 0.8999204039573669, 0.8999204039573669]]
Force2Moment: [[62.499996185302734, 62.499996185302734, 62.499996185302734, 62.499996185302734]]
[2025-07-05 19:08:38,191][root][INFO] - Setup randomization:
{'train': {'drag_coef': Uniform(low: 0.0, high: 0.12399999797344208),
           'force2moment': Uniform(low: torch.Size([1, 4]), high: torch.Size([1, 4])),
           'inertia': Uniform(low: torch.Size([1, 3]), high: torch.Size([1, 3])),
           'mass': Uniform(low: tensor([[0.1768]], device='cuda:0'), high: tensor([[1.1832]], device='cuda:0')),
           'thrust2weight': Uniform(low: torch.Size([1, 4]), high: torch.Size([1, 4]))}}
[2025-07-05 19:08:38,195][root][INFO] - Setup randomization:
{'train': {'drag_coef': Uniform(low: 0.0, high: 0.12399999797344208),
           'force2moment': Uniform(low: torch.Size([1, 4]), high: torch.Size([1, 4])),
           'inertia': Uniform(low: torch.Size([1, 3]), high: torch.Size([1, 3])),
           'mass': Uniform(low: tensor([[0.1768]], device='cuda:0'), high: tensor([[1.1832]], device='cuda:0')),
           'thrust2weight': Uniform(low: torch.Size([1, 4]), high: torch.Size([1, 4]))}}
[2025-07-05 19:08:39,679][root][INFO] - Eval at 8192 steps.
[2025-07-05 19:08:43,065][matplotlib.pyplot][DEBUG] - Loaded backend tkagg version 8.6.
[2025-07-05 19:09:26,175][root][INFO] - Saved checkpoint to /home/alesr/Repositories/Omnidrones-PEG/wandb/run-20250705_190826-8xl4237k/files/checkpoint_8192.pt
[2025-07-05 19:09:26,201][urllib3.connectionpool][DEBUG] - Starting new HTTPS connection (1): api.wandb.ai:443
[2025-07-05 19:09:26,387][urllib3.connectionpool][DEBUG] - https://api.wandb.ai:443 "POST /graphql HTTP/11" 200 None
[2025-07-05 19:10:36,473][root][INFO] - Eval at 417792 steps.
[2025-07-05 19:12:12,011][root][INFO] - Eval at 827392 steps.
[2025-07-05 19:13:38,701][root][INFO] - Eval at 1236992 steps.
[2025-07-05 19:15:01,247][root][INFO] - Eval at 1646592 steps.
[2025-07-05 19:15:21,897][root][INFO] - Saved checkpoint to /home/alesr/Repositories/Omnidrones-PEG/wandb/run-20250705_190826-8xl4237k/files/checkpoint_1646592.pt
[2025-07-05 19:15:21,911][urllib3.connectionpool][DEBUG] - Starting new HTTPS connection (1): api.wandb.ai:443
[2025-07-05 19:15:22,123][urllib3.connectionpool][DEBUG] - https://api.wandb.ai:443 "POST /graphql HTTP/11" 200 None
[2025-07-05 19:16:22,454][root][INFO] - Eval at 2056192 steps.
[2025-07-05 19:17:43,532][root][INFO] - Eval at 2465792 steps.
[2025-07-05 19:19:05,751][root][INFO] - Eval at 2875392 steps.
[2025-07-05 19:20:29,909][root][INFO] - Eval at 3284992 steps.
[2025-07-05 19:20:51,485][root][INFO] - Saved checkpoint to /home/alesr/Repositories/Omnidrones-PEG/wandb/run-20250705_190826-8xl4237k/files/checkpoint_3284992.pt
[2025-07-05 19:20:51,507][urllib3.connectionpool][DEBUG] - Starting new HTTPS connection (1): api.wandb.ai:443
[2025-07-05 19:20:51,711][urllib3.connectionpool][DEBUG] - https://api.wandb.ai:443 "POST /graphql HTTP/11" 200 None
[2025-07-05 19:21:53,710][root][INFO] - Eval at 3694592 steps.
[2025-07-05 19:23:15,240][root][INFO] - Eval at 4104192 steps.
[2025-07-05 19:24:36,847][root][INFO] - Eval at 4513792 steps.
[2025-07-05 19:25:58,019][root][INFO] - Eval at 4923392 steps.
[2025-07-05 19:26:19,684][root][INFO] - Saved checkpoint to /home/alesr/Repositories/Omnidrones-PEG/wandb/run-20250705_190826-8xl4237k/files/checkpoint_4923392.pt
[2025-07-05 19:26:19,706][urllib3.connectionpool][DEBUG] - Starting new HTTPS connection (1): api.wandb.ai:443
[2025-07-05 19:26:19,934][urllib3.connectionpool][DEBUG] - https://api.wandb.ai:443 "POST /graphql HTTP/11" 200 None
[2025-07-05 19:27:19,921][root][INFO] - Eval at 5332992 steps.
[2025-07-05 19:28:41,246][root][INFO] - Eval at 5742592 steps.
[2025-07-05 19:30:02,431][root][INFO] - Eval at 6152192 steps.
[2025-07-05 19:31:22,239][root][INFO] - Eval at 6561792 steps.
[2025-07-05 19:31:43,616][root][INFO] - Saved checkpoint to /home/alesr/Repositories/Omnidrones-PEG/wandb/run-20250705_190826-8xl4237k/files/checkpoint_6561792.pt
[2025-07-05 19:31:43,638][urllib3.connectionpool][DEBUG] - Starting new HTTPS connection (1): api.wandb.ai:443
[2025-07-05 19:31:43,839][urllib3.connectionpool][DEBUG] - https://api.wandb.ai:443 "POST /graphql HTTP/11" 200 None
[2025-07-05 19:32:44,268][root][INFO] - Eval at 6971392 steps.
[2025-07-05 19:34:05,248][root][INFO] - Eval at 7380992 steps.
[2025-07-05 19:35:27,388][root][INFO] - Eval at 7790592 steps.
[2025-07-05 19:36:52,056][root][INFO] - Eval at 8200192 steps.
[2025-07-05 19:37:13,260][root][INFO] - Saved checkpoint to /home/alesr/Repositories/Omnidrones-PEG/wandb/run-20250705_190826-8xl4237k/files/checkpoint_8200192.pt
[2025-07-05 19:37:13,283][urllib3.connectionpool][DEBUG] - Starting new HTTPS connection (1): api.wandb.ai:443
[2025-07-05 19:37:13,464][urllib3.connectionpool][DEBUG] - https://api.wandb.ai:443 "POST /graphql HTTP/11" 200 None
[2025-07-05 19:38:14,612][root][INFO] - Eval at 8609792 steps.
[2025-07-05 19:39:40,829][root][INFO] - Eval at 9019392 steps.
[2025-07-05 19:41:04,264][root][INFO] - Eval at 9428992 steps.
[2025-07-05 19:42:28,770][root][INFO] - Eval at 9838592 steps.
[2025-07-05 19:42:49,730][root][INFO] - Saved checkpoint to /home/alesr/Repositories/Omnidrones-PEG/wandb/run-20250705_190826-8xl4237k/files/checkpoint_9838592.pt
[2025-07-05 19:42:49,744][urllib3.connectionpool][DEBUG] - Starting new HTTPS connection (1): api.wandb.ai:443
[2025-07-05 19:42:49,945][urllib3.connectionpool][DEBUG] - https://api.wandb.ai:443 "POST /graphql HTTP/11" 200 None
[2025-07-05 19:43:52,296][root][INFO] - Eval at 10248192 steps.
[2025-07-05 19:45:13,215][root][INFO] - Eval at 10657792 steps.
[2025-07-05 19:46:36,789][root][INFO] - Eval at 11067392 steps.
[2025-07-05 19:48:00,203][root][INFO] - Eval at 11476992 steps.
[2025-07-05 19:48:23,569][root][INFO] - Saved checkpoint to /home/alesr/Repositories/Omnidrones-PEG/wandb/run-20250705_190826-8xl4237k/files/checkpoint_11476992.pt
[2025-07-05 19:48:23,592][urllib3.connectionpool][DEBUG] - Starting new HTTPS connection (1): api.wandb.ai:443
[2025-07-05 19:48:23,799][urllib3.connectionpool][DEBUG] - https://api.wandb.ai:443 "POST /graphql HTTP/11" 200 None
[2025-07-05 19:49:26,981][root][INFO] - Eval at 11886592 steps.
[2025-07-05 19:50:54,679][root][INFO] - Eval at 12296192 steps.
[2025-07-05 19:52:22,851][root][INFO] - Eval at 12705792 steps.
[2025-07-05 19:53:47,457][root][INFO] - Eval at 13115392 steps.
[2025-07-05 19:54:09,672][root][INFO] - Saved checkpoint to /home/alesr/Repositories/Omnidrones-PEG/wandb/run-20250705_190826-8xl4237k/files/checkpoint_13115392.pt
[2025-07-05 19:54:09,695][urllib3.connectionpool][DEBUG] - Starting new HTTPS connection (1): api.wandb.ai:443
[2025-07-05 19:54:09,880][urllib3.connectionpool][DEBUG] - https://api.wandb.ai:443 "POST /graphql HTTP/11" 200 None
[2025-07-05 19:55:11,901][root][INFO] - Eval at 13524992 steps.
[2025-07-05 19:56:31,962][root][INFO] - Eval at 13934592 steps.
[2025-07-05 19:57:53,875][root][INFO] - Eval at 14344192 steps.
[2025-07-05 19:59:17,100][root][INFO] - Eval at 14753792 steps.
[2025-07-05 19:59:37,950][root][INFO] - Saved checkpoint to /home/alesr/Repositories/Omnidrones-PEG/wandb/run-20250705_190826-8xl4237k/files/checkpoint_14753792.pt
[2025-07-05 19:59:37,965][urllib3.connectionpool][DEBUG] - Starting new HTTPS connection (1): api.wandb.ai:443
[2025-07-05 19:59:38,175][urllib3.connectionpool][DEBUG] - https://api.wandb.ai:443 "POST /graphql HTTP/11" 200 None
