[2025-07-11 22:26:10,185][asyncio][DEBUG] - Using selector: EpollSelector
[2025-07-11 22:26:11,025][omni.kit.telemetry.impl.sentry_extension][INFO] - sentry is disabled for external build
[2025-07-11 22:26:11,026][omni.kit.telemetry.impl.sentry_extension][INFO] - sentry is disabled for external build
[2025-07-11 22:26:11,916][AutoNode][DEBUG] - Defining data type 'any' as 'Any'
[2025-07-11 22:26:11,917][AutoNode][DEBUG] - Defining data type 'bool' as 'Bool' and array 'BoolArray
[2025-07-11 22:26:11,917][AutoNode][DEBUG] - Defining data type 'bundle' as 'Bundle'
[2025-07-11 22:26:11,917][AutoNode][DEBUG] - Defining data type 'colord[3]' as 'Color3d' and array 'Color3dArray
[2025-07-11 22:26:11,917][AutoNode][DEBUG] - Defining data type 'colorf[3]' as 'Color3f' and array 'Color3fArray
[2025-07-11 22:26:11,917][AutoNode][DEBUG] - Defining data type 'colorh[3]' as 'Color3h' and array 'Color3hArray
[2025-07-11 22:26:11,917][AutoNode][DEBUG] - Defining data type 'colord[4]' as 'Color4d' and array 'Color4dArray
[2025-07-11 22:26:11,918][AutoNode][DEBUG] - Defining data type 'colorf[4]' as 'Color4f' and array 'Color4fArray
[2025-07-11 22:26:11,918][AutoNode][DEBUG] - Defining data type 'colorh[4]' as 'Color4h' and array 'Color4hArray
[2025-07-11 22:26:11,918][AutoNode][DEBUG] - Defining data type 'double' as 'Double' and array 'DoubleArray
[2025-07-11 22:26:11,918][AutoNode][DEBUG] - Defining data type 'double[2]' as 'Double2' and array 'Double2Array
[2025-07-11 22:26:11,918][AutoNode][DEBUG] - Defining data type 'double[3]' as 'Double3' and array 'Double3Array
[2025-07-11 22:26:11,918][AutoNode][DEBUG] - Defining data type 'double[4]' as 'Double4' and array 'Double4Array
[2025-07-11 22:26:11,918][AutoNode][DEBUG] - Defining data type 'execution' as 'Execution'
[2025-07-11 22:26:11,918][AutoNode][DEBUG] - Defining data type 'float' as 'Float' and array 'FloatArray
[2025-07-11 22:26:11,918][AutoNode][DEBUG] - Defining data type 'float[2]' as 'Float2' and array 'Float2Array
[2025-07-11 22:26:11,918][AutoNode][DEBUG] - Defining data type 'float[3]' as 'Float3' and array 'Float3Array
[2025-07-11 22:26:11,919][AutoNode][DEBUG] - Defining data type 'float[4]' as 'Float4' and array 'Float4Array
[2025-07-11 22:26:11,919][AutoNode][DEBUG] - Defining data type 'frame[4]' as 'Frame' and array 'FrameArray
[2025-07-11 22:26:11,919][AutoNode][DEBUG] - Defining data type 'half' as 'Half' and array 'HalfArray
[2025-07-11 22:26:11,919][AutoNode][DEBUG] - Defining data type 'half[2]' as 'Half2' and array 'Half2Array
[2025-07-11 22:26:11,919][AutoNode][DEBUG] - Defining data type 'half[3]' as 'Half3' and array 'Half3Array
[2025-07-11 22:26:11,919][AutoNode][DEBUG] - Defining data type 'half[4]' as 'Half4' and array 'Half4Array
[2025-07-11 22:26:11,919][AutoNode][DEBUG] - Defining data type 'int' as 'Int' and array 'IntArray
[2025-07-11 22:26:11,919][AutoNode][DEBUG] - Defining data type 'int[2]' as 'Int2' and array 'Int2Array
[2025-07-11 22:26:11,919][AutoNode][DEBUG] - Defining data type 'int[3]' as 'Int3' and array 'Int3Array
[2025-07-11 22:26:11,919][AutoNode][DEBUG] - Defining data type 'int[4]' as 'Int4' and array 'Int4Array
[2025-07-11 22:26:11,920][AutoNode][DEBUG] - Defining data type 'int64' as 'Int64' and array 'Int64Array
[2025-07-11 22:26:11,920][AutoNode][DEBUG] - Defining data type 'matrixd[2]' as 'Matrix2d' and array 'Matrix2dArray
[2025-07-11 22:26:11,920][AutoNode][DEBUG] - Defining data type 'matrixd[3]' as 'Matrix3d' and array 'Matrix3dArray
[2025-07-11 22:26:11,920][AutoNode][DEBUG] - Defining data type 'matrixd[4]' as 'Matrix4d' and array 'Matrix4dArray
[2025-07-11 22:26:11,920][AutoNode][DEBUG] - Defining data type 'normald[3]' as 'Normal3d' and array 'Normal3dArray
[2025-07-11 22:26:11,920][AutoNode][DEBUG] - Defining data type 'normalf[3]' as 'Normal3f' and array 'Normal3fArray
[2025-07-11 22:26:11,920][AutoNode][DEBUG] - Defining data type 'normalh[3]' as 'Normal3h' and array 'Normal3hArray
[2025-07-11 22:26:11,920][AutoNode][DEBUG] - Defining data type 'objectId' as 'ObjectId' and array 'ObjectIdArray
[2025-07-11 22:26:11,920][AutoNode][DEBUG] - Defining data type 'path' as 'Path'
[2025-07-11 22:26:11,920][AutoNode][DEBUG] - Defining data type 'pointd[3]' as 'Point3d' and array 'Point3dArray
[2025-07-11 22:26:11,921][AutoNode][DEBUG] - Defining data type 'pointf[3]' as 'Point3f' and array 'Point3fArray
[2025-07-11 22:26:11,921][AutoNode][DEBUG] - Defining data type 'pointh[3]' as 'Point3h' and array 'Point3hArray
[2025-07-11 22:26:11,921][AutoNode][DEBUG] - Defining data type 'quatd[4]' as 'Quatd' and array 'QuatdArray
[2025-07-11 22:26:11,921][AutoNode][DEBUG] - Defining data type 'quatf[4]' as 'Quatf' and array 'QuatfArray
[2025-07-11 22:26:11,921][AutoNode][DEBUG] - Defining data type 'quath[4]' as 'Quath' and array 'QuathArray
[2025-07-11 22:26:11,921][AutoNode][DEBUG] - Defining data type 'string' as 'String'
[2025-07-11 22:26:11,921][AutoNode][DEBUG] - Defining data type 'target' as 'Target'
[2025-07-11 22:26:11,921][AutoNode][DEBUG] - Defining data type 'texcoordd[2]' as 'TexCoord2d' and array 'TexCoord2dArray
[2025-07-11 22:26:11,921][AutoNode][DEBUG] - Defining data type 'texcoordf[2]' as 'TexCoord2f' and array 'TexCoord2fArray
[2025-07-11 22:26:11,921][AutoNode][DEBUG] - Defining data type 'texcoordh[2]' as 'TexCoord2h' and array 'TexCoord2hArray
[2025-07-11 22:26:11,922][AutoNode][DEBUG] - Defining data type 'texcoordd[3]' as 'TexCoord3d' and array 'TexCoord3dArray
[2025-07-11 22:26:11,922][AutoNode][DEBUG] - Defining data type 'texcoordf[3]' as 'TexCoord3f' and array 'TexCoord3fArray
[2025-07-11 22:26:11,922][AutoNode][DEBUG] - Defining data type 'texcoordh[3]' as 'TexCoord3h' and array 'TexCoord3hArray
[2025-07-11 22:26:11,922][AutoNode][DEBUG] - Defining data type 'timecode' as 'Timecode' and array 'TimecodeArray
[2025-07-11 22:26:11,922][AutoNode][DEBUG] - Defining data type 'token' as 'Token' and array 'TokenArray
[2025-07-11 22:26:11,922][AutoNode][DEBUG] - Defining data type 'uchar' as 'UChar' and array 'UCharArray
[2025-07-11 22:26:11,922][AutoNode][DEBUG] - Defining data type 'uint' as 'UInt' and array 'UIntArray
[2025-07-11 22:26:11,922][AutoNode][DEBUG] - Defining data type 'uint64' as 'UInt64' and array 'UInt64Array
[2025-07-11 22:26:11,922][AutoNode][DEBUG] - Defining data type 'vectord[3]' as 'Vector3d' and array 'Vector3dArray
[2025-07-11 22:26:11,922][AutoNode][DEBUG] - Defining data type 'vectorf[3]' as 'Vector3f' and array 'Vector3fArray
[2025-07-11 22:26:11,922][AutoNode][DEBUG] - Defining data type 'vectorh[3]' as 'Vector3h' and array 'Vector3hArray
[2025-07-11 22:26:14,765][omni.kit.profiler.window][WARNING] - remove _SpanInstance.__lt__ and use insort 'key' arg instead
[2025-07-11 22:26:19,625][git.cmd][DEBUG] - Popen(['git', 'rev-parse', '--show-toplevel'], cwd=/home/alesr/Repositories/Omnidrones-PEG, stdin=None, shell=False, universal_newlines=False)
[2025-07-11 22:26:19,782][urllib3.connectionpool][DEBUG] - Starting new HTTPS connection (1): api.wandb.ai:443
[2025-07-11 22:26:19,972][urllib3.connectionpool][DEBUG] - https://api.wandb.ai:443 "POST /graphql HTTP/11" 200 None
[2025-07-11 22:26:19,978][urllib3.connectionpool][DEBUG] - Starting new HTTPS connection (1): api.wandb.ai:443
[2025-07-11 22:26:20,168][urllib3.connectionpool][DEBUG] - https://api.wandb.ai:443 "POST /graphql HTTP/11" 200 None
[2025-07-11 22:26:20,206][git.cmd][DEBUG] - Popen(['git', 'cat-file', '--batch-check'], cwd=/home/alesr/Repositories/Omnidrones-PEG, stdin=<valid stream>, shell=False, universal_newlines=False)
[2025-07-11 22:26:25,020][root][INFO] - Reading pursuer's params from /home/alesr/Repositories/Omnidrones-PEG/omni_drones/robots/assets/usd/hummingbird.yaml.
[2025-07-11 22:26:25,037][root][INFO] - Reading evader's params from /home/alesr/Repositories/Omnidrones-PEG/omni_drones/robots/assets/usd/hummingbird.yaml.
[2025-07-11 22:26:31,298][root][INFO] - Default parameters:
Mass: [[0.6800000071525574]]
Inertia: [[0.007000000681728125, 0.007000000681728125, 0.011999999172985554]]
Thrust2Weight: [[0.8999204039573669, 0.8999204039573669, 0.8999204039573669, 0.8999204039573669]]
Force2Moment: [[62.499996185302734, 62.499996185302734, 62.499996185302734, 62.499996185302734]]
[2025-07-11 22:26:32,280][root][INFO] - Default parameters:
Mass: [[0.6800000071525574]]
Inertia: [[0.007000000681728125, 0.007000000681728125, 0.011999999172985554]]
Thrust2Weight: [[0.8999204039573669, 0.8999204039573669, 0.8999204039573669, 0.8999204039573669]]
Force2Moment: [[62.499996185302734, 62.499996185302734, 62.499996185302734, 62.499996185302734]]
[2025-07-11 22:26:32,418][urllib3.connectionpool][DEBUG] - Starting new HTTPS connection (1): api.wandb.ai:443
[2025-07-11 22:26:32,686][urllib3.connectionpool][DEBUG] - https://api.wandb.ai:443 "POST /graphql HTTP/11" 200 None
[2025-07-11 22:26:32,690][urllib3.connectionpool][DEBUG] - Starting new HTTPS connection (1): api.wandb.ai:443
[2025-07-11 22:26:32,860][urllib3.connectionpool][DEBUG] - https://api.wandb.ai:443 "POST /graphql HTTP/11" 200 None
[2025-07-11 22:26:32,868][urllib3.connectionpool][DEBUG] - Starting new HTTPS connection (1): api.wandb.ai:443
[2025-07-11 22:26:33,125][urllib3.connectionpool][DEBUG] - https://api.wandb.ai:443 "POST /graphql HTTP/11" 200 None
[2025-07-11 22:26:33,129][urllib3.connectionpool][DEBUG] - Starting new HTTPS connection (1): api.wandb.ai:443
[2025-07-11 22:26:33,337][urllib3.connectionpool][DEBUG] - https://api.wandb.ai:443 "POST /graphql HTTP/11" 200 None
[2025-07-11 22:26:33,341][urllib3.connectionpool][DEBUG] - Starting new HTTPS connection (1): storage.googleapis.com:443
[2025-07-11 22:26:33,537][urllib3.connectionpool][DEBUG] - https://storage.googleapis.com:443 "GET /wandb-production.appspot.com/alesr_kth/PEG/h8qpvpie/artifact/1873513527/wandb_manifest.json?X-Goog-Algorithm=GOOG4-RSA-SHA256&X-Goog-Credential=gorilla-files-url-signer-man%40wandb-production.iam.gserviceaccount.com%2F20250711%2Fauto%2Fstorage%2Fgoog4_request&X-Goog-Date=20250711T202633Z&X-Goog-Expires=3599&X-Goog-Signature=52f36f526dba044c58626dde2dbddd6f2101eb5617bc1b1e6fd0fc503ca7f93619bfc6acb0fae4815c514535279395df3241e4beff1a02eaedda43c9abc10c705ba39e12ade52fd98b3bb6f0a914effb22027fc7fedd8d68bc6a9c519345cdd78fff0349bd7e06e0d74e7dacb9588cb2e06d2f9fd2ee0475d1affe6899c91ef78530b190ae2767bb13e80e67920023d166424d5452c28861aafc047663ae55225951174e5c4e657beb2259bc760f7959b6788ec9daba681023eda44847aa834df3dc35657da695ea58cf78be6e3bf98947fe92cd0fa4d97a1e81685f9487dd63e1a17daec911de7477afc635312b8c0c33b9cea0a7ca5cc5d165bcd8dd22f2f5&X-Goog-SignedHeaders=host&X-User=alesr HTTP/11" 200 343
[2025-07-11 22:26:33,585][urllib3.connectionpool][DEBUG] - Starting new HTTPS connection (1): api.wandb.ai:443
[2025-07-11 22:26:33,808][urllib3.connectionpool][DEBUG] - https://api.wandb.ai:443 "POST /graphql HTTP/11" 200 None
[2025-07-11 22:26:33,811][urllib3.connectionpool][DEBUG] - Starting new HTTPS connection (1): api.wandb.ai:443
[2025-07-11 22:26:34,059][urllib3.connectionpool][DEBUG] - https://api.wandb.ai:443 "POST /graphql HTTP/11" 200 None
[2025-07-11 22:26:34,064][urllib3.connectionpool][DEBUG] - Starting new HTTPS connection (1): api.wandb.ai:443
[2025-07-11 22:26:34,292][urllib3.connectionpool][DEBUG] - https://api.wandb.ai:443 "POST /graphql HTTP/11" 200 None
[2025-07-11 22:26:34,297][urllib3.connectionpool][DEBUG] - Starting new HTTPS connection (1): api.wandb.ai:443
[2025-07-11 22:26:34,506][urllib3.connectionpool][DEBUG] - https://api.wandb.ai:443 "POST /graphql HTTP/11" 200 None
[2025-07-11 22:26:34,511][urllib3.connectionpool][DEBUG] - Starting new HTTPS connection (1): storage.googleapis.com:443
[2025-07-11 22:26:34,717][urllib3.connectionpool][DEBUG] - https://storage.googleapis.com:443 "GET /wandb-production.appspot.com/alesr_kth/PEG/ujv5a1bh/artifact/1873518909/wandb_manifest.json?X-Goog-Algorithm=GOOG4-RSA-SHA256&X-Goog-Credential=gorilla-files-url-signer-man%40wandb-production.iam.gserviceaccount.com%2F20250711%2Fauto%2Fstorage%2Fgoog4_request&X-Goog-Date=20250711T202634Z&X-Goog-Expires=3599&X-Goog-Signature=81645de663a96e37d0f9e93c371f4373597453611853730bc6fbd9e9dc6f2176445c408d08413bb9be18d832cc0ffc2011117829c7563077806ce87e1e7a5730cdae986a76be3d1864909e1036d83144f7d324da765f54a54f548c217e27f03e2dbdf7d8e7fc1f73067ec5ecc880198316547dc6060e19eb205b0a79ac789a9c7b4e3ce094528485b29a2eebb787032ccd6f89dc0128af8187db3801298241f68fdd74d318602f75512d2cb8e8024ac5d9333d4326bf2df66b56b9d9b5d9495cb5717712bf566e9d2edeb20572008308564026d45970ab4d15f13e44de246b2f788d718de57c3b64e35ebc4e95034f4d350213288026c626e8bc9bc2e593881a&X-Goog-SignedHeaders=host&X-User=alesr HTTP/11" 200 343
[2025-07-11 22:26:36,012][root][INFO] - Eval at 8192 steps.
[2025-07-11 22:26:57,045][root][INFO] - Saved checkpoint to /home/alesr/Repositories/Omnidrones-PEG/wandb/run-20250711_222620-xi6iwbcl/files/checkpoint_8192.pt
[2025-07-11 22:26:57,068][urllib3.connectionpool][DEBUG] - Starting new HTTPS connection (1): api.wandb.ai:443
[2025-07-11 22:26:57,259][urllib3.connectionpool][DEBUG] - https://api.wandb.ai:443 "POST /graphql HTTP/11" 200 None
[2025-07-11 22:27:02,939][root][INFO] - Final Eval at 49152 steps.
[2025-07-11 22:27:24,548][urllib3.connectionpool][DEBUG] - Starting new HTTPS connection (1): api.wandb.ai:443
[2025-07-11 22:27:24,729][urllib3.connectionpool][DEBUG] - https://api.wandb.ai:443 "POST /graphql HTTP/11" 200 None
[2025-07-11 22:27:24,735][root][INFO] - Saved checkpoint to /home/alesr/Repositories/Omnidrones-PEG/wandb/run-20250711_222620-xi6iwbcl/files/checkpoint_final.pt
