[2025-07-06 12:38:34,481][asyncio][DEBUG] - Using selector: EpollSelector
[2025-07-06 12:38:35,241][omni.kit.telemetry.impl.sentry_extension][INFO] - sentry is disabled for external build
[2025-07-06 12:38:35,242][omni.kit.telemetry.impl.sentry_extension][INFO] - sentry is disabled for external build
[2025-07-06 12:38:36,204][AutoNode][DEBUG] - Defining data type 'any' as 'Any'
[2025-07-06 12:38:36,205][AutoNode][DEBUG] - Defining data type 'bool' as 'Bool' and array 'BoolArray
[2025-07-06 12:38:36,205][AutoNode][DEBUG] - Defining data type 'bundle' as 'Bundle'
[2025-07-06 12:38:36,205][AutoNode][DEBUG] - Defining data type 'colord[3]' as 'Color3d' and array 'Color3dArray
[2025-07-06 12:38:36,205][AutoNode][DEBUG] - Defining data type 'colorf[3]' as 'Color3f' and array 'Color3fArray
[2025-07-06 12:38:36,205][AutoNode][DEBUG] - Defining data type 'colorh[3]' as 'Color3h' and array 'Color3hArray
[2025-07-06 12:38:36,206][AutoNode][DEBUG] - Defining data type 'colord[4]' as 'Color4d' and array 'Color4dArray
[2025-07-06 12:38:36,206][AutoNode][DEBUG] - Defining data type 'colorf[4]' as 'Color4f' and array 'Color4fArray
[2025-07-06 12:38:36,206][AutoNode][DEBUG] - Defining data type 'colorh[4]' as 'Color4h' and array 'Color4hArray
[2025-07-06 12:38:36,206][AutoNode][DEBUG] - Defining data type 'double' as 'Double' and array 'DoubleArray
[2025-07-06 12:38:36,206][AutoNode][DEBUG] - Defining data type 'double[2]' as 'Double2' and array 'Double2Array
[2025-07-06 12:38:36,206][AutoNode][DEBUG] - Defining data type 'double[3]' as 'Double3' and array 'Double3Array
[2025-07-06 12:38:36,206][AutoNode][DEBUG] - Defining data type 'double[4]' as 'Double4' and array 'Double4Array
[2025-07-06 12:38:36,206][AutoNode][DEBUG] - Defining data type 'execution' as 'Execution'
[2025-07-06 12:38:36,206][AutoNode][DEBUG] - Defining data type 'float' as 'Float' and array 'FloatArray
[2025-07-06 12:38:36,206][AutoNode][DEBUG] - Defining data type 'float[2]' as 'Float2' and array 'Float2Array
[2025-07-06 12:38:36,207][AutoNode][DEBUG] - Defining data type 'float[3]' as 'Float3' and array 'Float3Array
[2025-07-06 12:38:36,207][AutoNode][DEBUG] - Defining data type 'float[4]' as 'Float4' and array 'Float4Array
[2025-07-06 12:38:36,207][AutoNode][DEBUG] - Defining data type 'frame[4]' as 'Frame' and array 'FrameArray
[2025-07-06 12:38:36,207][AutoNode][DEBUG] - Defining data type 'half' as 'Half' and array 'HalfArray
[2025-07-06 12:38:36,207][AutoNode][DEBUG] - Defining data type 'half[2]' as 'Half2' and array 'Half2Array
[2025-07-06 12:38:36,207][AutoNode][DEBUG] - Defining data type 'half[3]' as 'Half3' and array 'Half3Array
[2025-07-06 12:38:36,207][AutoNode][DEBUG] - Defining data type 'half[4]' as 'Half4' and array 'Half4Array
[2025-07-06 12:38:36,207][AutoNode][DEBUG] - Defining data type 'int' as 'Int' and array 'IntArray
[2025-07-06 12:38:36,207][AutoNode][DEBUG] - Defining data type 'int[2]' as 'Int2' and array 'Int2Array
[2025-07-06 12:38:36,207][AutoNode][DEBUG] - Defining data type 'int[3]' as 'Int3' and array 'Int3Array
[2025-07-06 12:38:36,207][AutoNode][DEBUG] - Defining data type 'int[4]' as 'Int4' and array 'Int4Array
[2025-07-06 12:38:36,208][AutoNode][DEBUG] - Defining data type 'int64' as 'Int64' and array 'Int64Array
[2025-07-06 12:38:36,208][AutoNode][DEBUG] - Defining data type 'matrixd[2]' as 'Matrix2d' and array 'Matrix2dArray
[2025-07-06 12:38:36,208][AutoNode][DEBUG] - Defining data type 'matrixd[3]' as 'Matrix3d' and array 'Matrix3dArray
[2025-07-06 12:38:36,208][AutoNode][DEBUG] - Defining data type 'matrixd[4]' as 'Matrix4d' and array 'Matrix4dArray
[2025-07-06 12:38:36,208][AutoNode][DEBUG] - Defining data type 'normald[3]' as 'Normal3d' and array 'Normal3dArray
[2025-07-06 12:38:36,208][AutoNode][DEBUG] - Defining data type 'normalf[3]' as 'Normal3f' and array 'Normal3fArray
[2025-07-06 12:38:36,208][AutoNode][DEBUG] - Defining data type 'normalh[3]' as 'Normal3h' and array 'Normal3hArray
[2025-07-06 12:38:36,208][AutoNode][DEBUG] - Defining data type 'objectId' as 'ObjectId' and array 'ObjectIdArray
[2025-07-06 12:38:36,208][AutoNode][DEBUG] - Defining data type 'path' as 'Path'
[2025-07-06 12:38:36,208][AutoNode][DEBUG] - Defining data type 'pointd[3]' as 'Point3d' and array 'Point3dArray
[2025-07-06 12:38:36,209][AutoNode][DEBUG] - Defining data type 'pointf[3]' as 'Point3f' and array 'Point3fArray
[2025-07-06 12:38:36,209][AutoNode][DEBUG] - Defining data type 'pointh[3]' as 'Point3h' and array 'Point3hArray
[2025-07-06 12:38:36,209][AutoNode][DEBUG] - Defining data type 'quatd[4]' as 'Quatd' and array 'QuatdArray
[2025-07-06 12:38:36,209][AutoNode][DEBUG] - Defining data type 'quatf[4]' as 'Quatf' and array 'QuatfArray
[2025-07-06 12:38:36,209][AutoNode][DEBUG] - Defining data type 'quath[4]' as 'Quath' and array 'QuathArray
[2025-07-06 12:38:36,209][AutoNode][DEBUG] - Defining data type 'string' as 'String'
[2025-07-06 12:38:36,209][AutoNode][DEBUG] - Defining data type 'target' as 'Target'
[2025-07-06 12:38:36,209][AutoNode][DEBUG] - Defining data type 'texcoordd[2]' as 'TexCoord2d' and array 'TexCoord2dArray
[2025-07-06 12:38:36,209][AutoNode][DEBUG] - Defining data type 'texcoordf[2]' as 'TexCoord2f' and array 'TexCoord2fArray
[2025-07-06 12:38:36,209][AutoNode][DEBUG] - Defining data type 'texcoordh[2]' as 'TexCoord2h' and array 'TexCoord2hArray
[2025-07-06 12:38:36,209][AutoNode][DEBUG] - Defining data type 'texcoordd[3]' as 'TexCoord3d' and array 'TexCoord3dArray
[2025-07-06 12:38:36,210][AutoNode][DEBUG] - Defining data type 'texcoordf[3]' as 'TexCoord3f' and array 'TexCoord3fArray
[2025-07-06 12:38:36,210][AutoNode][DEBUG] - Defining data type 'texcoordh[3]' as 'TexCoord3h' and array 'TexCoord3hArray
[2025-07-06 12:38:36,210][AutoNode][DEBUG] - Defining data type 'timecode' as 'Timecode' and array 'TimecodeArray
[2025-07-06 12:38:36,210][AutoNode][DEBUG] - Defining data type 'token' as 'Token' and array 'TokenArray
[2025-07-06 12:38:36,210][AutoNode][DEBUG] - Defining data type 'uchar' as 'UChar' and array 'UCharArray
[2025-07-06 12:38:36,210][AutoNode][DEBUG] - Defining data type 'uint' as 'UInt' and array 'UIntArray
[2025-07-06 12:38:36,210][AutoNode][DEBUG] - Defining data type 'uint64' as 'UInt64' and array 'UInt64Array
[2025-07-06 12:38:36,210][AutoNode][DEBUG] - Defining data type 'vectord[3]' as 'Vector3d' and array 'Vector3dArray
[2025-07-06 12:38:36,210][AutoNode][DEBUG] - Defining data type 'vectorf[3]' as 'Vector3f' and array 'Vector3fArray
[2025-07-06 12:38:36,210][AutoNode][DEBUG] - Defining data type 'vectorh[3]' as 'Vector3h' and array 'Vector3hArray
[2025-07-06 12:38:39,064][omni.kit.profiler.window][WARNING] - remove _SpanInstance.__lt__ and use insort 'key' arg instead
[2025-07-06 12:38:42,610][git.cmd][DEBUG] - Popen(['git', 'rev-parse', '--show-toplevel'], cwd=/home/alesr/Repositories/Omnidrones-PEG, stdin=None, shell=False, universal_newlines=False)
[2025-07-06 12:38:42,746][urllib3.connectionpool][DEBUG] - Starting new HTTPS connection (1): api.wandb.ai:443
[2025-07-06 12:38:42,921][urllib3.connectionpool][DEBUG] - https://api.wandb.ai:443 "POST /graphql HTTP/11" 200 None
[2025-07-06 12:38:42,925][urllib3.connectionpool][DEBUG] - Starting new HTTPS connection (1): api.wandb.ai:443
[2025-07-06 12:38:43,097][urllib3.connectionpool][DEBUG] - https://api.wandb.ai:443 "POST /graphql HTTP/11" 200 None
[2025-07-06 12:38:43,120][git.cmd][DEBUG] - Popen(['git', 'cat-file', '--batch-check'], cwd=/home/alesr/Repositories/Omnidrones-PEG, stdin=<valid stream>, shell=False, universal_newlines=False)
[2025-07-06 12:38:47,119][root][INFO] - Reading pursuer's params from /home/alesr/Repositories/Omnidrones-PEG/omni_drones/robots/assets/usd/hummingbird.yaml.
[2025-07-06 12:38:47,150][root][INFO] - Reading evader's params from /home/alesr/Repositories/Omnidrones-PEG/omni_drones/robots/assets/usd/hummingbird.yaml.
[2025-07-06 12:38:53,441][root][INFO] - Default parameters:
Mass: [[0.6800000071525574]]
Inertia: [[0.007000000681728125, 0.007000000681728125, 0.011999999172985554]]
Thrust2Weight: [[0.8999204039573669, 0.8999204039573669, 0.8999204039573669, 0.8999204039573669]]
Force2Moment: [[62.499996185302734, 62.499996185302734, 62.499996185302734, 62.499996185302734]]
[2025-07-06 12:38:54,441][root][INFO] - Default parameters:
Mass: [[0.6800000071525574]]
Inertia: [[0.007000000681728125, 0.007000000681728125, 0.011999999172985554]]
Thrust2Weight: [[0.8999204039573669, 0.8999204039573669, 0.8999204039573669, 0.8999204039573669]]
Force2Moment: [[62.499996185302734, 62.499996185302734, 62.499996185302734, 62.499996185302734]]
[2025-07-06 12:38:54,486][root][INFO] - Setup randomization:
{'train': {'drag_coef': Uniform(low: 0.0, high: 0.12399999797344208),
           'force2moment': Uniform(low: torch.Size([1, 4]), high: torch.Size([1, 4])),
           'inertia': Uniform(low: torch.Size([1, 3]), high: torch.Size([1, 3])),
           'mass': Uniform(low: tensor([[0.1768]], device='cuda:0'), high: tensor([[1.1832]], device='cuda:0')),
           'thrust2weight': Uniform(low: torch.Size([1, 4]), high: torch.Size([1, 4]))}}
[2025-07-06 12:38:54,490][root][INFO] - Setup randomization:
{'train': {'drag_coef': Uniform(low: 0.0, high: 0.12399999797344208),
           'force2moment': Uniform(low: torch.Size([1, 4]), high: torch.Size([1, 4])),
           'inertia': Uniform(low: torch.Size([1, 3]), high: torch.Size([1, 3])),
           'mass': Uniform(low: tensor([[0.1768]], device='cuda:0'), high: tensor([[1.1832]], device='cuda:0')),
           'thrust2weight': Uniform(low: torch.Size([1, 4]), high: torch.Size([1, 4]))}}
[2025-07-06 12:38:54,601][urllib3.connectionpool][DEBUG] - Starting new HTTPS connection (1): api.wandb.ai:443
[2025-07-06 12:38:54,812][urllib3.connectionpool][DEBUG] - https://api.wandb.ai:443 "POST /graphql HTTP/11" 200 None
[2025-07-06 12:38:54,817][urllib3.connectionpool][DEBUG] - Starting new HTTPS connection (1): api.wandb.ai:443
[2025-07-06 12:38:54,987][urllib3.connectionpool][DEBUG] - https://api.wandb.ai:443 "POST /graphql HTTP/11" 200 None
[2025-07-06 12:38:54,992][urllib3.connectionpool][DEBUG] - Starting new HTTPS connection (1): api.wandb.ai:443
[2025-07-06 12:38:55,220][urllib3.connectionpool][DEBUG] - https://api.wandb.ai:443 "POST /graphql HTTP/11" 200 None
[2025-07-06 12:38:55,225][urllib3.connectionpool][DEBUG] - Starting new HTTPS connection (1): api.wandb.ai:443
[2025-07-06 12:38:55,422][urllib3.connectionpool][DEBUG] - https://api.wandb.ai:443 "POST /graphql HTTP/11" 200 None
[2025-07-06 12:38:55,426][urllib3.connectionpool][DEBUG] - Starting new HTTPS connection (1): storage.googleapis.com:443
[2025-07-06 12:38:55,624][urllib3.connectionpool][DEBUG] - https://storage.googleapis.com:443 "GET /wandb-production.appspot.com/alesr_kth/PEG/dy1n5nws/artifact/1860722714/wandb_manifest.json?X-Goog-Algorithm=GOOG4-RSA-SHA256&X-Goog-Credential=gorilla-files-url-signer-man%40wandb-production.iam.gserviceaccount.com%2F20250706%2Fauto%2Fstorage%2Fgoog4_request&X-Goog-Date=20250706T103855Z&X-Goog-Expires=3599&X-Goog-Signature=5ac6667b8054525695b167e4f1ecbbd597adad6ed0d5847a5cec548755cb17f0733ab69fb8a71a5a55688a868e6353f7426e3fd162a91ccc8ca71ec4e2524045804e34ba4c42f75c5b83dff1c753034420eb20b202c6436a8f9de31b2a9b8cefa2bc82a57a53a2c051bf51c5aac8b283d50b03ae88e0c23d53af2ede6ae9dbabe3a9be10f25c25d8f4f77a442cf271f07d4c7459317f2b0bb8635eae0c5e45450cd5b527f0cba561bb952cae475e78d4507a16edd997a3abbc532662e5a1226697043930ee25d0d0f86873e825c3791eea900da4e1d4b08109d4893c6233a38d9d9c7ee3ac597a128b4ed5b21be370adbe742cd9aff701cce5bb2b6b4717a8d4&X-Goog-SignedHeaders=host&X-User=alesr HTTP/11" 200 346
[2025-07-06 12:38:56,840][root][INFO] - Eval at 8192 steps.
[2025-07-06 12:39:15,518][root][INFO] - Saved checkpoint to /home/alesr/Repositories/Omnidrones-PEG/wandb/run-20250706_123843-xlb44amc/files/checkpoint_8192.pt
[2025-07-06 12:39:15,542][urllib3.connectionpool][DEBUG] - Starting new HTTPS connection (1): api.wandb.ai:443
[2025-07-06 12:39:15,747][urllib3.connectionpool][DEBUG] - https://api.wandb.ai:443 "POST /graphql HTTP/11" 200 None
[2025-07-06 12:40:10,149][root][INFO] - Eval at 417792 steps.
[2025-07-06 12:41:27,194][root][INFO] - Eval at 827392 steps.
[2025-07-06 12:41:46,716][root][INFO] - Saved checkpoint to /home/alesr/Repositories/Omnidrones-PEG/wandb/run-20250706_123843-xlb44amc/files/checkpoint_827392.pt
[2025-07-06 12:41:46,739][urllib3.connectionpool][DEBUG] - Starting new HTTPS connection (1): api.wandb.ai:443
[2025-07-06 12:41:46,926][urllib3.connectionpool][DEBUG] - https://api.wandb.ai:443 "POST /graphql HTTP/11" 200 None
[2025-07-06 12:42:45,198][root][INFO] - Eval at 1236992 steps.
[2025-07-06 12:44:03,486][root][INFO] - Eval at 1646592 steps.
[2025-07-06 12:44:23,597][root][INFO] - Saved checkpoint to /home/alesr/Repositories/Omnidrones-PEG/wandb/run-20250706_123843-xlb44amc/files/checkpoint_1646592.pt
[2025-07-06 12:44:23,612][urllib3.connectionpool][DEBUG] - Starting new HTTPS connection (1): api.wandb.ai:443
[2025-07-06 12:44:23,806][urllib3.connectionpool][DEBUG] - https://api.wandb.ai:443 "POST /graphql HTTP/11" 200 None
[2025-07-06 12:45:21,759][root][INFO] - Eval at 2056192 steps.
[2025-07-06 12:46:39,886][root][INFO] - Eval at 2465792 steps.
[2025-07-06 12:46:58,991][root][INFO] - Saved checkpoint to /home/alesr/Repositories/Omnidrones-PEG/wandb/run-20250706_123843-xlb44amc/files/checkpoint_2465792.pt
[2025-07-06 12:46:59,013][urllib3.connectionpool][DEBUG] - Starting new HTTPS connection (1): api.wandb.ai:443
[2025-07-06 12:46:59,225][urllib3.connectionpool][DEBUG] - https://api.wandb.ai:443 "POST /graphql HTTP/11" 200 None
[2025-07-06 12:47:57,125][root][INFO] - Eval at 2875392 steps.
[2025-07-06 12:49:15,497][root][INFO] - Eval at 3284992 steps.
[2025-07-06 12:49:35,464][root][INFO] - Saved checkpoint to /home/alesr/Repositories/Omnidrones-PEG/wandb/run-20250706_123843-xlb44amc/files/checkpoint_3284992.pt
[2025-07-06 12:49:35,486][urllib3.connectionpool][DEBUG] - Starting new HTTPS connection (1): api.wandb.ai:443
[2025-07-06 12:49:35,688][urllib3.connectionpool][DEBUG] - https://api.wandb.ai:443 "POST /graphql HTTP/11" 200 None
[2025-07-06 12:50:36,466][root][INFO] - Eval at 3694592 steps.
[2025-07-06 12:51:55,413][root][INFO] - Eval at 4104192 steps.
[2025-07-06 12:52:15,236][root][INFO] - Saved checkpoint to /home/alesr/Repositories/Omnidrones-PEG/wandb/run-20250706_123843-xlb44amc/files/checkpoint_4104192.pt
[2025-07-06 12:52:15,259][urllib3.connectionpool][DEBUG] - Starting new HTTPS connection (1): api.wandb.ai:443
[2025-07-06 12:52:15,458][urllib3.connectionpool][DEBUG] - https://api.wandb.ai:443 "POST /graphql HTTP/11" 200 None
[2025-07-06 12:53:12,024][root][INFO] - Eval at 4513792 steps.
[2025-07-06 12:53:30,066][root][INFO] - Saved best checkpoint to /home/alesr/Repositories/Omnidrones-PEG/wandb/run-20250706_123843-xlb44amc/files/checkpoint_best.pt
[2025-07-06 12:53:30,089][urllib3.connectionpool][DEBUG] - Starting new HTTPS connection (1): api.wandb.ai:443
[2025-07-06 12:53:30,286][urllib3.connectionpool][DEBUG] - https://api.wandb.ai:443 "POST /graphql HTTP/11" 200 None
[2025-07-06 12:54:27,442][root][INFO] - Eval at 4923392 steps.
[2025-07-06 12:54:45,908][root][INFO] - Saved checkpoint to /home/alesr/Repositories/Omnidrones-PEG/wandb/run-20250706_123843-xlb44amc/files/checkpoint_4923392.pt
[2025-07-06 12:54:45,931][urllib3.connectionpool][DEBUG] - Starting new HTTPS connection (1): api.wandb.ai:443
[2025-07-06 12:54:46,135][urllib3.connectionpool][DEBUG] - https://api.wandb.ai:443 "POST /graphql HTTP/11" 200 None
[2025-07-06 12:55:45,664][root][INFO] - Eval at 5332992 steps.
[2025-07-06 12:56:04,693][root][INFO] - Saved best checkpoint to /home/alesr/Repositories/Omnidrones-PEG/wandb/run-20250706_123843-xlb44amc/files/checkpoint_best.pt
[2025-07-06 12:56:04,711][urllib3.connectionpool][DEBUG] - Starting new HTTPS connection (1): api.wandb.ai:443
[2025-07-06 12:56:04,905][urllib3.connectionpool][DEBUG] - https://api.wandb.ai:443 "POST /graphql HTTP/11" 200 None
[2025-07-06 12:57:03,625][root][INFO] - Eval at 5742592 steps.
[2025-07-06 12:57:21,077][root][INFO] - Saved checkpoint to /home/alesr/Repositories/Omnidrones-PEG/wandb/run-20250706_123843-xlb44amc/files/checkpoint_5742592.pt
[2025-07-06 12:57:21,098][urllib3.connectionpool][DEBUG] - Starting new HTTPS connection (1): api.wandb.ai:443
[2025-07-06 12:57:21,298][urllib3.connectionpool][DEBUG] - https://api.wandb.ai:443 "POST /graphql HTTP/11" 200 None
[2025-07-06 12:58:20,314][root][INFO] - Eval at 6152192 steps.
[2025-07-06 12:59:40,198][root][INFO] - Eval at 6561792 steps.
[2025-07-06 12:59:58,299][root][INFO] - Saved checkpoint to /home/alesr/Repositories/Omnidrones-PEG/wandb/run-20250706_123843-xlb44amc/files/checkpoint_6561792.pt
[2025-07-06 12:59:58,322][urllib3.connectionpool][DEBUG] - Starting new HTTPS connection (1): api.wandb.ai:443
[2025-07-06 12:59:58,527][urllib3.connectionpool][DEBUG] - https://api.wandb.ai:443 "POST /graphql HTTP/11" 200 None
[2025-07-06 13:00:54,833][root][INFO] - Eval at 6971392 steps.
[2025-07-06 13:02:16,810][root][INFO] - Eval at 7380992 steps.
[2025-07-06 13:02:37,416][root][INFO] - Saved checkpoint to /home/alesr/Repositories/Omnidrones-PEG/wandb/run-20250706_123843-xlb44amc/files/checkpoint_7380992.pt
[2025-07-06 13:02:37,439][urllib3.connectionpool][DEBUG] - Starting new HTTPS connection (1): api.wandb.ai:443
[2025-07-06 13:02:37,639][urllib3.connectionpool][DEBUG] - https://api.wandb.ai:443 "POST /graphql HTTP/11" 200 None
[2025-07-06 13:03:39,349][root][INFO] - Eval at 7790592 steps.
[2025-07-06 13:05:01,179][root][INFO] - Eval at 8200192 steps.
[2025-07-06 13:05:21,886][root][INFO] - Saved checkpoint to /home/alesr/Repositories/Omnidrones-PEG/wandb/run-20250706_123843-xlb44amc/files/checkpoint_8200192.pt
[2025-07-06 13:05:21,908][urllib3.connectionpool][DEBUG] - Starting new HTTPS connection (1): api.wandb.ai:443
[2025-07-06 13:05:22,100][urllib3.connectionpool][DEBUG] - https://api.wandb.ai:443 "POST /graphql HTTP/11" 200 None
[2025-07-06 13:06:23,559][root][INFO] - Eval at 8609792 steps.
[2025-07-06 13:07:43,214][root][INFO] - Eval at 9019392 steps.
[2025-07-06 13:08:03,006][root][INFO] - Saved checkpoint to /home/alesr/Repositories/Omnidrones-PEG/wandb/run-20250706_123843-xlb44amc/files/checkpoint_9019392.pt
[2025-07-06 13:08:03,028][urllib3.connectionpool][DEBUG] - Starting new HTTPS connection (1): api.wandb.ai:443
[2025-07-06 13:08:03,210][urllib3.connectionpool][DEBUG] - https://api.wandb.ai:443 "POST /graphql HTTP/11" 200 None
[2025-07-06 13:08:59,592][root][INFO] - Eval at 9428992 steps.
[2025-07-06 13:10:17,552][root][INFO] - Eval at 9838592 steps.
[2025-07-06 13:10:37,634][root][INFO] - Saved checkpoint to /home/alesr/Repositories/Omnidrones-PEG/wandb/run-20250706_123843-xlb44amc/files/checkpoint_9838592.pt
[2025-07-06 13:10:37,649][urllib3.connectionpool][DEBUG] - Starting new HTTPS connection (1): api.wandb.ai:443
[2025-07-06 13:10:37,835][urllib3.connectionpool][DEBUG] - https://api.wandb.ai:443 "POST /graphql HTTP/11" 200 None
[2025-07-06 13:11:36,403][root][INFO] - Eval at 10248192 steps.
[2025-07-06 13:12:48,535][root][INFO] - Eval at 10657792 steps.
[2025-07-06 13:13:07,655][root][INFO] - Saved checkpoint to /home/alesr/Repositories/Omnidrones-PEG/wandb/run-20250706_123843-xlb44amc/files/checkpoint_10657792.pt
[2025-07-06 13:13:07,678][urllib3.connectionpool][DEBUG] - Starting new HTTPS connection (1): api.wandb.ai:443
[2025-07-06 13:13:07,874][urllib3.connectionpool][DEBUG] - https://api.wandb.ai:443 "POST /graphql HTTP/11" 200 None
[2025-07-06 13:14:06,861][root][INFO] - Eval at 11067392 steps.
[2025-07-06 13:15:24,193][root][INFO] - Eval at 11476992 steps.
[2025-07-06 13:15:43,784][root][INFO] - Saved checkpoint to /home/alesr/Repositories/Omnidrones-PEG/wandb/run-20250706_123843-xlb44amc/files/checkpoint_11476992.pt
[2025-07-06 13:15:43,807][urllib3.connectionpool][DEBUG] - Starting new HTTPS connection (1): api.wandb.ai:443
[2025-07-06 13:15:44,001][urllib3.connectionpool][DEBUG] - https://api.wandb.ai:443 "POST /graphql HTTP/11" 200 None
[2025-07-06 13:16:43,114][root][INFO] - Eval at 11886592 steps.
[2025-07-06 13:17:57,012][root][INFO] - Eval at 12296192 steps.
[2025-07-06 13:18:14,413][root][INFO] - Saved checkpoint to /home/alesr/Repositories/Omnidrones-PEG/wandb/run-20250706_123843-xlb44amc/files/checkpoint_12296192.pt
[2025-07-06 13:18:14,437][urllib3.connectionpool][DEBUG] - Starting new HTTPS connection (1): api.wandb.ai:443
[2025-07-06 13:18:14,630][urllib3.connectionpool][DEBUG] - https://api.wandb.ai:443 "POST /graphql HTTP/11" 200 None
[2025-07-06 13:19:06,805][root][INFO] - Eval at 12705792 steps.
[2025-07-06 13:20:23,729][root][INFO] - Eval at 13115392 steps.
[2025-07-06 13:20:43,443][root][INFO] - Saved checkpoint to /home/alesr/Repositories/Omnidrones-PEG/wandb/run-20250706_123843-xlb44amc/files/checkpoint_13115392.pt
[2025-07-06 13:20:43,466][urllib3.connectionpool][DEBUG] - Starting new HTTPS connection (1): api.wandb.ai:443
[2025-07-06 13:20:43,655][urllib3.connectionpool][DEBUG] - https://api.wandb.ai:443 "POST /graphql HTTP/11" 200 None
[2025-07-06 13:21:41,578][root][INFO] - Eval at 13524992 steps.
[2025-07-06 13:23:00,337][root][INFO] - Eval at 13934592 steps.
[2025-07-06 13:23:19,227][root][INFO] - Saved checkpoint to /home/alesr/Repositories/Omnidrones-PEG/wandb/run-20250706_123843-xlb44amc/files/checkpoint_13934592.pt
[2025-07-06 13:23:19,251][urllib3.connectionpool][DEBUG] - Starting new HTTPS connection (1): api.wandb.ai:443
[2025-07-06 13:23:19,459][urllib3.connectionpool][DEBUG] - https://api.wandb.ai:443 "POST /graphql HTTP/11" 200 None
[2025-07-06 13:24:15,995][root][INFO] - Eval at 14344192 steps.
[2025-07-06 13:25:34,248][root][INFO] - Eval at 14753792 steps.
[2025-07-06 13:25:54,661][root][INFO] - Saved checkpoint to /home/alesr/Repositories/Omnidrones-PEG/wandb/run-20250706_123843-xlb44amc/files/checkpoint_14753792.pt
[2025-07-06 13:25:54,686][urllib3.connectionpool][DEBUG] - Starting new HTTPS connection (1): api.wandb.ai:443
[2025-07-06 13:25:54,874][urllib3.connectionpool][DEBUG] - https://api.wandb.ai:443 "POST /graphql HTTP/11" 200 None
[2025-07-06 13:26:53,536][root][INFO] - Eval at 15163392 steps.
[2025-07-06 13:28:12,117][root][INFO] - Eval at 15572992 steps.
[2025-07-06 13:28:31,641][root][INFO] - Saved checkpoint to /home/alesr/Repositories/Omnidrones-PEG/wandb/run-20250706_123843-xlb44amc/files/checkpoint_15572992.pt
[2025-07-06 13:28:31,664][urllib3.connectionpool][DEBUG] - Starting new HTTPS connection (1): api.wandb.ai:443
[2025-07-06 13:28:31,852][urllib3.connectionpool][DEBUG] - https://api.wandb.ai:443 "POST /graphql HTTP/11" 200 None
[2025-07-06 13:29:30,994][root][INFO] - Eval at 15982592 steps.
[2025-07-06 13:30:50,179][root][INFO] - Eval at 16392192 steps.
[2025-07-06 13:31:09,962][root][INFO] - Saved checkpoint to /home/alesr/Repositories/Omnidrones-PEG/wandb/run-20250706_123843-xlb44amc/files/checkpoint_16392192.pt
[2025-07-06 13:31:09,984][urllib3.connectionpool][DEBUG] - Starting new HTTPS connection (1): api.wandb.ai:443
[2025-07-06 13:31:10,173][urllib3.connectionpool][DEBUG] - https://api.wandb.ai:443 "POST /graphql HTTP/11" 200 None
[2025-07-06 13:32:08,684][root][INFO] - Eval at 16801792 steps.
[2025-07-06 13:33:25,172][root][INFO] - Eval at 17211392 steps.
[2025-07-06 13:33:44,341][root][INFO] - Saved checkpoint to /home/alesr/Repositories/Omnidrones-PEG/wandb/run-20250706_123843-xlb44amc/files/checkpoint_17211392.pt
[2025-07-06 13:33:44,364][urllib3.connectionpool][DEBUG] - Starting new HTTPS connection (1): api.wandb.ai:443
[2025-07-06 13:33:44,565][urllib3.connectionpool][DEBUG] - https://api.wandb.ai:443 "POST /graphql HTTP/11" 200 None
[2025-07-06 13:34:43,708][root][INFO] - Eval at 17620992 steps.
[2025-07-06 13:36:01,329][root][INFO] - Eval at 18030592 steps.
[2025-07-06 13:36:20,185][root][INFO] - Saved checkpoint to /home/alesr/Repositories/Omnidrones-PEG/wandb/run-20250706_123843-xlb44amc/files/checkpoint_18030592.pt
[2025-07-06 13:36:20,207][urllib3.connectionpool][DEBUG] - Starting new HTTPS connection (1): api.wandb.ai:443
[2025-07-06 13:36:20,407][urllib3.connectionpool][DEBUG] - https://api.wandb.ai:443 "POST /graphql HTTP/11" 200 None
[2025-07-06 13:37:19,199][root][INFO] - Eval at 18440192 steps.
[2025-07-06 13:38:37,654][root][INFO] - Eval at 18849792 steps.
[2025-07-06 13:38:57,422][root][INFO] - Saved checkpoint to /home/alesr/Repositories/Omnidrones-PEG/wandb/run-20250706_123843-xlb44amc/files/checkpoint_18849792.pt
[2025-07-06 13:38:57,447][urllib3.connectionpool][DEBUG] - Starting new HTTPS connection (1): api.wandb.ai:443
[2025-07-06 13:38:57,656][urllib3.connectionpool][DEBUG] - https://api.wandb.ai:443 "POST /graphql HTTP/11" 200 None
[2025-07-06 13:39:56,072][root][INFO] - Eval at 19259392 steps.
[2025-07-06 13:41:13,670][root][INFO] - Eval at 19668992 steps.
[2025-07-06 13:41:33,251][root][INFO] - Saved checkpoint to /home/alesr/Repositories/Omnidrones-PEG/wandb/run-20250706_123843-xlb44amc/files/checkpoint_19668992.pt
[2025-07-06 13:41:33,274][urllib3.connectionpool][DEBUG] - Starting new HTTPS connection (1): api.wandb.ai:443
[2025-07-06 13:41:33,494][urllib3.connectionpool][DEBUG] - https://api.wandb.ai:443 "POST /graphql HTTP/11" 200 None
[2025-07-06 13:42:20,137][root][INFO] - Final Eval at 19996672 steps.
[2025-07-06 13:42:39,597][urllib3.connectionpool][DEBUG] - Starting new HTTPS connection (1): api.wandb.ai:443
[2025-07-06 13:42:39,792][urllib3.connectionpool][DEBUG] - https://api.wandb.ai:443 "POST /graphql HTTP/11" 200 None
[2025-07-06 13:42:39,799][root][INFO] - Saved checkpoint to /home/alesr/Repositories/Omnidrones-PEG/wandb/run-20250706_123843-xlb44amc/files/checkpoint_final.pt
