[2025-05-29 08:34:18,184][asyncio][DEBUG] - Using selector: EpollSelector
[2025-05-29 08:34:18,913][omni.kit.telemetry.impl.sentry_extension][INFO] - sentry is disabled for external build
[2025-05-29 08:34:18,914][omni.kit.telemetry.impl.sentry_extension][INFO] - sentry is disabled for external build
[2025-05-29 08:34:20,106][AutoNode][DEBUG] - Defining data type 'any' as 'Any'
[2025-05-29 08:34:20,106][AutoNode][DEBUG] - Defining data type 'bool' as 'Bool' and array 'BoolArray
[2025-05-29 08:34:20,106][AutoNode][DEBUG] - Defining data type 'bundle' as 'Bundle'
[2025-05-29 08:34:20,107][AutoNode][DEBUG] - Defining data type 'colord[3]' as 'Color3d' and array 'Color3dArray
[2025-05-29 08:34:20,107][AutoNode][DEBUG] - Defining data type 'colorf[3]' as 'Color3f' and array 'Color3fArray
[2025-05-29 08:34:20,107][AutoNode][DEBUG] - Defining data type 'colorh[3]' as 'Color3h' and array 'Color3hArray
[2025-05-29 08:34:20,107][AutoNode][DEBUG] - Defining data type 'colord[4]' as 'Color4d' and array 'Color4dArray
[2025-05-29 08:34:20,107][AutoNode][DEBUG] - Defining data type 'colorf[4]' as 'Color4f' and array 'Color4fArray
[2025-05-29 08:34:20,108][AutoNode][DEBUG] - Defining data type 'colorh[4]' as 'Color4h' and array 'Color4hArray
[2025-05-29 08:34:20,108][AutoNode][DEBUG] - Defining data type 'double' as 'Double' and array 'DoubleArray
[2025-05-29 08:34:20,108][AutoNode][DEBUG] - Defining data type 'double[2]' as 'Double2' and array 'Double2Array
[2025-05-29 08:34:20,108][AutoNode][DEBUG] - Defining data type 'double[3]' as 'Double3' and array 'Double3Array
[2025-05-29 08:34:20,108][AutoNode][DEBUG] - Defining data type 'double[4]' as 'Double4' and array 'Double4Array
[2025-05-29 08:34:20,108][AutoNode][DEBUG] - Defining data type 'execution' as 'Execution'
[2025-05-29 08:34:20,109][AutoNode][DEBUG] - Defining data type 'float' as 'Float' and array 'FloatArray
[2025-05-29 08:34:20,109][AutoNode][DEBUG] - Defining data type 'float[2]' as 'Float2' and array 'Float2Array
[2025-05-29 08:34:20,109][AutoNode][DEBUG] - Defining data type 'float[3]' as 'Float3' and array 'Float3Array
[2025-05-29 08:34:20,109][AutoNode][DEBUG] - Defining data type 'float[4]' as 'Float4' and array 'Float4Array
[2025-05-29 08:34:20,109][AutoNode][DEBUG] - Defining data type 'frame[4]' as 'Frame' and array 'FrameArray
[2025-05-29 08:34:20,109][AutoNode][DEBUG] - Defining data type 'half' as 'Half' and array 'HalfArray
[2025-05-29 08:34:20,110][AutoNode][DEBUG] - Defining data type 'half[2]' as 'Half2' and array 'Half2Array
[2025-05-29 08:34:20,110][AutoNode][DEBUG] - Defining data type 'half[3]' as 'Half3' and array 'Half3Array
[2025-05-29 08:34:20,110][AutoNode][DEBUG] - Defining data type 'half[4]' as 'Half4' and array 'Half4Array
[2025-05-29 08:34:20,110][AutoNode][DEBUG] - Defining data type 'int' as 'Int' and array 'IntArray
[2025-05-29 08:34:20,110][AutoNode][DEBUG] - Defining data type 'int[2]' as 'Int2' and array 'Int2Array
[2025-05-29 08:34:20,110][AutoNode][DEBUG] - Defining data type 'int[3]' as 'Int3' and array 'Int3Array
[2025-05-29 08:34:20,111][AutoNode][DEBUG] - Defining data type 'int[4]' as 'Int4' and array 'Int4Array
[2025-05-29 08:34:20,111][AutoNode][DEBUG] - Defining data type 'int64' as 'Int64' and array 'Int64Array
[2025-05-29 08:34:20,111][AutoNode][DEBUG] - Defining data type 'matrixd[2]' as 'Matrix2d' and array 'Matrix2dArray
[2025-05-29 08:34:20,111][AutoNode][DEBUG] - Defining data type 'matrixd[3]' as 'Matrix3d' and array 'Matrix3dArray
[2025-05-29 08:34:20,111][AutoNode][DEBUG] - Defining data type 'matrixd[4]' as 'Matrix4d' and array 'Matrix4dArray
[2025-05-29 08:34:20,112][AutoNode][DEBUG] - Defining data type 'normald[3]' as 'Normal3d' and array 'Normal3dArray
[2025-05-29 08:34:20,112][AutoNode][DEBUG] - Defining data type 'normalf[3]' as 'Normal3f' and array 'Normal3fArray
[2025-05-29 08:34:20,112][AutoNode][DEBUG] - Defining data type 'normalh[3]' as 'Normal3h' and array 'Normal3hArray
[2025-05-29 08:34:20,112][AutoNode][DEBUG] - Defining data type 'objectId' as 'ObjectId' and array 'ObjectIdArray
[2025-05-29 08:34:20,112][AutoNode][DEBUG] - Defining data type 'path' as 'Path'
[2025-05-29 08:34:20,112][AutoNode][DEBUG] - Defining data type 'pointd[3]' as 'Point3d' and array 'Point3dArray
[2025-05-29 08:34:20,113][AutoNode][DEBUG] - Defining data type 'pointf[3]' as 'Point3f' and array 'Point3fArray
[2025-05-29 08:34:20,113][AutoNode][DEBUG] - Defining data type 'pointh[3]' as 'Point3h' and array 'Point3hArray
[2025-05-29 08:34:20,113][AutoNode][DEBUG] - Defining data type 'quatd[4]' as 'Quatd' and array 'QuatdArray
[2025-05-29 08:34:20,113][AutoNode][DEBUG] - Defining data type 'quatf[4]' as 'Quatf' and array 'QuatfArray
[2025-05-29 08:34:20,113][AutoNode][DEBUG] - Defining data type 'quath[4]' as 'Quath' and array 'QuathArray
[2025-05-29 08:34:20,114][AutoNode][DEBUG] - Defining data type 'string' as 'String'
[2025-05-29 08:34:20,114][AutoNode][DEBUG] - Defining data type 'target' as 'Target'
[2025-05-29 08:34:20,114][AutoNode][DEBUG] - Defining data type 'texcoordd[2]' as 'TexCoord2d' and array 'TexCoord2dArray
[2025-05-29 08:34:20,114][AutoNode][DEBUG] - Defining data type 'texcoordf[2]' as 'TexCoord2f' and array 'TexCoord2fArray
[2025-05-29 08:34:20,114][AutoNode][DEBUG] - Defining data type 'texcoordh[2]' as 'TexCoord2h' and array 'TexCoord2hArray
[2025-05-29 08:34:20,115][AutoNode][DEBUG] - Defining data type 'texcoordd[3]' as 'TexCoord3d' and array 'TexCoord3dArray
[2025-05-29 08:34:20,115][AutoNode][DEBUG] - Defining data type 'texcoordf[3]' as 'TexCoord3f' and array 'TexCoord3fArray
[2025-05-29 08:34:20,115][AutoNode][DEBUG] - Defining data type 'texcoordh[3]' as 'TexCoord3h' and array 'TexCoord3hArray
[2025-05-29 08:34:20,115][AutoNode][DEBUG] - Defining data type 'timecode' as 'Timecode' and array 'TimecodeArray
[2025-05-29 08:34:20,115][AutoNode][DEBUG] - Defining data type 'token' as 'Token' and array 'TokenArray
[2025-05-29 08:34:20,116][AutoNode][DEBUG] - Defining data type 'uchar' as 'UChar' and array 'UCharArray
[2025-05-29 08:34:20,116][AutoNode][DEBUG] - Defining data type 'uint' as 'UInt' and array 'UIntArray
[2025-05-29 08:34:20,116][AutoNode][DEBUG] - Defining data type 'uint64' as 'UInt64' and array 'UInt64Array
[2025-05-29 08:34:20,116][AutoNode][DEBUG] - Defining data type 'vectord[3]' as 'Vector3d' and array 'Vector3dArray
[2025-05-29 08:34:20,117][AutoNode][DEBUG] - Defining data type 'vectorf[3]' as 'Vector3f' and array 'Vector3fArray
[2025-05-29 08:34:20,117][AutoNode][DEBUG] - Defining data type 'vectorh[3]' as 'Vector3h' and array 'Vector3hArray
[2025-05-29 08:34:23,334][omni.kit.profiler.window][WARNING] - remove _SpanInstance.__lt__ and use insort 'key' arg instead
[2025-05-29 08:34:27,709][git.cmd][DEBUG] - Popen(['git', 'rev-parse', '--show-toplevel'], cwd=/home/alesr/Repositories/Omnidrones-PEG, stdin=None, shell=False, universal_newlines=False)
[2025-05-29 08:34:27,872][urllib3.connectionpool][DEBUG] - Starting new HTTPS connection (1): api.wandb.ai:443
[2025-05-29 08:34:28,031][urllib3.connectionpool][DEBUG] - https://api.wandb.ai:443 "POST /graphql HTTP/11" 200 None
[2025-05-29 08:34:28,035][urllib3.connectionpool][DEBUG] - Starting new HTTPS connection (1): api.wandb.ai:443
[2025-05-29 08:34:28,186][urllib3.connectionpool][DEBUG] - https://api.wandb.ai:443 "POST /graphql HTTP/11" 200 None
[2025-05-29 08:34:28,204][git.cmd][DEBUG] - Popen(['git', 'cat-file', '--batch-check'], cwd=/home/alesr/Repositories/Omnidrones-PEG, stdin=<valid stream>, shell=False, universal_newlines=False)
[2025-05-29 08:34:33,294][root][INFO] - Reading pursuer's params from /home/alesr/Repositories/Omnidrones-PEG/omni_drones/robots/assets/usd/hummingbird.yaml.
[2025-05-29 08:34:33,312][root][INFO] - Reading evader's params from /home/alesr/Repositories/Omnidrones-PEG/omni_drones/robots/assets/usd/hummingbird.yaml.
[2025-05-29 08:34:40,004][root][INFO] - Default parameters:
Mass: [[0.6800000071525574]]
Inertia: [[0.007000000681728125, 0.007000000681728125, 0.011999999172985554]]
Thrust2Weight: [[0.8999204039573669, 0.8999204039573669, 0.8999204039573669, 0.8999204039573669]]
Force2Moment: [[62.499996185302734, 62.499996185302734, 62.499996185302734, 62.499996185302734]]
[2025-05-29 08:34:41,208][root][INFO] - Default parameters:
Mass: [[0.6800000071525574]]
Inertia: [[0.007000000681728125, 0.007000000681728125, 0.011999999172985554]]
Thrust2Weight: [[0.8999204039573669, 0.8999204039573669, 0.8999204039573669, 0.8999204039573669]]
Force2Moment: [[62.499996185302734, 62.499996185302734, 62.499996185302734, 62.499996185302734]]
[2025-05-29 08:34:41,359][urllib3.connectionpool][DEBUG] - Starting new HTTPS connection (1): api.wandb.ai:443
[2025-05-29 08:34:41,528][urllib3.connectionpool][DEBUG] - https://api.wandb.ai:443 "POST /graphql HTTP/11" 200 None
[2025-05-29 08:34:41,532][urllib3.connectionpool][DEBUG] - Starting new HTTPS connection (1): api.wandb.ai:443
[2025-05-29 08:34:41,691][urllib3.connectionpool][DEBUG] - https://api.wandb.ai:443 "POST /graphql HTTP/11" 200 None
[2025-05-29 08:34:41,696][urllib3.connectionpool][DEBUG] - Starting new HTTPS connection (1): api.wandb.ai:443
[2025-05-29 08:34:41,885][urllib3.connectionpool][DEBUG] - https://api.wandb.ai:443 "POST /graphql HTTP/11" 200 None
[2025-05-29 08:34:41,889][urllib3.connectionpool][DEBUG] - Starting new HTTPS connection (1): api.wandb.ai:443
[2025-05-29 08:34:42,057][urllib3.connectionpool][DEBUG] - https://api.wandb.ai:443 "POST /graphql HTTP/11" 200 None
[2025-05-29 08:34:42,061][urllib3.connectionpool][DEBUG] - Starting new HTTPS connection (1): storage.googleapis.com:443
[2025-05-29 08:34:42,359][urllib3.connectionpool][DEBUG] - https://storage.googleapis.com:443 "GET /wandb-production.appspot.com/alesr_kth/PEG/ibwhgscv/artifact/1769551118/wandb_manifest.json?X-Goog-Algorithm=GOOG4-RSA-SHA256&X-Goog-Credential=gorilla-files-url-signer-man%40wandb-production.iam.gserviceaccount.com%2F20250529%2Fauto%2Fstorage%2Fgoog4_request&X-Goog-Date=20250529T063442Z&X-Goog-Expires=3599&X-Goog-Signature=a0af37bf56d2157fcf4e0258844d472c23cfaedced56cc3c9dd46b62108140d8dc2554d76b2662288198f73cdb378cad805a18605aadb2ff96ea529e063a144100cb96928ec0a6b04c215999a3cd6f452fcc037f17c5cc973002394503241367b2d859e7cc45a0869efc09edbc5937bbaf299a700f170b17979aa7f0734b9cb3858e581b844366fd175a08c703481521086195db34245139020b824288b747571b03ad6ffd053334cf576ed9f735f0dbeeab9c70ce7bbbee573ab702ee49798c94e4748513b8aac859793748618593d0cb752393d482ac2e6f073d25f87d4decc3ccb4ca275f79f607bde8d48d32b54bd22ebb0cca7127b4a5a1226ab2c323b6&X-Goog-SignedHeaders=host&X-User=alesr HTTP/11" 200 343
[2025-05-29 08:34:42,418][urllib3.connectionpool][DEBUG] - Starting new HTTPS connection (1): api.wandb.ai:443
[2025-05-29 08:34:42,619][urllib3.connectionpool][DEBUG] - https://api.wandb.ai:443 "POST /graphql HTTP/11" 200 None
[2025-05-29 08:34:42,622][urllib3.connectionpool][DEBUG] - Starting new HTTPS connection (1): api.wandb.ai:443
[2025-05-29 08:34:42,780][urllib3.connectionpool][DEBUG] - https://api.wandb.ai:443 "POST /graphql HTTP/11" 200 None
[2025-05-29 08:34:42,785][urllib3.connectionpool][DEBUG] - Starting new HTTPS connection (1): api.wandb.ai:443
[2025-05-29 08:34:42,962][urllib3.connectionpool][DEBUG] - https://api.wandb.ai:443 "POST /graphql HTTP/11" 200 None
[2025-05-29 08:34:42,967][urllib3.connectionpool][DEBUG] - Starting new HTTPS connection (1): api.wandb.ai:443
[2025-05-29 08:34:43,155][urllib3.connectionpool][DEBUG] - https://api.wandb.ai:443 "POST /graphql HTTP/11" 200 None
[2025-05-29 08:34:43,159][urllib3.connectionpool][DEBUG] - Starting new HTTPS connection (1): storage.googleapis.com:443
[2025-05-29 08:34:43,390][urllib3.connectionpool][DEBUG] - https://storage.googleapis.com:443 "GET /wandb-production.appspot.com/alesr_kth/PEG/q7zpirvf/artifact/1769753559/wandb_manifest.json?X-Goog-Algorithm=GOOG4-RSA-SHA256&X-Goog-Credential=gorilla-files-url-signer-man%40wandb-production.iam.gserviceaccount.com%2F20250529%2Fauto%2Fstorage%2Fgoog4_request&X-Goog-Date=20250529T063443Z&X-Goog-Expires=3599&X-Goog-Signature=9067386f49022b00960e088444b16c1731031b19a97967cb86e60736215b8a7724c87cf22cd278bff5a257d4b9d58cacc97130bf2b8ce1c31f71533b2fe2d894a0cd14c0bcfbc3468f42e9bbd118b99f27ea936f815a44da9f0eeb698e971a4b3355c130375e651dd2025c9ef51cd7aba5ac6425cb1084e0fa0c58abe2cd8bd40846d9d9f7e1e8a8da2ab2d0591eff9d6dc8d05122839a33845441cb1a319b223785d10acf316fe95011c262e19f167a43e0c537f3945d9b5152defad83e25c32e2736f93843dccbb09b6f2618bf44b93eb71e85608405a165bf73801eec87eeb1b83411aacdd35ccb0cba1de44c28e5b2e05d75cf68e23d9bf734d13799b30c&X-Goog-SignedHeaders=host&X-User=alesr HTTP/11" 200 343
[2025-05-29 08:34:44,545][root][INFO] - Eval at 8192 steps.
[2025-05-29 08:34:59,739][root][INFO] - Saved checkpoint to /home/alesr/Repositories/Omnidrones-PEG/wandb/run-20250529_083428-5n5frhgf/files/checkpoint_8192.pt
[2025-05-29 08:34:59,748][urllib3.connectionpool][DEBUG] - Starting new HTTPS connection (1): api.wandb.ai:443
[2025-05-29 08:34:59,915][urllib3.connectionpool][DEBUG] - https://api.wandb.ai:443 "POST /graphql HTTP/11" 200 None
[2025-05-29 08:35:05,270][root][INFO] - Final Eval at 49152 steps.
[2025-05-29 08:35:20,763][urllib3.connectionpool][DEBUG] - Starting new HTTPS connection (1): api.wandb.ai:443
[2025-05-29 08:35:20,993][urllib3.connectionpool][DEBUG] - https://api.wandb.ai:443 "POST /graphql HTTP/11" 200 None
[2025-05-29 08:35:20,998][root][INFO] - Saved checkpoint to /home/alesr/Repositories/Omnidrones-PEG/wandb/run-20250529_083428-5n5frhgf/files/checkpoint_final.pt
